2025-04-04 12:51:39 error: uncaughtException: listen EADDRINUSE: address already in use :::5000
Error: listen EADDRINUSE: address already in use :::5000
    at Server.setupListenHandle [as _listen2] (node:net:1907:16)
    at listenInCluster (node:net:1964:12)
    at Server.listen (node:net:2066:7)
    at Function.listen (C:\Users\Administrator\Desktop\Projects\eltek-timer-pay-backend\node_modules\express\lib\application.js:635:24)
    at App.listen (C:\Users\Administrator\Desktop\Projects\eltek-timer-pay-backend\src\app.ts:49:14)
    at Object.<anonymous> (C:\Users\Administrator\Desktop\Projects\eltek-timer-pay-backend\src\server.ts:21:5)
    at Module._compile (node:internal/modules/cjs/loader:1546:14)
    at Module.m._compile (C:\Users\Administrator\Desktop\Projects\eltek-timer-pay-backend\node_modules\ts-node\src\index.ts:1618:23)
    at node:internal/modules/cjs/loader:1689:10
    at Object.require.extensions.<computed> [as .ts] (C:\Users\Administrator\Desktop\Projects\eltek-timer-pay-backend\node_modules\ts-node\src\index.ts:1621:12)
2025-04-04 13:56:30 error: uncaughtException: listen EADDRINUSE: address already in use :::5000
Error: listen EADDRINUSE: address already in use :::5000
    at Server.setupListenHandle [as _listen2] (node:net:1907:16)
    at listenInCluster (node:net:1964:12)
    at Server.listen (node:net:2066:7)
    at Function.listen (C:\Users\Administrator\Desktop\Projects\eltek-timer-pay-backend\node_modules\express\lib\application.js:635:24)
    at App.listen (C:\Users\Administrator\Desktop\Projects\eltek-timer-pay-backend\src\app.ts:49:14)
    at Object.<anonymous> (C:\Users\Administrator\Desktop\Projects\eltek-timer-pay-backend\src\server.ts:21:5)
    at Module._compile (node:internal/modules/cjs/loader:1546:14)
    at Module.m._compile (C:\Users\Administrator\Desktop\Projects\eltek-timer-pay-backend\node_modules\ts-node\src\index.ts:1618:23)
    at node:internal/modules/cjs/loader:1689:10
    at Object.require.extensions.<computed> [as .ts] (C:\Users\Administrator\Desktop\Projects\eltek-timer-pay-backend\node_modules\ts-node\src\index.ts:1621:12)
2025-04-04 13:56:30 error: uncaughtException: listen EADDRINUSE: address already in use :::5000
Error: listen EADDRINUSE: address already in use :::5000
    at Server.setupListenHandle [as _listen2] (node:net:1907:16)
    at listenInCluster (node:net:1964:12)
    at Server.listen (node:net:2066:7)
    at Function.listen (C:\Users\Administrator\Desktop\Projects\eltek-timer-pay-backend\node_modules\express\lib\application.js:635:24)
    at App.listen (C:\Users\Administrator\Desktop\Projects\eltek-timer-pay-backend\src\app.ts:49:14)
    at Object.<anonymous> (C:\Users\Administrator\Desktop\Projects\eltek-timer-pay-backend\src\server.ts:21:5)
    at Module._compile (node:internal/modules/cjs/loader:1546:14)
    at Module.m._compile (C:\Users\Administrator\Desktop\Projects\eltek-timer-pay-backend\node_modules\ts-node\src\index.ts:1618:23)
    at node:internal/modules/cjs/loader:1689:10
    at Object.require.extensions.<computed> [as .ts] (C:\Users\Administrator\Desktop\Projects\eltek-timer-pay-backend\node_modules\ts-node\src\index.ts:1621:12)
2025-04-04 13:56:30 error: uncaughtException: listen EADDRINUSE: address already in use :::5000
Error: listen EADDRINUSE: address already in use :::5000
    at Server.setupListenHandle [as _listen2] (node:net:1907:16)
    at listenInCluster (node:net:1964:12)
    at Server.listen (node:net:2066:7)
    at Function.listen (C:\Users\Administrator\Desktop\Projects\eltek-timer-pay-backend\node_modules\express\lib\application.js:635:24)
    at App.listen (C:\Users\Administrator\Desktop\Projects\eltek-timer-pay-backend\src\app.ts:49:14)
    at Object.<anonymous> (C:\Users\Administrator\Desktop\Projects\eltek-timer-pay-backend\src\server.ts:21:5)
    at Module._compile (node:internal/modules/cjs/loader:1546:14)
    at Module.m._compile (C:\Users\Administrator\Desktop\Projects\eltek-timer-pay-backend\node_modules\ts-node\src\index.ts:1618:23)
    at node:internal/modules/cjs/loader:1689:10
    at Object.require.extensions.<computed> [as .ts] (C:\Users\Administrator\Desktop\Projects\eltek-timer-pay-backend\node_modules\ts-node\src\index.ts:1621:12)
2025-04-04 14:38:25 error: [POST] /api/auth/login >> StatusCode:: 404, Message:: Email daniel@gmail.com not found
2025-04-04 15:12:54 error: [GET] /api/leaves/getEmployeeLeave/1 >> StatusCode:: 400, Message:: Error: No leaves found for this employee
2025-04-04 15:12:54 error: [GET] /api/leaves/getEmployeeLeave/1 >> StatusCode:: 400, Message:: Error: No leaves found for this employee
2025-04-04 15:29:08 error: [GET] /api/leaves/getEmployeeLeave/1 >> StatusCode:: 400, Message:: Error: No leaves found for this employee
2025-04-04 15:29:08 error: [GET] /api/leaves/getEmployeeLeave/1 >> StatusCode:: 400, Message:: Error: No leaves found for this employee
2025-04-04 15:41:41 error: [GET] /api/leaves/getEmployeeLeave/1 >> StatusCode:: 400, Message:: Error: No leaves found for this employee
2025-04-04 15:41:41 error: [GET] /api/leaves/getEmployeeLeave/1 >> StatusCode:: 400, Message:: Error: No leaves found for this employee
2025-04-04 15:48:08 error: [GET] /api/leaves/getEmployeeLeave/1 >> StatusCode:: 400, Message:: Error: No leaves found for this employee
2025-04-04 15:48:08 error: [GET] /api/leaves/getEmployeeLeave/1 >> StatusCode:: 400, Message:: Error: No leaves found for this employee
2025-04-04 15:48:27 error: [GET] /api/leaves/getEmployeeLeave/1 >> StatusCode:: 400, Message:: Error: No leaves found for this employee
2025-04-04 15:48:27 error: [GET] /api/leaves/getEmployeeLeave/1 >> StatusCode:: 400, Message:: Error: No leaves found for this employee
2025-04-04 15:49:28 error: [GET] /api/leaves/getEmployeeLeave/1 >> StatusCode:: 400, Message:: Error: No leaves found for this employee
2025-04-04 15:49:28 error: [GET] /api/leaves/getEmployeeLeave/1 >> StatusCode:: 400, Message:: Error: No leaves found for this employee
