2025-05-09 07:10:10 error: [GET] /api/tasks/getProjectHoursSummary >> StatusCode:: 400, Message:: Error getting all projects hours
2025-05-09 07:10:11 error: [GET] /api/employees/getNumberOfAssignedEmployees >> StatusCode:: 500, Message:: this.employeeService.getNumberOfAssignedEmployees is not a function
2025-05-09 07:49:05 error: uncaughtException: тип Unable to compile TypeScript:
[96msrc/services/project/statistics.service.ts[0m:[93m24[0m:[93m5[0m - [91merror[0m[90m TS1005: [0m'{' expected.

[7m24[0m     }
[7m  [0m [91m    ~[0m

TSError: тип Unable to compile TypeScript:
[96msrc/services/project/statistics.service.ts[0m:[93m24[0m:[93m5[0m - [91merror[0m[90m TS1005: [0m'{' expected.

[7m24[0m     }
[7m  [0m [91m    ~[0m

    at createTSError (C:\Users\Administrator\Desktop\Projects\eltek-timer-pay-backend\node_modules\ts-node\src\index.ts:859:12)
    at reportTSError (C:\Users\Administrator\Desktop\Projects\eltek-timer-pay-backend\node_modules\ts-node\src\index.ts:863:19)
    at C:\Users\Administrator\Desktop\Projects\eltek-timer-pay-backend\node_modules\ts-node\src\index.ts:1379:34
    at Object.compile (C:\Users\Administrator\Desktop\Projects\eltek-timer-pay-backend\node_modules\ts-node\src\index.ts:1458:13)
    at Module.m._compile (C:\Users\Administrator\Desktop\Projects\eltek-timer-pay-backend\node_modules\ts-node\src\index.ts:1617:30)
    at node:internal/modules/cjs/loader:1689:10
    at Object.require.extensions.<computed> [as .ts] (C:\Users\Administrator\Desktop\Projects\eltek-timer-pay-backend\node_modules\ts-node\src\index.ts:1621:12)
    at Module.load (node:internal/modules/cjs/loader:1318:32)
    at Function._load (node:internal/modules/cjs/loader:1128:12)
    at TracingChannel.traceSync (node:diagnostics_channel:315:14)
2025-05-09 07:49:19 error: uncaughtException: Missing initializer in const declaration
C:\Users\Administrator\Desktop\Projects\eltek-timer-pay-backend\src\services\project\statistics.service.ts:26
            const statis;
                  ^^^^^^

SyntaxError: Missing initializer in const declaration
    at wrapSafe (node:internal/modules/cjs/loader:1469:18)
    at Module._compile (node:internal/modules/cjs/loader:1491:20)
    at Module.m._compile (C:\Users\Administrator\Desktop\Projects\eltek-timer-pay-backend\node_modules\ts-node\src\index.ts:1618:23)
    at node:internal/modules/cjs/loader:1689:10
    at Object.require.extensions.<computed> [as .ts] (C:\Users\Administrator\Desktop\Projects\eltek-timer-pay-backend\node_modules\ts-node\src\index.ts:1621:12)
    at Module.load (node:internal/modules/cjs/loader:1318:32)
    at Function._load (node:internal/modules/cjs/loader:1128:12)
    at TracingChannel.traceSync (node:diagnostics_channel:315:14)
    at wrapModuleLoad (node:internal/modules/cjs/loader:218:24)
    at Module.require (node:internal/modules/cjs/loader:1340:12)
2025-05-09 07:49:28 error: uncaughtException: тип Unable to compile TypeScript:
[96msrc/services/project/statistics.service.ts[0m:[93m25[0m:[93m9[0m - [91merror[0m[90m TS1003: [0mIdentifier expected.

[7m25[0m         } catch (error) {
[7m  [0m [91m        ~[0m

TSError: тип Unable to compile TypeScript:
[96msrc/services/project/statistics.service.ts[0m:[93m25[0m:[93m9[0m - [91merror[0m[90m TS1003: [0mIdentifier expected.

[7m25[0m         } catch (error) {
[7m  [0m [91m        ~[0m

    at createTSError (C:\Users\Administrator\Desktop\Projects\eltek-timer-pay-backend\node_modules\ts-node\src\index.ts:859:12)
    at reportTSError (C:\Users\Administrator\Desktop\Projects\eltek-timer-pay-backend\node_modules\ts-node\src\index.ts:863:19)
    at C:\Users\Administrator\Desktop\Projects\eltek-timer-pay-backend\node_modules\ts-node\src\index.ts:1379:34
    at Object.compile (C:\Users\Administrator\Desktop\Projects\eltek-timer-pay-backend\node_modules\ts-node\src\index.ts:1458:13)
    at Module.m._compile (C:\Users\Administrator\Desktop\Projects\eltek-timer-pay-backend\node_modules\ts-node\src\index.ts:1617:30)
    at node:internal/modules/cjs/loader:1689:10
    at Object.require.extensions.<computed> [as .ts] (C:\Users\Administrator\Desktop\Projects\eltek-timer-pay-backend\node_modules\ts-node\src\index.ts:1621:12)
    at Module.load (node:internal/modules/cjs/loader:1318:32)
    at Function._load (node:internal/modules/cjs/loader:1128:12)
    at TracingChannel.traceSync (node:diagnostics_channel:315:14)
2025-05-09 07:49:37 error: uncaughtException: await is only valid in async functions and the top level bodies of modules
C:\Users\Administrator\Desktop\Projects\eltek-timer-pay-backend\src\services\project\statistics.service.ts:26
            const statistics = await this.statisticsRepository.getGeneralStatistics();
                               ^^^^^

SyntaxError: await is only valid in async functions and the top level bodies of modules
    at wrapSafe (node:internal/modules/cjs/loader:1469:18)
    at Module._compile (node:internal/modules/cjs/loader:1491:20)
    at Module.m._compile (C:\Users\Administrator\Desktop\Projects\eltek-timer-pay-backend\node_modules\ts-node\src\index.ts:1618:23)
    at node:internal/modules/cjs/loader:1689:10
    at Object.require.extensions.<computed> [as .ts] (C:\Users\Administrator\Desktop\Projects\eltek-timer-pay-backend\node_modules\ts-node\src\index.ts:1621:12)
    at Module.load (node:internal/modules/cjs/loader:1318:32)
    at Function._load (node:internal/modules/cjs/loader:1128:12)
    at TracingChannel.traceSync (node:diagnostics_channel:315:14)
    at wrapModuleLoad (node:internal/modules/cjs/loader:218:24)
    at Module.require (node:internal/modules/cjs/loader:1340:12)
2025-05-09 07:51:16 error: [GET] /api/statistics/getGeneralStatistics >> StatusCode:: 500, Message:: Error retrieving general statistics: Allocation is associated to Employee using an alias. You must use the 'as' keyword to specify the alias within your include statement.
2025-05-09 07:56:22 error: uncaughtException: тип Unable to compile TypeScript:
[96msrc/repositories/project/statistics.repository.ts[0m:[93m420[0m:[93m65[0m - [91merror[0m[90m TS1005: [0m'>' expected.

[7m420[0m   public async getGeneralStatistics() : Promise< activeEmployees: number;
[7m   [0m [91m                                                                ~[0m
[96msrc/repositories/project/statistics.repository.ts[0m:[93m427[0m:[93m24[0m - [91merror[0m[90m TS1068: [0mUnexpected token. A constructor, method, accessor, or property was expected.

[7m427[0m   pendingTasks: number;> {
[7m   [0m [91m                       ~[0m
[96msrc/repositories/project/statistics.repository.ts[0m:[93m428[0m:[93m11[0m - [91merror[0m[90m TS1005: [0m':' expected.

[7m428[0m     const currentDate = new Date();
[7m   [0m [91m          ~~~~~~~~~~~[0m
[96msrc/repositories/project/statistics.repository.ts[0m:[93m428[0m:[93m35[0m - [91merror[0m[90m TS1005: [0m',' expected.

[7m428[0m     const currentDate = new Date();
[7m   [0m [91m                                  ~[0m
[96msrc/repositories/project/statistics.repository.ts[0m:[93m429[0m:[93m11[0m - [91merror[0m[90m TS1005: [0m':' expected.

[7m429[0m     const currentMonthStart = new Date(currentDate.getFullYear(), currentDate.getMonth(), 1);
[7m   [0m [91m          ~~~~~~~~~~~~~~~~~[0m
[96msrc/repositories/project/statistics.repository.ts[0m:[93m429[0m:[93m93[0m - [91merror[0m[90m TS1005: [0m',' expected.

[7m429[0m     const currentMonthStart = new Date(currentDate.getFullYear(), currentDate.getMonth(), 1);
[7m   [0m [91m                                                                                            ~[0m
[96msrc/repositories/project/statistics.repository.ts[0m:[93m430[0m:[93m11[0m - [91merror[0m[90m TS1005: [0m':' expected.

[7m430[0m     const currentMonthEnd = new Date(currentDate.getFullYear(), currentDate.getMonth() + 1, 0);
[7m   [0m [91m          ~~~~~~~~~~~~~~~[0m
[96msrc/repositories/project/statistics.repository.ts[0m:[93m430[0m:[93m95[0m - [91merror[0m[90m TS1005: [0m',' expected.

[7m430[0m     const currentMonthEnd = new Date(currentDate.getFullYear(), currentDate.getMonth() + 1, 0);
[7m   [0m [91m                                                                                              ~[0m
[96msrc/repositories/project/statistics.repository.ts[0m:[93m432[0m:[93m9[0m - [91merror[0m[90m TS1005: [0m':' expected.

[7m432[0m     try {
[7m   [0m [91m        ~[0m
[96msrc/repositories/project/statistics.repository.ts[0m:[93m434[0m:[93m13[0m - [91merror[0m[90m TS1005: [0m':' expected.

[7m434[0m       const activeEmployeesCount = await Employee.count({
[7m   [0m [91m            ~~~~~~~~~~~~~~~~~~~~[0m
[96msrc/repositories/project/statistics.repository.ts[0m:[93m439[0m:[93m9[0m - [91merror[0m[90m TS1005: [0m',' expected.

[7m439[0m       });
[7m   [0m [91m        ~[0m
[96msrc/repositories/project/statistics.repository.ts[0m:[93m442[0m:[93m13[0m - [91merror[0m[90m TS1005: [0m':' expected.

[7m442[0m       const activeProjectsCount = await Project.count({
[7m   [0m [91m            ~~~~~~~~~~~~~~~~~~~[0m
[96msrc/repositories/project/statistics.repository.ts[0m:[93m446[0m:[93m9[0m - [91merror[0m[90m TS1005: [0m',' expected.

[7m446[0m       });
[7m   [0m [91m        ~[0m
[96msrc/repositories/project/statistics.repository.ts[0m:[93m449[0m:[93m13[0m - [91merror[0m[90m TS1005: [0m':' expected.

[7m449[0m       const hoursThisMonth = await Task.sum('actualHours', {
[7m   [0m [91m            ~~~~~~~~~~~~~~[0m
[96msrc/repositories/project/statistics.repository.ts[0m:[93m455[0m:[93m14[0m - [91merror[0m[90m TS1005: [0m',' expected.

[7m455[0m       }) || 0;
[7m   [0m [91m             ~[0m
[96msrc/repositories/project/statistics.repository.ts[0m:[93m458[0m:[93m13[0m - [91merror[0m[90m TS1005: [0m':' expected.

[7m458[0m       const commitmentsCount = await Leave.count({
[7m   [0m [91m            ~~~~~~~~~~~~~~~~[0m
[96msrc/repositories/project/statistics.repository.ts[0m:[93m466[0m:[93m9[0m - [91merror[0m[90m TS1005: [0m',' expected.

[7m466[0m       });
[7m   [0m [91m        ~[0m
[96msrc/repositories/project/statistics.repository.ts[0m:[93m469[0m:[93m13[0m - [91merror[0m[90m TS1005: [0m':' expected.

[7m469[0m       const totalRevenue = await Project.sum('budget');
[7m   [0m [91m            ~~~~~~~~~~~~[0m
[96msrc/repositories/project/statistics.repository.ts[0m:[93m469[0m:[93m55[0m - [91merror[0m[90m TS1005: [0m',' expected.

[7m469[0m       const totalRevenue = await Project.sum('budget');
[7m   [0m [91m                                                      ~[0m
[96msrc/repositories/project/statistics.repository.ts[0m:[93m472[0m:[93m13[0m - [91merror[0m[90m TS1005: [0m':' expected.

[7m472[0m       const activeEmployees = await Employee.findAll({
[7m   [0m [91m            ~~~~~~~~~~~~~~~[0m
[96msrc/repositories/project/statistics.repository.ts[0m:[93m483[0m:[93m9[0m - [91merror[0m[90m TS1005: [0m',' expected.

[7m483[0m       });
[7m   [0m [91m        ~[0m
[96msrc/repositories/project/statistics.repository.ts[0m:[93m485[0m:[93m11[0m - [91merror[0m[90m TS1005: [0m',' expected.

[7m485[0m       let totalUtilization = 0;
[7m   [0m [91m          ~~~~~~~~~~~~~~~~[0m
[96msrc/repositories/project/statistics.repository.ts[0m:[93m485[0m:[93m31[0m - [91merror[0m[90m TS1005: [0m',' expected.

[7m485[0m       let totalUtilization = 0;
[7m   [0m [91m                              ~[0m
[96msrc/repositories/project/statistics.repository.ts[0m:[93m486[0m:[93m22[0m - [91merror[0m[90m TS1005: [0m',' expected.

[7m486[0m       activeEmployees.forEach(employee => {
[7m   [0m [91m                     ~[0m
[96msrc/repositories/project/statistics.repository.ts[0m:[93m490[0m:[93m9[0m - [91merror[0m[90m TS1005: [0m',' expected.

[7m490[0m       });
[7m   [0m [91m        ~[0m
[96msrc/repositories/project/statistics.repository.ts[0m:[93m491[0m:[93m13[0m - [91merror[0m[90m TS1005: [0m':' expected.

[7m491[0m       const averageUtilization = activeEmployees.length > 0
[7m   [0m [91m            ~~~~~~~~~~~~~~~~~~[0m
[96msrc/repositories/project/statistics.repository.ts[0m:[93m493[0m:[93m12[0m - [91merror[0m[90m TS1005: [0m',' expected.

[7m493[0m         : 0;
[7m   [0m [91m           ~[0m
[96msrc/repositories/project/statistics.repository.ts[0m:[93m496[0m:[93m13[0m - [91merror[0m[90m TS1005: [0m':' expected.

[7m496[0m       const completedTasks = await Task.count({
[7m   [0m [91m            ~~~~~~~~~~~~~~[0m
[96msrc/repositories/project/statistics.repository.ts[0m:[93m500[0m:[93m9[0m - [91merror[0m[90m TS1005: [0m',' expected.

[7m500[0m       });
[7m   [0m [91m        ~[0m
[96msrc/repositories/project/statistics.repository.ts[0m:[93m503[0m:[93m13[0m - [91merror[0m[90m TS1005: [0m':' expected.

[7m503[0m       const pendingTasks = await Task.count({
[7m   [0m [91m            ~~~~~~~~~~~~[0m
[96msrc/repositories/project/statistics.repository.ts[0m:[93m507[0m:[93m9[0m - [91merror[0m[90m TS1005: [0m',' expected.

[7m507[0m       });
[7m   [0m [91m        ~[0m
[96msrc/repositories/project/statistics.repository.ts[0m:[93m509[0m:[93m14[0m - [91merror[0m[90m TS1005: [0m':' expected.

[7m509[0m       return {
[7m   [0m [91m             ~[0m
[96msrc/repositories/project/statistics.repository.ts[0m:[93m518[0m:[93m8[0m - [91merror[0m[90m TS1005: [0m',' expected.

[7m518[0m       };
[7m   [0m [91m       ~[0m
[96msrc/repositories/project/statistics.repository.ts[0m:[93m519[0m:[93m7[0m - [91merror[0m[90m TS1005: [0m',' expected.

[7m519[0m     } catch (error) {
[7m   [0m [91m      ~~~~~[0m
[96msrc/repositories/project/statistics.repository.ts[0m:[93m523[0m:[93m1[0m - [91merror[0m[90m TS1128: [0mDeclaration or statement expected.

[7m523[0m }
[7m   [0m [91m~[0m

TSError: тип Unable to compile TypeScript:
[96msrc/repositories/project/statistics.repository.ts[0m:[93m420[0m:[93m65[0m - [91merror[0m[90m TS1005: [0m'>' expected.

[7m420[0m   public async getGeneralStatistics() : Promise< activeEmployees: number;
[7m   [0m [91m                                                                ~[0m
[96msrc/repositories/project/statistics.repository.ts[0m:[93m427[0m:[93m24[0m - [91merror[0m[90m TS1068: [0mUnexpected token. A constructor, method, accessor, or property was expected.

[7m427[0m   pendingTasks: number;> {
[7m   [0m [91m                       ~[0m
[96msrc/repositories/project/statistics.repository.ts[0m:[93m428[0m:[93m11[0m - [91merror[0m[90m TS1005: [0m':' expected.

[7m428[0m     const currentDate = new Date();
[7m   [0m [91m          ~~~~~~~~~~~[0m
[96msrc/repositories/project/statistics.repository.ts[0m:[93m428[0m:[93m35[0m - [91merror[0m[90m TS1005: [0m',' expected.

[7m428[0m     const currentDate = new Date();
[7m   [0m [91m                                  ~[0m
[96msrc/repositories/project/statistics.repository.ts[0m:[93m429[0m:[93m11[0m - [91merror[0m[90m TS1005: [0m':' expected.

[7m429[0m     const currentMonthStart = new Date(currentDate.getFullYear(), currentDate.getMonth(), 1);
[7m   [0m [91m          ~~~~~~~~~~~~~~~~~[0m
[96msrc/repositories/project/statistics.repository.ts[0m:[93m429[0m:[93m93[0m - [91merror[0m[90m TS1005: [0m',' expected.

[7m429[0m     const currentMonthStart = new Date(currentDate.getFullYear(), currentDate.getMonth(), 1);
[7m   [0m [91m                                                                                            ~[0m
[96msrc/repositories/project/statistics.repository.ts[0m:[93m430[0m:[93m11[0m - [91merror[0m[90m TS1005: [0m':' expected.

[7m430[0m     const currentMonthEnd = new Date(currentDate.getFullYear(), currentDate.getMonth() + 1, 0);
[7m   [0m [91m          ~~~~~~~~~~~~~~~[0m
[96msrc/repositories/project/statistics.repository.ts[0m:[93m430[0m:[93m95[0m - [91merror[0m[90m TS1005: [0m',' expected.

[7m430[0m     const currentMonthEnd = new Date(currentDate.getFullYear(), currentDate.getMonth() + 1, 0);
[7m   [0m [91m                                                                                              ~[0m
[96msrc/repositories/project/statistics.repository.ts[0m:[93m432[0m:[93m9[0m - [91merror[0m[90m TS1005: [0m':' expected.

[7m432[0m     try {
[7m   [0m [91m        ~[0m
[96msrc/repositories/project/statistics.repository.ts[0m:[93m434[0m:[93m13[0m - [91merror[0m[90m TS1005: [0m':' expected.

[7m434[0m       const activeEmployeesCount = await Employee.count({
[7m   [0m [91m            ~~~~~~~~~~~~~~~~~~~~[0m
[96msrc/repositories/project/statistics.repository.ts[0m:[93m439[0m:[93m9[0m - [91merror[0m[90m TS1005: [0m',' expected.

[7m439[0m       });
[7m   [0m [91m        ~[0m
[96msrc/repositories/project/statistics.repository.ts[0m:[93m442[0m:[93m13[0m - [91merror[0m[90m TS1005: [0m':' expected.

[7m442[0m       const activeProjectsCount = await Project.count({
[7m   [0m [91m            ~~~~~~~~~~~~~~~~~~~[0m
[96msrc/repositories/project/statistics.repository.ts[0m:[93m446[0m:[93m9[0m - [91merror[0m[90m TS1005: [0m',' expected.

[7m446[0m       });
[7m   [0m [91m        ~[0m
[96msrc/repositories/project/statistics.repository.ts[0m:[93m449[0m:[93m13[0m - [91merror[0m[90m TS1005: [0m':' expected.

[7m449[0m       const hoursThisMonth = await Task.sum('actualHours', {
[7m   [0m [91m            ~~~~~~~~~~~~~~[0m
[96msrc/repositories/project/statistics.repository.ts[0m:[93m455[0m:[93m14[0m - [91merror[0m[90m TS1005: [0m',' expected.

[7m455[0m       }) || 0;
[7m   [0m [91m             ~[0m
[96msrc/repositories/project/statistics.repository.ts[0m:[93m458[0m:[93m13[0m - [91merror[0m[90m TS1005: [0m':' expected.

[7m458[0m       const commitmentsCount = await Leave.count({
[7m   [0m [91m            ~~~~~~~~~~~~~~~~[0m
[96msrc/repositories/project/statistics.repository.ts[0m:[93m466[0m:[93m9[0m - [91merror[0m[90m TS1005: [0m',' expected.

[7m466[0m       });
[7m   [0m [91m        ~[0m
[96msrc/repositories/project/statistics.repository.ts[0m:[93m469[0m:[93m13[0m - [91merror[0m[90m TS1005: [0m':' expected.

[7m469[0m       const totalRevenue = await Project.sum('budget');
[7m   [0m [91m            ~~~~~~~~~~~~[0m
[96msrc/repositories/project/statistics.repository.ts[0m:[93m469[0m:[93m55[0m - [91merror[0m[90m TS1005: [0m',' expected.

[7m469[0m       const totalRevenue = await Project.sum('budget');
[7m   [0m [91m                                                      ~[0m
[96msrc/repositories/project/statistics.repository.ts[0m:[93m472[0m:[93m13[0m - [91merror[0m[90m TS1005: [0m':' expected.

[7m472[0m       const activeEmployees = await Employee.findAll({
[7m   [0m [91m            ~~~~~~~~~~~~~~~[0m
[96msrc/repositories/project/statistics.repository.ts[0m:[93m483[0m:[93m9[0m - [91merror[0m[90m TS1005: [0m',' expected.

[7m483[0m       });
[7m   [0m [91m        ~[0m
[96msrc/repositories/project/statistics.repository.ts[0m:[93m485[0m:[93m11[0m - [91merror[0m[90m TS1005: [0m',' expected.

[7m485[0m       let totalUtilization = 0;
[7m   [0m [91m          ~~~~~~~~~~~~~~~~[0m
[96msrc/repositories/project/statistics.repository.ts[0m:[93m485[0m:[93m31[0m - [91merror[0m[90m TS1005: [0m',' expected.

[7m485[0m       let totalUtilization = 0;
[7m   [0m [91m                              ~[0m
[96msrc/repositories/project/statistics.repository.ts[0m:[93m486[0m:[93m22[0m - [91merror[0m[90m TS1005: [0m',' expected.

[7m486[0m       activeEmployees.forEach(employee => {
[7m   [0m [91m                     ~[0m
[96msrc/repositories/project/statistics.repository.ts[0m:[93m490[0m:[93m9[0m - [91merror[0m[90m TS1005: [0m',' expected.

[7m490[0m       });
[7m   [0m [91m        ~[0m
[96msrc/repositories/project/statistics.repository.ts[0m:[93m491[0m:[93m13[0m - [91merror[0m[90m TS1005: [0m':' expected.

[7m491[0m       const averageUtilization = activeEmployees.length > 0
[7m   [0m [91m            ~~~~~~~~~~~~~~~~~~[0m
[96msrc/repositories/project/statistics.repository.ts[0m:[93m493[0m:[93m12[0m - [91merror[0m[90m TS1005: [0m',' expected.

[7m493[0m         : 0;
[7m   [0m [91m           ~[0m
[96msrc/repositories/project/statistics.repository.ts[0m:[93m496[0m:[93m13[0m - [91merror[0m[90m TS1005: [0m':' expected.

[7m496[0m       const completedTasks = await Task.count({
[7m   [0m [91m            ~~~~~~~~~~~~~~[0m
[96msrc/repositories/project/statistics.repository.ts[0m:[93m500[0m:[93m9[0m - [91merror[0m[90m TS1005: [0m',' expected.

[7m500[0m       });
[7m   [0m [91m        ~[0m
[96msrc/repositories/project/statistics.repository.ts[0m:[93m503[0m:[93m13[0m - [91merror[0m[90m TS1005: [0m':' expected.

[7m503[0m       const pendingTasks = await Task.count({
[7m   [0m [91m            ~~~~~~~~~~~~[0m
[96msrc/repositories/project/statistics.repository.ts[0m:[93m507[0m:[93m9[0m - [91merror[0m[90m TS1005: [0m',' expected.

[7m507[0m       });
[7m   [0m [91m        ~[0m
[96msrc/repositories/project/statistics.repository.ts[0m:[93m509[0m:[93m14[0m - [91merror[0m[90m TS1005: [0m':' expected.

[7m509[0m       return {
[7m   [0m [91m             ~[0m
[96msrc/repositories/project/statistics.repository.ts[0m:[93m518[0m:[93m8[0m - [91merror[0m[90m TS1005: [0m',' expected.

[7m518[0m       };
[7m   [0m [91m       ~[0m
[96msrc/repositories/project/statistics.repository.ts[0m:[93m519[0m:[93m7[0m - [91merror[0m[90m TS1005: [0m',' expected.

[7m519[0m     } catch (error) {
[7m   [0m [91m      ~~~~~[0m
[96msrc/repositories/project/statistics.repository.ts[0m:[93m523[0m:[93m1[0m - [91merror[0m[90m TS1128: [0mDeclaration or statement expected.

[7m523[0m }
[7m   [0m [91m~[0m

    at createTSError (C:\Users\Administrator\Desktop\Projects\eltek-timer-pay-backend\node_modules\ts-node\src\index.ts:859:12)
    at reportTSError (C:\Users\Administrator\Desktop\Projects\eltek-timer-pay-backend\node_modules\ts-node\src\index.ts:863:19)
    at C:\Users\Administrator\Desktop\Projects\eltek-timer-pay-backend\node_modules\ts-node\src\index.ts:1379:34
    at Object.compile (C:\Users\Administrator\Desktop\Projects\eltek-timer-pay-backend\node_modules\ts-node\src\index.ts:1458:13)
    at Module.m._compile (C:\Users\Administrator\Desktop\Projects\eltek-timer-pay-backend\node_modules\ts-node\src\index.ts:1617:30)
    at node:internal/modules/cjs/loader:1689:10
    at Object.require.extensions.<computed> [as .ts] (C:\Users\Administrator\Desktop\Projects\eltek-timer-pay-backend\node_modules\ts-node\src\index.ts:1621:12)
    at Module.load (node:internal/modules/cjs/loader:1318:32)
    at Function._load (node:internal/modules/cjs/loader:1128:12)
    at TracingChannel.traceSync (node:diagnostics_channel:315:14)
2025-05-09 08:03:01 error: [GET] /api/tasks/getProjectHoursSummary >> StatusCode:: 400, Message:: Error getting all projects hours
2025-05-09 08:03:02 error: [GET] /api/employees/getNumberOfAssignedEmployees >> StatusCode:: 500, Message:: this.employeeService.getNumberOfAssignedEmployees is not a function
2025-05-09 08:06:27 error: [GET] /api/employees/getNumberOfAssignedEmployees >> StatusCode:: 500, Message:: this.employeeService.getNumberOfAssignedEmployees is not a function
2025-05-09 08:06:30 error: [GET] /api/tasks/getProjectHoursSummary >> StatusCode:: 400, Message:: Error getting all projects hours
2025-05-09 08:11:18 error: [GET] /api/statistics/getGeneralStatistics >> StatusCode:: 500, Message:: Error retrieving general statistics: Allocation is associated to Employee using an alias. You've included an alias (allAllocation), but it does not match the alias(es) defined in your association (allocations).
2025-05-09 08:22:32 error: uncaughtException: тип Unable to compile TypeScript:
[96msrc/repositories/project/statistics.repository.ts[0m:[93m499[0m:[93m55[0m - [91merror[0m[90m TS1003: [0mIdentifier expected.

[7m499[0m       console.log("Active Employees", activeEmployees.)
[7m   [0m [91m                                                      ~[0m

TSError: тип Unable to compile TypeScript:
[96msrc/repositories/project/statistics.repository.ts[0m:[93m499[0m:[93m55[0m - [91merror[0m[90m TS1003: [0mIdentifier expected.

[7m499[0m       console.log("Active Employees", activeEmployees.)
[7m   [0m [91m                                                      ~[0m

    at createTSError (C:\Users\Administrator\Desktop\Projects\eltek-timer-pay-backend\node_modules\ts-node\src\index.ts:859:12)
    at reportTSError (C:\Users\Administrator\Desktop\Projects\eltek-timer-pay-backend\node_modules\ts-node\src\index.ts:863:19)
    at C:\Users\Administrator\Desktop\Projects\eltek-timer-pay-backend\node_modules\ts-node\src\index.ts:1379:34
    at Object.compile (C:\Users\Administrator\Desktop\Projects\eltek-timer-pay-backend\node_modules\ts-node\src\index.ts:1458:13)
    at Module.m._compile (C:\Users\Administrator\Desktop\Projects\eltek-timer-pay-backend\node_modules\ts-node\src\index.ts:1617:30)
    at node:internal/modules/cjs/loader:1689:10
    at Object.require.extensions.<computed> [as .ts] (C:\Users\Administrator\Desktop\Projects\eltek-timer-pay-backend\node_modules\ts-node\src\index.ts:1621:12)
    at Module.load (node:internal/modules/cjs/loader:1318:32)
    at Function._load (node:internal/modules/cjs/loader:1128:12)
    at TracingChannel.traceSync (node:diagnostics_channel:315:14)
2025-05-09 08:26:59 error: [GET] /api/employees/getNumberOfAssignedEmployees >> StatusCode:: 500, Message:: this.employeeService.getNumberOfAssignedEmployees is not a function
2025-05-09 08:27:01 error: [GET] /api/tasks/getProjectHoursSummary >> StatusCode:: 400, Message:: Error getting all projects hours
2025-05-09 09:18:52 error: uncaughtException: тип Unable to compile TypeScript:
[96msrc/services/project/project.service.ts[0m:[93m109[0m:[93m1[0m - [91merror[0m[90m TS1005: [0m'{' expected.

[7m109[0m }
[7m   [0m [91m~[0m

TSError: тип Unable to compile TypeScript:
[96msrc/services/project/project.service.ts[0m:[93m109[0m:[93m1[0m - [91merror[0m[90m TS1005: [0m'{' expected.

[7m109[0m }
[7m   [0m [91m~[0m

    at createTSError (C:\Users\Administrator\Desktop\Projects\eltek-timer-pay-backend\node_modules\ts-node\src\index.ts:859:12)
    at reportTSError (C:\Users\Administrator\Desktop\Projects\eltek-timer-pay-backend\node_modules\ts-node\src\index.ts:863:19)
    at C:\Users\Administrator\Desktop\Projects\eltek-timer-pay-backend\node_modules\ts-node\src\index.ts:1379:34
    at Object.compile (C:\Users\Administrator\Desktop\Projects\eltek-timer-pay-backend\node_modules\ts-node\src\index.ts:1458:13)
    at Module.m._compile (C:\Users\Administrator\Desktop\Projects\eltek-timer-pay-backend\node_modules\ts-node\src\index.ts:1617:30)
    at node:internal/modules/cjs/loader:1689:10
    at Object.require.extensions.<computed> [as .ts] (C:\Users\Administrator\Desktop\Projects\eltek-timer-pay-backend\node_modules\ts-node\src\index.ts:1621:12)
    at Module.load (node:internal/modules/cjs/loader:1318:32)
    at Function._load (node:internal/modules/cjs/loader:1128:12)
    at TracingChannel.traceSync (node:diagnostics_channel:315:14)
2025-05-09 09:19:13 error: uncaughtException: Missing initializer in const declaration
C:\Users\Administrator\Desktop\Projects\eltek-timer-pay-backend\src\services\project\project.service.ts:93
            const fetched;
                  ^^^^^^^

SyntaxError: Missing initializer in const declaration
    at wrapSafe (node:internal/modules/cjs/loader:1469:18)
    at Module._compile (node:internal/modules/cjs/loader:1491:20)
    at Module.m._compile (C:\Users\Administrator\Desktop\Projects\eltek-timer-pay-backend\node_modules\ts-node\src\index.ts:1618:23)
    at node:internal/modules/cjs/loader:1689:10
    at Object.require.extensions.<computed> [as .ts] (C:\Users\Administrator\Desktop\Projects\eltek-timer-pay-backend\node_modules\ts-node\src\index.ts:1621:12)
    at Module.load (node:internal/modules/cjs/loader:1318:32)
    at Function._load (node:internal/modules/cjs/loader:1128:12)
    at TracingChannel.traceSync (node:diagnostics_channel:315:14)
    at wrapModuleLoad (node:internal/modules/cjs/loader:218:24)
    at Module.require (node:internal/modules/cjs/loader:1340:12)
2025-05-09 10:10:03 error: [GET] /api/tasks/getProjectHoursSummary >> StatusCode:: 400, Message:: Error getting all projects hours
2025-05-09 10:10:04 error: [GET] /api/employees/getNumberOfAssignedEmployees >> StatusCode:: 500, Message:: this.employeeService.getNumberOfAssignedEmployees is not a function
2025-05-09 10:10:04 error: [GET] /api/employees/getNumberOfAssignedEmployees >> StatusCode:: 500, Message:: this.employeeService.getNumberOfAssignedEmployees is not a function
2025-05-09 10:10:04 error: [GET] /api/tasks/getProjectHoursSummary >> StatusCode:: 400, Message:: Error getting all projects hours
2025-05-09 10:49:41 error: uncaughtException: тип Unable to compile TypeScript:
[96msrc/repositories/project/project.repository.ts[0m:[93m380[0m:[93m55[0m - [91merror[0m[90m TS1005: [0m',' expected.

[7m380[0m       const chargeOutRate = allocation.chargeOutRate  0;
[7m   [0m [91m                                                      ~[0m

TSError: тип Unable to compile TypeScript:
[96msrc/repositories/project/project.repository.ts[0m:[93m380[0m:[93m55[0m - [91merror[0m[90m TS1005: [0m',' expected.

[7m380[0m       const chargeOutRate = allocation.chargeOutRate  0;
[7m   [0m [91m                                                      ~[0m

    at createTSError (C:\Users\Administrator\Desktop\Projects\eltek-timer-pay-backend\node_modules\ts-node\src\index.ts:859:12)
    at reportTSError (C:\Users\Administrator\Desktop\Projects\eltek-timer-pay-backend\node_modules\ts-node\src\index.ts:863:19)
    at C:\Users\Administrator\Desktop\Projects\eltek-timer-pay-backend\node_modules\ts-node\src\index.ts:1379:34
    at Object.compile (C:\Users\Administrator\Desktop\Projects\eltek-timer-pay-backend\node_modules\ts-node\src\index.ts:1458:13)
    at Module.m._compile (C:\Users\Administrator\Desktop\Projects\eltek-timer-pay-backend\node_modules\ts-node\src\index.ts:1617:30)
    at node:internal/modules/cjs/loader:1689:10
    at Object.require.extensions.<computed> [as .ts] (C:\Users\Administrator\Desktop\Projects\eltek-timer-pay-backend\node_modules\ts-node\src\index.ts:1621:12)
    at Module.load (node:internal/modules/cjs/loader:1318:32)
    at Function._load (node:internal/modules/cjs/loader:1128:12)
    at TracingChannel.traceSync (node:diagnostics_channel:315:14)
2025-05-09 10:49:57 error: uncaughtException: тип Unable to compile TypeScript:
[96msrc/repositories/project/project.repository.ts[0m:[93m366[0m:[93m37[0m - [91merror[0m[90m TS1003: [0mIdentifier expected.

[7m366[0m       for (const task of allocation.) {
[7m   [0m [91m                                    ~[0m

TSError: тип Unable to compile TypeScript:
[96msrc/repositories/project/project.repository.ts[0m:[93m366[0m:[93m37[0m - [91merror[0m[90m TS1003: [0mIdentifier expected.

[7m366[0m       for (const task of allocation.) {
[7m   [0m [91m                                    ~[0m

    at createTSError (C:\Users\Administrator\Desktop\Projects\eltek-timer-pay-backend\node_modules\ts-node\src\index.ts:859:12)
    at reportTSError (C:\Users\Administrator\Desktop\Projects\eltek-timer-pay-backend\node_modules\ts-node\src\index.ts:863:19)
    at C:\Users\Administrator\Desktop\Projects\eltek-timer-pay-backend\node_modules\ts-node\src\index.ts:1379:34
    at Object.compile (C:\Users\Administrator\Desktop\Projects\eltek-timer-pay-backend\node_modules\ts-node\src\index.ts:1458:13)
    at Module.m._compile (C:\Users\Administrator\Desktop\Projects\eltek-timer-pay-backend\node_modules\ts-node\src\index.ts:1617:30)
    at node:internal/modules/cjs/loader:1689:10
    at Object.require.extensions.<computed> [as .ts] (C:\Users\Administrator\Desktop\Projects\eltek-timer-pay-backend\node_modules\ts-node\src\index.ts:1621:12)
    at Module.load (node:internal/modules/cjs/loader:1318:32)
    at Function._load (node:internal/modules/cjs/loader:1128:12)
    at TracingChannel.traceSync (node:diagnostics_channel:315:14)
2025-05-09 10:56:54 error: uncaughtException: тип Unable to compile TypeScript:
[96msrc/services/project/project.service.ts[0m:[93m145[0m:[93m1[0m - [91merror[0m[90m TS1005: [0m'{' expected.

[7m145[0m }
[7m   [0m [91m~[0m

TSError: тип Unable to compile TypeScript:
[96msrc/services/project/project.service.ts[0m:[93m145[0m:[93m1[0m - [91merror[0m[90m TS1005: [0m'{' expected.

[7m145[0m }
[7m   [0m [91m~[0m

    at createTSError (C:\Users\Administrator\Desktop\Projects\eltek-timer-pay-backend\node_modules\ts-node\src\index.ts:859:12)
    at reportTSError (C:\Users\Administrator\Desktop\Projects\eltek-timer-pay-backend\node_modules\ts-node\src\index.ts:863:19)
    at C:\Users\Administrator\Desktop\Projects\eltek-timer-pay-backend\node_modules\ts-node\src\index.ts:1379:34
    at Object.compile (C:\Users\Administrator\Desktop\Projects\eltek-timer-pay-backend\node_modules\ts-node\src\index.ts:1458:13)
    at Module.m._compile (C:\Users\Administrator\Desktop\Projects\eltek-timer-pay-backend\node_modules\ts-node\src\index.ts:1617:30)
    at node:internal/modules/cjs/loader:1689:10
    at Object.require.extensions.<computed> [as .ts] (C:\Users\Administrator\Desktop\Projects\eltek-timer-pay-backend\node_modules\ts-node\src\index.ts:1621:12)
    at Module.load (node:internal/modules/cjs/loader:1318:32)
    at Function._load (node:internal/modules/cjs/loader:1128:12)
    at TracingChannel.traceSync (node:diagnostics_channel:315:14)
2025-05-09 10:57:18 error: uncaughtException: тип Unable to compile TypeScript:
[96msrc/services/project/project.service.ts[0m:[93m146[0m:[93m3[0m - [91merror[0m[90m TS1003: [0mIdentifier expected.

[7m146[0m   } catch (error) {
[7m   [0m [91m  ~[0m

TSError: тип Unable to compile TypeScript:
[96msrc/services/project/project.service.ts[0m:[93m146[0m:[93m3[0m - [91merror[0m[90m TS1003: [0mIdentifier expected.

[7m146[0m   } catch (error) {
[7m   [0m [91m  ~[0m

    at createTSError (C:\Users\Administrator\Desktop\Projects\eltek-timer-pay-backend\node_modules\ts-node\src\index.ts:859:12)
    at reportTSError (C:\Users\Administrator\Desktop\Projects\eltek-timer-pay-backend\node_modules\ts-node\src\index.ts:863:19)
    at C:\Users\Administrator\Desktop\Projects\eltek-timer-pay-backend\node_modules\ts-node\src\index.ts:1379:34
    at Object.compile (C:\Users\Administrator\Desktop\Projects\eltek-timer-pay-backend\node_modules\ts-node\src\index.ts:1458:13)
    at Module.m._compile (C:\Users\Administrator\Desktop\Projects\eltek-timer-pay-backend\node_modules\ts-node\src\index.ts:1617:30)
    at node:internal/modules/cjs/loader:1689:10
    at Object.require.extensions.<computed> [as .ts] (C:\Users\Administrator\Desktop\Projects\eltek-timer-pay-backend\node_modules\ts-node\src\index.ts:1621:12)
    at Module.load (node:internal/modules/cjs/loader:1318:32)
    at Function._load (node:internal/modules/cjs/loader:1128:12)
    at TracingChannel.traceSync (node:diagnostics_channel:315:14)
2025-05-09 10:58:58 error: [GET] /api/projects/getProjectFinancialData/1 >> StatusCode:: 500, Message:: Employee is associated to Allocation using an alias. You've included an alias (Employee), but it does not match the alias(es) defined in your association (employee).
2025-05-09 11:51:07 error: [POST] /api/tasks/createTask >> StatusCode:: 500, Message:: Error creating task: notNull Violation: Task.allocationId cannot be null
2025-05-09 11:51:20 error: [POST] /api/tasks/createTask >> StatusCode:: 500, Message:: Error creating task: notNull Violation: Task.allocationId cannot be null
2025-05-09 14:05:42 error: [GET] /api/tasks/getProjectHoursSummary >> StatusCode:: 400, Message:: Error getting all projects hours
2025-05-09 14:05:43 error: [GET] /api/employees/getNumberOfAssignedEmployees >> StatusCode:: 500, Message:: this.employeeService.getNumberOfAssignedEmployees is not a function
2025-05-09 14:05:43 error: [GET] /api/employees/getNumberOfAssignedEmployees >> StatusCode:: 500, Message:: this.employeeService.getNumberOfAssignedEmployees is not a function
2025-05-09 14:05:44 error: [GET] /api/tasks/getProjectHoursSummary >> StatusCode:: 400, Message:: Error getting all projects hours
2025-05-09 14:06:37 error: [GET] /api/employees/getNumberOfAssignedEmployees >> StatusCode:: 500, Message:: this.employeeService.getNumberOfAssignedEmployees is not a function
2025-05-09 14:06:38 error: [GET] /api/tasks/getProjectHoursSummary >> StatusCode:: 400, Message:: Error getting all projects hours
2025-05-09 14:26:50 error: [GET] /api/employees/getNumberOfAssignedEmployees >> StatusCode:: 500, Message:: this.employeeService.getNumberOfAssignedEmployees is not a function
2025-05-09 14:26:51 error: [GET] /api/tasks/getProjectHoursSummary >> StatusCode:: 400, Message:: Error getting all projects hours
2025-05-09 14:26:51 error: [GET] /api/employees/getNumberOfAssignedEmployees >> StatusCode:: 500, Message:: this.employeeService.getNumberOfAssignedEmployees is not a function
2025-05-09 14:26:52 error: [GET] /api/tasks/getProjectHoursSummary >> StatusCode:: 400, Message:: Error getting all projects hours
2025-05-09 14:39:10 error: [GET] /api/employees/getNumberOfAssignedEmployees >> StatusCode:: 500, Message:: this.employeeService.getNumberOfAssignedEmployees is not a function
2025-05-09 14:39:11 error: [GET] /api/tasks/getProjectHoursSummary >> StatusCode:: 400, Message:: Error getting all projects hours
2025-05-09 15:13:09 error: [GET] /api/employees/getNumberOfAssignedEmployees >> StatusCode:: 500, Message:: this.employeeService.getNumberOfAssignedEmployees is not a function
2025-05-09 15:13:11 error: [GET] /api/tasks/getProjectHoursSummary >> StatusCode:: 400, Message:: Error getting all projects hours
2025-05-09 15:13:11 error: [GET] /api/employees/getNumberOfAssignedEmployees >> StatusCode:: 500, Message:: this.employeeService.getNumberOfAssignedEmployees is not a function
2025-05-09 15:13:12 error: [GET] /api/tasks/getProjectHoursSummary >> StatusCode:: 400, Message:: Error getting all projects hours
2025-05-09 15:35:57 error: uncaughtException: тип Unable to compile TypeScript:
[96msrc/routes/client/client.route.ts[0m:[93m21[0m:[93m7[0m - [91merror[0m[90m TS1005: [0m',' expected.

[7m21[0m       this.clientController.createClient
[7m  [0m [91m      ~~~~[0m

TSError: тип Unable to compile TypeScript:
[96msrc/routes/client/client.route.ts[0m:[93m21[0m:[93m7[0m - [91merror[0m[90m TS1005: [0m',' expected.

[7m21[0m       this.clientController.createClient
[7m  [0m [91m      ~~~~[0m

    at createTSError (C:\Users\Administrator\Desktop\Projects\eltek-timer-pay-backend\node_modules\ts-node\src\index.ts:859:12)
    at reportTSError (C:\Users\Administrator\Desktop\Projects\eltek-timer-pay-backend\node_modules\ts-node\src\index.ts:863:19)
    at C:\Users\Administrator\Desktop\Projects\eltek-timer-pay-backend\node_modules\ts-node\src\index.ts:1379:34
    at Object.compile (C:\Users\Administrator\Desktop\Projects\eltek-timer-pay-backend\node_modules\ts-node\src\index.ts:1458:13)
    at Module.m._compile (C:\Users\Administrator\Desktop\Projects\eltek-timer-pay-backend\node_modules\ts-node\src\index.ts:1617:30)
    at node:internal/modules/cjs/loader:1689:10
    at Object.require.extensions.<computed> [as .ts] (C:\Users\Administrator\Desktop\Projects\eltek-timer-pay-backend\node_modules\ts-node\src\index.ts:1621:12)
    at Module.load (node:internal/modules/cjs/loader:1318:32)
    at Function._load (node:internal/modules/cjs/loader:1128:12)
    at TracingChannel.traceSync (node:diagnostics_channel:315:14)
2025-05-09 15:36:35 error: [POST] /api/clients/createClient >> StatusCode:: 500, Message:: Error creating client: Error creating client: Cannot read properties of undefined (reading 'length')
2025-05-09 15:36:35 error: uncaughtException: Cannot convert undefined or null to object
TypeError: Cannot convert undefined or null to object
    at Function.keys (<anonymous>)
    at Timeout._onTimeout (C:\Users\Administrator\Desktop\Projects\eltek-timer-pay-backend\node_modules\sequelize\src\model.js:95:34)
    at listOnTimeout (node:internal/timers:594:17)
    at processTimers (node:internal/timers:529:7)
2025-05-09 15:48:10 error: [POST] /api/clients/createClient >> StatusCode:: 500, Message:: Error creating client: Error creating client: Cannot read properties of undefined (reading 'length')
2025-05-09 15:48:10 error: uncaughtException: Cannot convert undefined or null to object
TypeError: Cannot convert undefined or null to object
    at Function.keys (<anonymous>)
    at Timeout._onTimeout (C:\Users\Administrator\Desktop\Projects\eltek-timer-pay-backend\node_modules\sequelize\src\model.js:95:34)
    at listOnTimeout (node:internal/timers:594:17)
    at processTimers (node:internal/timers:529:7)
2025-05-09 15:58:59 error: uncaughtException: тип Unable to compile TypeScript:
[96msrc/repositories/client/client.repository.ts[0m:[93m21[0m:[93m34[0m - [91merror[0m[90m TS1003: [0mIdentifier expected.

[7m21[0m         where: { id: clientData. },
[7m  [0m [91m                                 ~[0m

TSError: тип Unable to compile TypeScript:
[96msrc/repositories/client/client.repository.ts[0m:[93m21[0m:[93m34[0m - [91merror[0m[90m TS1003: [0mIdentifier expected.

[7m21[0m         where: { id: clientData. },
[7m  [0m [91m                                 ~[0m

    at createTSError (C:\Users\Administrator\Desktop\Projects\eltek-timer-pay-backend\node_modules\ts-node\src\index.ts:859:12)
    at reportTSError (C:\Users\Administrator\Desktop\Projects\eltek-timer-pay-backend\node_modules\ts-node\src\index.ts:863:19)
    at C:\Users\Administrator\Desktop\Projects\eltek-timer-pay-backend\node_modules\ts-node\src\index.ts:1379:34
    at Object.compile (C:\Users\Administrator\Desktop\Projects\eltek-timer-pay-backend\node_modules\ts-node\src\index.ts:1458:13)
    at Module.m._compile (C:\Users\Administrator\Desktop\Projects\eltek-timer-pay-backend\node_modules\ts-node\src\index.ts:1617:30)
    at node:internal/modules/cjs/loader:1689:10
    at Object.require.extensions.<computed> [as .ts] (C:\Users\Administrator\Desktop\Projects\eltek-timer-pay-backend\node_modules\ts-node\src\index.ts:1621:12)
    at Module.load (node:internal/modules/cjs/loader:1318:32)
    at Function._load (node:internal/modules/cjs/loader:1128:12)
    at TracingChannel.traceSync (node:diagnostics_channel:315:14)
2025-05-09 16:01:23 error: [PUT] /api/clients/updateClient >> StatusCode:: 500, Message:: Error updating client: Client not found
2025-05-09 16:02:05 error: [PUT] /api/clients/updateClient >> StatusCode:: 500, Message:: Error updating client: Client not found
2025-05-09 16:02:30 error: [PUT] /api/clients/updateClient >> StatusCode:: 500, Message:: Error updating client: Client not found
2025-05-09 16:03:29 error: [PUT] /api/clients/updateClient >> StatusCode:: 500, Message:: Error updating client: Client not found
2025-05-09 16:04:12 error: [PUT] /api/clients/updateClient >> StatusCode:: 500, Message:: Error updating client: Client not found
2025-05-09 16:04:35 error: [PUT] /api/clients/updateClient >> StatusCode:: 500, Message:: Error updating client: Client not found
2025-05-09 16:04:40 error: [PUT] /api/clients/updateClient >> StatusCode:: 500, Message:: Error updating client: Client not found
2025-05-09 16:26:17 error: [POST] /api/clients/createClient >> StatusCode:: 400, Message:: Telephone number must be a valid South African number (+27XXXXXXXXX)., Cell number must be a valid South African number (+27XXXXXXXXX).
2025-05-09 16:26:45 error: [POST] /api/clients/createClient >> StatusCode:: 400, Message:: Telephone number must be a valid South African number (+27XXXXXXXXX)., Cell number must be a valid South African number (+27XXXXXXXXX).
2025-05-09 16:27:33 error: [POST] /api/clients/createClient >> StatusCode:: 400, Message:: Telephone number must be a valid South African number (+27XXXXXXXXX)., Cell number must be a valid South African number (+27XXXXXXXXX).
2025-05-09 16:27:38 error: [POST] /api/clients/createClient >> StatusCode:: 400, Message:: Telephone number must be a valid South African number (+27XXXXXXXXX)., Cell number must be a valid South African number (+27XXXXXXXXX).
2025-05-09 16:27:39 error: [POST] /api/clients/createClient >> StatusCode:: 400, Message:: Telephone number must be a valid South African number (+27XXXXXXXXX)., Cell number must be a valid South African number (+27XXXXXXXXX).
2025-05-09 16:27:49 error: [POST] /api/clients/createClient >> StatusCode:: 400, Message:: Telephone number must be a valid South African number (+27XXXXXXXXX)., Cell number must be a valid South African number (+27XXXXXXXXX).
2025-05-09 16:30:05 error: [POST] /api/clients/createClient >> StatusCode:: 400, Message:: Telephone number must be a valid South African number (+27XXXXXXXXX)., Cell number must be a valid South African number (+27XXXXXXXXX).
2025-05-09 16:30:18 error: [POST] /api/clients/createClient >> StatusCode:: 400, Message:: Telephone number must be a valid South African number (+27XXXXXXXXX)., Cell number must be a valid South African number (+27XXXXXXXXX).
2025-05-09 16:31:54 error: [POST] /api/clients/createClient >> StatusCode:: 500, Message:: Error creating client: Error creating client: Validation error
2025-05-09 16:38:05 error: [DELETE] /api/clients/deleteClient/1 >> StatusCode:: 500, Message:: Error deleting client: Client not found
2025-05-09 16:38:12 error: [DELETE] /api/clients/deleteClient/3 >> StatusCode:: 500, Message:: Error deleting client: Client not found
2025-05-09 16:42:45 error: [POST] /api/clients/createClient >> StatusCode:: 500, Message:: Error creating client: Error creating client: Validation error
2025-05-09 16:48:39 error: [GET] /api/tasks/getProjectHoursSummary >> StatusCode:: 400, Message:: Error getting all projects hours
2025-05-09 16:48:39 error: [GET] /api/employees/getNumberOfAssignedEmployees >> StatusCode:: 500, Message:: this.employeeService.getNumberOfAssignedEmployees is not a function
2025-05-09 16:48:40 error: [GET] /api/employees/getNumberOfAssignedEmployees >> StatusCode:: 500, Message:: this.employeeService.getNumberOfAssignedEmployees is not a function
2025-05-09 16:48:40 error: [GET] /api/tasks/getProjectHoursSummary >> StatusCode:: 400, Message:: Error getting all projects hours
2025-05-09 16:57:34 error: [POST] /api/clients/createClient >> StatusCode:: 500, Message:: Error creating client: Error creating client: Table 'db_aa010d_eltek.clients' doesn't exist
2025-05-09 17:20:22 error: [PUT] /api/clients/updateClient >> StatusCode:: 500, Message:: Error updating client: Error updating client: WHERE parameter "id" has invalid "undefined" value
2025-05-09 17:20:29 error: [PUT] /api/clients/updateClient >> StatusCode:: 500, Message:: Error updating client: Error updating client: WHERE parameter "id" has invalid "undefined" value
2025-05-09 17:21:41 error: [PUT] /api/clients/updateClient >> StatusCode:: 500, Message:: Error updating client: Error updating client: WHERE parameter "id" has invalid "undefined" value
2025-05-09 17:24:23 error: [PUT] /api/clients/updateClient >> StatusCode:: 500, Message:: Error updating client: Error updating client: WHERE parameter "id" has invalid "undefined" value
