2025-05-23 17:22:57 error: uncaughtException: write EPIPE
Error: write EPIPE
    at afterWriteDispatched (node:internal/stream_base_commons:159:15)
    at writeGeneric (node:internal/stream_base_commons:150:3)
    at WriteStream.Socket._writeGeneric (node:net:971:11)
    at WriteStream.Socket._write (node:net:983:8)
    at writeOrBuffer (node:internal/streams/writable:572:12)
    at _write (node:internal/streams/writable:501:10)
    at WriteStream.Writable.write (node:internal/streams/writable:510:10)
    at console.value (node:internal/console/constructor:298:16)
    at console.log (node:internal/console/constructor:384:26)
    at Sequelize.log (C:\Users\ccmm\Desktop\projects\eltek-backend\node_modules\sequelize\src\sequelize.js:1281:15)
2025-05-23 17:22:57 error: uncaughtException: write EPIPE
Error: write EPIPE
    at afterWriteDispatched (node:internal/stream_base_commons:159:15)
    at writeGeneric (node:internal/stream_base_commons:150:3)
    at WriteStream.Socket._writeGeneric (node:net:971:11)
    at WriteStream.Socket._write (node:net:983:8)
    at writeOrBuffer (node:internal/streams/writable:572:12)
    at _write (node:internal/streams/writable:501:10)
    at WriteStream.Writable.write (node:internal/streams/writable:510:10)
    at Console.log (C:\Users\ccmm\Desktop\projects\eltek-backend\node_modules\winston\lib\winston\transports\console.js:87:23)
    at Console._write (C:\Users\ccmm\Desktop\projects\eltek-backend\node_modules\winston-transport\modern.js:103:17)
    at doWrite (C:\Users\ccmm\Desktop\projects\eltek-backend\node_modules\readable-stream\lib\_stream_writable.js:390:139)
2025-05-23 17:22:57 error: uncaughtException: write EPIPE
Error: write EPIPE
    at afterWriteDispatched (node:internal/stream_base_commons:159:15)
    at writeGeneric (node:internal/stream_base_commons:150:3)
    at WriteStream.Socket._writeGeneric (node:net:971:11)
    at WriteStream.Socket._write (node:net:983:8)
    at writeOrBuffer (node:internal/streams/writable:572:12)
    at _write (node:internal/streams/writable:501:10)
    at WriteStream.Writable.write (node:internal/streams/writable:510:10)
    at console.value (node:internal/console/constructor:298:16)
    at console.log (node:internal/console/constructor:384:26)
    at Sequelize.log (C:\Users\ccmm\Desktop\projects\eltek-backend\node_modules\sequelize\src\sequelize.js:1281:15)
2025-05-23 17:22:57 error: uncaughtException: write EPIPE
Error: write EPIPE
    at afterWriteDispatched (node:internal/stream_base_commons:159:15)
    at writeGeneric (node:internal/stream_base_commons:150:3)
    at WriteStream.Socket._writeGeneric (node:net:971:11)
    at WriteStream.Socket._write (node:net:983:8)
    at writeOrBuffer (node:internal/streams/writable:572:12)
    at _write (node:internal/streams/writable:501:10)
    at WriteStream.Writable.write (node:internal/streams/writable:510:10)
    at console.value (node:internal/console/constructor:298:16)
    at console.log (node:internal/console/constructor:384:26)
    at Sequelize.log (C:\Users\ccmm\Desktop\projects\eltek-backend\node_modules\sequelize\src\sequelize.js:1281:15)
2025-05-23 17:22:57 error: uncaughtException: write EPIPE
Error: write EPIPE
    at afterWriteDispatched (node:internal/stream_base_commons:159:15)
    at writeGeneric (node:internal/stream_base_commons:150:3)
    at WriteStream.Socket._writeGeneric (node:net:971:11)
    at WriteStream.Socket._write (node:net:983:8)
    at writeOrBuffer (node:internal/streams/writable:572:12)
    at _write (node:internal/streams/writable:501:10)
    at WriteStream.Writable.write (node:internal/streams/writable:510:10)
    at console.value (node:internal/console/constructor:298:16)
    at console.log (node:internal/console/constructor:384:26)
    at Sequelize.log (C:\Users\ccmm\Desktop\projects\eltek-backend\node_modules\sequelize\src\sequelize.js:1281:15)
2025-05-23 17:22:58 error: uncaughtException: write EPIPE
Error: write EPIPE
    at afterWriteDispatched (node:internal/stream_base_commons:159:15)
    at writeGeneric (node:internal/stream_base_commons:150:3)
    at WriteStream.Socket._writeGeneric (node:net:971:11)
    at WriteStream.Socket._write (node:net:983:8)
    at writeOrBuffer (node:internal/streams/writable:572:12)
    at _write (node:internal/streams/writable:501:10)
    at WriteStream.Writable.write (node:internal/streams/writable:510:10)
    at console.value (node:internal/console/constructor:298:16)
    at console.log (node:internal/console/constructor:384:26)
    at Sequelize.log (C:\Users\ccmm\Desktop\projects\eltek-backend\node_modules\sequelize\src\sequelize.js:1281:15)
2025-05-23 17:22:58 error: uncaughtException: write EPIPE
Error: write EPIPE
    at afterWriteDispatched (node:internal/stream_base_commons:159:15)
    at writeGeneric (node:internal/stream_base_commons:150:3)
    at WriteStream.Socket._writeGeneric (node:net:971:11)
    at WriteStream.Socket._write (node:net:983:8)
    at writeOrBuffer (node:internal/streams/writable:572:12)
    at _write (node:internal/streams/writable:501:10)
    at WriteStream.Writable.write (node:internal/streams/writable:510:10)
    at console.value (node:internal/console/constructor:298:16)
    at console.log (node:internal/console/constructor:384:26)
    at Sequelize.log (C:\Users\ccmm\Desktop\projects\eltek-backend\node_modules\sequelize\src\sequelize.js:1281:15)
2025-05-23 17:22:58 error: uncaughtException: write EPIPE
Error: write EPIPE
    at afterWriteDispatched (node:internal/stream_base_commons:159:15)
    at writeGeneric (node:internal/stream_base_commons:150:3)
    at WriteStream.Socket._writeGeneric (node:net:971:11)
    at WriteStream.Socket._write (node:net:983:8)
    at writeOrBuffer (node:internal/streams/writable:572:12)
    at _write (node:internal/streams/writable:501:10)
    at WriteStream.Writable.write (node:internal/streams/writable:510:10)
    at console.value (node:internal/console/constructor:298:16)
    at console.log (node:internal/console/constructor:384:26)
    at Sequelize.log (C:\Users\ccmm\Desktop\projects\eltek-backend\node_modules\sequelize\src\sequelize.js:1281:15)
2025-05-23 17:22:58 error: uncaughtException: write EPIPE
Error: write EPIPE
    at afterWriteDispatched (node:internal/stream_base_commons:159:15)
    at writeGeneric (node:internal/stream_base_commons:150:3)
    at WriteStream.Socket._writeGeneric (node:net:971:11)
    at WriteStream.Socket._write (node:net:983:8)
    at writeOrBuffer (node:internal/streams/writable:572:12)
    at _write (node:internal/streams/writable:501:10)
    at WriteStream.Writable.write (node:internal/streams/writable:510:10)
    at console.value (node:internal/console/constructor:298:16)
    at console.log (node:internal/console/constructor:384:26)
    at Sequelize.log (C:\Users\ccmm\Desktop\projects\eltek-backend\node_modules\sequelize\src\sequelize.js:1281:15)
2025-05-23 17:22:58 error: uncaughtException: write EPIPE
Error: write EPIPE
    at afterWriteDispatched (node:internal/stream_base_commons:159:15)
    at writeGeneric (node:internal/stream_base_commons:150:3)
    at WriteStream.Socket._writeGeneric (node:net:971:11)
    at WriteStream.Socket._write (node:net:983:8)
    at writeOrBuffer (node:internal/streams/writable:572:12)
    at _write (node:internal/streams/writable:501:10)
    at WriteStream.Writable.write (node:internal/streams/writable:510:10)
    at console.value (node:internal/console/constructor:298:16)
    at console.log (node:internal/console/constructor:384:26)
    at Sequelize.log (C:\Users\ccmm\Desktop\projects\eltek-backend\node_modules\sequelize\src\sequelize.js:1281:15)
2025-05-23 17:22:58 error: uncaughtException: write EPIPE
Error: write EPIPE
    at afterWriteDispatched (node:internal/stream_base_commons:159:15)
    at writeGeneric (node:internal/stream_base_commons:150:3)
    at WriteStream.Socket._writeGeneric (node:net:971:11)
    at WriteStream.Socket._write (node:net:983:8)
    at writeOrBuffer (node:internal/streams/writable:572:12)
    at _write (node:internal/streams/writable:501:10)
    at WriteStream.Writable.write (node:internal/streams/writable:510:10)
    at console.value (node:internal/console/constructor:298:16)
    at console.error (node:internal/console/constructor:412:26)
    at writeOut (node:internal/process/warning:56:3)
2025-05-23 17:22:58 error: uncaughtException: write EPIPE
Error: write EPIPE
    at afterWriteDispatched (node:internal/stream_base_commons:159:15)
    at writeGeneric (node:internal/stream_base_commons:150:3)
    at WriteStream.Socket._writeGeneric (node:net:971:11)
    at WriteStream.Socket._write (node:net:983:8)
    at writeOrBuffer (node:internal/streams/writable:572:12)
    at _write (node:internal/streams/writable:501:10)
    at WriteStream.Writable.write (node:internal/streams/writable:510:10)
    at console.value (node:internal/console/constructor:298:16)
    at console.error (node:internal/console/constructor:412:26)
    at C:\Users\ccmm\Desktop\projects\eltek-backend\src\database\index.ts:142:27
2025-05-23 17:22:58 error: uncaughtException: write EPIPE
Error: write EPIPE
    at afterWriteDispatched (node:internal/stream_base_commons:159:15)
    at writeGeneric (node:internal/stream_base_commons:150:3)
    at WriteStream.Socket._writeGeneric (node:net:971:11)
    at WriteStream.Socket._write (node:net:983:8)
    at writeOrBuffer (node:internal/streams/writable:572:12)
    at _write (node:internal/streams/writable:501:10)
    at WriteStream.Writable.write (node:internal/streams/writable:510:10)
    at console.value (node:internal/console/constructor:298:16)
    at console.log (node:internal/console/constructor:384:26)
    at Sequelize.log (C:\Users\ccmm\Desktop\projects\eltek-backend\node_modules\sequelize\src\sequelize.js:1281:15)
2025-05-23 17:22:58 error: uncaughtException: write EPIPE
Error: write EPIPE
    at afterWriteDispatched (node:internal/stream_base_commons:159:15)
    at writeGeneric (node:internal/stream_base_commons:150:3)
    at WriteStream.Socket._writeGeneric (node:net:971:11)
    at WriteStream.Socket._write (node:net:983:8)
    at writeOrBuffer (node:internal/streams/writable:572:12)
    at _write (node:internal/streams/writable:501:10)
    at WriteStream.Writable.write (node:internal/streams/writable:510:10)
    at console.value (node:internal/console/constructor:298:16)
    at console.log (node:internal/console/constructor:384:26)
    at Sequelize.log (C:\Users\ccmm\Desktop\projects\eltek-backend\node_modules\sequelize\src\sequelize.js:1281:15)
2025-05-23 17:22:58 error: uncaughtException: write EPIPE
Error: write EPIPE
    at afterWriteDispatched (node:internal/stream_base_commons:159:15)
    at writeGeneric (node:internal/stream_base_commons:150:3)
    at WriteStream.Socket._writeGeneric (node:net:971:11)
    at WriteStream.Socket._write (node:net:983:8)
    at writeOrBuffer (node:internal/streams/writable:572:12)
    at _write (node:internal/streams/writable:501:10)
    at WriteStream.Writable.write (node:internal/streams/writable:510:10)
    at console.value (node:internal/console/constructor:298:16)
    at console.log (node:internal/console/constructor:384:26)
    at Sequelize.log (C:\Users\ccmm\Desktop\projects\eltek-backend\node_modules\sequelize\src\sequelize.js:1281:15)
2025-05-23 17:22:59 error: uncaughtException: write EPIPE
Error: write EPIPE
    at afterWriteDispatched (node:internal/stream_base_commons:159:15)
    at writeGeneric (node:internal/stream_base_commons:150:3)
    at WriteStream.Socket._writeGeneric (node:net:971:11)
    at WriteStream.Socket._write (node:net:983:8)
    at writeOrBuffer (node:internal/streams/writable:572:12)
    at _write (node:internal/streams/writable:501:10)
    at WriteStream.Writable.write (node:internal/streams/writable:510:10)
    at console.value (node:internal/console/constructor:298:16)
    at console.log (node:internal/console/constructor:384:26)
    at Sequelize.log (C:\Users\ccmm\Desktop\projects\eltek-backend\node_modules\sequelize\src\sequelize.js:1281:15)
2025-05-23 17:22:59 error: uncaughtException: write EPIPE
Error: write EPIPE
    at afterWriteDispatched (node:internal/stream_base_commons:159:15)
    at writeGeneric (node:internal/stream_base_commons:150:3)
    at WriteStream.Socket._writeGeneric (node:net:971:11)
    at WriteStream.Socket._write (node:net:983:8)
    at writeOrBuffer (node:internal/streams/writable:572:12)
    at _write (node:internal/streams/writable:501:10)
    at WriteStream.Writable.write (node:internal/streams/writable:510:10)
    at console.value (node:internal/console/constructor:298:16)
    at console.log (node:internal/console/constructor:384:26)
    at Sequelize.log (C:\Users\ccmm\Desktop\projects\eltek-backend\node_modules\sequelize\src\sequelize.js:1281:15)
2025-05-23 17:22:59 error: uncaughtException: write EPIPE
Error: write EPIPE
    at afterWriteDispatched (node:internal/stream_base_commons:159:15)
    at writeGeneric (node:internal/stream_base_commons:150:3)
    at WriteStream.Socket._writeGeneric (node:net:971:11)
    at WriteStream.Socket._write (node:net:983:8)
    at writeOrBuffer (node:internal/streams/writable:572:12)
    at _write (node:internal/streams/writable:501:10)
    at WriteStream.Writable.write (node:internal/streams/writable:510:10)
    at console.value (node:internal/console/constructor:298:16)
    at console.log (node:internal/console/constructor:384:26)
    at Sequelize.log (C:\Users\ccmm\Desktop\projects\eltek-backend\node_modules\sequelize\src\sequelize.js:1281:15)
2025-05-23 17:22:59 error: uncaughtException: write EPIPE
Error: write EPIPE
    at afterWriteDispatched (node:internal/stream_base_commons:159:15)
    at writeGeneric (node:internal/stream_base_commons:150:3)
    at WriteStream.Socket._writeGeneric (node:net:971:11)
    at WriteStream.Socket._write (node:net:983:8)
    at writeOrBuffer (node:internal/streams/writable:572:12)
    at _write (node:internal/streams/writable:501:10)
    at WriteStream.Writable.write (node:internal/streams/writable:510:10)
    at console.value (node:internal/console/constructor:298:16)
    at console.log (node:internal/console/constructor:384:26)
    at Sequelize.log (C:\Users\ccmm\Desktop\projects\eltek-backend\node_modules\sequelize\src\sequelize.js:1281:15)
2025-05-23 17:22:59 error: uncaughtException: write EPIPE
Error: write EPIPE
    at afterWriteDispatched (node:internal/stream_base_commons:159:15)
    at writeGeneric (node:internal/stream_base_commons:150:3)
    at WriteStream.Socket._writeGeneric (node:net:971:11)
    at WriteStream.Socket._write (node:net:983:8)
    at writeOrBuffer (node:internal/streams/writable:572:12)
    at _write (node:internal/streams/writable:501:10)
    at WriteStream.Writable.write (node:internal/streams/writable:510:10)
    at console.value (node:internal/console/constructor:298:16)
    at console.log (node:internal/console/constructor:384:26)
    at Sequelize.log (C:\Users\ccmm\Desktop\projects\eltek-backend\node_modules\sequelize\src\sequelize.js:1281:15)
2025-05-23 17:23:00 error: uncaughtException: write EPIPE
Error: write EPIPE
    at afterWriteDispatched (node:internal/stream_base_commons:159:15)
    at writeGeneric (node:internal/stream_base_commons:150:3)
    at WriteStream.Socket._writeGeneric (node:net:971:11)
    at WriteStream.Socket._write (node:net:983:8)
    at writeOrBuffer (node:internal/streams/writable:572:12)
    at _write (node:internal/streams/writable:501:10)
    at WriteStream.Writable.write (node:internal/streams/writable:510:10)
    at console.value (node:internal/console/constructor:298:16)
    at console.log (node:internal/console/constructor:384:26)
    at Sequelize.log (C:\Users\ccmm\Desktop\projects\eltek-backend\node_modules\sequelize\src\sequelize.js:1281:15)
2025-05-23 17:23:00 error: uncaughtException: write EPIPE
Error: write EPIPE
    at afterWriteDispatched (node:internal/stream_base_commons:159:15)
    at writeGeneric (node:internal/stream_base_commons:150:3)
    at WriteStream.Socket._writeGeneric (node:net:971:11)
    at WriteStream.Socket._write (node:net:983:8)
    at writeOrBuffer (node:internal/streams/writable:572:12)
    at _write (node:internal/streams/writable:501:10)
    at WriteStream.Writable.write (node:internal/streams/writable:510:10)
    at console.value (node:internal/console/constructor:298:16)
    at console.log (node:internal/console/constructor:384:26)
    at Sequelize.log (C:\Users\ccmm\Desktop\projects\eltek-backend\node_modules\sequelize\src\sequelize.js:1281:15)
2025-05-23 17:23:00 error: uncaughtException: write EPIPE
Error: write EPIPE
    at afterWriteDispatched (node:internal/stream_base_commons:159:15)
    at writeGeneric (node:internal/stream_base_commons:150:3)
    at WriteStream.Socket._writeGeneric (node:net:971:11)
    at WriteStream.Socket._write (node:net:983:8)
    at writeOrBuffer (node:internal/streams/writable:572:12)
    at _write (node:internal/streams/writable:501:10)
    at WriteStream.Writable.write (node:internal/streams/writable:510:10)
    at console.value (node:internal/console/constructor:298:16)
    at console.log (node:internal/console/constructor:384:26)
    at Sequelize.log (C:\Users\ccmm\Desktop\projects\eltek-backend\node_modules\sequelize\src\sequelize.js:1281:15)
2025-05-23 17:31:16 error: Unable to connect to the database: Duplicate key name 'leaves_employee_id'
2025-05-23 17:40:47 error: [GET] /api/employees/getNumberOfAssignedEmployees >> StatusCode:: 500, Message:: this.employeeService.getNumberOfAssignedEmployees is not a function
2025-05-23 17:40:47 error: [GET] /api/tasks/getProjectHoursSummary >> StatusCode:: 400, Message:: Error getting all projects hours
2025-05-23 17:40:48 error: [GET] /api/employees/getNumberOfAssignedEmployees >> StatusCode:: 500, Message:: this.employeeService.getNumberOfAssignedEmployees is not a function
2025-05-23 17:40:48 error: [GET] /api/tasks/getProjectHoursSummary >> StatusCode:: 400, Message:: Error getting all projects hours
2025-05-23 19:09:29 error: [GET] /api/employees/getNumberOfAssignedEmployees >> StatusCode:: 500, Message:: this.employeeService.getNumberOfAssignedEmployees is not a function
2025-05-23 19:09:30 error: [GET] /api/tasks/getProjectHoursSummary >> StatusCode:: 400, Message:: Error getting all projects hours
2025-05-23 19:09:30 error: [GET] /api/employees/getNumberOfAssignedEmployees >> StatusCode:: 500, Message:: this.employeeService.getNumberOfAssignedEmployees is not a function
2025-05-23 19:09:30 error: [GET] /api/tasks/getProjectHoursSummary >> StatusCode:: 400, Message:: Error getting all projects hours
2025-05-23 19:11:17 error: Unable to connect to the database: Access denied for user 'aa010d_eltekpr'@'165.73.49.85' (using password: YES)
