2025-04-21 19:52:03 info: =================================
2025-04-21 19:52:03 info: ======= ENV: development =======
2025-04-21 19:52:03 info: 🚀 Identity Service listening on port 5000
2025-04-21 19:52:03 info: =================================
2025-04-21 19:52:06 info: Database connection established successfully.
2025-04-21 19:52:09 info: Database tables synced successfully.
2025-04-21 20:54:43 info: [0mOPTIONS /api/auth/login [32m200[0m 16.407 ms - 0[0m
2025-04-21 20:54:48 info: [0mPOST /api/auth/login [32m200[0m 5017.408 ms - 541[0m
2025-04-21 20:55:02 info: [0mGET /api/notifications/getAllNotifications [36m304[0m 3102.585 ms - -[0m
2025-04-21 20:55:02 error: [GET] /api/employees/getEmployee/0 >> StatusCode:: 404, Message:: Employee not found
2025-04-21 20:55:02 info: [0mGET /api/employees/getEmployee/0 [33m404[0m 3088.947 ms - 32[0m
2025-04-21 20:55:02 error: [GET] /api/tasks/getProjectHoursSummary >> StatusCode:: 400, Message:: Error getting all projects hours
2025-04-21 20:55:02 info: [0mGET /api/tasks/getProjectHoursSummary [33m400[0m 3058.542 ms - 46[0m
2025-04-21 20:55:03 error: [GET] /api/employees/getNumberOfAssignedEmployees >> StatusCode:: 500, Message:: this.employeeService.getNumberOfAssignedEmployees is not a function
2025-04-21 20:55:03 info: [0mGET /api/employees/getNumberOfAssignedEmployees [31m500[0m 81.402 ms - 81[0m
2025-04-21 20:55:03 info: [0mGET /api/tasks/getChartWeeklyTaskTimeStatistics [32m200[0m 3212.869 ms - 242[0m
2025-04-21 20:55:03 info: [0mGET /api/tasks/getChartTaskTimeStatistics [32m200[0m 3197.265 ms - 225[0m
2025-04-21 20:55:03 error: [GET] /api/employees/getNumberOfAssignedEmployees >> StatusCode:: 500, Message:: this.employeeService.getNumberOfAssignedEmployees is not a function
2025-04-21 20:55:03 info: [0mGET /api/employees/getNumberOfAssignedEmployees [31m500[0m 3.080 ms - 81[0m
2025-04-21 20:55:03 info: [0mGET /api/projects/getAllProjects [36m304[0m 204.414 ms - -[0m
2025-04-21 20:55:03 info: [0mGET /api/notifications/getAllNotifications [36m304[0m 188.958 ms - -[0m
2025-04-21 20:55:03 info: [0mGET /api/tasks/getChartYearlyTaskTimeStatistics [36m304[0m 3349.011 ms - -[0m
2025-04-21 20:55:03 error: [GET] /api/employees/getEmployee/0 >> StatusCode:: 404, Message:: Employee not found
2025-04-21 20:55:03 info: [0mGET /api/employees/getEmployee/0 [33m404[0m 191.937 ms - 32[0m
2025-04-21 20:55:03 error: [GET] /api/tasks/getProjectHoursSummary >> StatusCode:: 400, Message:: Error getting all projects hours
2025-04-21 20:55:03 info: [0mGET /api/tasks/getProjectHoursSummary [33m400[0m 191.387 ms - 46[0m
2025-04-21 20:55:03 info: [0mGET /api/projects/getAllProjects [36m304[0m 202.639 ms - -[0m
2025-04-21 20:55:03 info: [0mGET /api/tasks/getChartWeeklyTaskTimeStatistics [36m304[0m 410.134 ms - -[0m
2025-04-21 20:55:03 info: [0mGET /api/tasks/getChartTaskTimeStatistics [36m304[0m 432.604 ms - -[0m
2025-04-21 20:55:03 info: [0mGET /api/tasks/getChartYearlyTaskTimeStatistics [36m304[0m 406.590 ms - -[0m
2025-04-21 20:58:13 info: [0mGET /api/projects/getAllProjects [36m304[0m 1711.577 ms - -[0m
2025-04-21 20:58:13 info: [0mGET /api/projects/getAllProjects [36m304[0m 198.854 ms - -[0m
2025-04-21 20:58:41 info: [0mGET /api/allocations/getProjectAllocations/1 [36m304[0m 1479.682 ms - -[0m
2025-04-21 20:58:41 info: [0mGET /api/allocations/getProjectAllocations/1 [36m304[0m 272.443 ms - -[0m
2025-04-21 20:58:42 info: [0mGET /api/employees/getAllEmployees [36m304[0m 495.531 ms - -[0m
2025-04-21 20:58:42 info: [0mGET /api/employees/getAllEmployees [36m304[0m 185.289 ms - -[0m
2025-04-21 21:16:01 error: [GET] /api/employees/getEmployee/0 >> StatusCode:: 404, Message:: Employee not found
2025-04-21 21:16:01 info: [0mGET /api/employees/getEmployee/0 [33m404[0m 1620.546 ms - 32[0m
2025-04-21 21:16:01 info: [0mGET /api/notifications/getAllNotifications [36m304[0m 1650.885 ms - -[0m
2025-04-21 21:16:01 info: [0mGET /api/allocations/getProjectAllocations/1 [36m304[0m 1615.835 ms - -[0m
2025-04-21 21:16:01 info: [0mGET /api/notifications/getAllNotifications [36m304[0m 283.529 ms - -[0m
2025-04-21 21:16:01 error: [GET] /api/employees/getEmployee/0 >> StatusCode:: 404, Message:: Employee not found
2025-04-21 21:16:01 info: [0mGET /api/employees/getEmployee/0 [33m404[0m 292.912 ms - 32[0m
2025-04-21 21:16:01 info: [0mGET /api/employees/getAllEmployees [36m304[0m 279.822 ms - -[0m
2025-04-21 21:17:38 info: [0mGET /api/notifications/getAllNotifications [36m304[0m 1460.345 ms - -[0m
2025-04-21 21:17:38 error: [GET] /api/employees/getEmployee/0 >> StatusCode:: 404, Message:: Employee not found
2025-04-21 21:17:38 info: [0mGET /api/employees/getEmployee/0 [33m404[0m 1461.486 ms - 32[0m
2025-04-21 21:17:38 info: [0mGET /api/allocations/getProjectAllocations/1 [36m304[0m 1454.853 ms - -[0m
2025-04-21 21:17:38 info: [0mGET /api/notifications/getAllNotifications [36m304[0m 185.168 ms - -[0m
2025-04-21 21:17:38 info: [0mGET /api/allocations/getProjectAllocations/1 [36m304[0m 188.341 ms - -[0m
2025-04-21 21:17:38 error: [GET] /api/employees/getEmployee/0 >> StatusCode:: 404, Message:: Employee not found
2025-04-21 21:17:38 info: [0mGET /api/employees/getEmployee/0 [33m404[0m 190.857 ms - 32[0m
2025-04-21 21:17:38 info: [0mGET /api/employees/getAllEmployees [36m304[0m 323.070 ms - -[0m
2025-04-21 21:17:39 info: [0mGET /api/employees/getAllEmployees [36m304[0m 197.022 ms - -[0m
2025-04-21 21:27:17 info: [0mOPTIONS /api/auth/login [32m200[0m 9.982 ms - 0[0m
2025-04-21 21:27:19 info: [0mPOST /api/auth/login [32m200[0m 2026.331 ms - 541[0m
2025-04-21 21:27:20 info: [0mGET /api/notifications/getAllNotifications [36m304[0m 213.487 ms - -[0m
2025-04-21 21:27:20 error: [GET] /api/employees/getEmployee/0 >> StatusCode:: 404, Message:: Employee not found
2025-04-21 21:27:20 info: [0mGET /api/employees/getEmployee/0 [33m404[0m 383.850 ms - 32[0m
2025-04-21 21:27:20 error: [GET] /api/employees/getNumberOfAssignedEmployees >> StatusCode:: 500, Message:: this.employeeService.getNumberOfAssignedEmployees is not a function
2025-04-21 21:27:20 info: [0mGET /api/employees/getNumberOfAssignedEmployees [31m500[0m 15.049 ms - 81[0m
2025-04-21 21:27:21 error: [GET] /api/tasks/getProjectHoursSummary >> StatusCode:: 400, Message:: Error getting all projects hours
2025-04-21 21:27:21 info: [0mGET /api/tasks/getProjectHoursSummary [33m400[0m 1229.049 ms - 46[0m
2025-04-21 21:27:21 info: [0mGET /api/notifications/getAllNotifications [36m304[0m 1077.573 ms - -[0m
2025-04-21 21:27:21 info: [0mGET /api/tasks/getChartTaskTimeStatistics [36m304[0m 1462.128 ms - -[0m
2025-04-21 21:27:21 info: [0mGET /api/projects/getAllProjects [36m304[0m 1310.423 ms - -[0m
2025-04-21 21:27:21 error: [GET] /api/employees/getNumberOfAssignedEmployees >> StatusCode:: 500, Message:: this.employeeService.getNumberOfAssignedEmployees is not a function
2025-04-21 21:27:21 info: [0mGET /api/employees/getNumberOfAssignedEmployees [31m500[0m 5.575 ms - 81[0m
2025-04-21 21:27:21 info: [0mGET /api/tasks/getChartWeeklyTaskTimeStatistics [36m304[0m 1455.202 ms - -[0m
2025-04-21 21:27:21 info: [0mGET /api/tasks/getChartYearlyTaskTimeStatistics [36m304[0m 1450.432 ms - -[0m
2025-04-21 21:27:21 error: [GET] /api/employees/getEmployee/0 >> StatusCode:: 404, Message:: Employee not found
2025-04-21 21:27:21 info: [0mGET /api/employees/getEmployee/0 [33m404[0m 427.718 ms - 32[0m
2025-04-21 21:27:21 info: [0mGET /api/projects/getAllProjects [36m304[0m 220.127 ms - -[0m
2025-04-21 21:27:21 error: [GET] /api/tasks/getProjectHoursSummary >> StatusCode:: 400, Message:: Error getting all projects hours
2025-04-21 21:27:21 info: [0mGET /api/tasks/getProjectHoursSummary [33m400[0m 246.136 ms - 46[0m
2025-04-21 21:27:22 info: [0mGET /api/tasks/getChartWeeklyTaskTimeStatistics [36m304[0m 423.647 ms - -[0m
2025-04-21 21:27:22 info: [0mGET /api/tasks/getChartTaskTimeStatistics [36m304[0m 434.839 ms - -[0m
2025-04-21 21:27:22 info: [0mGET /api/tasks/getChartYearlyTaskTimeStatistics [36m304[0m 620.918 ms - -[0m
2025-04-21 21:28:02 info: [0mOPTIONS /api/auth/login [32m200[0m 0.386 ms - 0[0m
2025-04-21 21:28:04 info: [0mPOST /api/auth/login [32m200[0m 2119.843 ms - 541[0m
2025-04-21 21:28:05 info: [0mGET /api/notifications/getAllNotifications [36m304[0m 237.502 ms - -[0m
2025-04-21 21:28:05 error: [GET] /api/employees/getEmployee/0 >> StatusCode:: 404, Message:: Employee not found
2025-04-21 21:28:05 info: [0mGET /api/employees/getEmployee/0 [33m404[0m 418.782 ms - 32[0m
2025-04-21 21:28:05 error: [GET] /api/employees/getNumberOfAssignedEmployees >> StatusCode:: 500, Message:: this.employeeService.getNumberOfAssignedEmployees is not a function
2025-04-21 21:28:05 info: [0mGET /api/employees/getNumberOfAssignedEmployees [31m500[0m 3.148 ms - 81[0m
2025-04-21 21:28:05 error: [GET] /api/tasks/getProjectHoursSummary >> StatusCode:: 400, Message:: Error getting all projects hours
2025-04-21 21:28:05 info: [0mGET /api/tasks/getProjectHoursSummary [33m400[0m 937.242 ms - 46[0m
2025-04-21 21:28:06 info: [0mGET /api/projects/getAllProjects [36m304[0m 1102.340 ms - -[0m
2025-04-21 21:28:06 error: [GET] /api/employees/getNumberOfAssignedEmployees >> StatusCode:: 500, Message:: this.employeeService.getNumberOfAssignedEmployees is not a function
2025-04-21 21:28:06 info: [0mGET /api/employees/getNumberOfAssignedEmployees [31m500[0m 2.440 ms - 81[0m
2025-04-21 21:28:06 info: [0mGET /api/notifications/getAllNotifications [36m304[0m 1009.665 ms - -[0m
2025-04-21 21:28:06 info: [0mGET /api/tasks/getChartWeeklyTaskTimeStatistics [36m304[0m 1356.310 ms - -[0m
2025-04-21 21:28:06 info: [0mGET /api/tasks/getChartYearlyTaskTimeStatistics [36m304[0m 1321.244 ms - -[0m
2025-04-21 21:28:06 info: [0mGET /api/tasks/getChartTaskTimeStatistics [36m304[0m 1321.162 ms - -[0m
2025-04-21 21:28:06 error: [GET] /api/employees/getEmployee/0 >> StatusCode:: 404, Message:: Employee not found
2025-04-21 21:28:06 info: [0mGET /api/employees/getEmployee/0 [33m404[0m 403.293 ms - 32[0m
2025-04-21 21:28:06 error: [GET] /api/tasks/getProjectHoursSummary >> StatusCode:: 400, Message:: Error getting all projects hours
2025-04-21 21:28:06 info: [0mGET /api/tasks/getProjectHoursSummary [33m400[0m 278.724 ms - 46[0m
2025-04-21 21:28:06 info: [0mGET /api/projects/getAllProjects [36m304[0m 244.359 ms - -[0m
2025-04-21 21:28:06 info: [0mGET /api/tasks/getChartWeeklyTaskTimeStatistics [36m304[0m 373.804 ms - -[0m
2025-04-21 21:28:06 info: [0mGET /api/tasks/getChartYearlyTaskTimeStatistics [36m304[0m 386.341 ms - -[0m
2025-04-21 21:28:06 info: [0mGET /api/tasks/getChartTaskTimeStatistics [36m304[0m 407.093 ms - -[0m
2025-04-21 21:35:46 info: [0mGET /api/projects/getAllProjects [36m304[0m 1356.930 ms - -[0m
2025-04-21 21:35:47 info: [0mGET /api/projects/getAllProjects [36m304[0m 292.892 ms - -[0m
2025-04-21 21:35:48 info: [0mGET /api/allocations/getProjectAllocations/1 [36m304[0m 267.259 ms - -[0m
2025-04-21 21:35:48 info: [0mGET /api/allocations/getProjectAllocations/1 [36m304[0m 303.313 ms - -[0m
2025-04-21 21:35:49 info: [0mGET /api/employees/getAllEmployees [36m304[0m 497.988 ms - -[0m
2025-04-21 21:35:49 info: [0mGET /api/employees/getAllEmployees [36m304[0m 195.505 ms - -[0m
2025-04-21 21:39:19 error: [GET] /api/employees/getEmployee/0 >> StatusCode:: 404, Message:: Employee not found
2025-04-21 21:39:19 info: [0mGET /api/employees/getEmployee/0 [33m404[0m 1498.397 ms - 32[0m
2025-04-21 21:39:19 info: [0mGET /api/notifications/getAllNotifications [36m304[0m 1525.990 ms - -[0m
2025-04-21 21:39:19 info: [0mGET /api/allocations/getProjectAllocations/1 [36m304[0m 1501.196 ms - -[0m
2025-04-21 21:39:20 info: [0mGET /api/employees/getAllEmployees [36m304[0m 240.656 ms - -[0m
2025-04-21 21:40:14 info: [0mGET /api/notifications/getAllNotifications [36m304[0m 1524.824 ms - -[0m
2025-04-21 21:40:14 error: [GET] /api/employees/getEmployee/0 >> StatusCode:: 404, Message:: Employee not found
2025-04-21 21:40:14 info: [0mGET /api/employees/getEmployee/0 [33m404[0m 1525.526 ms - 32[0m
2025-04-21 21:40:14 info: [0mGET /api/allocations/getProjectAllocations/1 [36m304[0m 1528.127 ms - -[0m
2025-04-21 21:40:14 info: [0mGET /api/employees/getAllEmployees [36m304[0m 194.304 ms - -[0m
2025-04-21 21:40:36 info: [0mGET /api/notifications/getAllNotifications [36m304[0m 1581.114 ms - -[0m
2025-04-21 21:40:36 error: [GET] /api/employees/getEmployee/0 >> StatusCode:: 404, Message:: Employee not found
2025-04-21 21:40:36 info: [0mGET /api/employees/getEmployee/0 [33m404[0m 1578.760 ms - 32[0m
2025-04-21 21:40:36 info: [0mGET /api/allocations/getProjectAllocations/1 [36m304[0m 1573.507 ms - -[0m
2025-04-21 21:40:38 error: [GET] /api/employees/getEmployee/0 >> StatusCode:: 404, Message:: Employee not found
2025-04-21 21:40:38 info: [0mGET /api/employees/getEmployee/0 [33m404[0m 185.724 ms - 32[0m
2025-04-21 21:40:38 info: [0mGET /api/notifications/getAllNotifications [36m304[0m 192.461 ms - -[0m
2025-04-21 21:40:38 info: [0mGET /api/allocations/getProjectAllocations/1 [36m304[0m 190.573 ms - -[0m
2025-04-21 21:40:38 info: [0mGET /api/employees/getAllEmployees [36m304[0m 228.062 ms - -[0m
2025-04-21 21:42:57 info: [0mGET /api/notifications/getAllNotifications [36m304[0m 1669.050 ms - -[0m
2025-04-21 21:42:57 error: [GET] /api/employees/getEmployee/0 >> StatusCode:: 404, Message:: Employee not found
2025-04-21 21:42:57 info: [0mGET /api/employees/getEmployee/0 [33m404[0m 1603.335 ms - 32[0m
2025-04-21 21:42:57 info: [0mGET /api/allocations/getProjectAllocations/1 [36m304[0m 1558.152 ms - -[0m
2025-04-21 21:42:57 info: [0mGET /api/employees/getAllEmployees [36m304[0m 190.268 ms - -[0m
2025-04-21 21:43:11 info: [0mGET /api/notifications/getAllNotifications [36m304[0m 1541.629 ms - -[0m
2025-04-21 21:43:11 error: [GET] /api/employees/getEmployee/0 >> StatusCode:: 404, Message:: Employee not found
2025-04-21 21:43:11 info: [0mGET /api/employees/getEmployee/0 [33m404[0m 1539.437 ms - 32[0m
2025-04-21 21:43:11 info: [0mGET /api/allocations/getProjectAllocations/1 [36m304[0m 1521.205 ms - -[0m
2025-04-21 21:43:11 info: [0mGET /api/notifications/getAllNotifications [36m304[0m 227.238 ms - -[0m
2025-04-21 21:43:11 info: [0mGET /api/allocations/getProjectAllocations/1 [36m304[0m 229.431 ms - -[0m
2025-04-21 21:43:11 error: [GET] /api/employees/getEmployee/0 >> StatusCode:: 404, Message:: Employee not found
2025-04-21 21:43:11 info: [0mGET /api/employees/getEmployee/0 [33m404[0m 223.623 ms - 32[0m
2025-04-21 21:43:12 info: [0mGET /api/employees/getAllEmployees [36m304[0m 430.204 ms - -[0m
2025-04-21 21:43:12 info: [0mGET /api/employees/getAllEmployees [36m304[0m 210.099 ms - -[0m
2025-04-21 22:01:12 info: =================================
2025-04-21 22:01:12 info: ======= ENV: development =======
2025-04-21 22:01:12 info: 🚀 Identity Service listening on port 5000
2025-04-21 22:01:12 info: =================================
2025-04-21 22:01:14 info: Database connection established successfully.
2025-04-21 22:01:18 info: Database tables synced successfully.
2025-04-21 22:02:02 info: =================================
2025-04-21 22:02:02 info: ======= ENV: development =======
2025-04-21 22:02:02 info: 🚀 Identity Service listening on port 5000
2025-04-21 22:02:02 info: =================================
2025-04-21 22:02:09 info: =================================
2025-04-21 22:02:09 info: ======= ENV: development =======
2025-04-21 22:02:09 info: 🚀 Identity Service listening on port 5000
2025-04-21 22:02:09 info: =================================
2025-04-21 22:02:12 info: Database connection established successfully.
2025-04-21 22:02:15 info: Database tables synced successfully.
2025-04-21 22:02:33 info: =================================
2025-04-21 22:02:33 info: ======= ENV: development =======
2025-04-21 22:02:33 info: 🚀 Identity Service listening on port 5000
2025-04-21 22:02:33 info: =================================
2025-04-21 22:02:36 info: Database connection established successfully.
2025-04-21 22:02:40 info: =================================
2025-04-21 22:02:40 info: ======= ENV: development =======
2025-04-21 22:02:40 info: 🚀 Identity Service listening on port 5000
2025-04-21 22:02:40 info: =================================
2025-04-21 22:02:43 info: Database connection established successfully.
2025-04-21 22:02:47 info: =================================
2025-04-21 22:02:47 info: ======= ENV: development =======
2025-04-21 22:02:47 info: 🚀 Identity Service listening on port 5000
2025-04-21 22:02:47 info: =================================
2025-04-21 22:02:52 info: =================================
2025-04-21 22:02:52 info: ======= ENV: development =======
2025-04-21 22:02:52 info: 🚀 Identity Service listening on port 5000
2025-04-21 22:02:52 info: =================================
2025-04-21 22:02:55 info: Database connection established successfully.
2025-04-21 22:02:58 info: Database tables synced successfully.
2025-04-21 22:03:16 info: =================================
2025-04-21 22:03:16 info: ======= ENV: development =======
2025-04-21 22:03:16 info: 🚀 Identity Service listening on port 5000
2025-04-21 22:03:16 info: =================================
2025-04-21 22:03:20 info: Database connection established successfully.
2025-04-21 22:03:23 info: Database tables synced successfully.
2025-04-21 22:03:28 info: =================================
2025-04-21 22:03:28 info: ======= ENV: development =======
2025-04-21 22:03:28 info: 🚀 Identity Service listening on port 5000
2025-04-21 22:03:28 info: =================================
2025-04-21 22:03:32 info: =================================
2025-04-21 22:03:32 info: ======= ENV: development =======
2025-04-21 22:03:32 info: 🚀 Identity Service listening on port 5000
2025-04-21 22:03:32 info: =================================
2025-04-21 22:03:35 info: Database connection established successfully.
2025-04-21 22:03:39 info: =================================
2025-04-21 22:03:39 info: ======= ENV: development =======
2025-04-21 22:03:39 info: 🚀 Identity Service listening on port 5000
2025-04-21 22:03:39 info: =================================
2025-04-21 22:03:42 info: Database connection established successfully.
2025-04-21 22:03:46 info: Database tables synced successfully.
2025-04-21 22:04:43 info: =================================
2025-04-21 22:04:43 info: ======= ENV: development =======
2025-04-21 22:04:43 info: 🚀 Identity Service listening on port 5000
2025-04-21 22:04:43 info: =================================
2025-04-21 22:04:50 info: =================================
2025-04-21 22:04:50 info: ======= ENV: development =======
2025-04-21 22:04:50 info: 🚀 Identity Service listening on port 5000
2025-04-21 22:04:50 info: =================================
2025-04-21 22:04:53 info: Database connection established successfully.
2025-04-21 22:04:57 info: Database tables synced successfully.
2025-04-21 22:05:09 info: =================================
2025-04-21 22:05:09 info: ======= ENV: development =======
2025-04-21 22:05:09 info: 🚀 Identity Service listening on port 5000
2025-04-21 22:05:09 info: =================================
2025-04-21 22:05:12 info: Database connection established successfully.
2025-04-21 22:05:15 info: Database tables synced successfully.
2025-04-21 22:05:58 info: =================================
2025-04-21 22:05:58 info: ======= ENV: development =======
2025-04-21 22:05:58 info: 🚀 Identity Service listening on port 5000
2025-04-21 22:05:58 info: =================================
2025-04-21 22:06:07 info: =================================
2025-04-21 22:06:07 info: ======= ENV: development =======
2025-04-21 22:06:07 info: 🚀 Identity Service listening on port 5000
2025-04-21 22:06:07 info: =================================
2025-04-21 22:06:10 info: Database connection established successfully.
2025-04-21 22:06:13 info: Database tables synced successfully.
2025-04-21 22:06:41 info: =================================
2025-04-21 22:06:41 info: ======= ENV: development =======
2025-04-21 22:06:41 info: 🚀 Identity Service listening on port 5000
2025-04-21 22:06:41 info: =================================
2025-04-21 22:06:44 info: =================================
2025-04-21 22:06:44 info: ======= ENV: development =======
2025-04-21 22:06:44 info: 🚀 Identity Service listening on port 5000
2025-04-21 22:06:44 info: =================================
2025-04-21 22:06:47 info: Database connection established successfully.
2025-04-21 22:06:50 info: Database tables synced successfully.
2025-04-21 22:06:59 info: =================================
2025-04-21 22:06:59 info: ======= ENV: development =======
2025-04-21 22:06:59 info: 🚀 Identity Service listening on port 5000
2025-04-21 22:06:59 info: =================================
2025-04-21 22:07:03 info: Database connection established successfully.
2025-04-21 22:07:06 info: Database tables synced successfully.
2025-04-21 22:08:05 info: =================================
2025-04-21 22:08:05 info: ======= ENV: development =======
2025-04-21 22:08:05 info: 🚀 Identity Service listening on port 5000
2025-04-21 22:08:05 info: =================================
2025-04-21 22:08:08 info: Database connection established successfully.
2025-04-21 22:08:11 info: Database tables synced successfully.
2025-04-21 22:08:41 info: =================================
2025-04-21 22:08:41 info: ======= ENV: development =======
2025-04-21 22:08:41 info: 🚀 Identity Service listening on port 5000
2025-04-21 22:08:41 info: =================================
2025-04-21 22:08:43 info: Database connection established successfully.
2025-04-21 22:08:47 info: Database tables synced successfully.
2025-04-21 22:11:28 info: =================================
2025-04-21 22:11:28 info: ======= ENV: development =======
2025-04-21 22:11:28 info: 🚀 Identity Service listening on port 5000
2025-04-21 22:11:28 info: =================================
2025-04-21 22:11:32 info: =================================
2025-04-21 22:11:32 info: ======= ENV: development =======
2025-04-21 22:11:32 info: 🚀 Identity Service listening on port 5000
2025-04-21 22:11:32 info: =================================
2025-04-21 22:11:35 info: Database connection established successfully.
2025-04-21 22:11:39 info: Database tables synced successfully.
2025-04-21 22:12:04 info: =================================
2025-04-21 22:12:04 info: ======= ENV: development =======
2025-04-21 22:12:04 info: 🚀 Identity Service listening on port 5000
2025-04-21 22:12:04 info: =================================
2025-04-21 22:12:07 info: Database connection established successfully.
2025-04-21 22:12:18 info: =================================
2025-04-21 22:12:18 info: ======= ENV: development =======
2025-04-21 22:12:18 info: 🚀 Identity Service listening on port 5000
2025-04-21 22:12:18 info: =================================
2025-04-21 22:12:21 info: Database connection established successfully.
2025-04-21 22:12:24 info: Database tables synced successfully.
2025-04-21 22:12:31 info: =================================
2025-04-21 22:12:31 info: ======= ENV: development =======
2025-04-21 22:12:31 info: 🚀 Identity Service listening on port 5000
2025-04-21 22:12:31 info: =================================
2025-04-21 22:12:34 info: Database connection established successfully.
2025-04-21 22:12:38 info: Database tables synced successfully.
2025-04-21 22:13:37 info: =================================
2025-04-21 22:13:37 info: ======= ENV: development =======
2025-04-21 22:13:37 info: 🚀 Identity Service listening on port 5000
2025-04-21 22:13:37 info: =================================
2025-04-21 22:13:43 info: =================================
2025-04-21 22:13:43 info: ======= ENV: development =======
2025-04-21 22:13:43 info: 🚀 Identity Service listening on port 5000
2025-04-21 22:13:43 info: =================================
2025-04-21 22:13:46 info: Database connection established successfully.
2025-04-21 22:13:49 info: Database tables synced successfully.
2025-04-21 22:13:59 info: =================================
2025-04-21 22:13:59 info: ======= ENV: development =======
2025-04-21 22:13:59 info: 🚀 Identity Service listening on port 5000
2025-04-21 22:13:59 info: =================================
2025-04-21 22:14:02 info: Database connection established successfully.
2025-04-21 22:14:05 info: Database tables synced successfully.
2025-04-21 22:14:34 info: =================================
2025-04-21 22:14:34 info: ======= ENV: development =======
2025-04-21 22:14:34 info: 🚀 Identity Service listening on port 5000
2025-04-21 22:14:34 info: =================================
2025-04-21 22:14:37 info: Database connection established successfully.
2025-04-21 22:14:43 info: =================================
2025-04-21 22:14:43 info: ======= ENV: development =======
2025-04-21 22:14:43 info: 🚀 Identity Service listening on port 5000
2025-04-21 22:14:43 info: =================================
2025-04-21 22:14:49 info: =================================
2025-04-21 22:14:49 info: ======= ENV: development =======
2025-04-21 22:14:49 info: 🚀 Identity Service listening on port 5000
2025-04-21 22:14:49 info: =================================
2025-04-21 22:14:52 info: Database connection established successfully.
2025-04-21 22:14:56 info: Database tables synced successfully.
2025-04-21 22:15:44 info: =================================
2025-04-21 22:15:44 info: ======= ENV: development =======
2025-04-21 22:15:44 info: 🚀 Identity Service listening on port 5000
2025-04-21 22:15:44 info: =================================
2025-04-21 22:15:46 info: Database connection established successfully.
2025-04-21 22:15:50 info: Database tables synced successfully.
2025-04-21 22:17:50 info: =================================
2025-04-21 22:17:50 info: ======= ENV: development =======
2025-04-21 22:17:50 info: 🚀 Identity Service listening on port 5000
2025-04-21 22:17:50 info: =================================
2025-04-21 22:17:53 info: Database connection established successfully.
2025-04-21 22:17:56 info: Database tables synced successfully.
2025-04-21 22:18:02 info: =================================
2025-04-21 22:18:02 info: ======= ENV: development =======
2025-04-21 22:18:02 info: 🚀 Identity Service listening on port 5000
2025-04-21 22:18:02 info: =================================
2025-04-21 22:18:05 info: =================================
2025-04-21 22:18:05 info: ======= ENV: development =======
2025-04-21 22:18:05 info: 🚀 Identity Service listening on port 5000
2025-04-21 22:18:05 info: =================================
2025-04-21 22:18:10 info: =================================
2025-04-21 22:18:10 info: ======= ENV: development =======
2025-04-21 22:18:10 info: 🚀 Identity Service listening on port 5000
2025-04-21 22:18:10 info: =================================
2025-04-21 22:18:13 info: Database connection established successfully.
2025-04-21 22:18:16 info: =================================
2025-04-21 22:18:16 info: ======= ENV: development =======
2025-04-21 22:18:16 info: 🚀 Identity Service listening on port 5000
2025-04-21 22:18:16 info: =================================
2025-04-21 22:18:18 info: Database connection established successfully.
2025-04-21 22:18:21 info: Database tables synced successfully.
2025-04-21 22:19:22 info: =================================
2025-04-21 22:19:22 info: ======= ENV: development =======
2025-04-21 22:19:22 info: 🚀 Identity Service listening on port 5000
2025-04-21 22:19:22 info: =================================
2025-04-21 22:19:27 info: =================================
2025-04-21 22:19:27 info: ======= ENV: development =======
2025-04-21 22:19:27 info: 🚀 Identity Service listening on port 5000
2025-04-21 22:19:27 info: =================================
2025-04-21 22:19:30 info: Database connection established successfully.
2025-04-21 22:19:35 info: =================================
2025-04-21 22:19:35 info: ======= ENV: development =======
2025-04-21 22:19:35 info: 🚀 Identity Service listening on port 5000
2025-04-21 22:19:35 info: =================================
2025-04-21 22:19:40 info: =================================
2025-04-21 22:19:40 info: ======= ENV: development =======
2025-04-21 22:19:40 info: 🚀 Identity Service listening on port 5000
2025-04-21 22:19:40 info: =================================
2025-04-21 22:19:46 info: =================================
2025-04-21 22:19:46 info: ======= ENV: development =======
2025-04-21 22:19:46 info: 🚀 Identity Service listening on port 5000
2025-04-21 22:19:46 info: =================================
2025-04-21 22:19:48 info: Database connection established successfully.
2025-04-21 22:19:51 info: Database tables synced successfully.
2025-04-21 22:20:37 info: =================================
2025-04-21 22:20:37 info: ======= ENV: development =======
2025-04-21 22:20:37 info: 🚀 Identity Service listening on port 5000
2025-04-21 22:20:37 info: =================================
2025-04-21 22:20:39 info: Database connection established successfully.
2025-04-21 22:20:42 info: Database tables synced successfully.
2025-04-21 22:21:23 info: =================================
2025-04-21 22:21:23 info: ======= ENV: development =======
2025-04-21 22:21:23 info: 🚀 Identity Service listening on port 5000
2025-04-21 22:21:23 info: =================================
2025-04-21 22:21:26 info: Database connection established successfully.
2025-04-21 22:21:29 info: =================================
2025-04-21 22:21:29 info: ======= ENV: development =======
2025-04-21 22:21:29 info: 🚀 Identity Service listening on port 5000
2025-04-21 22:21:29 info: =================================
2025-04-21 22:21:31 info: Database connection established successfully.
2025-04-21 22:21:34 info: Database tables synced successfully.
2025-04-21 22:24:06 info: =================================
2025-04-21 22:24:06 info: ======= ENV: development =======
2025-04-21 22:24:06 info: 🚀 Identity Service listening on port 5000
2025-04-21 22:24:06 info: =================================
2025-04-21 22:24:08 info: Database connection established successfully.
2025-04-21 22:24:16 info: =================================
2025-04-21 22:24:16 info: ======= ENV: development =======
2025-04-21 22:24:16 info: 🚀 Identity Service listening on port 5000
2025-04-21 22:24:16 info: =================================
2025-04-21 22:24:18 info: Database connection established successfully.
2025-04-21 22:24:21 info: Database tables synced successfully.
2025-04-21 22:24:36 info: =================================
2025-04-21 22:24:36 info: ======= ENV: development =======
2025-04-21 22:24:36 info: 🚀 Identity Service listening on port 5000
2025-04-21 22:24:36 info: =================================
2025-04-21 22:24:39 info: =================================
2025-04-21 22:24:39 info: ======= ENV: development =======
2025-04-21 22:24:39 info: 🚀 Identity Service listening on port 5000
2025-04-21 22:24:39 info: =================================
2025-04-21 22:24:42 info: Database connection established successfully.
2025-04-21 22:24:45 info: Database tables synced successfully.
2025-04-21 22:24:52 info: =================================
2025-04-21 22:24:52 info: ======= ENV: development =======
2025-04-21 22:24:52 info: 🚀 Identity Service listening on port 5000
2025-04-21 22:24:52 info: =================================
2025-04-21 22:24:56 info: Database connection established successfully.
2025-04-21 22:24:59 info: Database tables synced successfully.
2025-04-21 22:26:07 info: =================================
2025-04-21 22:26:07 info: ======= ENV: development =======
2025-04-21 22:26:07 info: 🚀 Identity Service listening on port 5000
2025-04-21 22:26:07 info: =================================
2025-04-21 22:26:09 info: Database connection established successfully.
2025-04-21 22:26:13 info: =================================
2025-04-21 22:26:13 info: ======= ENV: development =======
2025-04-21 22:26:13 info: 🚀 Identity Service listening on port 5000
2025-04-21 22:26:13 info: =================================
2025-04-21 22:26:16 info: =================================
2025-04-21 22:26:16 info: ======= ENV: development =======
2025-04-21 22:26:16 info: 🚀 Identity Service listening on port 5000
2025-04-21 22:26:16 info: =================================
2025-04-21 22:26:18 info: Database connection established successfully.
2025-04-21 22:26:21 info: Database tables synced successfully.
2025-04-21 22:26:47 info: =================================
2025-04-21 22:26:47 info: ======= ENV: development =======
2025-04-21 22:26:47 info: 🚀 Identity Service listening on port 5000
2025-04-21 22:26:47 info: =================================
2025-04-21 22:26:50 info: Database connection established successfully.
2025-04-21 22:26:53 info: Database tables synced successfully.
2025-04-21 22:27:39 info: =================================
2025-04-21 22:27:39 info: ======= ENV: development =======
2025-04-21 22:27:39 info: 🚀 Identity Service listening on port 5000
2025-04-21 22:27:39 info: =================================
2025-04-21 22:27:44 info: =================================
2025-04-21 22:27:44 info: ======= ENV: development =======
2025-04-21 22:27:44 info: 🚀 Identity Service listening on port 5000
2025-04-21 22:27:44 info: =================================
2025-04-21 22:27:46 info: Database connection established successfully.
2025-04-21 22:27:52 info: =================================
2025-04-21 22:27:52 info: ======= ENV: development =======
2025-04-21 22:27:52 info: 🚀 Identity Service listening on port 5000
2025-04-21 22:27:52 info: =================================
2025-04-21 22:27:55 info: Database connection established successfully.
2025-04-21 22:28:05 info: =================================
2025-04-21 22:28:05 info: ======= ENV: development =======
2025-04-21 22:28:05 info: 🚀 Identity Service listening on port 5000
2025-04-21 22:28:05 info: =================================
2025-04-21 22:28:11 info: =================================
2025-04-21 22:28:11 info: ======= ENV: development =======
2025-04-21 22:28:11 info: 🚀 Identity Service listening on port 5000
2025-04-21 22:28:11 info: =================================
2025-04-21 22:28:20 info: =================================
2025-04-21 22:28:20 info: ======= ENV: development =======
2025-04-21 22:28:20 info: 🚀 Identity Service listening on port 5000
2025-04-21 22:28:20 info: =================================
2025-04-21 22:28:29 info: =================================
2025-04-21 22:28:29 info: ======= ENV: development =======
2025-04-21 22:28:29 info: 🚀 Identity Service listening on port 5000
2025-04-21 22:28:29 info: =================================
2025-04-21 22:28:32 info: Database connection established successfully.
2025-04-21 22:28:38 info: =================================
2025-04-21 22:28:38 info: ======= ENV: development =======
2025-04-21 22:28:38 info: 🚀 Identity Service listening on port 5000
2025-04-21 22:28:38 info: =================================
2025-04-21 22:28:41 info: Database connection established successfully.
2025-04-21 22:28:45 info: =================================
2025-04-21 22:28:45 info: ======= ENV: development =======
2025-04-21 22:28:45 info: 🚀 Identity Service listening on port 5000
2025-04-21 22:28:45 info: =================================
2025-04-21 22:28:47 info: Database connection established successfully.
2025-04-21 22:28:51 info: =================================
2025-04-21 22:28:51 info: ======= ENV: development =======
2025-04-21 22:28:51 info: 🚀 Identity Service listening on port 5000
2025-04-21 22:28:51 info: =================================
2025-04-21 22:28:54 info: Database connection established successfully.
2025-04-21 22:28:57 info: Database tables synced successfully.
2025-04-21 22:29:01 info: =================================
2025-04-21 22:29:01 info: ======= ENV: development =======
2025-04-21 22:29:01 info: 🚀 Identity Service listening on port 5000
2025-04-21 22:29:01 info: =================================
2025-04-21 22:29:04 info: Database connection established successfully.
2025-04-21 22:29:07 info: Database tables synced successfully.
2025-04-21 22:29:46 info: =================================
2025-04-21 22:29:46 info: ======= ENV: development =======
2025-04-21 22:29:46 info: 🚀 Identity Service listening on port 5000
2025-04-21 22:29:46 info: =================================
2025-04-21 22:29:49 info: Database connection established successfully.
2025-04-21 22:29:52 info: Database tables synced successfully.
2025-04-21 22:30:10 info: =================================
2025-04-21 22:30:10 info: ======= ENV: development =======
2025-04-21 22:30:10 info: 🚀 Identity Service listening on port 5000
2025-04-21 22:30:10 info: =================================
2025-04-21 22:30:13 info: Database connection established successfully.
2025-04-21 22:30:17 info: =================================
2025-04-21 22:30:17 info: ======= ENV: development =======
2025-04-21 22:30:17 info: 🚀 Identity Service listening on port 5000
2025-04-21 22:30:17 info: =================================
2025-04-21 22:30:22 info: =================================
2025-04-21 22:30:22 info: ======= ENV: development =======
2025-04-21 22:30:22 info: 🚀 Identity Service listening on port 5000
2025-04-21 22:30:22 info: =================================
2025-04-21 22:30:24 info: Database connection established successfully.
2025-04-21 22:30:27 info: Database tables synced successfully.
2025-04-21 22:30:56 info: [0mGET /api/employees/getAllEmployees [36m304[0m 1436.779 ms - -[0m
2025-04-21 22:30:56 info: [0mGET /api/employees/getAllEmployees [36m304[0m 204.393 ms - -[0m
2025-04-21 22:31:56 info: [0mOPTIONS /api/employees/createEmployee [32m200[0m 0.542 ms - 0[0m
2025-04-21 22:32:00 info: [0mPOST /api/employees/createEmployee [32m201[0m 3560.054 ms - 504[0m
2025-04-21 22:32:00 info: [0mOPTIONS /api/auth/signup [32m200[0m 0.312 ms - 0[0m
2025-04-21 22:32:00 error: [POST] /api/auth/signup >> StatusCode:: 400, Message:: password must be shorter than or equal to 32 characters
2025-04-21 22:32:00 info: [0mPOST /api/auth/signup [33m400[0m 4.129 ms - 69[0m
2025-04-21 22:32:04 info: [0mGET /api/employees/getAllEmployees [32m200[0m 405.209 ms - 1810[0m
2025-04-21 22:32:04 info: [0mGET /api/notifications/getAllNotifications [36m304[0m 627.901 ms - -[0m
2025-04-21 22:35:21 info: =================================
2025-04-21 22:35:21 info: ======= ENV: development =======
2025-04-21 22:35:21 info: 🚀 Identity Service listening on port 5000
2025-04-21 22:35:21 info: =================================
2025-04-21 22:35:23 info: Database connection established successfully.
2025-04-21 22:35:26 info: Database tables synced successfully.
2025-04-21 22:37:55 info: =================================
2025-04-21 22:37:55 info: ======= ENV: development =======
2025-04-21 22:37:55 info: 🚀 Identity Service listening on port 5000
2025-04-21 22:37:55 info: =================================
2025-04-21 22:37:58 info: Database connection established successfully.
2025-04-21 22:38:01 info: Database tables synced successfully.
2025-04-21 22:38:06 info: =================================
2025-04-21 22:38:06 info: ======= ENV: development =======
2025-04-21 22:38:06 info: 🚀 Identity Service listening on port 5000
2025-04-21 22:38:06 info: =================================
2025-04-21 22:38:08 info: Database connection established successfully.
2025-04-21 22:38:12 info: =================================
2025-04-21 22:38:12 info: ======= ENV: development =======
2025-04-21 22:38:12 info: 🚀 Identity Service listening on port 5000
2025-04-21 22:38:12 info: =================================
2025-04-21 22:38:16 info: =================================
2025-04-21 22:38:16 info: ======= ENV: development =======
2025-04-21 22:38:16 info: 🚀 Identity Service listening on port 5000
2025-04-21 22:38:16 info: =================================
2025-04-21 22:38:19 info: Database connection established successfully.
2025-04-21 22:38:22 info: Database tables synced successfully.
2025-04-21 22:38:45 info: =================================
2025-04-21 22:38:45 info: ======= ENV: development =======
2025-04-21 22:38:45 info: 🚀 Identity Service listening on port 5000
2025-04-21 22:38:45 info: =================================
2025-04-21 22:38:48 info: Database connection established successfully.
2025-04-21 22:38:51 info: Database tables synced successfully.
2025-04-21 22:39:19 info: [0mOPTIONS /api/employees/createEmployee [32m200[0m 2.018 ms - 0[0m
2025-04-21 22:39:22 info: [0mPOST /api/employees/createEmployee [32m201[0m 3226.620 ms - 503[0m
2025-04-21 22:39:22 info: [0mOPTIONS /api/auth/signup [32m200[0m 0.403 ms - 0[0m
2025-04-21 22:39:22 error: [POST] /api/auth/signup >> StatusCode:: 400, Message:: password must be shorter than or equal to 32 characters
2025-04-21 22:39:22 info: [0mPOST /api/auth/signup [33m400[0m 7.494 ms - 69[0m
2025-04-21 22:39:26 info: [0mGET /api/notifications/getAllNotifications [36m304[0m 194.055 ms - -[0m
2025-04-21 22:39:26 info: [0mGET /api/employees/getAllEmployees [32m200[0m 378.940 ms - 2285[0m
2025-04-21 22:40:43 info: =================================
2025-04-21 22:40:43 info: ======= ENV: development =======
2025-04-21 22:40:43 info: 🚀 Identity Service listening on port 5000
2025-04-21 22:40:43 info: =================================
2025-04-21 22:40:46 info: Database connection established successfully.
2025-04-21 22:40:49 info: Database tables synced successfully.
2025-04-21 22:42:08 info: =================================
2025-04-21 22:42:08 info: ======= ENV: development =======
2025-04-21 22:42:08 info: 🚀 Identity Service listening on port 5000
2025-04-21 22:42:08 info: =================================
2025-04-21 22:42:11 info: Database connection established successfully.
2025-04-21 22:42:16 info: =================================
2025-04-21 22:42:16 info: ======= ENV: development =======
2025-04-21 22:42:16 info: 🚀 Identity Service listening on port 5000
2025-04-21 22:42:16 info: =================================
2025-04-21 22:42:22 info: =================================
2025-04-21 22:42:22 info: ======= ENV: development =======
2025-04-21 22:42:22 info: 🚀 Identity Service listening on port 5000
2025-04-21 22:42:22 info: =================================
2025-04-21 22:42:26 info: =================================
2025-04-21 22:42:26 info: ======= ENV: development =======
2025-04-21 22:42:26 info: 🚀 Identity Service listening on port 5000
2025-04-21 22:42:26 info: =================================
2025-04-21 22:42:29 info: Database connection established successfully.
2025-04-21 22:42:32 info: =================================
2025-04-21 22:42:32 info: ======= ENV: development =======
2025-04-21 22:42:32 info: 🚀 Identity Service listening on port 5000
2025-04-21 22:42:32 info: =================================
2025-04-21 22:42:35 info: Database connection established successfully.
2025-04-21 22:42:38 info: Database tables synced successfully.
2025-04-21 22:46:28 info: =================================
2025-04-21 22:46:28 info: ======= ENV: development =======
2025-04-21 22:46:28 info: 🚀 Identity Service listening on port 5000
2025-04-21 22:46:28 info: =================================
2025-04-21 22:46:31 info: Database connection established successfully.
2025-04-21 22:46:34 info: Database tables synced successfully.
2025-04-21 22:46:55 info: =================================
2025-04-21 22:46:55 info: ======= ENV: development =======
2025-04-21 22:46:55 info: 🚀 Identity Service listening on port 5000
2025-04-21 22:46:55 info: =================================
2025-04-21 22:47:00 info: =================================
2025-04-21 22:47:00 info: ======= ENV: development =======
2025-04-21 22:47:00 info: 🚀 Identity Service listening on port 5000
2025-04-21 22:47:00 info: =================================
2025-04-21 22:47:03 info: Database connection established successfully.
2025-04-21 22:47:14 info: =================================
2025-04-21 22:47:14 info: ======= ENV: development =======
2025-04-21 22:47:14 info: 🚀 Identity Service listening on port 5000
2025-04-21 22:47:14 info: =================================
2025-04-21 22:47:20 info: =================================
2025-04-21 22:47:20 info: ======= ENV: development =======
2025-04-21 22:47:20 info: 🚀 Identity Service listening on port 5000
2025-04-21 22:47:20 info: =================================
2025-04-21 22:47:23 info: Database connection established successfully.
2025-04-21 22:47:26 info: Database tables synced successfully.
2025-04-21 22:47:32 info: =================================
2025-04-21 22:47:32 info: ======= ENV: development =======
2025-04-21 22:47:32 info: 🚀 Identity Service listening on port 5000
2025-04-21 22:47:32 info: =================================
2025-04-21 22:47:35 info: Database connection established successfully.
2025-04-21 22:47:38 info: Database tables synced successfully.
2025-04-21 22:47:51 info: =================================
2025-04-21 22:47:51 info: ======= ENV: development =======
2025-04-21 22:47:51 info: 🚀 Identity Service listening on port 5000
2025-04-21 22:47:51 info: =================================
2025-04-21 22:47:54 info: Database connection established successfully.
2025-04-21 22:47:57 info: Database tables synced successfully.
2025-04-21 22:48:01 info: =================================
2025-04-21 22:48:01 info: ======= ENV: development =======
2025-04-21 22:48:01 info: 🚀 Identity Service listening on port 5000
2025-04-21 22:48:01 info: =================================
2025-04-21 22:48:06 info: =================================
2025-04-21 22:48:06 info: ======= ENV: development =======
2025-04-21 22:48:06 info: 🚀 Identity Service listening on port 5000
2025-04-21 22:48:06 info: =================================
2025-04-21 22:48:09 info: Database connection established successfully.
2025-04-21 22:48:14 info: =================================
2025-04-21 22:48:14 info: ======= ENV: development =======
2025-04-21 22:48:14 info: 🚀 Identity Service listening on port 5000
2025-04-21 22:48:14 info: =================================
2025-04-21 22:48:18 info: =================================
2025-04-21 22:48:18 info: ======= ENV: development =======
2025-04-21 22:48:18 info: 🚀 Identity Service listening on port 5000
2025-04-21 22:48:18 info: =================================
2025-04-21 22:48:21 info: Database connection established successfully.
2025-04-21 22:48:24 info: Database tables synced successfully.
2025-04-21 22:48:55 info: =================================
2025-04-21 22:48:55 info: ======= ENV: development =======
2025-04-21 22:48:55 info: 🚀 Identity Service listening on port 5000
2025-04-21 22:48:55 info: =================================
2025-04-21 22:48:57 info: Database connection established successfully.
2025-04-21 22:49:00 info: =================================
2025-04-21 22:49:00 info: ======= ENV: development =======
2025-04-21 22:49:00 info: 🚀 Identity Service listening on port 5000
2025-04-21 22:49:00 info: =================================
2025-04-21 22:49:03 info: Database connection established successfully.
2025-04-21 22:49:06 info: Database tables synced successfully.
2025-04-21 22:49:17 info: =================================
2025-04-21 22:49:17 info: ======= ENV: development =======
2025-04-21 22:49:17 info: 🚀 Identity Service listening on port 5000
2025-04-21 22:49:17 info: =================================
2025-04-21 22:49:20 info: Database connection established successfully.
2025-04-21 22:49:24 info: =================================
2025-04-21 22:49:24 info: ======= ENV: development =======
2025-04-21 22:49:24 info: 🚀 Identity Service listening on port 5000
2025-04-21 22:49:24 info: =================================
2025-04-21 22:49:27 info: Database connection established successfully.
2025-04-21 22:49:30 info: Database tables synced successfully.
2025-04-21 22:49:33 info: =================================
2025-04-21 22:49:33 info: ======= ENV: development =======
2025-04-21 22:49:33 info: 🚀 Identity Service listening on port 5000
2025-04-21 22:49:33 info: =================================
2025-04-21 22:49:38 info: =================================
2025-04-21 22:49:38 info: ======= ENV: development =======
2025-04-21 22:49:38 info: 🚀 Identity Service listening on port 5000
2025-04-21 22:49:38 info: =================================
2025-04-21 22:49:41 info: Database connection established successfully.
2025-04-21 22:49:45 info: Database tables synced successfully.
2025-04-21 23:04:23 info: =================================
2025-04-21 23:04:23 info: ======= ENV: development =======
2025-04-21 23:04:23 info: 🚀 Identity Service listening on port 5000
2025-04-21 23:04:23 info: =================================
2025-04-21 23:04:25 info: Database connection established successfully.
2025-04-21 23:04:28 info: Database tables synced successfully.
2025-04-21 23:04:39 info: =================================
2025-04-21 23:04:39 info: ======= ENV: development =======
2025-04-21 23:04:39 info: 🚀 Identity Service listening on port 5000
2025-04-21 23:04:39 info: =================================
2025-04-21 23:04:41 info: Database connection established successfully.
2025-04-21 23:04:44 info: Database tables synced successfully.
2025-04-21 23:05:02 info: =================================
2025-04-21 23:05:02 info: ======= ENV: development =======
2025-04-21 23:05:02 info: 🚀 Identity Service listening on port 5000
2025-04-21 23:05:02 info: =================================
2025-04-21 23:05:04 info: Database connection established successfully.
2025-04-21 23:05:08 info: =================================
2025-04-21 23:05:08 info: ======= ENV: development =======
2025-04-21 23:05:08 info: 🚀 Identity Service listening on port 5000
2025-04-21 23:05:08 info: =================================
2025-04-21 23:05:11 info: Database connection established successfully.
2025-04-21 23:05:13 info: Database tables synced successfully.
2025-04-21 23:08:08 info: [0mOPTIONS /api/auth/send-otp [32m200[0m 8.577 ms - 0[0m
2025-04-21 23:08:11 error: [POST] /api/auth/send-otp >> StatusCode:: 404, Message:: User Not Found
2025-04-21 23:08:11 info: [0mPOST /api/auth/send-otp [33m404[0m 2131.829 ms - 28[0m
2025-04-21 23:09:49 info: =================================
2025-04-21 23:09:49 info: ======= ENV: development =======
2025-04-21 23:09:49 info: 🚀 Identity Service listening on port 5000
2025-04-21 23:09:49 info: =================================
2025-04-21 23:09:52 info: Database connection established successfully.
2025-04-21 23:09:55 info: Database tables synced successfully.
2025-04-21 23:09:59 info: [0mOPTIONS /api/auth/send-otp [32m200[0m 2.501 ms - 0[0m
2025-04-21 23:09:59 error: [POST] /api/auth/send-otp >> StatusCode:: 404, Message:: User Not Found
2025-04-21 23:09:59 info: [0mPOST /api/auth/send-otp [33m404[0m 226.425 ms - 28[0m
2025-04-21 23:10:45 info: =================================
2025-04-21 23:10:45 info: ======= ENV: development =======
2025-04-21 23:10:45 info: 🚀 Identity Service listening on port 5000
2025-04-21 23:10:45 info: =================================
2025-04-21 23:10:48 info: Database connection established successfully.
2025-04-21 23:10:51 info: =================================
2025-04-21 23:10:51 info: ======= ENV: development =======
2025-04-21 23:10:51 info: 🚀 Identity Service listening on port 5000
2025-04-21 23:10:51 info: =================================
2025-04-21 23:10:54 info: Database connection established successfully.
2025-04-21 23:10:57 info: Database tables synced successfully.
2025-04-21 23:11:14 info: =================================
2025-04-21 23:11:14 info: ======= ENV: development =======
2025-04-21 23:11:14 info: 🚀 Identity Service listening on port 5000
2025-04-21 23:11:14 info: =================================
2025-04-21 23:11:18 info: =================================
2025-04-21 23:11:19 info: ======= ENV: development =======
2025-04-21 23:11:19 info: 🚀 Identity Service listening on port 5000
2025-04-21 23:11:19 info: =================================
2025-04-21 23:11:22 info: Database connection established successfully.
2025-04-21 23:11:25 info: Database tables synced successfully.
2025-04-21 23:11:29 info: [0mOPTIONS /api/auth/send-otp [32m200[0m 2.176 ms - 0[0m
2025-04-21 23:11:29 error: [POST] /api/auth/send-otp >> StatusCode:: 404, Message:: User Not Found
2025-04-21 23:11:29 info: [0mPOST /api/auth/send-otp [33m404[0m 271.829 ms - 28[0m
2025-04-21 23:20:36 info: [0mOPTIONS /api/auth/login [32m200[0m 12.397 ms - 0[0m
2025-04-21 23:20:38 info: [0mPOST /api/auth/login [32m200[0m 1609.250 ms - 541[0m
2025-04-21 23:20:39 error: [GET] /api/employees/getEmployee/0 >> StatusCode:: 404, Message:: Employee not found
2025-04-21 23:20:39 info: [0mGET /api/employees/getEmployee/0 [33m404[0m 230.631 ms - 32[0m
2025-04-21 23:20:39 info: [0mGET /api/notifications/getAllNotifications [36m304[0m 377.449 ms - -[0m
2025-04-21 23:20:39 error: [GET] /api/employees/getNumberOfAssignedEmployees >> StatusCode:: 500, Message:: this.employeeService.getNumberOfAssignedEmployees is not a function
2025-04-21 23:20:39 info: [0mGET /api/employees/getNumberOfAssignedEmployees [31m500[0m 2.252 ms - 81[0m
2025-04-21 23:20:40 info: [0mGET /api/projects/getAllProjects [36m304[0m 1086.905 ms - -[0m
2025-04-21 23:20:40 error: [GET] /api/tasks/getProjectHoursSummary >> StatusCode:: 400, Message:: Error getting all projects hours
2025-04-21 23:20:40 info: [0mGET /api/tasks/getProjectHoursSummary [33m400[0m 1155.921 ms - 46[0m
2025-04-21 23:20:40 error: [GET] /api/employees/getEmployee/0 >> StatusCode:: 404, Message:: Employee not found
2025-04-21 23:20:40 info: [0mGET /api/employees/getEmployee/0 [33m404[0m 971.094 ms - 32[0m
2025-04-21 23:20:40 info: [0mGET /api/tasks/getChartYearlyTaskTimeStatistics [36m304[0m 1343.935 ms - -[0m
2025-04-21 23:20:40 info: [0mGET /api/tasks/getChartWeeklyTaskTimeStatistics [36m304[0m 1336.549 ms - -[0m
2025-04-21 23:20:40 error: [GET] /api/employees/getNumberOfAssignedEmployees >> StatusCode:: 500, Message:: this.employeeService.getNumberOfAssignedEmployees is not a function
2025-04-21 23:20:40 info: [0mGET /api/employees/getNumberOfAssignedEmployees [31m500[0m 10.826 ms - 81[0m
2025-04-21 23:20:40 info: [0mGET /api/tasks/getChartTaskTimeStatistics [36m304[0m 1365.061 ms - -[0m
2025-04-21 23:20:40 info: [0mGET /api/notifications/getAllNotifications [36m304[0m 412.823 ms - -[0m
2025-04-21 23:20:40 error: [GET] /api/tasks/getProjectHoursSummary >> StatusCode:: 400, Message:: Error getting all projects hours
2025-04-21 23:20:40 info: [0mGET /api/tasks/getProjectHoursSummary [33m400[0m 182.121 ms - 46[0m
2025-04-21 23:20:40 info: [0mGET /api/projects/getAllProjects [36m304[0m 190.275 ms - -[0m
2025-04-21 23:20:40 info: [0mGET /api/tasks/getChartYearlyTaskTimeStatistics [36m304[0m 371.173 ms - -[0m
2025-04-21 23:20:40 info: [0mGET /api/tasks/getChartWeeklyTaskTimeStatistics [36m304[0m 390.862 ms - -[0m
2025-04-21 23:20:40 info: [0mGET /api/tasks/getChartTaskTimeStatistics [36m304[0m 503.644 ms - -[0m
2025-04-21 23:20:43 info: [0mGET /api/employees/getAllEmployees [32m200[0m 202.788 ms - 2292[0m
2025-04-21 23:20:43 info: [0mGET /api/employees/getAllEmployees [36m304[0m 184.937 ms - -[0m
2025-04-21 23:20:52 info: [0mOPTIONS /api/employees/deleteEmployee/19 [32m200[0m 0.284 ms - 0[0m
2025-04-21 23:20:53 info: [0mDELETE /api/employees/deleteEmployee/19 [32m201[0m 1121.575 ms - 69[0m
2025-04-21 23:20:53 info: [0mGET /api/notifications/getAllNotifications [36m304[0m 190.353 ms - -[0m
2025-04-21 23:20:54 info: [0mGET /api/employees/getAllEmployees [32m200[0m 342.066 ms - 2294[0m
2025-04-21 23:21:01 info: [0mOPTIONS /api/employees/updateEmployee [32m200[0m 0.372 ms - 0[0m
2025-04-21 23:21:02 info: [0mPUT /api/employees/updateEmployee [32m201[0m 649.982 ms - 532[0m
2025-04-21 23:21:02 info: [0mOPTIONS /api/auth/signup [32m200[0m 0.338 ms - 0[0m
2025-04-21 23:21:02 error: [POST] /api/auth/signup >> StatusCode:: 400, Message:: password must be shorter than or equal to 32 characters
2025-04-21 23:21:02 info: [0mPOST /api/auth/signup [33m400[0m 12.798 ms - 69[0m
2025-04-21 23:21:05 info: [0mGET /api/employees/getAllEmployees [32m200[0m 194.927 ms - 2297[0m
2025-04-21 23:26:38 info: =================================
2025-04-21 23:26:38 info: ======= ENV: development =======
2025-04-21 23:26:38 info: 🚀 Identity Service listening on port 5000
2025-04-21 23:26:38 info: =================================
2025-04-21 23:26:41 info: Database connection established successfully.
2025-04-21 23:26:45 info: Database tables synced successfully.
2025-04-21 23:26:53 info: =================================
2025-04-21 23:26:53 info: ======= ENV: development =======
2025-04-21 23:26:53 info: 🚀 Identity Service listening on port 5000
2025-04-21 23:26:53 info: =================================
2025-04-21 23:26:56 info: Database connection established successfully.
2025-04-21 23:26:59 info: Database tables synced successfully.
2025-04-21 23:28:41 info: [0mGET /api/notifications/getAllNotifications [36m304[0m 1313.160 ms - -[0m
2025-04-21 23:28:41 error: [GET] /api/employees/getEmployee/0 >> StatusCode:: 404, Message:: Employee not found
2025-04-21 23:28:41 info: [0mGET /api/employees/getEmployee/0 [33m404[0m 1342.231 ms - 32[0m
2025-04-21 23:28:41 info: [0mGET /api/notifications/getAllNotifications [36m304[0m 180.191 ms - -[0m
2025-04-21 23:28:41 error: [GET] /api/employees/getEmployee/0 >> StatusCode:: 404, Message:: Employee not found
2025-04-21 23:28:41 info: [0mGET /api/employees/getEmployee/0 [33m404[0m 182.282 ms - 32[0m
2025-04-21 23:28:51 info: [0mOPTIONS /api/employees/deleteEmployee/19 [32m200[0m 0.612 ms - 0[0m
2025-04-21 23:28:52 info: [0mDELETE /api/employees/deleteEmployee/19 [32m201[0m 750.161 ms - 69[0m
2025-04-21 23:28:53 info: [0mGET /api/notifications/getAllNotifications [36m304[0m 200.516 ms - -[0m
2025-04-21 23:28:53 info: [0mGET /api/employees/getAllEmployees [32m200[0m 384.305 ms - 2294[0m
2025-04-21 23:29:01 info: [0mOPTIONS /api/employees/updateEmployee [32m200[0m 0.414 ms - 0[0m
2025-04-21 23:29:02 info: [0mPUT /api/employees/updateEmployee [32m201[0m 610.451 ms - 532[0m
2025-04-21 23:29:02 info: [0mOPTIONS /api/auth/signup [32m200[0m 0.176 ms - 0[0m
2025-04-21 23:29:03 info: [0mPOST /api/auth/signup [32m201[0m 703.875 ms - 572[0m
2025-04-21 23:29:05 info: [0mGET /api/employees/getAllEmployees [32m200[0m 207.822 ms - 2297[0m
2025-04-21 23:29:07 info: [0mGET /api/notifications/getAllNotifications [36m304[0m 211.026 ms - -[0m
2025-04-21 23:29:07 error: [GET] /api/employees/getEmployee/0 >> StatusCode:: 404, Message:: Employee not found
2025-04-21 23:29:07 info: [0mGET /api/employees/getEmployee/0 [33m404[0m 385.112 ms - 32[0m
2025-04-21 23:29:07 info: [0mGET /api/notifications/getAllNotifications [36m304[0m 349.906 ms - -[0m
2025-04-21 23:29:07 error: [GET] /api/employees/getEmployee/0 >> StatusCode:: 404, Message:: Employee not found
2025-04-21 23:29:07 info: [0mGET /api/employees/getEmployee/0 [33m404[0m 352.685 ms - 32[0m
2025-04-21 23:29:38 info: [0mOPTIONS /api/auth/send-otp [32m200[0m 0.247 ms - 0[0m
2025-04-21 23:29:41 info: [0mPOST /api/auth/send-otp [32m200[0m 2963.229 ms - 81[0m
2025-04-21 23:29:51 info: [0mOPTIONS /api/auth/send-otp [32m200[0m 0.322 ms - 0[0m
2025-04-21 23:29:54 info: [0mPOST /api/auth/send-otp [32m200[0m 2712.473 ms - 81[0m
2025-04-21 23:31:05 info: =================================
2025-04-21 23:31:05 info: ======= ENV: development =======
2025-04-21 23:31:05 info: 🚀 Identity Service listening on port 5000
2025-04-21 23:31:05 info: =================================
2025-04-21 23:31:08 info: Database connection established successfully.
2025-04-21 23:31:12 info: =================================
2025-04-21 23:31:12 info: ======= ENV: development =======
2025-04-21 23:31:12 info: 🚀 Identity Service listening on port 5000
2025-04-21 23:31:12 info: =================================
2025-04-21 23:31:14 info: Database connection established successfully.
2025-04-21 23:31:17 info: Database tables synced successfully.
2025-04-21 23:31:25 info: =================================
2025-04-21 23:31:25 info: ======= ENV: development =======
2025-04-21 23:31:25 info: 🚀 Identity Service listening on port 5000
2025-04-21 23:31:25 info: =================================
2025-04-21 23:31:27 info: Database connection established successfully.
2025-04-21 23:31:30 info: Database tables synced successfully.
2025-04-21 23:32:24 info: [0mOPTIONS /api/auth/send-otp [32m200[0m 4.692 ms - 0[0m
2025-04-21 23:32:27 info: [0mPOST /api/auth/send-otp [32m200[0m 2952.188 ms - 61[0m
2025-04-21 23:32:32 info: [0mOPTIONS /api/auth/send-otp [32m200[0m 0.599 ms - 0[0m
2025-04-21 23:32:33 info: [0mPOST /api/auth/send-otp [32m200[0m 1357.950 ms - 61[0m
2025-04-21 23:33:56 info: [0mOPTIONS /api/auth/send-otp [32m200[0m 19.288 ms - 0[0m
2025-04-21 23:34:00 info: [0mPOST /api/auth/send-otp [32m200[0m 3808.263 ms - 61[0m
2025-04-21 23:35:04 info: [0mOPTIONS /api/auth/send-otp [32m200[0m 2.204 ms - 0[0m
2025-04-21 23:35:07 info: [0mPOST /api/auth/send-otp [32m200[0m 3065.775 ms - 61[0m
2025-04-21 23:35:41 info: =================================
2025-04-21 23:35:41 info: ======= ENV: development =======
2025-04-21 23:35:41 info: 🚀 Identity Service listening on port 5000
2025-04-21 23:35:41 info: =================================
2025-04-21 23:35:44 info: Database connection established successfully.
2025-04-21 23:35:47 info: Database tables synced successfully.
2025-04-21 23:36:31 info: [0mOPTIONS /api/auth/send-otp [32m200[0m 2.017 ms - 0[0m
2025-04-21 23:36:34 info: [0mPOST /api/auth/send-otp [32m200[0m 2922.760 ms - 61[0m
2025-04-21 23:38:42 info: =================================
2025-04-21 23:38:42 info: ======= ENV: development =======
2025-04-21 23:38:42 info: 🚀 Identity Service listening on port 5000
2025-04-21 23:38:42 info: =================================
2025-04-21 23:38:45 info: Database connection established successfully.
2025-04-21 23:38:48 info: Database tables synced successfully.
2025-04-21 23:40:03 info: =================================
2025-04-21 23:40:03 info: ======= ENV: development =======
2025-04-21 23:40:03 info: 🚀 Identity Service listening on port 5000
2025-04-21 23:40:03 info: =================================
2025-04-21 23:40:06 info: Database connection established successfully.
2025-04-21 23:40:11 info: =================================
2025-04-21 23:40:11 info: ======= ENV: development =======
2025-04-21 23:40:11 info: 🚀 Identity Service listening on port 5000
2025-04-21 23:40:11 info: =================================
2025-04-21 23:40:14 info: Database connection established successfully.
2025-04-21 23:40:17 info: Database tables synced successfully.
2025-04-21 23:40:27 info: =================================
2025-04-21 23:40:27 info: ======= ENV: development =======
2025-04-21 23:40:27 info: 🚀 Identity Service listening on port 5000
2025-04-21 23:40:27 info: =================================
2025-04-21 23:40:30 info: Database connection established successfully.
2025-04-21 23:40:33 info: Database tables synced successfully.
2025-04-21 23:43:26 info: =================================
2025-04-21 23:43:26 info: ======= ENV: development =======
2025-04-21 23:43:26 info: 🚀 Identity Service listening on port 5000
2025-04-21 23:43:26 info: =================================
2025-04-21 23:43:29 info: Database connection established successfully.
2025-04-21 23:43:33 info: =================================
2025-04-21 23:43:33 info: ======= ENV: development =======
2025-04-21 23:43:33 info: 🚀 Identity Service listening on port 5000
2025-04-21 23:43:33 info: =================================
2025-04-21 23:43:35 info: Database connection established successfully.
2025-04-21 23:43:38 info: Database tables synced successfully.
2025-04-21 23:43:58 info: =================================
2025-04-21 23:43:58 info: ======= ENV: development =======
2025-04-21 23:43:58 info: 🚀 Identity Service listening on port 5000
2025-04-21 23:43:58 info: =================================
2025-04-21 23:44:01 info: Database connection established successfully.
2025-04-21 23:44:05 info: =================================
2025-04-21 23:44:05 info: ======= ENV: development =======
2025-04-21 23:44:05 info: 🚀 Identity Service listening on port 5000
2025-04-21 23:44:05 info: =================================
2025-04-21 23:44:08 info: Database connection established successfully.
2025-04-21 23:44:11 info: Database tables synced successfully.
2025-04-21 23:46:53 info: [0mOPTIONS /api/auth/send-otp [32m200[0m 11.614 ms - 0[0m
2025-04-21 23:46:56 info: [0mPOST /api/auth/send-otp [32m200[0m 3038.740 ms - 61[0m
2025-04-21 23:47:16 info: [0mOPTIONS /api/auth/verify-otp [32m200[0m 0.341 ms - 0[0m
2025-04-21 23:47:17 info: [0mPOST /api/auth/verify-otp [32m200[0m 1289.101 ms - 65[0m
2025-04-21 23:47:28 info: [0mOPTIONS /api/auth/verify-otp [32m200[0m 0.245 ms - 0[0m
2025-04-21 23:47:30 info: [0mPOST /api/auth/verify-otp [32m200[0m 1473.527 ms - 65[0m
2025-04-21 23:48:08 info: [0mOPTIONS /api/auth/send-otp [32m200[0m 0.306 ms - 0[0m
2025-04-21 23:48:11 info: [0mPOST /api/auth/send-otp [32m200[0m 2644.077 ms - 61[0m
2025-04-21 23:48:40 info: [0mOPTIONS /api/auth/verify-otp [32m200[0m 0.515 ms - 0[0m
2025-04-21 23:48:41 info: [0mPOST /api/auth/verify-otp [32m200[0m 1297.308 ms - 65[0m
2025-04-21 23:48:56 info: [0mOPTIONS /api/auth/update-password [32m200[0m 0.201 ms - 0[0m
2025-04-21 23:48:56 error: [POST] /api/auth/update-password >> StatusCode:: 500, Message:: this.auth.updatePassword is not a function
2025-04-21 23:48:56 info: [0mPOST /api/auth/update-password [31m500[0m 5.857 ms - 56[0m
2025-04-21 23:49:29 info: [0mOPTIONS /api/auth/update-password [32m200[0m 0.318 ms - 0[0m
2025-04-21 23:49:29 error: [POST] /api/auth/update-password >> StatusCode:: 500, Message:: this.auth.updatePassword is not a function
2025-04-21 23:49:29 info: [0mPOST /api/auth/update-password [31m500[0m 2.676 ms - 56[0m
2025-04-21 23:53:27 info: =================================
2025-04-21 23:53:27 info: ======= ENV: development =======
2025-04-21 23:53:27 info: 🚀 Identity Service listening on port 5000
2025-04-21 23:53:27 info: =================================
2025-04-21 23:53:33 info: =================================
2025-04-21 23:53:33 info: ======= ENV: development =======
2025-04-21 23:53:33 info: 🚀 Identity Service listening on port 5000
2025-04-21 23:53:33 info: =================================
2025-04-21 23:53:36 info: Database connection established successfully.
2025-04-21 23:53:39 info: Database tables synced successfully.
2025-04-21 23:53:50 info: =================================
2025-04-21 23:53:50 info: ======= ENV: development =======
2025-04-21 23:53:50 info: 🚀 Identity Service listening on port 5000
2025-04-21 23:53:50 info: =================================
2025-04-21 23:53:52 info: Database connection established successfully.
2025-04-21 23:53:55 info: Database tables synced successfully.
2025-04-21 23:54:11 info: =================================
2025-04-21 23:54:11 info: ======= ENV: development =======
2025-04-21 23:54:11 info: 🚀 Identity Service listening on port 5000
2025-04-21 23:54:11 info: =================================
2025-04-21 23:54:14 info: Database connection established successfully.
2025-04-21 23:54:17 info: Database tables synced successfully.
2025-04-21 23:54:20 info: =================================
2025-04-21 23:54:20 info: ======= ENV: development =======
2025-04-21 23:54:20 info: 🚀 Identity Service listening on port 5000
2025-04-21 23:54:20 info: =================================
2025-04-21 23:54:23 info: Database connection established successfully.
2025-04-21 23:54:29 info: =================================
2025-04-21 23:54:29 info: ======= ENV: development =======
2025-04-21 23:54:29 info: 🚀 Identity Service listening on port 5000
2025-04-21 23:54:29 info: =================================
2025-04-21 23:54:31 info: Database connection established successfully.
2025-04-21 23:54:34 info: Database tables synced successfully.
2025-04-21 23:54:57 info: [0mOPTIONS /api/auth/send-otp [32m200[0m 3.016 ms - 0[0m
2025-04-21 23:55:00 info: [0mPOST /api/auth/send-otp [32m200[0m 3056.805 ms - 61[0m
2025-04-21 23:55:09 info: [0mOPTIONS /api/auth/verify-otp [32m200[0m 0.369 ms - 0[0m
2025-04-21 23:55:09 info: [0mPOST /api/auth/verify-otp [32m200[0m 182.124 ms - 65[0m
2025-04-21 23:55:26 info: [0mOPTIONS /api/auth/update-password [32m200[0m 0.233 ms - 0[0m
2025-04-21 23:55:26 error: [POST] /api/auth/update-password >> StatusCode:: 500, Message:: this.auth.updatePassword is not a function
2025-04-21 23:55:26 info: [0mPOST /api/auth/update-password [31m500[0m 2.312 ms - 56[0m
2025-04-21 23:55:31 error: [POST] /api/auth/update-password >> StatusCode:: 500, Message:: this.auth.updatePassword is not a function
2025-04-21 23:55:31 info: [0mPOST /api/auth/update-password [31m500[0m 1.931 ms - 56[0m
2025-04-21 23:56:05 info: =================================
2025-04-21 23:56:05 info: ======= ENV: development =======
2025-04-21 23:56:05 info: 🚀 Identity Service listening on port 5000
2025-04-21 23:56:05 info: =================================
2025-04-21 23:56:15 info: =================================
2025-04-21 23:56:15 info: ======= ENV: development =======
2025-04-21 23:56:15 info: 🚀 Identity Service listening on port 5000
2025-04-21 23:56:15 info: =================================
2025-04-21 23:56:18 info: Database connection established successfully.
2025-04-21 23:56:21 info: Database tables synced successfully.
2025-04-21 23:56:28 info: [0mOPTIONS /api/auth/update-password [32m200[0m 1.863 ms - 0[0m
2025-04-21 23:56:28 error: [POST] /api/auth/update-password >> StatusCode:: 500, Message:: Cannot read properties of undefined (reading 'length')
2025-04-21 23:56:28 info: [0mPOST /api/auth/update-password [31m500[0m 29.154 ms - 68[0m
2025-04-21 23:57:08 info: =================================
2025-04-21 23:57:08 info: ======= ENV: development =======
2025-04-21 23:57:08 info: 🚀 Identity Service listening on port 5000
2025-04-21 23:57:08 info: =================================
2025-04-21 23:57:11 info: Database connection established successfully.
2025-04-21 23:57:14 info: Database tables synced successfully.
2025-04-21 23:57:18 info: =================================
2025-04-21 23:57:18 info: ======= ENV: development =======
2025-04-21 23:57:18 info: 🚀 Identity Service listening on port 5000
2025-04-21 23:57:18 info: =================================
2025-04-21 23:57:23 info: =================================
2025-04-21 23:57:23 info: ======= ENV: development =======
2025-04-21 23:57:23 info: 🚀 Identity Service listening on port 5000
2025-04-21 23:57:23 info: =================================
2025-04-21 23:57:27 info: =================================
2025-04-21 23:57:27 info: ======= ENV: development =======
2025-04-21 23:57:27 info: 🚀 Identity Service listening on port 5000
2025-04-21 23:57:27 info: =================================
2025-04-21 23:57:30 info: =================================
2025-04-21 23:57:30 info: ======= ENV: development =======
2025-04-21 23:57:30 info: 🚀 Identity Service listening on port 5000
2025-04-21 23:57:30 info: =================================
2025-04-21 23:57:36 info: =================================
2025-04-21 23:57:36 info: ======= ENV: development =======
2025-04-21 23:57:36 info: 🚀 Identity Service listening on port 5000
2025-04-21 23:57:36 info: =================================
2025-04-21 23:57:39 info: Database connection established successfully.
2025-04-21 23:57:42 info: Database tables synced successfully.
2025-04-21 23:58:01 info: [0mOPTIONS /api/auth/update-password [32m200[0m 2.240 ms - 0[0m
2025-04-21 23:58:02 error: [POST] /api/auth/update-password >> StatusCode:: 409, Message:: Illegal arguments: undefined, number
2025-04-21 23:58:02 info: [0mPOST /api/auth/update-password [33m409[0m 1313.756 ms - 50[0m
