2025-05-09 07:10:10 error: [GET] /api/tasks/getProjectHoursSummary >> StatusCode:: 400, Message:: Error getting all projects hours
2025-05-09 07:10:10 info: [0mGET /api/tasks/getProjectHoursSummary [33m400[0m 2064.334 ms - 46[0m
2025-05-09 07:10:11 info: [0mGET /api/projects/getAllProjects [36m304[0m 2012.721 ms - -[0m
2025-05-09 07:10:11 error: [GET] /api/employees/getNumberOfAssignedEmployees >> StatusCode:: 500, Message:: this.employeeService.getNumberOfAssignedEmployees is not a function
2025-05-09 07:10:11 info: [0mGET /api/employees/getNumberOfAssignedEmployees [31m500[0m 6.589 ms - 81[0m
2025-05-09 07:10:11 info: [0mGET /api/tasks/getChartTaskTimeStatistics [32m200[0m 2649.691 ms - 258[0m
2025-05-09 07:10:11 info: [0mGET /api/tasks/getChartYearlyTaskTimeStatistics [36m304[0m 2381.534 ms - -[0m
2025-05-09 07:10:11 info: [0mGET /api/tasks/getChartWeeklyTaskTimeStatistics [36m304[0m 2267.364 ms - -[0m
2025-05-09 07:10:11 info: [0mGET /api/statistics/getStatisticsDashboard [36m304[0m 2447.002 ms - -[0m
2025-05-09 07:31:23 info: =================================
2025-05-09 07:31:23 info: ======= ENV: development =======
2025-05-09 07:31:23 info: 🚀 Identity Service listening on port 5000
2025-05-09 07:31:23 info: =================================
2025-05-09 07:31:26 info: Database connection established successfully.
2025-05-09 07:31:29 info: Database tables synced successfully.
2025-05-09 07:46:54 info: =================================
2025-05-09 07:46:54 info: ======= ENV: development =======
2025-05-09 07:46:54 info: 🚀 Identity Service listening on port 5000
2025-05-09 07:46:54 info: =================================
2025-05-09 07:47:01 info: =================================
2025-05-09 07:47:01 info: ======= ENV: development =======
2025-05-09 07:47:01 info: 🚀 Identity Service listening on port 5000
2025-05-09 07:47:01 info: =================================
2025-05-09 07:47:05 info: Database connection established successfully.
2025-05-09 07:47:08 info: Database tables synced successfully.
2025-05-09 07:47:21 info: =================================
2025-05-09 07:47:21 info: ======= ENV: development =======
2025-05-09 07:47:21 info: 🚀 Identity Service listening on port 5000
2025-05-09 07:47:21 info: =================================
2025-05-09 07:47:24 info: Database connection established successfully.
2025-05-09 07:47:27 info: Database tables synced successfully.
2025-05-09 07:48:13 info: =================================
2025-05-09 07:48:13 info: ======= ENV: development =======
2025-05-09 07:48:13 info: 🚀 Identity Service listening on port 5000
2025-05-09 07:48:13 info: =================================
2025-05-09 07:48:21 info: =================================
2025-05-09 07:48:21 info: ======= ENV: development =======
2025-05-09 07:48:21 info: 🚀 Identity Service listening on port 5000
2025-05-09 07:48:21 info: =================================
2025-05-09 07:48:26 info: =================================
2025-05-09 07:48:26 info: ======= ENV: development =======
2025-05-09 07:48:26 info: 🚀 Identity Service listening on port 5000
2025-05-09 07:48:26 info: =================================
2025-05-09 07:48:32 info: =================================
2025-05-09 07:48:32 info: ======= ENV: development =======
2025-05-09 07:48:32 info: 🚀 Identity Service listening on port 5000
2025-05-09 07:48:32 info: =================================
2025-05-09 07:48:35 info: Database connection established successfully.
2025-05-09 07:48:42 info: =================================
2025-05-09 07:48:42 info: ======= ENV: development =======
2025-05-09 07:48:42 info: 🚀 Identity Service listening on port 5000
2025-05-09 07:48:42 info: =================================
2025-05-09 07:48:45 info: Database connection established successfully.
2025-05-09 07:48:50 info: =================================
2025-05-09 07:48:50 info: ======= ENV: development =======
2025-05-09 07:48:50 info: 🚀 Identity Service listening on port 5000
2025-05-09 07:48:50 info: =================================
2025-05-09 07:48:53 info: Database connection established successfully.
2025-05-09 07:48:57 info: Database tables synced successfully.
2025-05-09 07:49:42 info: =================================
2025-05-09 07:49:42 info: ======= ENV: development =======
2025-05-09 07:49:42 info: 🚀 Identity Service listening on port 5000
2025-05-09 07:49:42 info: =================================
2025-05-09 07:49:45 info: Database connection established successfully.
2025-05-09 07:49:49 info: Database tables synced successfully.
2025-05-09 07:49:56 info: =================================
2025-05-09 07:49:56 info: ======= ENV: development =======
2025-05-09 07:49:56 info: 🚀 Identity Service listening on port 5000
2025-05-09 07:49:56 info: =================================
2025-05-09 07:50:04 info: =================================
2025-05-09 07:50:04 info: ======= ENV: development =======
2025-05-09 07:50:04 info: 🚀 Identity Service listening on port 5000
2025-05-09 07:50:04 info: =================================
2025-05-09 07:50:07 info: Database connection established successfully.
2025-05-09 07:50:20 info: =================================
2025-05-09 07:50:20 info: ======= ENV: development =======
2025-05-09 07:50:20 info: 🚀 Identity Service listening on port 5000
2025-05-09 07:50:20 info: =================================
2025-05-09 07:50:23 info: Database connection established successfully.
2025-05-09 07:50:28 info: =================================
2025-05-09 07:50:28 info: ======= ENV: development =======
2025-05-09 07:50:28 info: 🚀 Identity Service listening on port 5000
2025-05-09 07:50:28 info: =================================
2025-05-09 07:50:31 info: Database connection established successfully.
2025-05-09 07:50:34 info: Database tables synced successfully.
2025-05-09 07:50:51 info: =================================
2025-05-09 07:50:51 info: ======= ENV: development =======
2025-05-09 07:50:51 info: 🚀 Identity Service listening on port 5000
2025-05-09 07:50:51 info: =================================
2025-05-09 07:50:53 info: Database connection established successfully.
2025-05-09 07:51:04 info: =================================
2025-05-09 07:51:04 info: ======= ENV: development =======
2025-05-09 07:51:04 info: 🚀 Identity Service listening on port 5000
2025-05-09 07:51:04 info: =================================
2025-05-09 07:51:07 info: Database connection established successfully.
2025-05-09 07:51:10 info: Database tables synced successfully.
2025-05-09 07:51:16 error: [GET] /api/statistics/getGeneralStatistics >> StatusCode:: 500, Message:: Error retrieving general statistics: Allocation is associated to Employee using an alias. You must use the 'as' keyword to specify the alias within your include statement.
2025-05-09 07:51:17 info: [0mGET /api/statistics/getGeneralStatistics [31m500[0m 1144.780 ms - 185[0m
2025-05-09 07:52:18 info: =================================
2025-05-09 07:52:18 info: ======= ENV: development =======
2025-05-09 07:52:18 info: 🚀 Identity Service listening on port 5000
2025-05-09 07:52:18 info: =================================
2025-05-09 07:52:21 info: Database connection established successfully.
2025-05-09 07:52:24 info: Database tables synced successfully.
2025-05-09 07:54:13 info: =================================
2025-05-09 07:54:13 info: ======= ENV: development =======
2025-05-09 07:54:13 info: 🚀 Identity Service listening on port 5000
2025-05-09 07:54:13 info: =================================
2025-05-09 07:54:17 info: Database connection established successfully.
2025-05-09 07:54:19 info: [0mGET /api/statistics/getGeneralStatistics [32m200[0m 1917.447 ms - 225[0m
2025-05-09 07:54:20 info: Database tables synced successfully.
2025-05-09 07:56:10 info: =================================
2025-05-09 07:56:10 info: ======= ENV: development =======
2025-05-09 07:56:10 info: 🚀 Identity Service listening on port 5000
2025-05-09 07:56:10 info: =================================
2025-05-09 07:56:13 info: Database connection established successfully.
2025-05-09 07:56:17 info: Database tables synced successfully.
2025-05-09 07:56:36 info: =================================
2025-05-09 07:56:36 info: ======= ENV: development =======
2025-05-09 07:56:36 info: 🚀 Identity Service listening on port 5000
2025-05-09 07:56:36 info: =================================
2025-05-09 07:56:39 info: Database connection established successfully.
2025-05-09 07:56:42 info: Database tables synced successfully.
2025-05-09 07:57:01 info: =================================
2025-05-09 07:57:01 info: ======= ENV: development =======
2025-05-09 07:57:01 info: 🚀 Identity Service listening on port 5000
2025-05-09 07:57:01 info: =================================
2025-05-09 07:57:04 info: Database connection established successfully.
2025-05-09 07:57:07 info: Database tables synced successfully.
2025-05-09 08:03:01 error: [GET] /api/tasks/getProjectHoursSummary >> StatusCode:: 400, Message:: Error getting all projects hours
2025-05-09 08:03:01 info: [0mGET /api/tasks/getProjectHoursSummary [33m400[0m 2487.929 ms - 46[0m
2025-05-09 08:03:01 info: [0mGET /api/tasks/getChartTaskTimeStatistics [36m304[0m 2911.205 ms - -[0m
2025-05-09 08:03:01 info: [0mGET /api/tasks/getChartWeeklyTaskTimeStatistics [36m304[0m 2672.175 ms - -[0m
2025-05-09 08:03:02 info: [0mGET /api/tasks/getChartYearlyTaskTimeStatistics [36m304[0m 2776.978 ms - -[0m
2025-05-09 08:03:02 error: [GET] /api/employees/getNumberOfAssignedEmployees >> StatusCode:: 500, Message:: this.employeeService.getNumberOfAssignedEmployees is not a function
2025-05-09 08:03:02 info: [0mGET /api/employees/getNumberOfAssignedEmployees [31m500[0m 10.172 ms - 81[0m
2025-05-09 08:03:02 info: [0mGET /api/statistics/getStatisticsDashboard [36m304[0m 2927.956 ms - -[0m
2025-05-09 08:03:02 info: [0mGET /api/projects/getAllProjects [36m304[0m 258.604 ms - -[0m
2025-05-09 08:03:03 info: [0mGET /api/statistics/getGeneralStatistics [32m200[0m 4215.115 ms - 225[0m
2025-05-09 08:06:27 error: [GET] /api/employees/getNumberOfAssignedEmployees >> StatusCode:: 500, Message:: this.employeeService.getNumberOfAssignedEmployees is not a function
2025-05-09 08:06:27 info: [0mGET /api/employees/getNumberOfAssignedEmployees [31m500[0m 31.742 ms - 81[0m
2025-05-09 08:06:30 error: [GET] /api/tasks/getProjectHoursSummary >> StatusCode:: 400, Message:: Error getting all projects hours
2025-05-09 08:06:30 info: [0mGET /api/tasks/getProjectHoursSummary [33m400[0m 2921.779 ms - 46[0m
2025-05-09 08:06:30 info: [0mGET /api/tasks/getChartTaskTimeStatistics [36m304[0m 3164.836 ms - -[0m
2025-05-09 08:06:30 info: [0mGET /api/tasks/getChartWeeklyTaskTimeStatistics [36m304[0m 3248.853 ms - -[0m
2025-05-09 08:06:30 info: [0mGET /api/tasks/getChartYearlyTaskTimeStatistics [36m304[0m 3248.088 ms - -[0m
2025-05-09 08:06:30 info: [0mGET /api/statistics/getStatisticsDashboard [36m304[0m 3557.348 ms - -[0m
2025-05-09 08:06:30 info: [0mGET /api/projects/getAllProjects [36m304[0m 558.761 ms - -[0m
2025-05-09 08:06:31 info: [0mGET /api/statistics/getGeneralStatistics [36m304[0m 4728.448 ms - -[0m
2025-05-09 08:08:43 info: =================================
2025-05-09 08:08:43 info: ======= ENV: development =======
2025-05-09 08:08:43 info: 🚀 Identity Service listening on port 5000
2025-05-09 08:08:43 info: =================================
2025-05-09 08:08:50 info: Database connection established successfully.
2025-05-09 08:08:54 info: Database tables synced successfully.
2025-05-09 08:09:00 info: [0mGET /api/statistics/getGeneralStatistics [32m200[0m 1736.971 ms - 225[0m
2025-05-09 08:09:49 info: =================================
2025-05-09 08:09:49 info: ======= ENV: development =======
2025-05-09 08:09:49 info: 🚀 Identity Service listening on port 5000
2025-05-09 08:09:49 info: =================================
2025-05-09 08:09:59 info: Database connection established successfully.
2025-05-09 08:10:00 info: [0mGET /api/statistics/getGeneralStatistics [32m200[0m 2714.672 ms - 225[0m
2025-05-09 08:10:02 info: Database tables synced successfully.
2025-05-09 08:10:29 info: =================================
2025-05-09 08:10:29 info: ======= ENV: development =======
2025-05-09 08:10:29 info: 🚀 Identity Service listening on port 5000
2025-05-09 08:10:29 info: =================================
2025-05-09 08:10:33 info: Database connection established successfully.
2025-05-09 08:10:38 info: Database tables synced successfully.
2025-05-09 08:11:06 info: =================================
2025-05-09 08:11:06 info: ======= ENV: development =======
2025-05-09 08:11:06 info: 🚀 Identity Service listening on port 5000
2025-05-09 08:11:06 info: =================================
2025-05-09 08:11:10 info: Database connection established successfully.
2025-05-09 08:11:13 info: Database tables synced successfully.
2025-05-09 08:11:18 error: [GET] /api/statistics/getGeneralStatistics >> StatusCode:: 500, Message:: Error retrieving general statistics: Allocation is associated to Employee using an alias. You've included an alias (allAllocation), but it does not match the alias(es) defined in your association (allocations).
2025-05-09 08:11:18 info: [0mGET /api/statistics/getGeneralStatistics [31m500[0m 1351.672 ms - 224[0m
2025-05-09 08:11:29 info: =================================
2025-05-09 08:11:29 info: ======= ENV: development =======
2025-05-09 08:11:29 info: 🚀 Identity Service listening on port 5000
2025-05-09 08:11:29 info: =================================
2025-05-09 08:11:33 info: Database connection established successfully.
2025-05-09 08:11:37 info: Database tables synced successfully.
2025-05-09 08:15:45 info: =================================
2025-05-09 08:15:45 info: ======= ENV: development =======
2025-05-09 08:15:45 info: 🚀 Identity Service listening on port 5000
2025-05-09 08:15:45 info: =================================
2025-05-09 08:15:48 info: Database connection established successfully.
2025-05-09 08:16:05 info: =================================
2025-05-09 08:16:05 info: ======= ENV: development =======
2025-05-09 08:16:05 info: 🚀 Identity Service listening on port 5000
2025-05-09 08:16:05 info: =================================
2025-05-09 08:16:08 info: Database connection established successfully.
2025-05-09 08:16:17 info: =================================
2025-05-09 08:16:17 info: ======= ENV: development =======
2025-05-09 08:16:17 info: 🚀 Identity Service listening on port 5000
2025-05-09 08:16:17 info: =================================
2025-05-09 08:16:22 info: =================================
2025-05-09 08:16:22 info: ======= ENV: development =======
2025-05-09 08:16:22 info: 🚀 Identity Service listening on port 5000
2025-05-09 08:16:22 info: =================================
2025-05-09 08:16:31 info: =================================
2025-05-09 08:16:31 info: ======= ENV: development =======
2025-05-09 08:16:31 info: 🚀 Identity Service listening on port 5000
2025-05-09 08:16:31 info: =================================
2025-05-09 08:16:34 info: Database connection established successfully.
2025-05-09 08:16:38 info: Database tables synced successfully.
2025-05-09 08:17:02 info: =================================
2025-05-09 08:17:02 info: ======= ENV: development =======
2025-05-09 08:17:02 info: 🚀 Identity Service listening on port 5000
2025-05-09 08:17:02 info: =================================
2025-05-09 08:17:05 info: Database connection established successfully.
2025-05-09 08:17:09 info: Database tables synced successfully.
2025-05-09 08:17:39 info: [0mGET /api/statistics/getGeneralStatistics [32m200[0m 3315.021 ms - 225[0m
2025-05-09 08:21:47 info: =================================
2025-05-09 08:21:47 info: ======= ENV: development =======
2025-05-09 08:21:47 info: 🚀 Identity Service listening on port 5000
2025-05-09 08:21:47 info: =================================
2025-05-09 08:21:51 info: Database connection established successfully.
2025-05-09 08:21:55 info: =================================
2025-05-09 08:21:55 info: ======= ENV: development =======
2025-05-09 08:21:55 info: 🚀 Identity Service listening on port 5000
2025-05-09 08:21:55 info: =================================
2025-05-09 08:21:58 info: Database connection established successfully.
2025-05-09 08:22:00 info: [0mGET /api/statistics/getGeneralStatistics [32m200[0m 2553.381 ms - 225[0m
2025-05-09 08:22:01 info: Database tables synced successfully.
2025-05-09 08:22:36 info: =================================
2025-05-09 08:22:36 info: ======= ENV: development =======
2025-05-09 08:22:36 info: 🚀 Identity Service listening on port 5000
2025-05-09 08:22:36 info: =================================
2025-05-09 08:22:38 info: Database connection established successfully.
2025-05-09 08:22:41 info: Database tables synced successfully.
2025-05-09 08:22:57 info: =================================
2025-05-09 08:22:57 info: ======= ENV: development =======
2025-05-09 08:22:57 info: 🚀 Identity Service listening on port 5000
2025-05-09 08:22:57 info: =================================
2025-05-09 08:23:00 info: Database connection established successfully.
2025-05-09 08:23:03 info: Database tables synced successfully.
2025-05-09 08:23:07 info: =================================
2025-05-09 08:23:07 info: ======= ENV: development =======
2025-05-09 08:23:07 info: 🚀 Identity Service listening on port 5000
2025-05-09 08:23:07 info: =================================
2025-05-09 08:23:10 info: Database connection established successfully.
2025-05-09 08:23:13 info: Database tables synced successfully.
2025-05-09 08:23:20 info: [0mGET /api/statistics/getGeneralStatistics [32m200[0m 1564.845 ms - 225[0m
2025-05-09 08:23:31 info: [0mGET /api/statistics/getGeneralStatistics [32m200[0m 1539.641 ms - 225[0m
2025-05-09 08:24:18 info: =================================
2025-05-09 08:24:18 info: ======= ENV: development =======
2025-05-09 08:24:18 info: 🚀 Identity Service listening on port 5000
2025-05-09 08:24:18 info: =================================
2025-05-09 08:24:21 info: Database connection established successfully.
2025-05-09 08:24:57 info: =================================
2025-05-09 08:24:57 info: ======= ENV: development =======
2025-05-09 08:24:57 info: 🚀 Identity Service listening on port 5000
2025-05-09 08:24:57 info: =================================
2025-05-09 08:25:00 info: Database connection established successfully.
2025-05-09 08:25:03 info: Database tables synced successfully.
2025-05-09 08:25:06 info: [0mGET /api/statistics/getGeneralStatistics [32m200[0m 1562.298 ms - 228[0m
2025-05-09 08:25:42 info: =================================
2025-05-09 08:25:42 info: ======= ENV: development =======
2025-05-09 08:25:42 info: 🚀 Identity Service listening on port 5000
2025-05-09 08:25:42 info: =================================
2025-05-09 08:25:44 info: Database connection established successfully.
2025-05-09 08:25:47 info: Database tables synced successfully.
2025-05-09 08:26:02 info: =================================
2025-05-09 08:26:02 info: ======= ENV: development =======
2025-05-09 08:26:02 info: 🚀 Identity Service listening on port 5000
2025-05-09 08:26:02 info: =================================
2025-05-09 08:26:41 info: =================================
2025-05-09 08:26:41 info: ======= ENV: development =======
2025-05-09 08:26:41 info: 🚀 Identity Service listening on port 5000
2025-05-09 08:26:41 info: =================================
2025-05-09 08:26:43 info: Database connection established successfully.
2025-05-09 08:26:47 info: Database tables synced successfully.
2025-05-09 08:26:59 error: [GET] /api/employees/getNumberOfAssignedEmployees >> StatusCode:: 500, Message:: this.employeeService.getNumberOfAssignedEmployees is not a function
2025-05-09 08:26:59 info: [0mGET /api/employees/getNumberOfAssignedEmployees [31m500[0m 11.614 ms - 81[0m
2025-05-09 08:27:00 info: [0mGET /api/tasks/getChartYearlyTaskTimeStatistics [36m304[0m 1663.900 ms - -[0m
2025-05-09 08:27:01 info: [0mGET /api/tasks/getChartWeeklyTaskTimeStatistics [36m304[0m 1938.689 ms - -[0m
2025-05-09 08:27:01 info: [0mGET /api/projects/getAllProjects [36m304[0m 1866.128 ms - -[0m
2025-05-09 08:27:01 info: [0mGET /api/tasks/getChartTaskTimeStatistics [36m304[0m 1949.466 ms - -[0m
2025-05-09 08:27:01 info: [0mGET /api/statistics/getStatisticsDashboard [36m304[0m 2268.761 ms - -[0m
2025-05-09 08:27:01 error: [GET] /api/tasks/getProjectHoursSummary >> StatusCode:: 400, Message:: Error getting all projects hours
2025-05-09 08:27:01 info: [0mGET /api/tasks/getProjectHoursSummary [33m400[0m 723.257 ms - 46[0m
2025-05-09 08:27:02 info: [0mGET /api/statistics/getGeneralStatistics [32m200[0m 3299.377 ms - 228[0m
