2025-04-14 09:08:20 info: =================================
2025-04-14 09:08:20 info: ======= ENV: development =======
2025-04-14 09:08:20 info: 🚀 Identity Service listening on port 5000
2025-04-14 09:08:20 info: =================================
2025-04-14 09:08:23 info: [0mOPTIONS /api/auth/login [32m200[0m 2.142 ms - 0[0m
2025-04-14 09:08:24 info: Database connection established successfully.
2025-04-14 09:08:24 info: [0mPOST /api/auth/login [32m200[0m 1024.125 ms - 545[0m
2025-04-14 09:08:27 info: Database tables synced successfully.
2025-04-14 09:08:33 info: [0mGET /api/employees/getEmployee/19 [36m304[0m 215.813 ms - -[0m
2025-04-14 09:08:33 info: [0mGET /api/employees/getAllEmployees [36m304[0m 210.736 ms - -[0m
2025-04-14 09:08:33 info: [0mGET /api/notifications/getAllNotifications [36m304[0m 423.152 ms - -[0m
2025-04-14 09:08:33 info: [0mGET /api/tasks/getProjectHoursSummary [36m304[0m 308.006 ms - -[0m
2025-04-14 09:08:33 info: [0mGET /api/projects/getAllProjects [36m304[0m 334.455 ms - -[0m
2025-04-14 09:08:33 info: [0mGET /api/tasks/getChartWeeklyTaskTimeStatistics [32m200[0m 440.521 ms - 279[0m
2025-04-14 09:08:33 info: [0mGET /api/tasks/getChartYearlyTaskTimeStatistics [36m304[0m 489.787 ms - -[0m
2025-04-14 09:08:33 info: [0mGET /api/tasks/getChartTaskTimeStatistics [32m200[0m 478.776 ms - 223[0m
2025-04-14 09:08:33 info: [0mGET /api/employees/getNumberOfAssignedEmployees [36m304[0m 247.495 ms - -[0m
2025-04-14 09:08:33 info: [0mGET /api/employees/getEmployee/19 [36m304[0m 278.399 ms - -[0m
2025-04-14 09:08:33 info: [0mGET /api/employees/getAllEmployees [36m304[0m 190.844 ms - -[0m
2025-04-14 09:08:33 info: [0mGET /api/employees/getProjectEmployees/0 [32m201[0m 216.947 ms - 70[0m
2025-04-14 09:08:33 info: [0mGET /api/tasks/getProjectHoursSummary [36m304[0m 190.603 ms - -[0m
2025-04-14 09:08:33 info: [0mGET /api/projects/getAllProjects [36m304[0m 210.115 ms - -[0m
2025-04-14 09:08:33 info: [0mGET /api/notifications/getAllNotifications [36m304[0m 371.186 ms - -[0m
2025-04-14 09:08:34 info: [0mGET /api/employees/getNumberOfAssignedEmployees [36m304[0m 186.875 ms - -[0m
2025-04-14 09:08:34 info: [0mGET /api/tasks/getChartWeeklyTaskTimeStatistics [36m304[0m 398.530 ms - -[0m
2025-04-14 09:08:34 info: [0mGET /api/tasks/getChartYearlyTaskTimeStatistics [36m304[0m 393.375 ms - -[0m
2025-04-14 09:08:34 info: [0mGET /api/tasks/getChartTaskTimeStatistics [36m304[0m 358.967 ms - -[0m
2025-04-14 09:08:34 info: [0mGET /api/employees/getProjectEmployees/0 [32m201[0m 191.224 ms - 70[0m
2025-04-14 09:08:56 info: [0mGET /api/projects/getAllProjects [36m304[0m 1665.154 ms - -[0m
2025-04-14 09:08:56 info: [0mGET /api/projects/getAllProjects [36m304[0m 218.649 ms - -[0m
2025-04-14 09:21:12 info: [0mGET /api/employees/getEmployee/19 [36m304[0m 1784.287 ms - -[0m
2025-04-14 09:21:12 info: [0mGET /api/projects/getAllProjects [36m304[0m 1449.832 ms - -[0m
2025-04-14 09:21:12 info: [0mGET /api/notifications/getAllNotifications [36m304[0m 1665.212 ms - -[0m
2025-04-14 09:55:20 info: [0mGET /api/employees/getEmployee/19 [36m304[0m 1758.238 ms - -[0m
2025-04-14 09:55:20 info: [0mGET /api/projects/getAllProjects [36m304[0m 1576.495 ms - -[0m
2025-04-14 09:55:20 info: [0mGET /api/notifications/getAllNotifications [36m304[0m 1738.517 ms - -[0m
2025-04-14 10:48:00 info: [0mGET /api/notifications/getAllNotifications [36m304[0m 2616.999 ms - -[0m
2025-04-14 10:48:00 info: [0mGET /api/employees/getEmployee/19 [36m304[0m 2480.487 ms - -[0m
2025-04-14 11:43:59 info: [0mGET /api/employees/getEmployee/19 [36m304[0m 1904.391 ms - -[0m
2025-04-14 11:44:00 info: [0mGET /api/notifications/getAllNotifications [36m304[0m 2205.524 ms - -[0m
2025-04-14 11:45:25 info: [0mGET /api/employees/getEmployee/19 [36m304[0m 1782.673 ms - -[0m
2025-04-14 11:45:25 info: [0mGET /api/notifications/getAllNotifications [36m304[0m 1934.363 ms - -[0m
2025-04-14 11:55:00 info: [0mGET /api/employees/getEmployee/19 [36m304[0m 1973.330 ms - -[0m
2025-04-14 11:55:00 info: [0mGET /api/notifications/getAllNotifications [36m304[0m 2532.698 ms - -[0m
2025-04-14 12:14:09 info: [0mGET /api/employees/getEmployee/19 [36m304[0m 1423.153 ms - -[0m
2025-04-14 12:14:10 info: [0mGET /api/notifications/getAllNotifications [36m304[0m 1863.831 ms - -[0m
2025-04-14 12:36:32 info: [0mGET /api/employees/getEmployee/19 [36m304[0m 2409.762 ms - -[0m
2025-04-14 12:36:32 info: [0mGET /api/notifications/getAllNotifications [36m304[0m 3167.431 ms - -[0m
2025-04-14 13:09:38 info: [0mGET /api/employees/getEmployee/19 [36m304[0m 2544.175 ms - -[0m
2025-04-14 13:09:38 info: [0mGET /api/notifications/getAllNotifications [36m304[0m 3104.002 ms - -[0m
2025-04-14 13:10:09 info: [0mGET /api/employees/getEmployee/19 [36m304[0m 2886.917 ms - -[0m
2025-04-14 13:10:09 info: [0mGET /api/notifications/getAllNotifications [36m304[0m 4193.848 ms - -[0m
2025-04-14 13:10:36 info: [0mGET /api/employees/getEmployee/19 [36m304[0m 1604.148 ms - -[0m
2025-04-14 13:10:37 info: [0mGET /api/notifications/getAllNotifications [36m304[0m 2905.798 ms - -[0m
2025-04-14 13:10:50 info: [0mGET /api/employees/getEmployee/19 [36m304[0m 1560.413 ms - -[0m
2025-04-14 13:10:51 info: [0mGET /api/notifications/getAllNotifications [36m304[0m 1886.462 ms - -[0m
2025-04-14 13:11:24 info: [0mGET /api/employees/getEmployee/19 [36m304[0m 1419.118 ms - -[0m
2025-04-14 13:11:24 info: [0mGET /api/notifications/getAllNotifications [36m304[0m 1676.528 ms - -[0m
2025-04-14 13:11:27 info: [0mGET /api/notifications/getAllNotifications [36m304[0m 219.172 ms - -[0m
2025-04-14 13:11:27 info: [0mGET /api/employees/getEmployee/19 [36m304[0m 269.557 ms - -[0m
2025-04-14 13:13:58 info: [0mGET /api/employees/getEmployee/19 [36m304[0m 1400.298 ms - -[0m
2025-04-14 13:13:58 info: [0mGET /api/notifications/getAllNotifications [36m304[0m 1685.878 ms - -[0m
2025-04-14 13:22:08 info: [0mGET /api/employees/getEmployee/19 [36m304[0m 2568.610 ms - -[0m
2025-04-14 13:22:08 info: [0mGET /api/notifications/getAllNotifications [36m304[0m 3159.632 ms - -[0m
2025-04-14 13:32:13 info: [0mGET /api/employees/getEmployee/19 [36m304[0m 2189.551 ms - -[0m
2025-04-14 13:32:13 info: [0mGET /api/notifications/getAllNotifications [36m304[0m 1696.426 ms - -[0m
2025-04-14 13:59:17 info: [0mGET /api/projects/getAllProjects [32m200[0m 1923.320 ms - 5860[0m
2025-04-14 13:59:17 info: [0mGET /api/projects/getAllProjects [36m304[0m 182.699 ms - -[0m
2025-04-14 14:12:33 info: [0mGET /api/employees/getEmployee/19 [36m304[0m 4430.105 ms - -[0m
2025-04-14 14:12:33 info: [0mGET /api/projects/getAllProjects [36m304[0m 4130.508 ms - -[0m
2025-04-14 14:12:33 info: [0mGET /api/notifications/getAllNotifications [36m304[0m 4344.983 ms - -[0m
2025-04-14 14:12:33 info: [0mGET /api/employees/getEmployee/19 [36m304[0m 192.570 ms - -[0m
2025-04-14 14:12:33 info: [0mGET /api/projects/getAllProjects [36m304[0m 197.897 ms - -[0m
2025-04-14 14:12:34 info: [0mGET /api/notifications/getAllNotifications [36m304[0m 216.393 ms - -[0m
2025-04-14 14:15:21 info: [0mGET /api/projects/getAllProjects [36m304[0m 3022.697 ms - -[0m
2025-04-14 14:15:21 info: [0mGET /api/employees/getEmployee/19 [36m304[0m 2854.220 ms - -[0m
2025-04-14 14:15:22 info: [0mGET /api/notifications/getAllNotifications [36m304[0m 3369.844 ms - -[0m
2025-04-14 14:15:41 info: [0mGET /api/projects/getAllProjects [36m304[0m 1702.062 ms - -[0m
2025-04-14 14:15:41 info: [0mGET /api/projects/getAllProjects [36m304[0m 186.771 ms - -[0m
2025-04-14 14:15:41 info: [0mGET /api/projects/getAllProjects [36m304[0m 183.882 ms - -[0m
2025-04-14 14:15:45 info: [0mGET /api/notifications/getAllNotifications [36m304[0m 487.036 ms - -[0m
2025-04-14 14:15:45 info: [0mGET /api/employees/getEmployee/19 [36m304[0m 560.358 ms - -[0m
2025-04-14 14:15:45 info: [0mGET /api/projects/getAllProjects [36m304[0m 675.583 ms - -[0m
2025-04-14 14:25:20 info: [0mGET /api/notifications/getAllNotifications [36m304[0m 3172.402 ms - -[0m
2025-04-14 14:25:20 info: [0mGET /api/employees/getEmployee/19 [36m304[0m 2702.851 ms - -[0m
2025-04-14 14:25:20 info: [0mGET /api/projects/getAllProjects [36m304[0m 2664.001 ms - -[0m
2025-04-14 14:25:52 info: [0mGET /api/employees/getEmployee/19 [36m304[0m 1460.825 ms - -[0m
2025-04-14 14:25:52 info: [0mGET /api/projects/getAllProjects [36m304[0m 1362.490 ms - -[0m
2025-04-14 14:25:52 info: [0mGET /api/notifications/getAllNotifications [36m304[0m 1547.178 ms - -[0m
2025-04-14 14:26:22 info: [0mGET /api/projects/getAllProjects [36m304[0m 1425.766 ms - -[0m
2025-04-14 14:26:22 info: [0mGET /api/employees/getEmployee/19 [36m304[0m 1364.078 ms - -[0m
2025-04-14 14:26:23 info: [0mGET /api/notifications/getAllNotifications [36m304[0m 2016.595 ms - -[0m
2025-04-14 14:28:15 info: [0mGET /api/employees/getEmployee/19 [36m304[0m 1685.806 ms - -[0m
2025-04-14 14:28:15 info: [0mGET /api/notifications/getAllNotifications [36m304[0m 1996.032 ms - -[0m
2025-04-14 15:14:22 info: [0mGET /api/projects/getAllProjects [36m304[0m 1773.414 ms - -[0m
2025-04-14 15:14:23 info: [0mGET /api/projects/getAllProjects [36m304[0m 183.689 ms - -[0m
2025-04-14 15:21:31 info: [0mGET /api/employees/getEmployee/19 [36m304[0m 2457.144 ms - -[0m
2025-04-14 15:21:31 info: [0mGET /api/projects/getAllProjects [36m304[0m 2066.257 ms - -[0m
2025-04-14 15:21:32 info: [0mGET /api/notifications/getAllNotifications [36m304[0m 1903.066 ms - -[0m
2025-04-14 15:22:53 info: [0mGET /api/projects/getAllProjects [36m304[0m 2614.583 ms - -[0m
2025-04-14 15:22:53 info: [0mGET /api/projects/getAllProjects [36m304[0m 189.801 ms - -[0m
2025-04-14 15:22:54 info: [0mGET /api/projects/getAllProjects [36m304[0m 233.375 ms - -[0m
2025-04-14 15:22:57 info: [0mGET /api/projects/getAllProjects [36m304[0m 186.472 ms - -[0m
2025-04-14 15:22:57 info: [0mGET /api/projects/getAllProjects [36m304[0m 188.039 ms - -[0m
2025-04-14 15:22:57 info: [0mGET /api/projects/getAllProjects [36m304[0m 190.813 ms - -[0m
2025-04-14 15:26:57 info: [0mGET /api/employees/getEmployee/19 [36m304[0m 3236.472 ms - -[0m
2025-04-14 15:26:57 info: [0mGET /api/projects/getAllProjects [36m304[0m 2725.633 ms - -[0m
2025-04-14 15:26:57 info: [0mGET /api/notifications/getAllNotifications [36m304[0m 1795.410 ms - -[0m
2025-04-14 15:28:34 info: [0mGET /api/projects/getAllProjects [36m304[0m 2003.013 ms - -[0m
2025-04-14 15:28:35 info: [0mGET /api/employees/getEmployee/19 [36m304[0m 1939.206 ms - -[0m
2025-04-14 15:28:35 info: [0mGET /api/notifications/getAllNotifications [36m304[0m 2732.364 ms - -[0m
2025-04-14 15:29:07 info: [0mGET /api/employees/getEmployee/19 [36m304[0m 1717.232 ms - -[0m
2025-04-14 15:29:07 info: [0mGET /api/projects/getAllProjects [36m304[0m 1627.201 ms - -[0m
2025-04-14 15:29:07 info: [0mGET /api/notifications/getAllNotifications [36m304[0m 3313.726 ms - -[0m
2025-04-14 15:32:04 info: [0mGET /api/employees/getEmployee/19 [36m304[0m 1620.731 ms - -[0m
2025-04-14 15:32:04 info: [0mGET /api/notifications/getAllNotifications [36m304[0m 2104.574 ms - -[0m
2025-04-14 15:32:32 info: [0mGET /api/employees/getEmployee/19 [36m304[0m 2100.055 ms - -[0m
2025-04-14 15:32:32 info: [0mGET /api/projects/getAllProjects [36m304[0m 2122.304 ms - -[0m
2025-04-14 15:32:32 info: [0mGET /api/notifications/getAllNotifications [36m304[0m 2846.077 ms - -[0m
2025-04-14 15:37:21 info: [0mGET /api/employees/getEmployee/19 [36m304[0m 2124.229 ms - -[0m
2025-04-14 15:37:21 info: [0mGET /api/projects/getAllProjects [36m304[0m 1496.779 ms - -[0m
2025-04-14 15:37:21 info: [0mGET /api/notifications/getAllNotifications [36m304[0m 1716.275 ms - -[0m
2025-04-14 15:38:24 info: [0mGET /api/projects/getAllProjects [36m304[0m 1461.738 ms - -[0m
2025-04-14 15:38:24 info: [0mGET /api/employees/getEmployee/19 [36m304[0m 1561.845 ms - -[0m
2025-04-14 15:38:24 info: [0mGET /api/notifications/getAllNotifications [36m304[0m 2164.854 ms - -[0m
2025-04-14 15:38:57 info: [0mGET /api/employees/getEmployee/19 [36m304[0m 1412.542 ms - -[0m
2025-04-14 15:38:57 info: [0mGET /api/projects/getAllProjects [36m304[0m 1395.616 ms - -[0m
2025-04-14 15:38:58 info: [0mGET /api/notifications/getAllNotifications [36m304[0m 1685.793 ms - -[0m
2025-04-14 15:39:52 info: [0mGET /api/employees/getEmployee/19 [36m304[0m 2058.065 ms - -[0m
2025-04-14 15:39:52 info: [0mGET /api/projects/getAllProjects [36m304[0m 1449.901 ms - -[0m
2025-04-14 15:39:52 info: [0mGET /api/notifications/getAllNotifications [36m304[0m 1556.841 ms - -[0m
2025-04-14 15:42:05 info: [0mGET /api/projects/getAllProjects [36m304[0m 1938.768 ms - -[0m
2025-04-14 15:42:05 info: [0mGET /api/employees/getEmployee/19 [36m304[0m 1959.071 ms - -[0m
2025-04-14 15:42:05 info: [0mGET /api/notifications/getAllNotifications [36m304[0m 2813.178 ms - -[0m
2025-04-14 15:48:38 info: [0mGET /api/projects/getAllProjects [36m304[0m 2137.257 ms - -[0m
2025-04-14 15:48:38 info: [0mGET /api/employees/getEmployee/19 [36m304[0m 1605.429 ms - -[0m
2025-04-14 15:48:38 info: [0mGET /api/notifications/getAllNotifications [36m304[0m 1738.405 ms - -[0m
2025-04-14 15:50:47 info: [0mGET /api/employees/getEmployee/19 [36m304[0m 3679.863 ms - -[0m
2025-04-14 15:50:47 info: [0mGET /api/notifications/getAllNotifications [36m304[0m 4415.097 ms - -[0m
2025-04-14 15:50:48 info: [0mGET /api/projects/getAllProjects [36m304[0m 4593.779 ms - -[0m
2025-04-14 15:54:19 info: [0mGET /api/projects/getAllProjects [36m304[0m 6070.949 ms - -[0m
2025-04-14 15:54:19 info: [0mGET /api/employees/getEmployee/19 [36m304[0m 1751.403 ms - -[0m
2025-04-14 15:54:19 info: [0mGET /api/notifications/getAllNotifications [36m304[0m 1833.443 ms - -[0m
2025-04-14 15:54:26 info: [0mGET /api/projects/getAllProjects [36m304[0m 238.882 ms - -[0m
2025-04-14 15:54:26 info: [0mGET /api/projects/getAllProjects [36m304[0m 277.225 ms - -[0m
2025-04-14 15:54:26 info: [0mGET /api/projects/getAllProjects [36m304[0m 204.071 ms - -[0m
2025-04-14 15:54:29 info: [0mGET /api/projects/getAllProjects [36m304[0m 265.929 ms - -[0m
2025-04-14 15:54:29 info: [0mGET /api/projects/getAllProjects [36m304[0m 204.573 ms - -[0m
2025-04-14 15:54:30 info: [0mGET /api/projects/getAllProjects [36m304[0m 186.013 ms - -[0m
2025-04-14 15:55:51 info: [0mGET /api/projects/getAllProjects [36m304[0m 4280.444 ms - -[0m
2025-04-14 15:55:51 info: [0mGET /api/projects/getAllProjects [36m304[0m 189.970 ms - -[0m
2025-04-14 15:55:51 info: [0mGET /api/projects/getAllProjects [36m304[0m 182.387 ms - -[0m
2025-04-14 15:56:09 info: [0mGET /api/projects/getAllProjects [36m304[0m 1385.225 ms - -[0m
2025-04-14 15:56:09 info: [0mGET /api/projects/getAllProjects [36m304[0m 191.190 ms - -[0m
2025-04-14 15:56:09 info: [0mGET /api/projects/getAllProjects [36m304[0m 183.859 ms - -[0m
2025-04-14 15:56:45 info: [0mGET /api/projects/getAllProjects [36m304[0m 1421.653 ms - -[0m
2025-04-14 15:56:46 info: [0mGET /api/projects/getAllProjects [36m304[0m 207.073 ms - -[0m
2025-04-14 15:56:46 info: [0mGET /api/projects/getAllProjects [36m304[0m 185.074 ms - -[0m
2025-04-14 15:57:13 info: [0mGET /api/projects/getAllProjects [36m304[0m 1305.381 ms - -[0m
2025-04-14 15:57:13 info: [0mGET /api/projects/getAllProjects [36m304[0m 186.479 ms - -[0m
2025-04-14 15:57:14 info: [0mGET /api/projects/getAllProjects [36m304[0m 180.245 ms - -[0m
2025-04-14 15:57:23 info: [0mGET /api/projects/getAllProjects [36m304[0m 185.028 ms - -[0m
2025-04-14 15:57:23 info: [0mGET /api/notifications/getAllNotifications [36m304[0m 553.071 ms - -[0m
2025-04-14 15:57:23 info: [0mGET /api/employees/getEmployee/19 [36m304[0m 702.447 ms - -[0m
2025-04-14 15:57:31 info: [0mGET /api/projects/getAllProjects [36m304[0m 196.772 ms - -[0m
2025-04-14 15:57:32 info: [0mGET /api/projects/getAllProjects [36m304[0m 184.134 ms - -[0m
2025-04-14 15:57:32 info: [0mGET /api/projects/getAllProjects [36m304[0m 185.421 ms - -[0m
2025-04-14 15:57:36 info: [0mGET /api/projects/getAllProjects [36m304[0m 183.532 ms - -[0m
2025-04-14 15:57:37 info: [0mGET /api/projects/getAllProjects [36m304[0m 187.639 ms - -[0m
2025-04-14 15:57:37 info: [0mGET /api/projects/getAllProjects [36m304[0m 195.365 ms - -[0m
2025-04-14 15:57:42 info: [0mGET /api/projects/getAllProjects [36m304[0m 185.330 ms - -[0m
2025-04-14 15:57:42 info: [0mGET /api/projects/getAllProjects [36m304[0m 188.286 ms - -[0m
2025-04-14 15:57:43 info: [0mGET /api/projects/getAllProjects [36m304[0m 182.222 ms - -[0m
2025-04-14 15:58:01 info: [0mGET /api/projects/getAllProjects [36m304[0m 1401.490 ms - -[0m
2025-04-14 15:58:02 info: [0mGET /api/projects/getAllProjects [36m304[0m 184.080 ms - -[0m
2025-04-14 15:58:02 info: [0mGET /api/projects/getAllProjects [36m304[0m 218.052 ms - -[0m
2025-04-14 15:58:04 info: [0mGET /api/projects/getAllProjects [36m304[0m 187.992 ms - -[0m
2025-04-14 15:58:05 info: [0mGET /api/projects/getAllProjects [36m304[0m 197.330 ms - -[0m
2025-04-14 15:58:05 info: [0mGET /api/projects/getAllProjects [36m304[0m 183.642 ms - -[0m
2025-04-14 15:58:41 info: [0mGET /api/projects/getAllProjects [36m304[0m 1354.233 ms - -[0m
2025-04-14 15:58:41 info: [0mGET /api/employees/getEmployee/19 [36m304[0m 1344.995 ms - -[0m
2025-04-14 15:58:41 info: [0mGET /api/notifications/getAllNotifications [36m304[0m 1538.431 ms - -[0m
2025-04-14 16:01:02 info: [0mGET /api/projects/getAllProjects [36m304[0m 1594.202 ms - -[0m
2025-04-14 16:01:02 info: [0mGET /api/employees/getEmployee/19 [36m304[0m 1419.288 ms - -[0m
2025-04-14 16:01:02 info: [0mGET /api/notifications/getAllNotifications [36m304[0m 1545.474 ms - -[0m
2025-04-14 16:02:30 info: [0mGET /api/employees/getEmployee/19 [36m304[0m 1370.185 ms - -[0m
2025-04-14 16:02:30 info: [0mGET /api/projects/getAllProjects [36m304[0m 1372.584 ms - -[0m
2025-04-14 16:02:30 info: [0mGET /api/notifications/getAllNotifications [36m304[0m 1630.095 ms - -[0m
2025-04-14 16:05:36 info: [0mGET /api/projects/getAllProjects [36m304[0m 1414.592 ms - -[0m
2025-04-14 16:05:36 info: [0mGET /api/employees/getEmployee/19 [36m304[0m 1426.853 ms - -[0m
2025-04-14 16:05:37 info: [0mGET /api/notifications/getAllNotifications [36m304[0m 1799.404 ms - -[0m
2025-04-14 16:05:40 info: [0mGET /api/notifications/getAllNotifications [36m304[0m 195.647 ms - -[0m
2025-04-14 16:05:40 info: [0mGET /api/employees/getEmployee/19 [36m304[0m 196.568 ms - -[0m
2025-04-14 16:05:40 info: [0mGET /api/projects/getAllProjects [36m304[0m 198.357 ms - -[0m
2025-04-14 16:13:30 info: [0mGET /api/employees/getEmployee/19 [36m304[0m 1388.432 ms - -[0m
2025-04-14 16:13:30 info: [0mGET /api/projects/getAllProjects [36m304[0m 1405.159 ms - -[0m
2025-04-14 16:13:30 info: [0mGET /api/notifications/getAllNotifications [36m304[0m 1724.049 ms - -[0m
2025-04-14 16:14:33 info: [0mGET /api/projects/getAllProjects [36m304[0m 1911.316 ms - -[0m
2025-04-14 16:14:33 info: [0mGET /api/notifications/getAllNotifications [36m304[0m 2090.586 ms - -[0m
2025-04-14 16:14:33 info: [0mGET /api/employees/getEmployee/19 [36m304[0m 2071.980 ms - -[0m
2025-04-14 16:19:28 info: [0mGET /api/employees/getEmployee/19 [36m304[0m 1643.502 ms - -[0m
2025-04-14 16:19:28 info: [0mGET /api/projects/getAllProjects [36m304[0m 1649.172 ms - -[0m
2025-04-14 16:19:28 info: [0mGET /api/notifications/getAllNotifications [36m304[0m 1875.893 ms - -[0m
2025-04-14 16:20:10 info: [0mGET /api/employees/getEmployee/19 [36m304[0m 1295.236 ms - -[0m
2025-04-14 16:20:10 info: [0mGET /api/projects/getAllProjects [36m304[0m 1331.506 ms - -[0m
2025-04-14 16:20:11 info: [0mGET /api/notifications/getAllNotifications [36m304[0m 1481.096 ms - -[0m
2025-04-14 16:21:42 info: [0mGET /api/projects/getAllProjects [36m304[0m 1339.952 ms - -[0m
2025-04-14 16:21:42 info: [0mGET /api/projects/getAllProjects [36m304[0m 184.708 ms - -[0m
2025-04-14 16:27:52 info: [0mGET /api/projects/getAllProjects [36m304[0m 1832.284 ms - -[0m
2025-04-14 16:27:52 info: [0mGET /api/projects/getAllProjects [36m304[0m 178.344 ms - -[0m
2025-04-14 16:30:40 info: [0mGET /api/employees/getEmployee/19 [36m304[0m 1648.712 ms - -[0m
2025-04-14 16:30:41 info: [0mGET /api/notifications/getAllNotifications [36m304[0m 1920.500 ms - -[0m
2025-04-14 16:31:07 info: [0mGET /api/projects/getAllProjects [36m304[0m 1891.628 ms - -[0m
2025-04-14 16:31:07 info: [0mGET /api/projects/getAllProjects [36m304[0m 182.952 ms - -[0m
2025-04-14 16:45:42 info: [0mGET /api/projects/getAllProjects [36m304[0m 2736.898 ms - -[0m
2025-04-14 16:45:42 info: [0mGET /api/projects/getAllProjects [36m304[0m 189.375 ms - -[0m
