2025-04-10 07:58:45 info: [0mOPTIONS /api/auth/login [32m200[0m 58.139 ms - 0[0m
2025-04-10 07:58:48 info: [0mPOST /api/auth/login [32m200[0m 2435.119 ms - 545[0m
2025-04-10 07:58:59 info: [0mGET /api/employees/getEmployee/19 [36m304[0m 1484.286 ms - -[0m
2025-04-10 07:58:59 info: [0mGET /api/employees/getAllEmployees [32m200[0m 1388.782 ms - 10766[0m
2025-04-10 07:59:00 info: [0mGET /api/notifications/getAllNotifications [36m304[0m 1644.494 ms - -[0m
2025-04-10 07:59:00 info: [0mGET /api/employees/getNumberOfAssignedEmployees [36m304[0m 1534.004 ms - -[0m
2025-04-10 07:59:00 info: [0mGET /api/tasks/getChartWeeklyTaskTimeStatistics [32m200[0m 1586.658 ms - 284[0m
2025-04-10 07:59:00 info: [0mGET /api/tasks/getChartYearlyTaskTimeStatistics [32m200[0m 1567.058 ms - 295[0m
2025-04-10 07:59:00 info: [0mGET /api/tasks/getProjectHoursSummary [32m200[0m 364.716 ms - 135[0m
2025-04-10 07:59:00 info: [0mGET /api/projects/getAllProjects [36m304[0m 195.640 ms - -[0m
2025-04-10 07:59:00 info: [0mGET /api/tasks/getChartTaskTimeStatistics [32m200[0m 394.163 ms - 246[0m
2025-04-10 07:59:00 info: [0mGET /api/employees/getEmployee/19 [36m304[0m 193.177 ms - -[0m
2025-04-10 07:59:00 info: [0mGET /api/employees/getAllEmployees [36m304[0m 207.118 ms - -[0m
2025-04-10 07:59:00 info: [0mGET /api/employees/getProjectEmployees/0 [32m201[0m 346.053 ms - 70[0m
2025-04-10 07:59:00 info: [0mGET /api/employees/getNumberOfAssignedEmployees [36m304[0m 189.377 ms - -[0m
2025-04-10 07:59:00 info: [0mGET /api/tasks/getProjectHoursSummary [36m304[0m 329.829 ms - -[0m
2025-04-10 07:59:00 info: [0mGET /api/notifications/getAllNotifications [36m304[0m 431.520 ms - -[0m
2025-04-10 07:59:00 info: [0mGET /api/projects/getAllProjects [36m304[0m 245.943 ms - -[0m
2025-04-10 07:59:00 info: [0mGET /api/tasks/getChartWeeklyTaskTimeStatistics [36m304[0m 416.576 ms - -[0m
2025-04-10 07:59:00 info: [0mGET /api/tasks/getChartYearlyTaskTimeStatistics [36m304[0m 514.547 ms - -[0m
2025-04-10 07:59:00 info: [0mGET /api/employees/getProjectEmployees/0 [32m201[0m 182.924 ms - 70[0m
2025-04-10 07:59:00 info: [0mGET /api/tasks/getChartTaskTimeStatistics [36m304[0m 412.310 ms - -[0m
2025-04-10 08:04:50 info: [0mGET /api/employees/getEmployee/19 [36m304[0m 1995.697 ms - -[0m
2025-04-10 08:04:50 info: [0mGET /api/employees/getAllEmployees [36m304[0m 1990.156 ms - -[0m
2025-04-10 08:04:50 info: [0mGET /api/tasks/getProjectHoursSummary [36m304[0m 1980.073 ms - -[0m
2025-04-10 08:04:51 info: [0mGET /api/notifications/getAllNotifications [36m304[0m 2324.721 ms - -[0m
2025-04-10 08:04:51 info: [0mGET /api/tasks/getChartWeeklyTaskTimeStatistics [36m304[0m 2195.002 ms - -[0m
2025-04-10 08:04:51 info: [0mGET /api/employees/getNumberOfAssignedEmployees [36m304[0m 223.182 ms - -[0m
2025-04-10 08:04:51 info: [0mGET /api/projects/getAllProjects [36m304[0m 398.788 ms - -[0m
2025-04-10 08:04:51 info: [0mGET /api/tasks/getChartYearlyTaskTimeStatistics [36m304[0m 2369.477 ms - -[0m
2025-04-10 08:04:51 info: [0mGET /api/tasks/getChartTaskTimeStatistics [36m304[0m 409.206 ms - -[0m
2025-04-10 08:04:51 info: [0mGET /api/employees/getProjectEmployees/0 [32m201[0m 182.054 ms - 70[0m
2025-04-10 08:12:39 info: [0mOPTIONS /api/auth/login [32m200[0m 24.171 ms - 0[0m
2025-04-10 08:12:41 info: [0mPOST /api/auth/login [32m200[0m 1896.016 ms - 545[0m
2025-04-10 08:12:42 info: [0mGET /api/employees/getEmployee/19 [36m304[0m 207.250 ms - -[0m
2025-04-10 08:12:42 info: [0mGET /api/employees/getAllEmployees [32m200[0m 376.692 ms - 11149[0m
2025-04-10 08:12:42 info: [0mGET /api/notifications/getAllNotifications [36m304[0m 752.385 ms - -[0m
2025-04-10 08:12:43 info: [0mGET /api/tasks/getProjectHoursSummary [32m200[0m 1374.711 ms - 135[0m
2025-04-10 08:12:43 info: [0mGET /api/employees/getNumberOfAssignedEmployees [36m304[0m 1057.121 ms - -[0m
2025-04-10 08:12:43 info: [0mGET /api/projects/getAllProjects [36m304[0m 680.360 ms - -[0m
2025-04-10 08:12:43 info: [0mGET /api/tasks/getChartWeeklyTaskTimeStatistics [32m200[0m 1416.022 ms - 284[0m
2025-04-10 08:12:43 info: [0mGET /api/tasks/getChartTaskTimeStatistics [32m200[0m 1563.116 ms - 248[0m
2025-04-10 08:12:43 info: [0mGET /api/tasks/getChartYearlyTaskTimeStatistics [32m200[0m 1423.026 ms - 297[0m
2025-04-10 08:12:43 info: [0mGET /api/employees/getEmployee/19 [36m304[0m 193.640 ms - -[0m
2025-04-10 08:12:43 info: [0mGET /api/employees/getAllEmployees [36m304[0m 193.510 ms - -[0m
2025-04-10 08:12:43 info: [0mGET /api/employees/getProjectEmployees/0 [32m201[0m 185.729 ms - 70[0m
2025-04-10 08:12:44 info: [0mGET /api/notifications/getAllNotifications [36m304[0m 354.720 ms - -[0m
2025-04-10 08:12:44 info: [0mGET /api/tasks/getProjectHoursSummary [36m304[0m 222.648 ms - -[0m
2025-04-10 08:12:44 info: [0mGET /api/employees/getNumberOfAssignedEmployees [36m304[0m 216.687 ms - -[0m
2025-04-10 08:12:44 info: [0mGET /api/projects/getAllProjects [36m304[0m 200.355 ms - -[0m
2025-04-10 08:12:44 info: [0mGET /api/employees/getProjectEmployees/0 [32m201[0m 186.812 ms - 70[0m
2025-04-10 08:12:44 info: [0mGET /api/tasks/getChartWeeklyTaskTimeStatistics [36m304[0m 388.228 ms - -[0m
2025-04-10 08:12:44 info: [0mGET /api/tasks/getChartTaskTimeStatistics [36m304[0m 536.748 ms - -[0m
2025-04-10 08:12:44 info: [0mGET /api/tasks/getChartYearlyTaskTimeStatistics [36m304[0m 377.468 ms - -[0m
2025-04-10 08:29:27 info: [0mGET /api/employees/getEmployee/19 [36m304[0m 1954.662 ms - -[0m
2025-04-10 08:29:27 info: [0mGET /api/employees/getAllEmployees [32m200[0m 1932.326 ms - 11553[0m
2025-04-10 08:29:27 info: [0mGET /api/employees/getNumberOfAssignedEmployees [36m304[0m 1915.244 ms - -[0m
2025-04-10 08:29:27 info: [0mGET /api/notifications/getAllNotifications [36m304[0m 2078.776 ms - -[0m
2025-04-10 08:29:27 info: [0mGET /api/tasks/getChartWeeklyTaskTimeStatistics [32m200[0m 2112.260 ms - 286[0m
2025-04-10 08:29:27 info: [0mGET /api/tasks/getProjectHoursSummary [32m200[0m 201.813 ms - 135[0m
2025-04-10 08:29:27 info: [0mGET /api/projects/getAllProjects [36m304[0m 244.618 ms - -[0m
2025-04-10 08:29:27 info: [0mGET /api/tasks/getChartYearlyTaskTimeStatistics [32m200[0m 2198.172 ms - 296[0m
2025-04-10 08:29:27 info: [0mGET /api/employees/getProjectEmployees/0 [32m201[0m 188.517 ms - 70[0m
2025-04-10 08:29:27 info: [0mGET /api/tasks/getChartTaskTimeStatistics [32m200[0m 386.010 ms - 263[0m
2025-04-10 08:29:36 info: [0mGET /api/employees/getAllEmployees [36m304[0m 250.583 ms - -[0m
2025-04-10 08:29:38 info: [0mGET /api/projects/getAllProjects [36m304[0m 242.466 ms - -[0m
2025-04-10 08:31:22 info: [0mGET /api/employees/getEmployee/19 [36m304[0m 1899.340 ms - -[0m
2025-04-10 08:31:22 info: [0mGET /api/notifications/getAllNotifications [36m304[0m 2043.663 ms - -[0m
2025-04-10 08:31:22 info: [0mGET /api/employees/getEmployee/19 [36m304[0m 193.422 ms - -[0m
2025-04-10 08:31:23 info: [0mGET /api/notifications/getAllNotifications [36m304[0m 312.585 ms - -[0m
2025-04-10 08:32:12 info: [0mGET /api/projects/getAllProjects [36m304[0m 1538.100 ms - -[0m
2025-04-10 08:32:22 info: [0mOPTIONS /api/notifications/createNotification [32m200[0m 2.112 ms - 0[0m
2025-04-10 08:32:22 info: [0mPOST /api/notifications/createNotification [32m201[0m 502.521 ms - 382[0m
2025-04-10 08:34:22 info: [0mGET /api/notifications/getAllNotifications [32m200[0m 2476.616 ms - 83203[0m
2025-04-10 08:34:47 info: [0mGET /api/employees/getEmployee/19 [36m304[0m 1464.826 ms - -[0m
2025-04-10 08:34:47 info: [0mGET /api/notifications/getAllNotifications [36m304[0m 1673.171 ms - -[0m
2025-04-10 08:34:47 info: [0mGET /api/employees/getEmployee/19 [36m304[0m 198.060 ms - -[0m
2025-04-10 08:34:48 info: [0mGET /api/notifications/getAllNotifications [36m304[0m 607.821 ms - -[0m
2025-04-10 09:09:12 info: [0mGET /api/employees/getEmployee/19 [36m304[0m 1585.138 ms - -[0m
2025-04-10 09:09:12 info: [0mGET /api/employees/getAllEmployees [32m200[0m 1390.996 ms - 13055[0m
2025-04-10 09:09:12 info: [0mGET /api/employees/getNumberOfAssignedEmployees [32m200[0m 1396.629 ms - 89[0m
2025-04-10 09:09:13 info: [0mGET /api/notifications/getAllNotifications [36m304[0m 1593.473 ms - -[0m
2025-04-10 09:09:13 info: [0mGET /api/projects/getAllProjects [32m200[0m 189.921 ms - 5330[0m
2025-04-10 09:09:13 info: [0mGET /api/tasks/getProjectHoursSummary [32m200[0m 219.673 ms - 135[0m
2025-04-10 09:09:13 info: [0mGET /api/tasks/getChartWeeklyTaskTimeStatistics [32m200[0m 1667.093 ms - 284[0m
2025-04-10 09:09:13 info: [0mGET /api/tasks/getChartTaskTimeStatistics [32m200[0m 1670.356 ms - 279[0m
2025-04-10 09:09:13 info: [0mGET /api/tasks/getChartYearlyTaskTimeStatistics [32m200[0m 421.187 ms - 296[0m
2025-04-10 09:09:13 info: [0mGET /api/employees/getProjectEmployees/0 [32m201[0m 204.903 ms - 70[0m
2025-04-10 09:10:30 info: [0mGET /api/employees/getEmployee/19 [36m304[0m 2021.097 ms - -[0m
2025-04-10 09:10:30 info: [0mGET /api/employees/getAllEmployees [36m304[0m 1905.604 ms - -[0m
2025-04-10 09:10:30 info: [0mGET /api/notifications/getAllNotifications [36m304[0m 2255.830 ms - -[0m
2025-04-10 09:10:30 info: [0mGET /api/tasks/getChartWeeklyTaskTimeStatistics [36m304[0m 2015.468 ms - -[0m
2025-04-10 09:10:30 info: [0mGET /api/tasks/getChartYearlyTaskTimeStatistics [36m304[0m 2017.528 ms - -[0m
2025-04-10 09:10:30 info: [0mGET /api/tasks/getProjectHoursSummary [36m304[0m 191.109 ms - -[0m
2025-04-10 09:10:30 info: [0mGET /api/employees/getNumberOfAssignedEmployees [36m304[0m 331.190 ms - -[0m
2025-04-10 09:10:30 info: [0mGET /api/projects/getAllProjects [36m304[0m 212.682 ms - -[0m
2025-04-10 09:10:30 info: [0mGET /api/tasks/getChartTaskTimeStatistics [36m304[0m 2228.028 ms - -[0m
2025-04-10 09:10:30 info: [0mGET /api/employees/getProjectEmployees/0 [32m201[0m 265.856 ms - 70[0m
2025-04-10 09:10:43 info: [0mGET /api/employees/getAllEmployees [36m304[0m 1663.477 ms - -[0m
2025-04-10 09:10:43 info: [0mGET /api/notifications/getAllNotifications [36m304[0m 1987.520 ms - -[0m
2025-04-10 09:10:46 info: [0mGET /api/projects/getAllProjects [36m304[0m 186.107 ms - -[0m
2025-04-10 09:10:46 info: [0mGET /api/notifications/getAllNotifications [36m304[0m 362.791 ms - -[0m
2025-04-10 09:10:56 info: [0mGET /api/notifications/getAllNotifications [36m304[0m 192.093 ms - -[0m
2025-04-10 09:11:02 info: [0mGET /api/notifications/getAllNotifications [36m304[0m 197.727 ms - -[0m
2025-04-10 09:11:02 info: [0mGET /api/employees/getEmployee/19 [36m304[0m 375.437 ms - -[0m
2025-04-10 09:11:02 info: [0mGET /api/notifications/getAllNotifications [36m304[0m 371.052 ms - -[0m
2025-04-10 09:11:02 info: [0mGET /api/employees/getEmployee/19 [36m304[0m 375.975 ms - -[0m
2025-04-10 09:11:16 info: [0mGET /api/projects/getAllProjects [36m304[0m 1304.891 ms - -[0m
2025-04-10 09:11:16 info: [0mGET /api/notifications/getAllNotifications [36m304[0m 1489.573 ms - -[0m
2025-04-10 09:11:21 info: [0mOPTIONS /api/notifications/createNotification [32m200[0m 0.881 ms - 0[0m
2025-04-10 09:11:22 info: [0mPOST /api/notifications/createNotification [32m201[0m 718.806 ms - 382[0m
2025-04-10 09:11:22 info: [0mGET /api/notifications/getAllNotifications [32m200[0m 192.566 ms - 83507[0m
2025-04-10 09:11:51 info: [0mGET /api/employees/getEmployee/19 [36m304[0m 1317.239 ms - -[0m
2025-04-10 09:11:51 info: [0mGET /api/notifications/getAllNotifications [36m304[0m 1492.194 ms - -[0m
2025-04-10 09:11:51 info: [0mGET /api/employees/getEmployee/19 [36m304[0m 190.110 ms - -[0m
2025-04-10 09:11:51 info: [0mGET /api/notifications/getAllNotifications [36m304[0m 188.872 ms - -[0m
2025-04-10 09:13:38 info: [0mOPTIONS /api/auth/login [32m200[0m 0.192 ms - 0[0m
2025-04-10 09:13:39 error: [POST] /api/auth/login >> StatusCode:: 404, Message:: Email venica@gmail.com not found
2025-04-10 09:13:39 info: [0mPOST /api/auth/login [33m404[0m 1320.922 ms - 46[0m
2025-04-10 09:13:50 info: [0mOPTIONS /api/auth/login [32m200[0m 0.343 ms - 0[0m
2025-04-10 09:13:52 info: [0mPOST /api/auth/login [32m200[0m 1648.968 ms - 555[0m
2025-04-10 09:13:58 info: [0mGET /api/employees/getEmployee/1 [32m200[0m 203.406 ms - 500[0m
2025-04-10 09:13:58 info: [0mGET /api/notifications/getAllNotifications [36m304[0m 578.661 ms - -[0m
2025-04-10 09:13:59 info: [0mGET /api/tasks/getEmployeeProjectHours/1 [32m200[0m 1249.621 ms - 143[0m
2025-04-10 09:13:59 info: [0mGET /api/employees/getEmployee/1 [36m304[0m 1164.889 ms - -[0m
2025-04-10 09:13:59 info: [0mGET /api/tasks/getEmployeeChartWeeklyTaskTimeStatistics/1 [32m200[0m 1375.438 ms - 244[0m
2025-04-10 09:13:59 info: [0mGET /api/tasks/getEmployeeChartYearlyTaskTimeStatistics/1 [32m200[0m 1351.043 ms - 264[0m
2025-04-10 09:13:59 info: [0mGET /api/tasks/getEmployeeChartTaskTimeStatistics/1 [32m200[0m 1447.085 ms - 223[0m
2025-04-10 09:13:59 info: [0mGET /api/notifications/getAllNotifications [36m304[0m 963.052 ms - -[0m
2025-04-10 09:13:59 info: [0mGET /api/tasks/getEmployeeProjectHours/1 [36m304[0m 231.520 ms - -[0m
2025-04-10 09:14:00 info: [0mGET /api/tasks/getEmployeeChartWeeklyTaskTimeStatistics/1 [36m304[0m 371.115 ms - -[0m
2025-04-10 09:14:00 info: [0mGET /api/tasks/getEmployeeChartYearlyTaskTimeStatistics/1 [36m304[0m 372.782 ms - -[0m
2025-04-10 09:14:00 info: [0mGET /api/tasks/getEmployeeChartTaskTimeStatistics/1 [36m304[0m 370.813 ms - -[0m
2025-04-10 09:27:17 info: [0mOPTIONS /api/auth/login [32m200[0m 26.993 ms - 0[0m
2025-04-10 09:27:18 info: [0mPOST /api/auth/login [32m200[0m 1526.541 ms - 555[0m
2025-04-10 09:27:19 info: [0mGET /api/notifications/getEmployeeNotifications/1 [32m200[0m 235.266 ms - 4293[0m
2025-04-10 09:27:20 info: [0mGET /api/employees/getEmployee/1 [36m304[0m 385.573 ms - -[0m
2025-04-10 09:27:20 info: [0mGET /api/tasks/getEmployeeProjectHours/1 [36m304[0m 884.775 ms - -[0m
2025-04-10 09:27:20 info: [0mGET /api/notifications/getEmployeeNotifications/1 [36m304[0m 1111.842 ms - -[0m
2025-04-10 09:27:20 info: [0mGET /api/employees/getEmployee/1 [36m304[0m 924.723 ms - -[0m
2025-04-10 09:27:20 info: [0mGET /api/tasks/getEmployeeChartWeeklyTaskTimeStatistics/1 [36m304[0m 1320.864 ms - -[0m
2025-04-10 09:27:20 info: [0mGET /api/tasks/getEmployeeChartYearlyTaskTimeStatistics/1 [36m304[0m 1323.833 ms - -[0m
2025-04-10 09:27:21 info: [0mGET /api/tasks/getEmployeeProjectHours/1 [36m304[0m 458.597 ms - -[0m
2025-04-10 09:27:21 info: [0mGET /api/tasks/getEmployeeChartTaskTimeStatistics/1 [36m304[0m 1426.220 ms - -[0m
2025-04-10 09:27:21 info: [0mGET /api/tasks/getEmployeeChartWeeklyTaskTimeStatistics/1 [36m304[0m 369.102 ms - -[0m
2025-04-10 09:27:21 info: [0mGET /api/tasks/getEmployeeChartYearlyTaskTimeStatistics/1 [36m304[0m 371.320 ms - -[0m
2025-04-10 09:27:21 info: [0mGET /api/tasks/getEmployeeChartTaskTimeStatistics/1 [36m304[0m 378.211 ms - -[0m
2025-04-10 09:27:30 info: [0mGET /api/notifications/getEmployeeNotifications/1 [36m304[0m 185.620 ms - -[0m
2025-04-10 09:27:30 info: [0mGET /api/employees/getAllEmployees [32m200[0m 186.308 ms - 13436[0m
2025-04-10 09:27:30 info: [0mGET /api/employees/getEmployee/1 [36m304[0m 190.748 ms - -[0m
2025-04-10 09:27:31 info: [0mGET /api/tasks/getEmployeeProjectHours/1 [36m304[0m 188.563 ms - -[0m
2025-04-10 09:27:31 info: [0mGET /api/tasks/getEmployeeChartWeeklyTaskTimeStatistics/1 [36m304[0m 371.584 ms - -[0m
2025-04-10 09:27:31 info: [0mGET /api/tasks/getEmployeeChartYearlyTaskTimeStatistics/1 [36m304[0m 370.282 ms - -[0m
2025-04-10 09:27:31 info: [0mGET /api/tasks/getEmployeeChartTaskTimeStatistics/1 [36m304[0m 515.397 ms - -[0m
2025-04-10 09:27:51 info: [0mGET /api/employees/getAllEmployees [36m304[0m 1361.863 ms - -[0m
2025-04-10 09:27:51 info: [0mGET /api/employees/getEmployee/1 [36m304[0m 1346.082 ms - -[0m
2025-04-10 09:27:51 info: [0mGET /api/notifications/getEmployeeNotifications/1 [36m304[0m 1367.440 ms - -[0m
2025-04-10 09:27:52 info: [0mGET /api/tasks/getEmployeeChartYearlyTaskTimeStatistics/1 [36m304[0m 1499.000 ms - -[0m
2025-04-10 09:27:52 info: [0mGET /api/tasks/getEmployeeChartWeeklyTaskTimeStatistics/1 [36m304[0m 1519.771 ms - -[0m
2025-04-10 09:27:52 info: [0mGET /api/tasks/getEmployeeProjectHours/1 [36m304[0m 197.457 ms - -[0m
2025-04-10 09:27:52 info: [0mGET /api/tasks/getEmployeeChartTaskTimeStatistics/1 [36m304[0m 1655.472 ms - -[0m
2025-04-10 09:29:03 info: [0mGET /api/notifications/getEmployeeNotifications/1 [36m304[0m 1417.906 ms - -[0m
2025-04-10 09:29:03 info: [0mGET /api/employees/getAllEmployees [36m304[0m 1369.091 ms - -[0m
2025-04-10 09:29:03 info: [0mGET /api/employees/getEmployee/1 [36m304[0m 1352.529 ms - -[0m
2025-04-10 09:29:04 info: [0mGET /api/notifications/getEmployeeNotifications/1 [36m304[0m 188.189 ms - -[0m
2025-04-10 09:29:04 info: [0mGET /api/employees/getAllEmployees [36m304[0m 187.501 ms - -[0m
2025-04-10 09:29:04 info: [0mGET /api/employees/getEmployee/1 [36m304[0m 193.261 ms - -[0m
2025-04-10 09:29:30 info: [0mOPTIONS /api/auth/login [32m200[0m 2.242 ms - 0[0m
2025-04-10 09:29:31 info: [0mPOST /api/auth/login [32m200[0m 1497.944 ms - 555[0m
2025-04-10 09:29:32 info: [0mGET /api/notifications/getEmployeeNotifications/15 [32m200[0m 184.517 ms - 4698[0m
2025-04-10 09:29:32 info: [0mGET /api/employees/getEmployee/15 [32m200[0m 365.845 ms - 492[0m
2025-04-10 09:29:32 info: [0mGET /api/tasks/getEmployeeProjectHours/15 [36m304[0m 887.241 ms - -[0m
2025-04-10 09:29:33 info: [0mGET /api/notifications/getEmployeeNotifications/15 [36m304[0m 1088.059 ms - -[0m
2025-04-10 09:29:33 info: [0mGET /api/employees/getEmployee/15 [36m304[0m 943.463 ms - -[0m
2025-04-10 09:29:33 info: [0mGET /api/tasks/getEmployeeChartWeeklyTaskTimeStatistics/15 [36m304[0m 1306.270 ms - -[0m
2025-04-10 09:29:33 info: [0mGET /api/tasks/getEmployeeChartTaskTimeStatistics/15 [36m304[0m 1297.401 ms - -[0m
2025-04-10 09:29:33 info: [0mGET /api/tasks/getEmployeeProjectHours/15 [36m304[0m 447.930 ms - -[0m
2025-04-10 09:29:33 info: [0mGET /api/tasks/getEmployeeChartYearlyTaskTimeStatistics/15 [36m304[0m 1417.938 ms - -[0m
2025-04-10 09:29:33 info: [0mGET /api/tasks/getEmployeeChartWeeklyTaskTimeStatistics/15 [36m304[0m 362.132 ms - -[0m
2025-04-10 09:29:33 info: [0mGET /api/tasks/getEmployeeChartTaskTimeStatistics/15 [36m304[0m 365.163 ms - -[0m
2025-04-10 09:29:33 info: [0mGET /api/tasks/getEmployeeChartYearlyTaskTimeStatistics/15 [36m304[0m 360.110 ms - -[0m
2025-04-10 09:30:05 info: [0mOPTIONS /api/notifications/createNotification [32m200[0m 0.192 ms - 0[0m
2025-04-10 09:30:07 info: [0mPOST /api/notifications/createNotification [32m201[0m 1523.589 ms - 11192[0m
2025-04-10 09:30:50 info: [0mGET /api/employees/getAllEmployees [36m304[0m 1380.419 ms - -[0m
2025-04-10 09:30:50 info: [0mGET /api/employees/getEmployee/15 [36m304[0m 1346.535 ms - -[0m
2025-04-10 09:30:50 info: [0mGET /api/notifications/getEmployeeNotifications/15 [32m200[0m 1349.360 ms - 5008[0m
2025-04-10 09:30:51 info: [0mGET /api/tasks/getEmployeeProjectHours/15 [36m304[0m 190.428 ms - -[0m
2025-04-10 09:30:51 info: [0mGET /api/tasks/getEmployeeChartWeeklyTaskTimeStatistics/15 [36m304[0m 1468.488 ms - -[0m
2025-04-10 09:30:51 info: [0mGET /api/tasks/getEmployeeChartYearlyTaskTimeStatistics/15 [36m304[0m 1467.280 ms - -[0m
2025-04-10 09:30:51 info: [0mGET /api/tasks/getEmployeeChartTaskTimeStatistics/15 [36m304[0m 1468.485 ms - -[0m
2025-04-10 09:31:05 info: [0mGET /api/employees/getAllEmployees [36m304[0m 1300.854 ms - -[0m
2025-04-10 09:31:05 info: [0mGET /api/notifications/getEmployeeNotifications/15 [36m304[0m 1351.277 ms - -[0m
2025-04-10 09:31:05 info: [0mGET /api/employees/getAllEmployees [36m304[0m 187.137 ms - -[0m
2025-04-10 09:31:05 info: [0mGET /api/notifications/getEmployeeNotifications/15 [36m304[0m 193.947 ms - -[0m
2025-04-10 09:31:23 info: [0mGET /api/employees/getAllEmployees [36m304[0m 1341.658 ms - -[0m
2025-04-10 09:31:23 info: [0mGET /api/notifications/getEmployeeNotifications/15 [36m304[0m 1335.702 ms - -[0m
2025-04-10 09:31:46 info: [0mGET /api/employees/getAllEmployees [36m304[0m 1341.357 ms - -[0m
2025-04-10 09:31:46 info: [0mGET /api/notifications/getEmployeeNotifications/15 [36m304[0m 1356.279 ms - -[0m
2025-04-10 09:32:18 info: [0mGET /api/employees/getAllEmployees [36m304[0m 1703.922 ms - -[0m
2025-04-10 09:32:18 info: [0mGET /api/notifications/getEmployeeNotifications/15 [36m304[0m 1711.493 ms - -[0m
2025-04-10 09:32:30 info: [0mGET /api/employees/getAllEmployees [36m304[0m 1360.073 ms - -[0m
2025-04-10 09:32:30 info: [0mGET /api/notifications/getEmployeeNotifications/15 [36m304[0m 1360.325 ms - -[0m
2025-04-10 09:32:31 info: [0mGET /api/employees/getAllEmployees [36m304[0m 189.562 ms - -[0m
2025-04-10 09:32:31 info: [0mGET /api/notifications/getEmployeeNotifications/15 [36m304[0m 186.407 ms - -[0m
2025-04-10 09:32:35 info: [0mGET /api/employees/getAllEmployees [36m304[0m 189.869 ms - -[0m
2025-04-10 09:32:35 info: [0mGET /api/notifications/getEmployeeNotifications/15 [36m304[0m 198.925 ms - -[0m
2025-04-10 09:32:39 info: [0mGET /api/employees/getAllEmployees [36m304[0m 190.740 ms - -[0m
2025-04-10 09:32:39 info: [0mGET /api/notifications/getEmployeeNotifications/15 [36m304[0m 191.446 ms - -[0m
2025-04-10 09:32:50 info: [0mGET /api/employees/getAllEmployees [36m304[0m 198.695 ms - -[0m
2025-04-10 09:32:50 info: [0mGET /api/notifications/getEmployeeNotifications/15 [36m304[0m 195.604 ms - -[0m
2025-04-10 09:32:53 info: [0mGET /api/notifications/getEmployeeNotifications/15 [36m304[0m 186.506 ms - -[0m
2025-04-10 09:32:53 info: [0mGET /api/employees/getAllEmployees [36m304[0m 196.820 ms - -[0m
2025-04-10 09:33:15 info: [0mGET /api/employees/getAllEmployees [36m304[0m 1411.888 ms - -[0m
2025-04-10 09:33:15 info: [0mGET /api/notifications/getEmployeeNotifications/15 [36m304[0m 1407.169 ms - -[0m
2025-04-10 09:33:17 info: [0mGET /api/notifications/getEmployeeNotifications/15 [36m304[0m 283.069 ms - -[0m
2025-04-10 09:33:17 info: [0mGET /api/employees/getAllEmployees [36m304[0m 299.076 ms - -[0m
2025-04-10 09:33:17 info: [0mGET /api/employees/getEmployee/15 [36m304[0m 498.188 ms - -[0m
2025-04-10 09:33:17 info: [0mGET /api/tasks/getEmployeeProjectHours/15 [36m304[0m 644.332 ms - -[0m
2025-04-10 09:33:17 info: [0mGET /api/tasks/getEmployeeChartWeeklyTaskTimeStatistics/15 [36m304[0m 863.448 ms - -[0m
2025-04-10 09:33:18 info: [0mGET /api/tasks/getEmployeeChartTaskTimeStatistics/15 [36m304[0m 1023.724 ms - -[0m
2025-04-10 09:33:18 info: [0mGET /api/tasks/getEmployeeChartYearlyTaskTimeStatistics/15 [36m304[0m 1074.155 ms - -[0m
2025-04-10 09:33:32 info: [0mOPTIONS /api/auth/login [32m200[0m 2.307 ms - 0[0m
2025-04-10 09:33:34 info: [0mPOST /api/auth/login [32m200[0m 2420.913 ms - 545[0m
2025-04-10 09:33:36 info: [0mGET /api/notifications/getAllNotifications [32m200[0m 386.724 ms - 94349[0m
2025-04-10 09:33:36 info: [0mGET /api/employees/getEmployee/19 [36m304[0m 560.454 ms - -[0m
2025-04-10 09:33:36 info: [0mGET /api/employees/getAllEmployees [36m304[0m 746.710 ms - -[0m
2025-04-10 09:33:37 info: [0mGET /api/projects/getAllProjects [36m304[0m 920.359 ms - -[0m
2025-04-10 09:33:37 info: [0mGET /api/tasks/getProjectHoursSummary [36m304[0m 737.834 ms - -[0m
2025-04-10 09:33:37 info: [0mGET /api/employees/getNumberOfAssignedEmployees [36m304[0m 563.980 ms - -[0m
2025-04-10 09:33:37 info: [0mGET /api/tasks/getChartWeeklyTaskTimeStatistics [36m304[0m 1314.808 ms - -[0m
2025-04-10 09:33:37 info: [0mGET /api/tasks/getChartYearlyTaskTimeStatistics [36m304[0m 1464.683 ms - -[0m
2025-04-10 09:33:37 info: [0mGET /api/tasks/getChartTaskTimeStatistics [36m304[0m 1460.931 ms - -[0m
2025-04-10 09:33:37 info: [0mGET /api/employees/getEmployee/19 [36m304[0m 191.874 ms - -[0m
2025-04-10 09:33:37 info: [0mGET /api/employees/getAllEmployees [36m304[0m 199.890 ms - -[0m
2025-04-10 09:33:37 info: [0mGET /api/employees/getProjectEmployees/0 [32m201[0m 336.251 ms - 70[0m
2025-04-10 09:33:37 info: [0mGET /api/projects/getAllProjects [36m304[0m 179.897 ms - -[0m
2025-04-10 09:33:37 info: [0mGET /api/notifications/getAllNotifications [36m304[0m 371.639 ms - -[0m
2025-04-10 09:33:37 info: [0mGET /api/tasks/getProjectHoursSummary [36m304[0m 208.202 ms - -[0m
2025-04-10 09:33:37 info: [0mGET /api/employees/getNumberOfAssignedEmployees [36m304[0m 197.178 ms - -[0m
2025-04-10 09:33:37 info: [0mGET /api/employees/getProjectEmployees/0 [32m201[0m 194.109 ms - 70[0m
2025-04-10 09:33:37 info: [0mGET /api/tasks/getChartWeeklyTaskTimeStatistics [36m304[0m 509.720 ms - -[0m
2025-04-10 09:33:37 info: [0mGET /api/tasks/getChartYearlyTaskTimeStatistics [36m304[0m 361.011 ms - -[0m
2025-04-10 09:33:37 info: [0mGET /api/tasks/getChartTaskTimeStatistics [36m304[0m 366.284 ms - -[0m
2025-04-10 09:33:53 info: [0mOPTIONS /api/auth/login [32m200[0m 0.266 ms - 0[0m
2025-04-10 09:33:54 info: [0mPOST /api/auth/login [32m200[0m 1411.556 ms - 555[0m
2025-04-10 09:33:55 info: [0mGET /api/notifications/getEmployeeNotifications/15 [36m304[0m 187.717 ms - -[0m
2025-04-10 09:33:55 info: [0mGET /api/employees/getEmployee/15 [36m304[0m 364.543 ms - -[0m
2025-04-10 09:33:55 info: [0mGET /api/tasks/getEmployeeProjectHours/15 [36m304[0m 1045.743 ms - -[0m
2025-04-10 09:33:56 info: [0mGET /api/notifications/getEmployeeNotifications/15 [36m304[0m 1078.165 ms - -[0m
2025-04-10 09:33:56 info: [0mGET /api/employees/getEmployee/15 [36m304[0m 918.449 ms - -[0m
2025-04-10 09:33:56 info: [0mGET /api/tasks/getEmployeeChartWeeklyTaskTimeStatistics/15 [36m304[0m 1284.389 ms - -[0m
2025-04-10 09:33:56 info: [0mGET /api/tasks/getEmployeeChartYearlyTaskTimeStatistics/15 [36m304[0m 1288.951 ms - -[0m
2025-04-10 09:33:56 info: [0mGET /api/tasks/getEmployeeChartTaskTimeStatistics/15 [36m304[0m 1319.577 ms - -[0m
2025-04-10 09:33:56 info: [0mGET /api/tasks/getEmployeeProjectHours/15 [36m304[0m 367.690 ms - -[0m
2025-04-10 09:33:56 info: [0mGET /api/tasks/getEmployeeChartWeeklyTaskTimeStatistics/15 [36m304[0m 359.333 ms - -[0m
2025-04-10 09:33:56 info: [0mGET /api/tasks/getEmployeeChartYearlyTaskTimeStatistics/15 [36m304[0m 360.226 ms - -[0m
2025-04-10 09:33:56 info: [0mGET /api/tasks/getEmployeeChartTaskTimeStatistics/15 [36m304[0m 367.441 ms - -[0m
2025-04-10 09:34:12 info: [0mOPTIONS /api/auth/login [32m200[0m 0.191 ms - 0[0m
2025-04-10 09:34:14 info: [0mPOST /api/auth/login [32m200[0m 1856.446 ms - 545[0m
2025-04-10 09:34:15 info: [0mGET /api/notifications/getAllNotifications [36m304[0m 380.797 ms - -[0m
2025-04-10 09:34:15 info: [0mGET /api/employees/getEmployee/19 [36m304[0m 560.660 ms - -[0m
2025-04-10 09:34:15 info: [0mGET /api/employees/getAllEmployees [36m304[0m 728.385 ms - -[0m
2025-04-10 09:34:16 info: [0mGET /api/tasks/getProjectHoursSummary [36m304[0m 939.165 ms - -[0m
2025-04-10 09:34:16 info: [0mGET /api/projects/getAllProjects [36m304[0m 767.817 ms - -[0m
2025-04-10 09:34:16 info: [0mGET /api/employees/getNumberOfAssignedEmployees [36m304[0m 597.368 ms - -[0m
2025-04-10 09:34:16 info: [0mGET /api/tasks/getChartYearlyTaskTimeStatistics [36m304[0m 1340.403 ms - -[0m
2025-04-10 09:34:16 info: [0mGET /api/tasks/getChartWeeklyTaskTimeStatistics [36m304[0m 1459.805 ms - -[0m
2025-04-10 09:34:16 info: [0mGET /api/tasks/getChartTaskTimeStatistics [36m304[0m 1454.331 ms - -[0m
2025-04-10 09:34:16 info: [0mGET /api/employees/getEmployee/19 [36m304[0m 197.734 ms - -[0m
2025-04-10 09:34:16 info: [0mGET /api/employees/getAllEmployees [36m304[0m 210.184 ms - -[0m
2025-04-10 09:34:16 info: [0mGET /api/employees/getProjectEmployees/0 [32m201[0m 294.068 ms - 70[0m
2025-04-10 09:34:16 info: [0mGET /api/tasks/getProjectHoursSummary [36m304[0m 185.753 ms - -[0m
2025-04-10 09:34:16 info: [0mGET /api/notifications/getAllNotifications [36m304[0m 380.685 ms - -[0m
2025-04-10 09:34:16 info: [0mGET /api/projects/getAllProjects [36m304[0m 203.956 ms - -[0m
2025-04-10 09:34:16 info: [0mGET /api/employees/getNumberOfAssignedEmployees [36m304[0m 217.280 ms - -[0m
2025-04-10 09:34:16 info: [0mGET /api/employees/getProjectEmployees/0 [32m201[0m 182.831 ms - 70[0m
2025-04-10 09:34:17 info: [0mGET /api/tasks/getChartYearlyTaskTimeStatistics [36m304[0m 474.681 ms - -[0m
2025-04-10 09:34:17 info: [0mGET /api/tasks/getChartWeeklyTaskTimeStatistics [36m304[0m 365.787 ms - -[0m
2025-04-10 09:34:17 info: [0mGET /api/tasks/getChartTaskTimeStatistics [36m304[0m 386.309 ms - -[0m
2025-04-10 09:34:55 info: [0mGET /api/notifications/getAllNotifications [36m304[0m 1537.760 ms - -[0m
2025-04-10 09:35:10 info: [0mGET /api/employees/getAllEmployees [36m304[0m 1299.677 ms - -[0m
2025-04-10 09:35:10 info: [0mGET /api/notifications/getAllNotifications [36m304[0m 1493.895 ms - -[0m
2025-04-10 09:35:21 info: [0mOPTIONS /api/notifications/createNotification [32m200[0m 0.263 ms - 0[0m
2025-04-10 09:35:23 info: [0mPOST /api/notifications/createNotification [32m201[0m 1330.826 ms - 363[0m
2025-04-10 09:35:23 info: [0mGET /api/notifications/getAllNotifications [32m200[0m 375.778 ms - 94634[0m
2025-04-10 09:35:48 info: [0mOPTIONS /api/auth/login [32m200[0m 0.225 ms - 0[0m
2025-04-10 09:35:50 info: [0mPOST /api/auth/login [32m200[0m 1482.354 ms - 555[0m
2025-04-10 09:35:50 info: [0mGET /api/employees/getEmployee/15 [36m304[0m 185.499 ms - -[0m
2025-04-10 09:35:50 info: [0mGET /api/notifications/getEmployeeNotifications/15 [32m200[0m 362.495 ms - 5293[0m
2025-04-10 09:35:51 info: [0mGET /api/tasks/getEmployeeProjectHours/15 [36m304[0m 1062.916 ms - -[0m
2025-04-10 09:35:51 info: [0mGET /api/employees/getEmployee/15 [36m304[0m 1078.895 ms - -[0m
2025-04-10 09:35:51 info: [0mGET /api/notifications/getEmployeeNotifications/15 [36m304[0m 922.452 ms - -[0m
2025-04-10 09:35:51 info: [0mGET /api/tasks/getEmployeeChartWeeklyTaskTimeStatistics/15 [36m304[0m 1289.769 ms - -[0m
2025-04-10 09:35:51 info: [0mGET /api/tasks/getEmployeeChartYearlyTaskTimeStatistics/15 [36m304[0m 1284.650 ms - -[0m
2025-04-10 09:35:51 info: [0mGET /api/tasks/getEmployeeChartTaskTimeStatistics/15 [36m304[0m 1294.121 ms - -[0m
2025-04-10 09:35:52 info: [0mGET /api/tasks/getEmployeeProjectHours/15 [36m304[0m 359.136 ms - -[0m
2025-04-10 09:35:52 info: [0mGET /api/tasks/getEmployeeChartWeeklyTaskTimeStatistics/15 [36m304[0m 360.379 ms - -[0m
2025-04-10 09:35:52 info: [0mGET /api/tasks/getEmployeeChartYearlyTaskTimeStatistics/15 [36m304[0m 359.727 ms - -[0m
2025-04-10 09:35:52 info: [0mGET /api/tasks/getEmployeeChartTaskTimeStatistics/15 [36m304[0m 360.079 ms - -[0m
2025-04-10 09:42:59 info: [0mOPTIONS /api/auth/login [32m200[0m 15.170 ms - 0[0m
2025-04-10 09:43:00 info: [0mPOST /api/auth/login [32m200[0m 1580.405 ms - 555[0m
2025-04-10 09:43:08 error: [GET] /api/notifications/getEmployeeNotifications/15 >> StatusCode:: 500, Message:: Error retrieving notifications: Table 'db_aa010d_eltek.notifications' doesn't exist
2025-04-10 09:43:08 info: [0mGET /api/notifications/getEmployeeNotifications/15 [31m500[0m 322.599 ms - 97[0m
2025-04-10 09:43:08 info: [0mGET /api/employees/getEmployee/15 [36m304[0m 463.378 ms - -[0m
2025-04-10 09:43:09 info: [0mGET /api/tasks/getEmployeeProjectHours/15 [36m304[0m 1067.855 ms - -[0m
2025-04-10 09:43:09 error: [GET] /api/notifications/getEmployeeNotifications/15 >> StatusCode:: 500, Message:: Error retrieving notifications: Table 'db_aa010d_eltek.notifications' doesn't exist
2025-04-10 09:43:09 info: [0mGET /api/notifications/getEmployeeNotifications/15 [31m500[0m 1135.606 ms - 97[0m
2025-04-10 09:43:09 info: [0mGET /api/employees/getEmployee/15 [36m304[0m 1024.660 ms - -[0m
2025-04-10 09:43:09 info: [0mGET /api/tasks/getEmployeeChartTaskTimeStatistics/15 [36m304[0m 1444.847 ms - -[0m
2025-04-10 09:43:09 info: [0mGET /api/tasks/getEmployeeChartYearlyTaskTimeStatistics/15 [36m304[0m 1401.316 ms - -[0m
2025-04-10 09:43:09 info: [0mGET /api/tasks/getEmployeeChartWeeklyTaskTimeStatistics/15 [36m304[0m 1396.294 ms - -[0m
2025-04-10 09:43:10 info: [0mGET /api/tasks/getEmployeeProjectHours/15 [36m304[0m 497.349 ms - -[0m
2025-04-10 09:43:10 info: [0mGET /api/tasks/getEmployeeChartYearlyTaskTimeStatistics/15 [36m304[0m 400.909 ms - -[0m
2025-04-10 09:43:10 info: [0mGET /api/tasks/getEmployeeChartTaskTimeStatistics/15 [36m304[0m 407.687 ms - -[0m
2025-04-10 09:43:10 info: [0mGET /api/tasks/getEmployeeChartWeeklyTaskTimeStatistics/15 [36m304[0m 397.808 ms - -[0m
2025-04-10 09:43:35 error: [GET] /api/notifications/getEmployeeNotifications/15 >> StatusCode:: 500, Message:: Error retrieving notifications: Table 'db_aa010d_eltek.notifications' doesn't exist
2025-04-10 09:43:35 info: [0mGET /api/notifications/getEmployeeNotifications/15 [31m500[0m 1301.866 ms - 97[0m
2025-04-10 09:43:35 info: [0mGET /api/employees/getAllEmployees [36m304[0m 1310.731 ms - -[0m
2025-04-10 09:43:35 info: [0mGET /api/employees/getEmployee/15 [36m304[0m 1310.511 ms - -[0m
2025-04-10 09:43:35 info: [0mGET /api/employees/getAllEmployees [36m304[0m 192.791 ms - -[0m
2025-04-10 09:43:35 error: [GET] /api/notifications/getEmployeeNotifications/15 >> StatusCode:: 500, Message:: Error retrieving notifications: Table 'db_aa010d_eltek.notifications' doesn't exist
2025-04-10 09:43:35 info: [0mGET /api/notifications/getEmployeeNotifications/15 [31m500[0m 190.641 ms - 97[0m
2025-04-10 09:43:35 info: [0mGET /api/employees/getEmployee/15 [36m304[0m 187.747 ms - -[0m
2025-04-10 09:43:41 info: [0mGET /api/employees/getAllEmployees [36m304[0m 187.896 ms - -[0m
2025-04-10 09:43:41 error: [GET] /api/notifications/getEmployeeNotifications/15 >> StatusCode:: 500, Message:: Error retrieving notifications: Table 'db_aa010d_eltek.notifications' doesn't exist
2025-04-10 09:43:41 info: [0mGET /api/notifications/getEmployeeNotifications/15 [31m500[0m 201.831 ms - 97[0m
2025-04-10 09:43:41 info: [0mGET /api/employees/getEmployee/15 [36m304[0m 200.161 ms - -[0m
2025-04-10 09:43:41 info: [0mGET /api/employees/getAllEmployees [36m304[0m 186.618 ms - -[0m
2025-04-10 09:43:41 error: [GET] /api/notifications/getEmployeeNotifications/15 >> StatusCode:: 500, Message:: Error retrieving notifications: Table 'db_aa010d_eltek.notifications' doesn't exist
2025-04-10 09:43:41 info: [0mGET /api/notifications/getEmployeeNotifications/15 [31m500[0m 184.858 ms - 97[0m
2025-04-10 09:43:41 info: [0mGET /api/employees/getEmployee/15 [36m304[0m 193.412 ms - -[0m
2025-04-10 09:43:56 info: [0mOPTIONS /api/notifications/createNotification [32m200[0m 0.341 ms - 0[0m
2025-04-10 09:43:58 error: [POST] /api/notifications/createNotification >> StatusCode:: 500, Message:: Table 'db_aa010d_eltek.notifications' doesn't exist
2025-04-10 09:43:58 info: [0mPOST /api/notifications/createNotification [31m500[0m 1324.275 ms - 65[0m
2025-04-10 09:44:24 info: =================================
2025-04-10 09:44:24 info: ======= ENV: development =======
2025-04-10 09:44:24 info: 🚀 Identity Service listening on port 5000
2025-04-10 09:44:24 info: =================================
2025-04-10 09:44:26 info: Database connection established successfully.
2025-04-10 09:44:29 info: Database tables synced successfully.
2025-04-10 09:44:45 info: [0mOPTIONS /api/notifications/createNotification [32m200[0m 2.559 ms - 0[0m
2025-04-10 09:44:47 info: [0mPOST /api/notifications/createNotification [32m201[0m 1355.049 ms - 360[0m
2025-04-10 09:45:07 info: [0mGET /api/employees/getAllEmployees [36m304[0m 1317.293 ms - -[0m
2025-04-10 09:45:07 info: [0mGET /api/notifications/getEmployeeNotifications/15 [32m200[0m 1306.895 ms - 355[0m
2025-04-10 09:45:07 info: [0mGET /api/employees/getEmployee/15 [36m304[0m 1298.309 ms - -[0m
2025-04-10 09:45:08 info: [0mGET /api/tasks/getEmployeeProjectHours/15 [36m304[0m 192.133 ms - -[0m
2025-04-10 09:45:08 info: [0mGET /api/tasks/getEmployeeChartYearlyTaskTimeStatistics/15 [36m304[0m 1477.516 ms - -[0m
2025-04-10 09:45:08 info: [0mGET /api/tasks/getEmployeeChartWeeklyTaskTimeStatistics/15 [36m304[0m 1489.515 ms - -[0m
2025-04-10 09:45:08 info: [0mGET /api/tasks/getEmployeeChartTaskTimeStatistics/15 [36m304[0m 1620.080 ms - -[0m
2025-04-10 09:45:21 info: [0mOPTIONS /api/notifications/createNotification [32m200[0m 0.290 ms - 0[0m
2025-04-10 09:45:22 info: [0mPOST /api/notifications/createNotification [32m201[0m 1322.228 ms - 349[0m
2025-04-10 09:46:02 info: [0mGET /api/employees/getAllEmployees [36m304[0m 1314.022 ms - -[0m
2025-04-10 09:46:02 info: [0mGET /api/notifications/getEmployeeNotifications/15 [36m304[0m 1352.172 ms - -[0m
2025-04-10 09:46:09 info: [0mOPTIONS /api/notifications/createNotification [32m200[0m 0.344 ms - 0[0m
2025-04-10 09:46:09 info: [0mPOST /api/notifications/createNotification [32m201[0m 192.397 ms - 343[0m
2025-04-10 09:46:09 info: [0mGET /api/notifications/getEmployeeNotifications/15 [36m304[0m 184.421 ms - -[0m
2025-04-10 09:46:15 info: [0mGET /api/employees/getAllEmployees [36m304[0m 192.795 ms - -[0m
2025-04-10 09:46:15 info: [0mGET /api/notifications/getEmployeeNotifications/15 [36m304[0m 371.219 ms - -[0m
2025-04-10 09:46:15 info: [0mGET /api/employees/getEmployee/15 [36m304[0m 560.313 ms - -[0m
2025-04-10 09:46:16 error: [GET] /api/tasks/getEmployeeProjectHours/15 >> StatusCode:: 400, Message:: SequelizeConnectionError: User 'aa010d_kultwano' has exceeded the 'max_user_connections' resource (current value: 10)
2025-04-10 09:46:16 info: [0mGET /api/tasks/getEmployeeProjectHours/15 [33m400[0m 854.285 ms - 411[0m
2025-04-10 09:46:16 error: [GET] /api/tasks/getEmployeeChartWeeklyTaskTimeStatistics/15 >> StatusCode:: 400, Message:: SequelizeConnectionError: User 'aa010d_kultwano' has exceeded the 'max_user_connections' resource (current value: 10)
2025-04-10 09:46:16 info: [0mGET /api/tasks/getEmployeeChartWeeklyTaskTimeStatistics/15 [33m400[0m 977.801 ms - 411[0m
2025-04-10 09:46:16 info: [0mGET /api/tasks/getEmployeeChartYearlyTaskTimeStatistics/15 [36m304[0m 1198.584 ms - -[0m
2025-04-10 09:46:16 info: [0mGET /api/tasks/getEmployeeChartTaskTimeStatistics/15 [36m304[0m 1251.634 ms - -[0m
2025-04-10 09:46:24 info: [0mOPTIONS /api/notifications/createNotification [32m200[0m 0.276 ms - 0[0m
2025-04-10 09:46:24 info: [0mPOST /api/notifications/createNotification [32m201[0m 198.828 ms - 343[0m
2025-04-10 09:46:25 info: [0mGET /api/notifications/getEmployeeNotifications/15 [36m304[0m 178.662 ms - -[0m
2025-04-10 09:47:16 info: [0mGET /api/employees/getAllEmployees [36m304[0m 1333.999 ms - -[0m
2025-04-10 09:47:16 info: [0mGET /api/notifications/getEmployeeNotifications/15 [36m304[0m 1341.423 ms - -[0m
2025-04-10 09:47:16 info: [0mGET /api/employees/getEmployee/15 [36m304[0m 1342.644 ms - -[0m
2025-04-10 09:47:16 info: [0mGET /api/tasks/getEmployeeProjectHours/15 [32m200[0m 332.447 ms - 141[0m
2025-04-10 09:47:16 info: [0mGET /api/tasks/getEmployeeChartWeeklyTaskTimeStatistics/15 [32m200[0m 1133.726 ms - 240[0m
2025-04-10 09:47:16 info: [0mGET /api/tasks/getEmployeeChartYearlyTaskTimeStatistics/15 [36m304[0m 1139.759 ms - -[0m
2025-04-10 09:47:17 info: [0mGET /api/tasks/getEmployeeChartTaskTimeStatistics/15 [36m304[0m 1283.125 ms - -[0m
2025-04-10 09:47:17 info: [0mGET /api/employees/getAllEmployees [36m304[0m 189.893 ms - -[0m
2025-04-10 09:47:17 info: [0mGET /api/notifications/getEmployeeNotifications/15 [36m304[0m 191.603 ms - -[0m
2025-04-10 09:47:17 info: [0mGET /api/employees/getAllEmployees [36m304[0m 196.894 ms - -[0m
2025-04-10 09:47:17 info: [0mGET /api/notifications/getEmployeeNotifications/15 [36m304[0m 183.282 ms - -[0m
2025-04-10 09:47:18 info: [0mGET /api/employees/getAllEmployees [36m304[0m 184.690 ms - -[0m
2025-04-10 09:47:18 info: [0mGET /api/notifications/getEmployeeNotifications/15 [36m304[0m 182.481 ms - -[0m
2025-04-10 09:47:22 info: [0mGET /api/notifications/getEmployeeNotifications/15 [36m304[0m 190.404 ms - -[0m
2025-04-10 09:47:26 info: [0mGET /api/employees/getAllEmployees [36m304[0m 201.582 ms - -[0m
2025-04-10 09:47:26 info: [0mGET /api/notifications/getEmployeeNotifications/15 [36m304[0m 193.637 ms - -[0m
2025-04-10 09:47:29 info: [0mGET /api/employees/getAllEmployees [36m304[0m 191.406 ms - -[0m
2025-04-10 09:47:29 info: [0mGET /api/notifications/getEmployeeNotifications/15 [36m304[0m 189.624 ms - -[0m
2025-04-10 09:47:29 info: [0mGET /api/employees/getEmployee/15 [36m304[0m 360.962 ms - -[0m
2025-04-10 09:47:30 info: [0mGET /api/tasks/getEmployeeChartWeeklyTaskTimeStatistics/15 [36m304[0m 618.971 ms - -[0m
2025-04-10 09:47:30 info: [0mGET /api/tasks/getEmployeeProjectHours/15 [36m304[0m 537.803 ms - -[0m
2025-04-10 09:47:30 info: [0mGET /api/tasks/getEmployeeChartYearlyTaskTimeStatistics/15 [36m304[0m 782.105 ms - -[0m
2025-04-10 09:47:30 info: [0mGET /api/tasks/getEmployeeChartTaskTimeStatistics/15 [36m304[0m 774.573 ms - -[0m
2025-04-10 09:47:37 info: [0mOPTIONS /api/notifications/createNotification [32m200[0m 0.270 ms - 0[0m
2025-04-10 09:47:37 info: [0mPOST /api/notifications/createNotification [32m201[0m 229.740 ms - 372[0m
2025-04-10 09:47:38 info: [0mGET /api/notifications/getEmployeeNotifications/15 [36m304[0m 179.477 ms - -[0m
2025-04-10 09:48:04 info: [0mOPTIONS /api/notifications/createNotification [32m200[0m 0.251 ms - 0[0m
2025-04-10 09:48:06 info: [0mPOST /api/notifications/createNotification [32m201[0m 1613.152 ms - 376[0m
2025-04-10 09:48:06 info: [0mGET /api/notifications/getEmployeeNotifications/15 [32m200[0m 256.325 ms - 653[0m
2025-04-10 09:48:24 info: [0mGET /api/employees/getAllEmployees [36m304[0m 1665.974 ms - -[0m
2025-04-10 09:48:24 info: [0mGET /api/notifications/getEmployeeNotifications/15 [36m304[0m 1691.685 ms - -[0m
2025-04-10 09:48:24 info: [0mGET /api/employees/getAllEmployees [36m304[0m 193.054 ms - -[0m
2025-04-10 09:48:24 info: [0mGET /api/notifications/getEmployeeNotifications/15 [36m304[0m 184.961 ms - -[0m
2025-04-10 09:48:28 info: [0mGET /api/employees/getAllEmployees [36m304[0m 186.100 ms - -[0m
2025-04-10 09:48:28 info: [0mGET /api/notifications/getEmployeeNotifications/15 [36m304[0m 185.939 ms - -[0m
2025-04-10 09:48:50 info: [0mGET /api/employees/getAllEmployees [36m304[0m 1303.807 ms - -[0m
2025-04-10 09:48:50 info: [0mGET /api/notifications/getEmployeeNotifications/15 [36m304[0m 1350.883 ms - -[0m
2025-04-10 09:48:53 info: [0mGET /api/notifications/getEmployeeNotifications/15 [36m304[0m 183.561 ms - -[0m
2025-04-10 09:48:53 info: [0mGET /api/employees/getAllEmployees [36m304[0m 196.649 ms - -[0m
2025-04-10 09:48:57 info: [0mGET /api/employees/getAllEmployees [36m304[0m 193.426 ms - -[0m
2025-04-10 09:48:58 info: [0mGET /api/notifications/getEmployeeNotifications/15 [36m304[0m 274.172 ms - -[0m
2025-04-10 09:49:00 info: [0mGET /api/employees/getAllEmployees [36m304[0m 185.881 ms - -[0m
2025-04-10 09:49:00 info: [0mGET /api/notifications/getEmployeeNotifications/15 [36m304[0m 186.343 ms - -[0m
2025-04-10 09:49:02 info: [0mGET /api/notifications/getEmployeeNotifications/15 [36m304[0m 193.881 ms - -[0m
2025-04-10 09:49:02 info: [0mGET /api/employees/getAllEmployees [36m304[0m 242.954 ms - -[0m
2025-04-10 09:49:15 info: [0mGET /api/employees/getAllEmployees [36m304[0m 1332.967 ms - -[0m
2025-04-10 09:49:15 info: [0mGET /api/notifications/getEmployeeNotifications/15 [36m304[0m 1332.950 ms - -[0m
2025-04-10 09:49:26 info: [0mOPTIONS /api/notifications/createNotification [32m200[0m 0.679 ms - 0[0m
2025-04-10 09:49:28 info: [0mPOST /api/notifications/createNotification [32m201[0m 1313.157 ms - 352[0m
2025-04-10 09:49:28 info: [0mGET /api/notifications/getEmployeeNotifications/15 [36m304[0m 179.548 ms - -[0m
2025-04-10 09:49:44 info: [0mGET /api/employees/getAllEmployees [36m304[0m 1319.061 ms - -[0m
2025-04-10 09:49:44 info: [0mGET /api/notifications/getEmployeeNotifications/15 [36m304[0m 1312.405 ms - -[0m
2025-04-10 09:49:44 info: [0mGET /api/employees/getEmployee/15 [36m304[0m 1341.560 ms - -[0m
2025-04-10 09:49:44 info: [0mGET /api/tasks/getEmployeeProjectHours/15 [36m304[0m 203.135 ms - -[0m
2025-04-10 09:49:44 info: [0mGET /api/tasks/getEmployeeChartWeeklyTaskTimeStatistics/15 [36m304[0m 1507.075 ms - -[0m
2025-04-10 09:49:44 info: [0mGET /api/tasks/getEmployeeChartYearlyTaskTimeStatistics/15 [36m304[0m 1510.884 ms - -[0m
2025-04-10 09:49:44 info: [0mGET /api/tasks/getEmployeeChartTaskTimeStatistics/15 [36m304[0m 1549.022 ms - -[0m
2025-04-10 09:50:03 info: [0mOPTIONS /api/notifications/createNotification [32m200[0m 0.862 ms - 0[0m
2025-04-10 09:50:04 info: [0mPOST /api/notifications/createNotification [32m201[0m 1312.605 ms - 383[0m
2025-04-10 09:50:04 info: [0mGET /api/notifications/getEmployeeNotifications/15 [36m304[0m 181.652 ms - -[0m
2025-04-10 09:50:58 info: [0mGET /api/employees/getAllEmployees [36m304[0m 1326.632 ms - -[0m
2025-04-10 09:50:58 info: [0mGET /api/notifications/getEmployeeNotifications/15 [36m304[0m 1346.081 ms - -[0m
2025-04-10 09:51:01 info: [0mGET /api/employees/getAllEmployees [36m304[0m 191.879 ms - -[0m
2025-04-10 09:51:01 info: [0mGET /api/notifications/getEmployeeNotifications/15 [36m304[0m 190.030 ms - -[0m
2025-04-10 09:53:07 info: [0mGET /api/employees/getAllEmployees [36m304[0m 1695.344 ms - -[0m
2025-04-10 09:53:07 info: [0mGET /api/employees/getEmployee/15 [36m304[0m 1404.849 ms - -[0m
2025-04-10 09:53:07 info: [0mGET /api/notifications/getEmployeeNotifications/15 [36m304[0m 1434.186 ms - -[0m
2025-04-10 09:53:07 info: [0mGET /api/tasks/getEmployeeProjectHours/15 [36m304[0m 1538.591 ms - -[0m
2025-04-10 09:53:07 info: [0mGET /api/tasks/getEmployeeChartWeeklyTaskTimeStatistics/15 [36m304[0m 1575.931 ms - -[0m
2025-04-10 09:53:07 info: [0mGET /api/tasks/getEmployeeChartYearlyTaskTimeStatistics/15 [36m304[0m 1567.782 ms - -[0m
2025-04-10 09:53:07 info: [0mGET /api/tasks/getEmployeeChartTaskTimeStatistics/15 [36m304[0m 361.034 ms - -[0m
2025-04-10 09:53:22 info: [0mOPTIONS /api/notifications/createNotification [32m200[0m 2.419 ms - 0[0m
2025-04-10 09:53:23 info: [0mPOST /api/notifications/createNotification [32m201[0m 1577.201 ms - 363[0m
2025-04-10 09:53:24 info: [0mGET /api/notifications/getEmployeeNotifications/15 [32m200[0m 186.665 ms - 938[0m
2025-04-10 09:54:08 info: [0mGET /api/employees/getAllEmployees [36m304[0m 1812.666 ms - -[0m
2025-04-10 09:54:08 info: [0mGET /api/notifications/getEmployeeNotifications/15 [32m200[0m 1812.367 ms - 74[0m
2025-04-10 09:54:08 info: [0mGET /api/employees/getEmployee/15 [36m304[0m 1811.344 ms - -[0m
2025-04-10 09:54:08 info: [0mGET /api/tasks/getEmployeeProjectHours/15 [36m304[0m 181.640 ms - -[0m
2025-04-10 09:54:08 info: [0mGET /api/tasks/getEmployeeChartWeeklyTaskTimeStatistics/15 [36m304[0m 2091.618 ms - -[0m
2025-04-10 09:54:08 info: [0mGET /api/tasks/getEmployeeChartYearlyTaskTimeStatistics/15 [36m304[0m 2103.388 ms - -[0m
2025-04-10 09:54:08 info: [0mGET /api/tasks/getEmployeeChartTaskTimeStatistics/15 [36m304[0m 2329.604 ms - -[0m
2025-04-10 09:54:31 info: [0mOPTIONS /api/notifications/createNotification [32m200[0m 0.761 ms - 0[0m
2025-04-10 09:54:32 info: [0mPOST /api/notifications/createNotification [32m201[0m 1317.819 ms - 366[0m
2025-04-10 09:54:32 info: [0mGET /api/notifications/getEmployeeNotifications/15 [32m200[0m 181.456 ms - 361[0m
2025-04-10 09:54:46 info: [0mOPTIONS /api/auth/login [32m200[0m 0.234 ms - 0[0m
2025-04-10 09:54:47 info: [0mPOST /api/auth/login [32m200[0m 1574.033 ms - 545[0m
2025-04-10 09:54:52 info: [0mGET /api/employees/getAllEmployees [36m304[0m 189.906 ms - -[0m
2025-04-10 09:54:52 info: [0mGET /api/notifications/getAllNotifications [32m200[0m 363.379 ms - 361[0m
2025-04-10 09:54:52 info: [0mGET /api/employees/getEmployee/19 [36m304[0m 543.606 ms - -[0m
2025-04-10 09:54:53 info: [0mGET /api/projects/getAllProjects [36m304[0m 1064.845 ms - -[0m
2025-04-10 09:54:53 info: [0mGET /api/employees/getNumberOfAssignedEmployees [36m304[0m 938.628 ms - -[0m
2025-04-10 09:54:53 info: [0mGET /api/tasks/getProjectHoursSummary [32m200[0m 766.060 ms - 135[0m
2025-04-10 09:54:53 info: [0mGET /api/tasks/getChartWeeklyTaskTimeStatistics [32m200[0m 1315.397 ms - 286[0m
2025-04-10 09:54:53 info: [0mGET /api/tasks/getChartYearlyTaskTimeStatistics [32m200[0m 1310.954 ms - 295[0m
2025-04-10 09:54:53 info: [0mGET /api/employees/getAllEmployees [36m304[0m 365.182 ms - -[0m
2025-04-10 09:54:53 info: [0mGET /api/tasks/getChartTaskTimeStatistics [32m200[0m 1305.165 ms - 250[0m
2025-04-10 09:54:53 info: [0mGET /api/employees/getProjectEmployees/0 [32m201[0m 184.635 ms - 70[0m
2025-04-10 09:54:53 info: [0mGET /api/notifications/getAllNotifications [36m304[0m 190.691 ms - -[0m
2025-04-10 09:54:53 info: [0mGET /api/employees/getEmployee/19 [36m304[0m 182.474 ms - -[0m
2025-04-10 09:54:54 info: [0mGET /api/projects/getAllProjects [36m304[0m 298.583 ms - -[0m
2025-04-10 09:54:54 info: [0mGET /api/employees/getNumberOfAssignedEmployees [36m304[0m 218.222 ms - -[0m
2025-04-10 09:54:54 info: [0mGET /api/tasks/getProjectHoursSummary [36m304[0m 193.214 ms - -[0m
2025-04-10 09:54:54 info: [0mGET /api/employees/getProjectEmployees/0 [32m201[0m 214.234 ms - 70[0m
2025-04-10 09:54:54 info: [0mGET /api/tasks/getChartWeeklyTaskTimeStatistics [36m304[0m 365.871 ms - -[0m
2025-04-10 09:54:54 info: [0mGET /api/tasks/getChartYearlyTaskTimeStatistics [36m304[0m 363.674 ms - -[0m
2025-04-10 09:54:54 info: [0mGET /api/tasks/getChartTaskTimeStatistics [36m304[0m 478.722 ms - -[0m
