2025-04-20 08:09:14 info: [0mGET /api/tasks/getChartYearlyTaskTimeStatistics [36m304[0m 2282.049 ms - -[0m
2025-04-20 08:10:42 info: [0mGET /api/projects/getAllProjects [36m304[0m 1861.829 ms - -[0m
2025-04-20 08:10:43 info: [0mGET /api/projects/getAllProjects [36m304[0m 269.982 ms - -[0m
2025-04-20 08:10:52 info: [0mGET /api/allocations/getProjectAllocations/1 [36m304[0m 289.763 ms - -[0m
2025-04-20 08:10:52 info: [0mGET /api/allocations/getProjectAllocations/1 [36m304[0m 288.468 ms - -[0m
2025-04-20 08:10:52 info: [0mGET /api/employees/getAllEmployees [36m304[0m 518.177 ms - -[0m
2025-04-20 08:10:52 info: [0mGET /api/employees/getAllEmployees [36m304[0m 182.337 ms - -[0m
2025-04-20 10:39:06 info: =================================
2025-04-20 10:39:06 info: ======= ENV: development =======
2025-04-20 10:39:06 info: 🚀 Identity Service listening on port 5000
2025-04-20 10:39:06 info: =================================
2025-04-20 10:39:10 info: Database connection established successfully.
2025-04-20 10:39:13 info: Database tables synced successfully.
2025-04-20 10:39:49 info: [0mGET /api/notifications/getAllNotifications [36m304[0m 1689.878 ms - -[0m
2025-04-20 10:39:49 error: [GET] /api/employees/getEmployee/0 >> StatusCode:: 404, Message:: Employee not found
2025-04-20 10:39:49 info: [0mGET /api/employees/getEmployee/0 [33m404[0m 1659.910 ms - 32[0m
2025-04-20 10:39:49 info: [0mGET /api/allocations/getProjectAllocations/1 [36m304[0m 1661.074 ms - -[0m
2025-04-20 10:39:50 info: [0mGET /api/employees/getAllEmployees [36m304[0m 275.436 ms - -[0m
2025-04-20 10:40:50 info: [0mOPTIONS /api/auth/login [32m200[0m 0.524 ms - 0[0m
2025-04-20 10:40:52 info: [0mPOST /api/auth/login [32m200[0m 1646.722 ms - 541[0m
2025-04-20 10:40:54 info: [0mGET /api/notifications/getAllNotifications [36m304[0m 183.023 ms - -[0m
2025-04-20 10:40:54 error: [GET] /api/employees/getNumberOfAssignedEmployees >> StatusCode:: 500, Message:: this.employeeService.getNumberOfAssignedEmployees is not a function
2025-04-20 10:40:54 info: [0mGET /api/employees/getNumberOfAssignedEmployees [31m500[0m 1.660 ms - 81[0m
2025-04-20 10:40:54 error: [GET] /api/employees/getEmployee/0 >> StatusCode:: 404, Message:: Employee not found
2025-04-20 10:40:54 info: [0mGET /api/employees/getEmployee/0 [33m404[0m 363.159 ms - 32[0m
2025-04-20 10:40:55 error: [GET] /api/tasks/getProjectHoursSummary >> StatusCode:: 400, Message:: Error getting all projects hours
2025-04-20 10:40:55 info: [0mGET /api/tasks/getProjectHoursSummary [33m400[0m 872.399 ms - 46[0m
2025-04-20 10:40:55 error: [GET] /api/employees/getNumberOfAssignedEmployees >> StatusCode:: 500, Message:: this.employeeService.getNumberOfAssignedEmployees is not a function
2025-04-20 10:40:55 info: [0mGET /api/employees/getNumberOfAssignedEmployees [31m500[0m 2.661 ms - 81[0m
2025-04-20 10:40:55 info: [0mGET /api/projects/getAllProjects [36m304[0m 1111.534 ms - -[0m
2025-04-20 10:40:55 info: [0mGET /api/notifications/getAllNotifications [36m304[0m 951.543 ms - -[0m
2025-04-20 10:40:55 info: [0mGET /api/tasks/getChartWeeklyTaskTimeStatistics [36m304[0m 1318.495 ms - -[0m
2025-04-20 10:40:55 info: [0mGET /api/tasks/getChartYearlyTaskTimeStatistics [36m304[0m 1307.690 ms - -[0m
2025-04-20 10:40:55 error: [GET] /api/employees/getEmployee/0 >> StatusCode:: 404, Message:: Employee not found
2025-04-20 10:40:55 info: [0mGET /api/employees/getEmployee/0 [33m404[0m 425.639 ms - 32[0m
2025-04-20 10:40:56 info: [0mGET /api/tasks/getChartTaskTimeStatistics [36m304[0m 1506.708 ms - -[0m
2025-04-20 10:40:56 info: [0mGET /api/projects/getAllProjects [36m304[0m 262.659 ms - -[0m
2025-04-20 10:40:56 error: [GET] /api/tasks/getProjectHoursSummary >> StatusCode:: 400, Message:: Error getting all projects hours
2025-04-20 10:40:56 info: [0mGET /api/tasks/getProjectHoursSummary [33m400[0m 275.750 ms - 46[0m
2025-04-20 10:40:56 info: [0mGET /api/tasks/getChartWeeklyTaskTimeStatistics [36m304[0m 412.330 ms - -[0m
2025-04-20 10:40:56 info: [0mGET /api/tasks/getChartYearlyTaskTimeStatistics [36m304[0m 409.471 ms - -[0m
2025-04-20 10:40:56 info: [0mGET /api/tasks/getChartTaskTimeStatistics [36m304[0m 366.988 ms - -[0m
2025-04-20 10:41:01 error: [GET] /api/tasks/getProjectHoursSummary >> StatusCode:: 400, Message:: Error getting all projects hours
2025-04-20 10:41:01 info: [0mGET /api/tasks/getProjectHoursSummary [33m400[0m 258.839 ms - 46[0m
2025-04-20 10:41:01 info: [0mGET /api/projects/getAllProjects [36m304[0m 256.091 ms - -[0m
2025-04-20 10:41:02 error: [GET] /api/tasks/getProjectHoursSummary >> StatusCode:: 400, Message:: Error getting all projects hours
2025-04-20 10:41:02 info: [0mGET /api/tasks/getProjectHoursSummary [33m400[0m 194.828 ms - 46[0m
2025-04-20 10:41:02 info: [0mGET /api/projects/getAllProjects [36m304[0m 191.234 ms - -[0m
2025-04-20 10:41:06 info: [0mGET /api/projects/getAllProjects [36m304[0m 191.138 ms - -[0m
2025-04-20 10:41:06 info: [0mGET /api/projects/getAllProjects [36m304[0m 187.550 ms - -[0m
2025-04-20 10:41:22 info: [0mGET /api/allocations/getProjectAllocations/1 [36m304[0m 1698.326 ms - -[0m
2025-04-20 10:41:22 info: [0mGET /api/allocations/getProjectAllocations/1 [36m304[0m 203.545 ms - -[0m
2025-04-20 10:41:22 info: [0mGET /api/employees/getAllEmployees [36m304[0m 390.938 ms - -[0m
2025-04-20 10:41:23 info: [0mGET /api/employees/getAllEmployees [36m304[0m 199.952 ms - -[0m
2025-04-20 10:46:07 error: [GET] /api/employees/getEmployee/0 >> StatusCode:: 404, Message:: Employee not found
2025-04-20 10:46:07 info: [0mGET /api/employees/getEmployee/0 [33m404[0m 1506.702 ms - 32[0m
2025-04-20 10:46:07 info: [0mGET /api/notifications/getAllNotifications [36m304[0m 1525.220 ms - -[0m
2025-04-20 10:46:07 error: [GET] /api/employees/getEmployee/0 >> StatusCode:: 404, Message:: Employee not found
2025-04-20 10:46:07 info: [0mGET /api/employees/getEmployee/0 [33m404[0m 200.085 ms - 32[0m
2025-04-20 10:46:07 info: [0mGET /api/notifications/getAllNotifications [36m304[0m 198.127 ms - -[0m
2025-04-20 10:49:18 info: [0mGET /api/notifications/getAllNotifications [36m304[0m 1331.532 ms - -[0m
2025-04-20 10:49:18 error: [GET] /api/employees/getEmployee/0 >> StatusCode:: 404, Message:: Employee not found
2025-04-20 10:49:18 info: [0mGET /api/employees/getEmployee/0 [33m404[0m 1327.134 ms - 32[0m
2025-04-20 10:49:18 info: [0mGET /api/allocations/getProjectAllocations/1 [36m304[0m 1333.065 ms - -[0m
2025-04-20 10:49:18 info: [0mGET /api/employees/getAllEmployees [36m304[0m 200.818 ms - -[0m
2025-04-20 10:49:21 info: [0mGET /api/notifications/getAllNotifications [36m304[0m 184.072 ms - -[0m
2025-04-20 10:49:21 error: [GET] /api/employees/getEmployee/0 >> StatusCode:: 404, Message:: Employee not found
2025-04-20 10:49:21 info: [0mGET /api/employees/getEmployee/0 [33m404[0m 183.450 ms - 32[0m
2025-04-20 10:49:21 info: [0mGET /api/allocations/getProjectAllocations/1 [36m304[0m 189.508 ms - -[0m
2025-04-20 10:49:21 info: [0mGET /api/employees/getAllEmployees [36m304[0m 182.739 ms - -[0m
2025-04-20 10:51:34 info: =================================
2025-04-20 10:51:34 info: ======= ENV: development =======
2025-04-20 10:51:34 info: 🚀 Identity Service listening on port 5000
2025-04-20 10:51:34 info: =================================
2025-04-20 10:51:37 info: Database connection established successfully.
2025-04-20 10:51:40 info: Database tables synced successfully.
2025-04-20 10:52:03 info: =================================
2025-04-20 10:52:03 info: ======= ENV: development =======
2025-04-20 10:52:03 info: 🚀 Identity Service listening on port 5000
2025-04-20 10:52:03 info: =================================
2025-04-20 10:52:06 info: Database connection established successfully.
2025-04-20 10:52:09 info: Database tables synced successfully.
2025-04-20 10:52:19 info: =================================
2025-04-20 10:52:19 info: ======= ENV: development =======
2025-04-20 10:52:19 info: 🚀 Identity Service listening on port 5000
2025-04-20 10:52:19 info: =================================
2025-04-20 10:52:22 info: =================================
2025-04-20 10:52:22 info: ======= ENV: development =======
2025-04-20 10:52:22 info: 🚀 Identity Service listening on port 5000
2025-04-20 10:52:22 info: =================================
2025-04-20 10:52:25 info: Database connection established successfully.
2025-04-20 10:52:28 info: Database tables synced successfully.
2025-04-20 10:52:34 info: =================================
2025-04-20 10:52:34 info: ======= ENV: development =======
2025-04-20 10:52:34 info: 🚀 Identity Service listening on port 5000
2025-04-20 10:52:34 info: =================================
2025-04-20 10:52:37 info: Database connection established successfully.
2025-04-20 10:52:40 info: Database tables synced successfully.
2025-04-20 10:52:51 info: =================================
2025-04-20 10:52:51 info: ======= ENV: development =======
2025-04-20 10:52:51 info: 🚀 Identity Service listening on port 5000
2025-04-20 10:52:51 info: =================================
2025-04-20 10:52:53 info: Database connection established successfully.
2025-04-20 10:52:56 info: Database tables synced successfully.
2025-04-20 10:53:08 info: =================================
2025-04-20 10:53:08 info: ======= ENV: development =======
2025-04-20 10:53:08 info: 🚀 Identity Service listening on port 5000
2025-04-20 10:53:08 info: =================================
2025-04-20 10:53:12 info: =================================
2025-04-20 10:53:12 info: ======= ENV: development =======
2025-04-20 10:53:12 info: 🚀 Identity Service listening on port 5000
2025-04-20 10:53:12 info: =================================
2025-04-20 10:53:14 info: Database connection established successfully.
2025-04-20 10:53:17 info: Database tables synced successfully.
2025-04-20 10:53:22 info: =================================
2025-04-20 10:53:22 info: ======= ENV: development =======
2025-04-20 10:53:22 info: 🚀 Identity Service listening on port 5000
2025-04-20 10:53:22 info: =================================
2025-04-20 10:53:26 info: =================================
2025-04-20 10:53:26 info: ======= ENV: development =======
2025-04-20 10:53:26 info: 🚀 Identity Service listening on port 5000
2025-04-20 10:53:26 info: =================================
2025-04-20 10:53:28 info: Database connection established successfully.
2025-04-20 10:53:31 info: Database tables synced successfully.
2025-04-20 10:54:10 info: =================================
2025-04-20 10:54:10 info: ======= ENV: development =======
2025-04-20 10:54:10 info: 🚀 Identity Service listening on port 5000
2025-04-20 10:54:10 info: =================================
2025-04-20 10:54:13 info: =================================
2025-04-20 10:54:13 info: ======= ENV: development =======
2025-04-20 10:54:13 info: 🚀 Identity Service listening on port 5000
2025-04-20 10:54:13 info: =================================
2025-04-20 10:54:16 info: Database connection established successfully.
2025-04-20 10:54:19 info: Database tables synced successfully.
2025-04-20 10:54:28 info: =================================
2025-04-20 10:54:28 info: ======= ENV: development =======
2025-04-20 10:54:28 info: 🚀 Identity Service listening on port 5000
2025-04-20 10:54:28 info: =================================
2025-04-20 10:54:31 info: Database connection established successfully.
2025-04-20 10:54:34 info: Database tables synced successfully.
2025-04-20 11:17:45 info: =================================
2025-04-20 11:17:45 info: ======= ENV: development =======
2025-04-20 11:17:45 info: 🚀 Identity Service listening on port 5000
2025-04-20 11:17:45 info: =================================
2025-04-20 11:17:48 info: Database connection established successfully.
2025-04-20 11:17:51 info: Database tables synced successfully.
2025-04-20 11:18:45 info: =================================
2025-04-20 11:18:45 info: ======= ENV: development =======
2025-04-20 11:18:45 info: 🚀 Identity Service listening on port 5000
2025-04-20 11:18:45 info: =================================
2025-04-20 11:18:47 info: Database connection established successfully.
2025-04-20 11:18:50 info: Database tables synced successfully.
2025-04-20 11:19:01 info: =================================
2025-04-20 11:19:01 info: ======= ENV: development =======
2025-04-20 11:19:01 info: 🚀 Identity Service listening on port 5000
2025-04-20 11:19:01 info: =================================
2025-04-20 11:19:04 info: =================================
2025-04-20 11:19:04 info: ======= ENV: development =======
2025-04-20 11:19:04 info: 🚀 Identity Service listening on port 5000
2025-04-20 11:19:04 info: =================================
2025-04-20 11:19:07 info: =================================
2025-04-20 11:19:07 info: ======= ENV: development =======
2025-04-20 11:19:07 info: 🚀 Identity Service listening on port 5000
2025-04-20 11:19:07 info: =================================
2025-04-20 11:19:10 info: Database connection established successfully.
2025-04-20 11:19:13 info: Database tables synced successfully.
2025-04-20 11:19:29 info: =================================
2025-04-20 11:19:29 info: ======= ENV: development =======
2025-04-20 11:19:29 info: 🚀 Identity Service listening on port 5000
2025-04-20 11:19:29 info: =================================
2025-04-20 11:19:34 info: =================================
2025-04-20 11:19:34 info: ======= ENV: development =======
2025-04-20 11:19:34 info: 🚀 Identity Service listening on port 5000
2025-04-20 11:19:34 info: =================================
2025-04-20 11:19:36 info: Database connection established successfully.
2025-04-20 11:19:39 info: Database tables synced successfully.
2025-04-20 11:20:47 info: =================================
2025-04-20 11:20:47 info: ======= ENV: development =======
2025-04-20 11:20:47 info: 🚀 Identity Service listening on port 5000
2025-04-20 11:20:47 info: =================================
2025-04-20 11:20:50 info: Database connection established successfully.
2025-04-20 11:20:53 info: Database tables synced successfully.
2025-04-20 11:20:56 info: =================================
2025-04-20 11:20:56 info: ======= ENV: development =======
2025-04-20 11:20:56 info: 🚀 Identity Service listening on port 5000
2025-04-20 11:20:56 info: =================================
2025-04-20 11:20:58 info: Database connection established successfully.
2025-04-20 11:21:01 info: Database tables synced successfully.
2025-04-20 11:22:48 info: [0mGET /api/projects/getAllProjects [36m304[0m 1362.751 ms - -[0m
2025-04-20 11:22:48 info: [0mGET /api/projects/getAllProjects [36m304[0m 189.518 ms - -[0m
2025-04-20 11:22:50 info: [0mGET /api/allocations/getProjectAllocations/1 [36m304[0m 198.941 ms - -[0m
2025-04-20 11:22:50 info: [0mGET /api/allocations/getProjectAllocations/1 [36m304[0m 194.732 ms - -[0m
2025-04-20 11:22:50 info: [0mGET /api/employees/getAllEmployees [36m304[0m 376.048 ms - -[0m
2025-04-20 11:22:50 info: [0mGET /api/employees/getAllEmployees [36m304[0m 186.697 ms - -[0m
2025-04-20 11:24:22 info: [0mGET /api/employees/getAllEmployees [36m304[0m 1493.244 ms - -[0m
2025-04-20 11:24:22 info: [0mGET /api/employees/getAllEmployees [36m304[0m 186.230 ms - -[0m
2025-04-20 11:25:42 info: [0mOPTIONS /api/employees/createEmployee [32m200[0m 0.507 ms - 0[0m
2025-04-20 11:25:44 info: [0mPOST /api/employees/createEmployee [32m201[0m 1921.657 ms - 540[0m
2025-04-20 11:25:44 info: [0mOPTIONS /api/auth/signup [32m200[0m 0.404 ms - 0[0m
2025-04-20 11:25:44 error: [POST] /api/auth/signup >> StatusCode:: 400, Message:: password must be shorter than or equal to 32 characters
2025-04-20 11:25:44 info: [0mPOST /api/auth/signup [33m400[0m 4.996 ms - 69[0m
2025-04-20 11:25:46 info: [0mGET /api/employees/getAllEmployees [32m200[0m 193.605 ms - 1030[0m
2025-04-20 11:25:47 info: [0mGET /api/notifications/getAllNotifications [36m304[0m 375.501 ms - -[0m
2025-04-20 11:25:56 info: [0mGET /api/notifications/getAllNotifications [36m304[0m 193.529 ms - -[0m
2025-04-20 11:25:56 error: [GET] /api/employees/getEmployee/0 >> StatusCode:: 404, Message:: Employee not found
2025-04-20 11:25:56 info: [0mGET /api/employees/getEmployee/0 [33m404[0m 220.419 ms - 32[0m
2025-04-20 11:25:56 info: [0mGET /api/employees/getAllEmployees [36m304[0m 369.142 ms - -[0m
2025-04-20 11:28:11 info: [0mOPTIONS /api/employees/updateEmployee [32m200[0m 0.214 ms - 0[0m
2025-04-20 11:28:12 info: [0mPUT /api/employees/updateEmployee [32m201[0m 1736.465 ms - 545[0m
2025-04-20 11:28:12 info: [0mOPTIONS /api/auth/signup [32m200[0m 0.182 ms - 0[0m
2025-04-20 11:28:12 error: [POST] /api/auth/signup >> StatusCode:: 400, Message:: password must be shorter than or equal to 32 characters
2025-04-20 11:28:12 info: [0mPOST /api/auth/signup [33m400[0m 3.256 ms - 69[0m
2025-04-20 11:28:15 info: [0mGET /api/employees/getAllEmployees [32m200[0m 190.940 ms - 1035[0m
2025-04-20 11:28:28 info: [0mGET /api/notifications/getAllNotifications [36m304[0m 1292.333 ms - -[0m
2025-04-20 11:28:28 error: [GET] /api/employees/getEmployee/0 >> StatusCode:: 404, Message:: Employee not found
2025-04-20 11:28:28 info: [0mGET /api/employees/getEmployee/0 [33m404[0m 1322.202 ms - 32[0m
2025-04-20 11:28:28 info: [0mGET /api/notifications/getAllNotifications [36m304[0m 177.217 ms - -[0m
2025-04-20 11:28:28 error: [GET] /api/employees/getEmployee/0 >> StatusCode:: 404, Message:: Employee not found
2025-04-20 11:28:28 info: [0mGET /api/employees/getEmployee/0 [33m404[0m 184.316 ms - 32[0m
2025-04-20 11:40:00 info: [0mOPTIONS /api/employees/deleteEmployee/17 [32m200[0m 4.923 ms - 0[0m
2025-04-20 11:40:03 info: [0mDELETE /api/employees/deleteEmployee/17 [32m201[0m 2478.615 ms - 69[0m
2025-04-20 11:40:03 info: [0mGET /api/notifications/getAllNotifications [36m304[0m 205.190 ms - -[0m
2025-04-20 11:40:03 info: [0mGET /api/employees/getAllEmployees [32m200[0m 394.774 ms - 1037[0m
2025-04-20 11:40:05 info: [0mOPTIONS /api/employees/deleteEmployee/1 [32m200[0m 0.136 ms - 0[0m
2025-04-20 11:40:07 info: [0mDELETE /api/employees/deleteEmployee/1 [32m201[0m 1142.916 ms - 69[0m
2025-04-20 11:40:07 info: [0mGET /api/employees/getAllEmployees [32m200[0m 182.278 ms - 1039[0m
2025-04-20 11:40:07 info: [0mGET /api/notifications/getAllNotifications [36m304[0m 229.128 ms - -[0m
2025-04-20 11:43:20 info: =================================
2025-04-20 11:43:20 info: ======= ENV: development =======
2025-04-20 11:43:20 info: 🚀 Identity Service listening on port 5000
2025-04-20 11:43:20 info: =================================
2025-04-20 11:43:24 info: Database connection established successfully.
2025-04-20 11:43:28 error: Unable to connect to the database: Duplicate key name 'leaves_employee_id'
2025-04-20 11:44:37 info: =================================
2025-04-20 11:44:37 info: ======= ENV: development =======
2025-04-20 11:44:37 info: 🚀 Identity Service listening on port 5000
2025-04-20 11:44:37 info: =================================
2025-04-20 11:44:40 info: Database connection established successfully.
2025-04-20 11:44:41 error: Unable to connect to the database: Table 'db_aa010d_eltek.employees' doesn't exist
2025-04-20 11:44:47 info: =================================
2025-04-20 11:44:47 info: ======= ENV: development =======
2025-04-20 11:44:47 info: 🚀 Identity Service listening on port 5000
2025-04-20 11:44:47 info: =================================
2025-04-20 11:44:50 info: Database connection established successfully.
2025-04-20 11:44:55 info: Database tables synced successfully.
2025-04-20 11:46:00 info: [0mOPTIONS /api/employees/updateEmployee [32m200[0m 3.765 ms - 0[0m
2025-04-20 11:46:01 error: [PUT] /api/employees/updateEmployee >> StatusCode:: 404, Message:: Employee not found
2025-04-20 11:46:01 info: [0mPUT /api/employees/updateEmployee [33m404[0m 1403.867 ms - 32[0m
2025-04-20 11:46:51 info: [0mPOST /api/employees/createEmployee [32m201[0m 1975.296 ms - 490[0m
2025-04-20 11:46:59 info: [0mPOST /api/employees/createEmployee [32m201[0m 749.927 ms - 550[0m
2025-04-20 11:47:16 info: [0mGET /api/employees/getAllEmployees [32m200[0m 1369.993 ms - 1015[0m
2025-04-20 11:47:33 error: [GET] /api/employees/getEmployee/0 >> StatusCode:: 404, Message:: Employee not found
2025-04-20 11:47:33 info: [0mGET /api/employees/getEmployee/0 [33m404[0m 1421.438 ms - 32[0m
2025-04-20 11:47:33 info: [0mGET /api/notifications/getAllNotifications [36m304[0m 1419.233 ms - -[0m
2025-04-20 11:47:34 info: [0mGET /api/notifications/getAllNotifications [36m304[0m 188.350 ms - -[0m
2025-04-20 11:47:34 error: [GET] /api/employees/getEmployee/0 >> StatusCode:: 404, Message:: Employee not found
2025-04-20 11:47:34 info: [0mGET /api/employees/getEmployee/0 [33m404[0m 204.561 ms - 32[0m
2025-04-20 11:47:44 info: [0mPOST /api/projects/createProject [32m201[0m 644.685 ms - 912[0m
2025-04-20 11:48:05 info: [0mGET /api/notifications/getAllNotifications [36m304[0m 1334.306 ms - -[0m
2025-04-20 11:48:05 info: [0mGET /api/projects/getAllProjects [32m200[0m 1317.684 ms - 922[0m
2025-04-20 11:48:06 info: [0mGET /api/projects/getAllProjects [36m304[0m 363.055 ms - -[0m
2025-04-20 11:48:13 info: [0mGET /api/employees/getAllEmployees [32m200[0m 201.487 ms - 1015[0m
2025-04-20 11:48:13 info: [0mGET /api/employees/getAllEmployees [36m304[0m 194.938 ms - -[0m
2025-04-20 11:48:30 info: [0mGET /api/projects/getAllProjects [36m304[0m 1879.927 ms - -[0m
2025-04-20 11:48:30 info: [0mGET /api/projects/getAllProjects [36m304[0m 206.235 ms - -[0m
2025-04-20 11:48:52 info: [0mOPTIONS /api/projects/updateProject [32m200[0m 0.333 ms - 0[0m
2025-04-20 11:48:54 info: [0mPUT /api/projects/updateProject [32m200[0m 2326.621 ms - 989[0m
2025-04-20 11:48:57 info: [0mGET /api/notifications/getAllNotifications [36m304[0m 184.738 ms - -[0m
2025-04-20 11:48:57 info: [0mGET /api/projects/getAllProjects [32m200[0m 387.830 ms - 994[0m
2025-04-20 11:49:07 info: [0mGET /api/notifications/getAllNotifications [36m304[0m 204.205 ms - -[0m
2025-04-20 11:49:07 info: [0mGET /api/allocations/getProjectAllocations/1 [36m304[0m 200.838 ms - -[0m
2025-04-20 11:49:07 info: [0mGET /api/allocations/getProjectAllocations/1 [36m304[0m 196.593 ms - -[0m
2025-04-20 11:49:07 info: [0mGET /api/employees/getAllEmployees [36m304[0m 187.667 ms - -[0m
2025-04-20 11:49:07 info: [0mGET /api/employees/getAllEmployees [36m304[0m 190.207 ms - -[0m
2025-04-20 11:49:40 info: [0mOPTIONS /api/allocations/checkResourceConflicts [32m200[0m 0.339 ms - 0[0m
2025-04-20 11:49:42 info: [0mPOST /api/allocations/checkResourceConflicts [32m200[0m 1977.814 ms - 83[0m
2025-04-20 11:49:42 info: [0mOPTIONS /api/allocations/createAllocation [32m200[0m 0.201 ms - 0[0m
2025-04-20 11:49:43 info: [0mPOST /api/allocations/createAllocation [32m201[0m 661.513 ms - 481[0m
2025-04-20 11:49:44 info: [0mGET /api/notifications/getAllNotifications [36m304[0m 184.522 ms - -[0m
2025-04-20 11:49:44 info: [0mGET /api/allocations/getProjectAllocations/1 [32m200[0m 330.740 ms - 1358[0m
2025-04-20 11:49:44 info: [0mGET /api/employees/getAllEmployees [32m200[0m 185.448 ms - 1277[0m
2025-04-20 11:49:48 info: [0mGET /api/notifications/getAllNotifications [36m304[0m 182.233 ms - -[0m
2025-04-20 11:49:48 info: [0mGET /api/allocations/getProjectAllocations/1 [36m304[0m 191.522 ms - -[0m
2025-04-20 11:49:48 info: [0mGET /api/employees/getAllEmployees [36m304[0m 196.839 ms - -[0m
2025-04-20 11:49:51 info: [0mGET /api/projects/getAllProjects [36m304[0m 194.113 ms - -[0m
2025-04-20 11:49:51 error: [GET] /api/tasks/getProjectHoursSummary >> StatusCode:: 400, Message:: Error getting all projects hours
2025-04-20 11:49:51 info: [0mGET /api/tasks/getProjectHoursSummary [33m400[0m 445.623 ms - 46[0m
2025-04-20 11:49:51 info: [0mGET /api/projects/getAllProjects [36m304[0m 438.717 ms - -[0m
2025-04-20 11:49:51 error: [GET] /api/tasks/getProjectHoursSummary >> StatusCode:: 400, Message:: Error getting all projects hours
2025-04-20 11:49:51 info: [0mGET /api/tasks/getProjectHoursSummary [33m400[0m 375.943 ms - 46[0m
2025-04-20 11:49:58 info: [0mGET /api/projects/getAllProjects [36m304[0m 364.159 ms - -[0m
2025-04-20 11:49:58 info: [0mGET /api/projects/getAllProjects [36m304[0m 507.740 ms - -[0m
2025-04-20 11:50:04 info: [0mOPTIONS /api/projects/updateProject [32m200[0m 0.241 ms - 0[0m
2025-04-20 11:50:06 info: [0mPUT /api/projects/updateProject [32m200[0m 1367.678 ms - 990[0m
2025-04-20 11:50:08 info: [0mGET /api/notifications/getAllNotifications [36m304[0m 185.759 ms - -[0m
2025-04-20 11:50:08 info: [0mGET /api/projects/getAllProjects [32m200[0m 384.127 ms - 995[0m
2025-04-20 11:50:10 error: [GET] /api/tasks/getProjectHoursSummary >> StatusCode:: 400, Message:: Error getting all projects hours
2025-04-20 11:50:10 info: [0mGET /api/tasks/getProjectHoursSummary [33m400[0m 183.672 ms - 46[0m
2025-04-20 11:50:10 info: [0mGET /api/notifications/getAllNotifications [36m304[0m 190.395 ms - -[0m
2025-04-20 11:50:10 info: [0mGET /api/projects/getAllProjects [36m304[0m 368.664 ms - -[0m
2025-04-20 11:50:10 error: [GET] /api/tasks/getProjectHoursSummary >> StatusCode:: 400, Message:: Error getting all projects hours
2025-04-20 11:50:10 info: [0mGET /api/tasks/getProjectHoursSummary [33m400[0m 197.186 ms - 46[0m
2025-04-20 11:50:11 info: [0mGET /api/projects/getAllProjects [36m304[0m 196.196 ms - -[0m
2025-04-20 11:50:15 info: [0mGET /api/allocations/getProjectAllocations/1 [36m304[0m 187.753 ms - -[0m
2025-04-20 11:50:16 info: [0mGET /api/allocations/getProjectAllocations/1 [36m304[0m 204.615 ms - -[0m
2025-04-20 11:50:20 info: [0mGET /api/tasks/getTaskByEmployeeAndProject/17/1 [32m200[0m 184.096 ms - 64[0m
2025-04-20 11:50:21 info: [0mGET /api/tasks/getTaskByEmployeeAndProject/17/1 [36m304[0m 182.439 ms - -[0m
2025-04-20 11:50:39 info: [0mOPTIONS /api/tasks/createTask [32m200[0m 0.273 ms - 0[0m
2025-04-20 11:50:42 info: [0mPOST /api/tasks/createTask [32m201[0m 2495.921 ms - 476[0m
2025-04-20 11:50:45 info: [0mGET /api/notifications/getAllNotifications [36m304[0m 194.025 ms - -[0m
2025-04-20 11:50:45 info: [0mGET /api/tasks/getTaskByEmployeeAndProject/17/1 [32m200[0m 273.789 ms - 479[0m
2025-04-20 11:50:57 info: [0mGET /api/notifications/getAllNotifications [36m304[0m 1301.953 ms - -[0m
2025-04-20 11:50:57 info: [0mGET /api/allocations/getProjectAllocations/1 [32m200[0m 1441.857 ms - 1359[0m
2025-04-20 11:50:58 info: [0mGET /api/allocations/getProjectAllocations/1 [36m304[0m 479.912 ms - -[0m
2025-04-20 11:51:14 info: [0mGET /api/tasks/getTaskByEmployeeAndProject/17/1 [36m304[0m 1297.507 ms - -[0m
2025-04-20 11:51:14 info: [0mGET /api/tasks/getTaskByEmployeeAndProject/17/1 [36m304[0m 240.337 ms - -[0m
2025-04-20 11:51:22 info: [0mOPTIONS /api/tasks/updateTask [32m200[0m 0.243 ms - 0[0m
2025-04-20 11:51:22 info: [0mPUT /api/tasks/updateTask [32m200[0m 914.384 ms - 476[0m
2025-04-20 11:51:26 info: [0mGET /api/tasks/getTaskByEmployeeAndProject/17/1 [36m304[0m 185.713 ms - -[0m
2025-04-20 11:51:27 error: [GET] /api/employees/getEmployee/0 >> StatusCode:: 404, Message:: Employee not found
2025-04-20 11:51:27 info: [0mGET /api/employees/getEmployee/0 [33m404[0m 181.719 ms - 32[0m
2025-04-20 11:51:27 info: [0mGET /api/notifications/getAllNotifications [36m304[0m 186.733 ms - -[0m
2025-04-20 11:51:28 info: [0mGET /api/notifications/getAllNotifications [36m304[0m 182.726 ms - -[0m
2025-04-20 11:51:28 error: [GET] /api/employees/getEmployee/0 >> StatusCode:: 404, Message:: Employee not found
2025-04-20 11:51:28 info: [0mGET /api/employees/getEmployee/0 [33m404[0m 505.360 ms - 32[0m
2025-04-20 11:52:37 info: [0mPOST /api/tasks/updateTask [33m404[0m 3.361 ms - 160[0m
2025-04-20 11:52:44 info: [0mPUT /api/tasks/updateTask [32m200[0m 2411.255 ms - 476[0m
2025-04-20 11:52:54 error: [GET] /api/employees/getEmployee/0 >> StatusCode:: 404, Message:: Employee not found
2025-04-20 11:52:54 info: [0mGET /api/employees/getEmployee/0 [33m404[0m 757.627 ms - 32[0m
2025-04-20 11:52:54 info: [0mGET /api/notifications/getAllNotifications [36m304[0m 767.307 ms - -[0m
2025-04-20 11:52:54 info: [0mGET /api/tasks/getTaskByEmployeeAndProject/17/1 [32m200[0m 937.694 ms - 479[0m
2025-04-20 11:53:07 info: [0mPUT /api/tasks/updateTask [32m200[0m 1287.815 ms - 474[0m
2025-04-20 11:53:13 error: [GET] /api/employees/getEmployee/0 >> StatusCode:: 404, Message:: Employee not found
2025-04-20 11:53:13 info: [0mGET /api/employees/getEmployee/0 [33m404[0m 181.416 ms - 32[0m
2025-04-20 11:53:13 info: [0mGET /api/notifications/getAllNotifications [36m304[0m 186.401 ms - -[0m
2025-04-20 11:53:13 info: [0mGET /api/tasks/getTaskByEmployeeAndProject/17/1 [32m200[0m 356.569 ms - 477[0m
2025-04-20 11:53:16 info: [0mGET /api/notifications/getAllNotifications [36m304[0m 186.754 ms - -[0m
2025-04-20 11:53:16 info: [0mGET /api/allocations/getProjectAllocations/1 [32m200[0m 190.855 ms - 1415[0m
2025-04-20 11:53:16 error: [GET] /api/employees/getEmployee/0 >> StatusCode:: 404, Message:: Employee not found
2025-04-20 11:53:16 info: [0mGET /api/employees/getEmployee/0 [33m404[0m 201.708 ms - 32[0m
2025-04-20 11:53:16 info: [0mGET /api/notifications/getAllNotifications [36m304[0m 183.024 ms - -[0m
2025-04-20 11:53:16 info: [0mGET /api/allocations/getProjectAllocations/1 [36m304[0m 264.244 ms - -[0m
2025-04-20 11:53:23 info: [0mGET /api/projects/getAllProjects [36m304[0m 261.993 ms - -[0m
2025-04-20 11:53:23 info: [0mGET /api/projects/getAllProjects [36m304[0m 207.311 ms - -[0m
2025-04-20 11:53:25 info: [0mGET /api/allocations/getProjectAllocations/1 [36m304[0m 299.473 ms - -[0m
2025-04-20 11:53:25 info: [0mGET /api/allocations/getProjectAllocations/1 [36m304[0m 185.142 ms - -[0m
2025-04-20 11:53:25 info: [0mGET /api/employees/getAllEmployees [32m200[0m 201.910 ms - 1334[0m
2025-04-20 11:53:25 info: [0mGET /api/employees/getAllEmployees [36m304[0m 192.653 ms - -[0m
2025-04-20 11:53:53 info: [0mGET /api/projects/getAllProjects [36m304[0m 1487.356 ms - -[0m
2025-04-20 11:53:53 info: [0mGET /api/projects/getAllProjects [36m304[0m 237.953 ms - -[0m
2025-04-20 11:53:55 info: [0mGET /api/allocations/getProjectAllocations/1 [36m304[0m 576.079 ms - -[0m
2025-04-20 11:53:55 info: [0mGET /api/allocations/getProjectAllocations/1 [36m304[0m 209.558 ms - -[0m
2025-04-20 11:53:55 info: [0mGET /api/employees/getAllEmployees [36m304[0m 386.963 ms - -[0m
2025-04-20 11:53:56 info: [0mGET /api/employees/getAllEmployees [36m304[0m 194.814 ms - -[0m
2025-04-20 11:54:02 error: [GET] /api/employees/getEmployee/0 >> StatusCode:: 404, Message:: Employee not found
2025-04-20 11:54:02 info: [0mGET /api/employees/getEmployee/0 [33m404[0m 186.041 ms - 32[0m
2025-04-20 11:54:02 info: [0mGET /api/notifications/getAllNotifications [36m304[0m 191.439 ms - -[0m
2025-04-20 11:54:03 info: [0mGET /api/allocations/getProjectAllocations/1 [36m304[0m 387.519 ms - -[0m
2025-04-20 11:54:03 info: [0mGET /api/employees/getAllEmployees [36m304[0m 194.761 ms - -[0m
2025-04-20 11:54:07 error: [GET] /api/employees/getEmployee/0 >> StatusCode:: 404, Message:: Employee not found
2025-04-20 11:54:07 info: [0mGET /api/employees/getEmployee/0 [33m404[0m 182.301 ms - 32[0m
2025-04-20 11:54:07 info: [0mGET /api/notifications/getAllNotifications [36m304[0m 187.523 ms - -[0m
2025-04-20 11:54:07 info: [0mGET /api/notifications/getAllNotifications [36m304[0m 180.553 ms - -[0m
2025-04-20 11:54:07 error: [GET] /api/employees/getEmployee/0 >> StatusCode:: 404, Message:: Employee not found
2025-04-20 11:54:07 info: [0mGET /api/employees/getEmployee/0 [33m404[0m 730.063 ms - 32[0m
2025-04-20 11:54:09 info: [0mGET /api/employees/getAllEmployees [36m304[0m 197.815 ms - -[0m
2025-04-20 11:54:09 info: [0mGET /api/employees/getAllEmployees [36m304[0m 191.335 ms - -[0m
2025-04-20 11:54:13 error: [GET] /api/employees/getEmployee/0 >> StatusCode:: 404, Message:: Employee not found
2025-04-20 11:54:13 info: [0mGET /api/employees/getEmployee/0 [33m404[0m 181.139 ms - 32[0m
2025-04-20 11:54:13 info: [0mGET /api/notifications/getAllNotifications [36m304[0m 186.403 ms - -[0m
2025-04-20 11:54:13 error: [GET] /api/employees/getEmployee/0 >> StatusCode:: 404, Message:: Employee not found
2025-04-20 11:54:13 info: [0mGET /api/employees/getEmployee/0 [33m404[0m 180.956 ms - 32[0m
2025-04-20 11:54:13 info: [0mGET /api/notifications/getAllNotifications [36m304[0m 184.204 ms - -[0m
2025-04-20 11:54:45 info: [0mGET /api/projects/getAllProjects [36m304[0m 1415.851 ms - -[0m
2025-04-20 11:54:46 info: [0mGET /api/projects/getAllProjects [36m304[0m 187.572 ms - -[0m
2025-04-20 11:54:49 info: [0mGET /api/allocations/getProjectAllocations/1 [36m304[0m 501.832 ms - -[0m
2025-04-20 11:54:50 info: [0mGET /api/allocations/getProjectAllocations/1 [36m304[0m 205.897 ms - -[0m
2025-04-20 11:54:50 info: [0mGET /api/employees/getAllEmployees [36m304[0m 375.211 ms - -[0m
2025-04-20 11:54:50 info: [0mGET /api/employees/getAllEmployees [36m304[0m 186.352 ms - -[0m
2025-04-20 11:55:56 info: [0mGET /api/notifications/getAllNotifications [36m304[0m 1355.754 ms - -[0m
2025-04-20 11:55:56 error: [GET] /api/employees/getEmployee/0 >> StatusCode:: 404, Message:: Employee not found
2025-04-20 11:55:56 info: [0mGET /api/employees/getEmployee/0 [33m404[0m 1538.807 ms - 32[0m
2025-04-20 11:55:56 info: [0mGET /api/notifications/getAllNotifications [36m304[0m 186.368 ms - -[0m
2025-04-20 11:55:56 error: [GET] /api/employees/getEmployee/0 >> StatusCode:: 404, Message:: Employee not found
2025-04-20 11:55:56 info: [0mGET /api/employees/getEmployee/0 [33m404[0m 727.408 ms - 32[0m
2025-04-20 11:56:15 info: [0mOPTIONS /api/allocations/checkResourceConflicts [32m200[0m 0.293 ms - 0[0m
2025-04-20 11:56:16 info: [0mPOST /api/allocations/checkResourceConflicts [32m200[0m 1373.987 ms - 83[0m
2025-04-20 11:56:16 info: [0mOPTIONS /api/allocations/createAllocation [32m200[0m 0.236 ms - 0[0m
2025-04-20 11:56:17 info: [0mPOST /api/allocations/createAllocation [32m201[0m 552.748 ms - 448[0m
2025-04-20 11:56:18 info: [0mGET /api/notifications/getAllNotifications [36m304[0m 193.799 ms - -[0m
2025-04-20 11:56:18 info: [0mGET /api/allocations/getProjectAllocations/1 [32m200[0m 310.826 ms - 2585[0m
2025-04-20 11:56:18 info: [0mGET /api/employees/getAllEmployees [32m200[0m 190.282 ms - 1580[0m
2025-04-20 11:56:21 info: [0mGET /api/notifications/getAllNotifications [36m304[0m 181.583 ms - -[0m
2025-04-20 11:56:21 info: [0mGET /api/allocations/getProjectAllocations/1 [36m304[0m 362.181 ms - -[0m
2025-04-20 11:56:21 info: [0mGET /api/employees/getAllEmployees [36m304[0m 184.097 ms - -[0m
2025-04-20 12:14:34 info: [0mGET /api/allocations/getProjectAllocations/1 [36m304[0m 2314.200 ms - -[0m
2025-04-20 12:14:34 info: [0mGET /api/employees/getAllEmployees [36m304[0m 192.389 ms - -[0m
2025-04-20 12:14:44 info: [0mGET /api/notifications/getAllNotifications [36m304[0m 212.403 ms - -[0m
2025-04-20 12:14:44 error: [GET] /api/employees/getEmployee/0 >> StatusCode:: 404, Message:: Employee not found
2025-04-20 12:14:44 info: [0mGET /api/employees/getEmployee/0 [33m404[0m 395.981 ms - 32[0m
2025-04-20 12:14:45 info: [0mGET /api/allocations/getProjectAllocations/1 [36m304[0m 567.052 ms - -[0m
2025-04-20 12:14:45 info: [0mGET /api/employees/getAllEmployees [36m304[0m 205.167 ms - -[0m
2025-04-20 12:16:23 info: [0mGET /api/allocations/getProjectAllocations/1 [36m304[0m 1330.134 ms - -[0m
2025-04-20 12:16:23 info: [0mGET /api/employees/getAllEmployees [36m304[0m 195.969 ms - -[0m
2025-04-20 12:18:02 info: [0mGET /api/notifications/getAllNotifications [36m304[0m 1495.377 ms - -[0m
2025-04-20 12:18:02 error: [GET] /api/employees/getEmployee/0 >> StatusCode:: 404, Message:: Employee not found
2025-04-20 12:18:02 info: [0mGET /api/employees/getEmployee/0 [33m404[0m 1448.993 ms - 32[0m
2025-04-20 12:18:02 info: [0mGET /api/allocations/getProjectAllocations/1 [36m304[0m 1493.604 ms - -[0m
2025-04-20 12:18:02 info: [0mGET /api/employees/getAllEmployees [36m304[0m 192.111 ms - -[0m
2025-04-20 12:24:21 info: [0mGET /api/allocations/getProjectAllocations/1 [36m304[0m 1927.931 ms - -[0m
2025-04-20 12:24:21 info: [0mGET /api/employees/getAllEmployees [36m304[0m 198.561 ms - -[0m
2025-04-20 12:24:43 info: [0mGET /api/allocations/getProjectAllocations/1 [36m304[0m 1788.001 ms - -[0m
2025-04-20 12:24:43 info: [0mGET /api/employees/getAllEmployees [36m304[0m 191.805 ms - -[0m
2025-04-20 12:25:12 error: [GET] /api/employees/getEmployee/0 >> StatusCode:: 404, Message:: Employee not found
2025-04-20 12:25:12 info: [0mGET /api/employees/getEmployee/0 [33m404[0m 1435.802 ms - 32[0m
2025-04-20 12:25:12 info: [0mGET /api/notifications/getAllNotifications [36m304[0m 1462.724 ms - -[0m
2025-04-20 12:25:12 info: [0mGET /api/allocations/getProjectAllocations/1 [36m304[0m 1479.509 ms - -[0m
2025-04-20 12:25:12 info: [0mGET /api/employees/getAllEmployees [36m304[0m 209.253 ms - -[0m
2025-04-20 12:38:12 info: [0mGET /api/notifications/getAllNotifications [36m304[0m 1390.027 ms - -[0m
2025-04-20 12:38:12 error: [GET] /api/employees/getEmployee/0 >> StatusCode:: 404, Message:: Employee not found
2025-04-20 12:38:12 info: [0mGET /api/employees/getEmployee/0 [33m404[0m 1345.462 ms - 32[0m
2025-04-20 12:38:12 info: [0mGET /api/allocations/getProjectAllocations/1 [36m304[0m 1349.840 ms - -[0m
2025-04-20 12:38:13 info: [0mGET /api/employees/getAllEmployees [36m304[0m 203.280 ms - -[0m
2025-04-20 12:38:22 info: [0mGET /api/notifications/getAllNotifications [36m304[0m 186.226 ms - -[0m
2025-04-20 12:38:22 error: [GET] /api/employees/getEmployee/0 >> StatusCode:: 404, Message:: Employee not found
2025-04-20 12:38:22 info: [0mGET /api/employees/getEmployee/0 [33m404[0m 185.906 ms - 32[0m
2025-04-20 12:38:22 info: [0mGET /api/allocations/getProjectAllocations/1 [36m304[0m 191.347 ms - -[0m
2025-04-20 12:38:22 info: [0mGET /api/employees/getAllEmployees [36m304[0m 196.291 ms - -[0m
2025-04-20 12:47:07 info: [0mGET /api/notifications/getAllNotifications [36m304[0m 1671.751 ms - -[0m
2025-04-20 12:47:07 error: [GET] /api/employees/getEmployee/0 >> StatusCode:: 404, Message:: Employee not found
2025-04-20 12:47:07 info: [0mGET /api/employees/getEmployee/0 [33m404[0m 1654.150 ms - 32[0m
2025-04-20 12:47:07 info: [0mGET /api/allocations/getProjectAllocations/1 [36m304[0m 1664.643 ms - -[0m
2025-04-20 12:47:07 info: [0mGET /api/employees/getAllEmployees [36m304[0m 197.275 ms - -[0m
2025-04-20 12:47:17 info: [0mGET /api/notifications/getAllNotifications [36m304[0m 189.769 ms - -[0m
2025-04-20 12:47:17 error: [GET] /api/employees/getEmployee/0 >> StatusCode:: 404, Message:: Employee not found
2025-04-20 12:47:17 info: [0mGET /api/employees/getEmployee/0 [33m404[0m 188.554 ms - 32[0m
2025-04-20 12:47:17 info: [0mGET /api/allocations/getProjectAllocations/1 [36m304[0m 195.333 ms - -[0m
2025-04-20 12:47:18 info: [0mGET /api/employees/getAllEmployees [36m304[0m 189.919 ms - -[0m
2025-04-20 12:47:41 info: [0mGET /api/notifications/getAllNotifications [36m304[0m 1464.495 ms - -[0m
2025-04-20 12:47:42 error: [GET] /api/employees/getEmployee/0 >> StatusCode:: 404, Message:: Employee not found
2025-04-20 12:47:42 info: [0mGET /api/employees/getEmployee/0 [33m404[0m 1504.081 ms - 32[0m
2025-04-20 12:47:42 info: [0mGET /api/allocations/getProjectAllocations/1 [36m304[0m 1349.352 ms - -[0m
2025-04-20 12:47:42 info: [0mGET /api/employees/getAllEmployees [36m304[0m 195.328 ms - -[0m
2025-04-20 12:54:28 info: [0mGET /api/notifications/getAllNotifications [36m304[0m 1662.447 ms - -[0m
2025-04-20 12:54:28 error: [GET] /api/employees/getEmployee/0 >> StatusCode:: 404, Message:: Employee not found
2025-04-20 12:54:28 info: [0mGET /api/employees/getEmployee/0 [33m404[0m 1611.180 ms - 32[0m
2025-04-20 12:54:28 info: [0mGET /api/allocations/getProjectAllocations/1 [36m304[0m 1616.627 ms - -[0m
2025-04-20 12:54:28 info: [0mGET /api/employees/getAllEmployees [36m304[0m 194.633 ms - -[0m
2025-04-20 12:55:36 info: [0mGET /api/notifications/getAllNotifications [36m304[0m 1297.841 ms - -[0m
2025-04-20 12:55:36 error: [GET] /api/employees/getEmployee/0 >> StatusCode:: 404, Message:: Employee not found
2025-04-20 12:55:36 info: [0mGET /api/employees/getEmployee/0 [33m404[0m 1321.339 ms - 32[0m
2025-04-20 12:55:36 info: [0mGET /api/allocations/getProjectAllocations/1 [36m304[0m 1324.514 ms - -[0m
2025-04-20 12:55:37 info: [0mGET /api/employees/getAllEmployees [36m304[0m 187.266 ms - -[0m
2025-04-20 12:56:56 info: [0mGET /api/notifications/getAllNotifications [36m304[0m 1356.077 ms - -[0m
2025-04-20 12:56:56 error: [GET] /api/employees/getEmployee/0 >> StatusCode:: 404, Message:: Employee not found
2025-04-20 12:56:56 info: [0mGET /api/employees/getEmployee/0 [33m404[0m 1432.835 ms - 32[0m
2025-04-20 12:56:56 info: [0mGET /api/allocations/getProjectAllocations/1 [36m304[0m 1425.773 ms - -[0m
2025-04-20 12:56:56 info: [0mGET /api/employees/getAllEmployees [36m304[0m 191.818 ms - -[0m
2025-04-20 12:57:00 info: [0mGET /api/notifications/getAllNotifications [36m304[0m 207.139 ms - -[0m
2025-04-20 12:57:00 error: [GET] /api/employees/getEmployee/0 >> StatusCode:: 404, Message:: Employee not found
2025-04-20 12:57:00 info: [0mGET /api/employees/getEmployee/0 [33m404[0m 190.000 ms - 32[0m
2025-04-20 12:57:00 info: [0mGET /api/allocations/getProjectAllocations/1 [36m304[0m 190.858 ms - -[0m
2025-04-20 12:57:00 info: [0mGET /api/employees/getAllEmployees [36m304[0m 186.958 ms - -[0m
2025-04-20 12:57:27 info: [0mGET /api/notifications/getAllNotifications [36m304[0m 1311.101 ms - -[0m
2025-04-20 12:57:27 error: [GET] /api/employees/getEmployee/0 >> StatusCode:: 404, Message:: Employee not found
2025-04-20 12:57:27 info: [0mGET /api/employees/getEmployee/0 [33m404[0m 1308.224 ms - 32[0m
2025-04-20 12:57:27 info: [0mGET /api/allocations/getProjectAllocations/1 [36m304[0m 1330.184 ms - -[0m
2025-04-20 12:57:28 info: [0mGET /api/employees/getAllEmployees [36m304[0m 192.427 ms - -[0m
2025-04-20 12:57:37 error: [GET] /api/employees/getEmployee/0 >> StatusCode:: 404, Message:: Employee not found
2025-04-20 12:57:37 info: [0mGET /api/employees/getEmployee/0 [33m404[0m 181.944 ms - 32[0m
2025-04-20 12:57:37 info: [0mGET /api/notifications/getAllNotifications [36m304[0m 185.588 ms - -[0m
2025-04-20 12:57:37 info: [0mGET /api/allocations/getProjectAllocations/1 [36m304[0m 189.606 ms - -[0m
2025-04-20 12:57:37 info: [0mGET /api/employees/getAllEmployees [36m304[0m 188.581 ms - -[0m
2025-04-20 12:58:21 info: [0mGET /api/notifications/getAllNotifications [36m304[0m 1615.156 ms - -[0m
2025-04-20 12:58:21 error: [GET] /api/employees/getEmployee/0 >> StatusCode:: 404, Message:: Employee not found
2025-04-20 12:58:21 info: [0mGET /api/employees/getEmployee/0 [33m404[0m 1608.013 ms - 32[0m
2025-04-20 12:58:21 info: [0mGET /api/allocations/getProjectAllocations/1 [36m304[0m 1619.400 ms - -[0m
2025-04-20 12:58:21 info: [0mGET /api/employees/getAllEmployees [36m304[0m 186.204 ms - -[0m
2025-04-20 12:59:07 info: [0mGET /api/notifications/getAllNotifications [36m304[0m 1301.441 ms - -[0m
2025-04-20 12:59:07 error: [GET] /api/employees/getEmployee/0 >> StatusCode:: 404, Message:: Employee not found
2025-04-20 12:59:07 info: [0mGET /api/employees/getEmployee/0 [33m404[0m 1299.916 ms - 32[0m
2025-04-20 12:59:07 info: [0mGET /api/allocations/getProjectAllocations/1 [36m304[0m 1329.685 ms - -[0m
2025-04-20 12:59:07 info: [0mGET /api/employees/getAllEmployees [36m304[0m 195.223 ms - -[0m
2025-04-20 12:59:15 error: [GET] /api/employees/getEmployee/0 >> StatusCode:: 404, Message:: Employee not found
2025-04-20 12:59:15 info: [0mGET /api/employees/getEmployee/0 [33m404[0m 187.046 ms - 32[0m
2025-04-20 12:59:15 info: [0mGET /api/notifications/getAllNotifications [36m304[0m 190.861 ms - -[0m
2025-04-20 12:59:15 info: [0mGET /api/allocations/getProjectAllocations/1 [36m304[0m 225.704 ms - -[0m
2025-04-20 12:59:15 info: [0mGET /api/employees/getAllEmployees [36m304[0m 312.921 ms - -[0m
2025-04-20 12:59:19 info: [0mGET /api/notifications/getAllNotifications [36m304[0m 181.510 ms - -[0m
2025-04-20 12:59:19 error: [GET] /api/employees/getEmployee/0 >> StatusCode:: 404, Message:: Employee not found
2025-04-20 12:59:19 info: [0mGET /api/employees/getEmployee/0 [33m404[0m 187.993 ms - 32[0m
2025-04-20 12:59:19 info: [0mGET /api/allocations/getProjectAllocations/1 [36m304[0m 188.378 ms - -[0m
2025-04-20 12:59:20 info: [0mGET /api/employees/getAllEmployees [36m304[0m 194.805 ms - -[0m
2025-04-20 12:59:33 info: [0mGET /api/notifications/getAllNotifications [36m304[0m 1364.372 ms - -[0m
2025-04-20 12:59:33 error: [GET] /api/employees/getEmployee/0 >> StatusCode:: 404, Message:: Employee not found
2025-04-20 12:59:33 info: [0mGET /api/employees/getEmployee/0 [33m404[0m 1373.885 ms - 32[0m
2025-04-20 12:59:33 info: [0mGET /api/allocations/getProjectAllocations/1 [36m304[0m 1369.633 ms - -[0m
2025-04-20 12:59:33 info: [0mGET /api/employees/getAllEmployees [36m304[0m 198.129 ms - -[0m
2025-04-20 13:00:07 info: [0mGET /api/notifications/getAllNotifications [36m304[0m 1372.249 ms - -[0m
2025-04-20 13:00:07 error: [GET] /api/employees/getEmployee/0 >> StatusCode:: 404, Message:: Employee not found
2025-04-20 13:00:07 info: [0mGET /api/employees/getEmployee/0 [33m404[0m 1369.694 ms - 32[0m
2025-04-20 13:00:07 info: [0mGET /api/allocations/getProjectAllocations/1 [36m304[0m 1378.163 ms - -[0m
2025-04-20 13:00:07 info: [0mGET /api/employees/getAllEmployees [36m304[0m 200.147 ms - -[0m
2025-04-20 13:00:31 info: [0mGET /api/notifications/getAllNotifications [36m304[0m 1315.916 ms - -[0m
2025-04-20 13:00:31 info: [0mGET /api/allocations/getProjectAllocations/1 [36m304[0m 1318.322 ms - -[0m
2025-04-20 13:00:31 info: [0mGET /api/employees/getAllEmployees [36m304[0m 187.319 ms - -[0m
2025-04-20 13:00:43 info: [0mGET /api/notifications/getAllNotifications [36m304[0m 1358.658 ms - -[0m
2025-04-20 13:00:43 error: [GET] /api/employees/getEmployee/0 >> StatusCode:: 404, Message:: Employee not found
2025-04-20 13:00:43 info: [0mGET /api/employees/getEmployee/0 [33m404[0m 1370.533 ms - 32[0m
2025-04-20 13:00:43 info: [0mGET /api/allocations/getProjectAllocations/1 [36m304[0m 1409.873 ms - -[0m
2025-04-20 13:00:43 info: [0mGET /api/employees/getAllEmployees [36m304[0m 215.023 ms - -[0m
2025-04-20 13:00:47 info: [0mGET /api/notifications/getAllNotifications [36m304[0m 184.311 ms - -[0m
2025-04-20 13:00:47 error: [GET] /api/employees/getEmployee/0 >> StatusCode:: 404, Message:: Employee not found
2025-04-20 13:00:47 info: [0mGET /api/employees/getEmployee/0 [33m404[0m 197.246 ms - 32[0m
2025-04-20 13:00:47 info: [0mGET /api/allocations/getProjectAllocations/1 [36m304[0m 203.276 ms - -[0m
2025-04-20 13:00:47 info: [0mGET /api/employees/getAllEmployees [36m304[0m 186.786 ms - -[0m
2025-04-20 13:01:00 info: [0mGET /api/notifications/getAllNotifications [36m304[0m 1298.821 ms - -[0m
2025-04-20 13:01:00 error: [GET] /api/employees/getEmployee/0 >> StatusCode:: 404, Message:: Employee not found
2025-04-20 13:01:00 info: [0mGET /api/employees/getEmployee/0 [33m404[0m 1306.335 ms - 32[0m
2025-04-20 13:01:00 info: [0mGET /api/allocations/getProjectAllocations/1 [36m304[0m 1302.554 ms - -[0m
2025-04-20 13:01:00 info: [0mGET /api/employees/getAllEmployees [36m304[0m 190.887 ms - -[0m
2025-04-20 13:01:02 info: [0mGET /api/allocations/getProjectAllocations/1 [36m304[0m 186.821 ms - -[0m
2025-04-20 13:01:02 info: [0mGET /api/employees/getAllEmployees [36m304[0m 189.600 ms - -[0m
2025-04-20 13:01:14 info: [0mGET /api/notifications/getAllNotifications [36m304[0m 1342.377 ms - -[0m
2025-04-20 13:01:14 error: [GET] /api/employees/getEmployee/0 >> StatusCode:: 404, Message:: Employee not found
2025-04-20 13:01:14 info: [0mGET /api/employees/getEmployee/0 [33m404[0m 1355.718 ms - 32[0m
2025-04-20 13:01:14 info: [0mGET /api/allocations/getProjectAllocations/1 [36m304[0m 1363.631 ms - -[0m
2025-04-20 13:01:15 info: [0mGET /api/employees/getAllEmployees [36m304[0m 211.069 ms - -[0m
2025-04-20 13:01:27 info: [0mGET /api/notifications/getAllNotifications [36m304[0m 1344.710 ms - -[0m
2025-04-20 13:01:27 error: [GET] /api/employees/getEmployee/0 >> StatusCode:: 404, Message:: Employee not found
2025-04-20 13:01:27 info: [0mGET /api/employees/getEmployee/0 [33m404[0m 1341.238 ms - 32[0m
2025-04-20 13:01:27 info: [0mGET /api/allocations/getProjectAllocations/1 [36m304[0m 1331.950 ms - -[0m
2025-04-20 13:01:27 info: [0mGET /api/employees/getAllEmployees [36m304[0m 188.415 ms - -[0m
2025-04-20 13:01:34 info: [0mGET /api/notifications/getAllNotifications [36m304[0m 191.946 ms - -[0m
2025-04-20 13:01:34 error: [GET] /api/employees/getEmployee/0 >> StatusCode:: 404, Message:: Employee not found
2025-04-20 13:01:34 info: [0mGET /api/employees/getEmployee/0 [33m404[0m 191.596 ms - 32[0m
2025-04-20 13:01:34 info: [0mGET /api/projects/getAllProjects [36m304[0m 192.697 ms - -[0m
2025-04-20 13:01:36 info: [0mGET /api/allocations/getProjectAllocations/1 [36m304[0m 189.290 ms - -[0m
2025-04-20 13:01:37 info: [0mGET /api/allocations/getProjectAllocations/1 [36m304[0m 183.482 ms - -[0m
2025-04-20 13:01:37 info: [0mGET /api/employees/getAllEmployees [36m304[0m 197.586 ms - -[0m
2025-04-20 13:01:37 info: [0mGET /api/employees/getAllEmployees [36m304[0m 187.883 ms - -[0m
2025-04-20 13:04:10 info: [0mGET /api/notifications/getAllNotifications [36m304[0m 1565.367 ms - -[0m
2025-04-20 13:04:10 error: [GET] /api/employees/getEmployee/0 >> StatusCode:: 404, Message:: Employee not found
2025-04-20 13:04:10 info: [0mGET /api/employees/getEmployee/0 [33m404[0m 1549.688 ms - 32[0m
2025-04-20 13:04:10 info: [0mGET /api/allocations/getProjectAllocations/1 [36m304[0m 1549.817 ms - -[0m
2025-04-20 13:04:10 info: [0mGET /api/employees/getAllEmployees [36m304[0m 297.049 ms - -[0m
2025-04-20 13:08:06 info: [0mGET /api/notifications/getAllNotifications [36m304[0m 1342.724 ms - -[0m
2025-04-20 13:08:06 error: [GET] /api/employees/getEmployee/0 >> StatusCode:: 404, Message:: Employee not found
2025-04-20 13:08:06 info: [0mGET /api/employees/getEmployee/0 [33m404[0m 1337.966 ms - 32[0m
2025-04-20 13:08:06 info: [0mGET /api/allocations/getProjectAllocations/1 [36m304[0m 1367.544 ms - -[0m
2025-04-20 13:08:07 info: [0mGET /api/employees/getAllEmployees [36m304[0m 302.810 ms - -[0m
2025-04-20 13:08:14 error: [GET] /api/employees/getEmployee/0 >> StatusCode:: 404, Message:: Employee not found
2025-04-20 13:08:14 info: [0mGET /api/employees/getEmployee/0 [33m404[0m 180.626 ms - 32[0m
2025-04-20 13:08:14 info: [0mGET /api/notifications/getAllNotifications [36m304[0m 185.770 ms - -[0m
2025-04-20 13:08:14 info: [0mGET /api/allocations/getProjectAllocations/1 [36m304[0m 214.124 ms - -[0m
2025-04-20 13:08:15 info: [0mGET /api/employees/getAllEmployees [36m304[0m 183.540 ms - -[0m
2025-04-20 13:12:25 info: [0mGET /api/notifications/getAllNotifications [36m304[0m 1414.019 ms - -[0m
2025-04-20 13:12:25 error: [GET] /api/employees/getEmployee/0 >> StatusCode:: 404, Message:: Employee not found
2025-04-20 13:12:25 info: [0mGET /api/employees/getEmployee/0 [33m404[0m 1368.751 ms - 32[0m
2025-04-20 13:12:25 info: [0mGET /api/allocations/getProjectAllocations/1 [36m304[0m 1340.317 ms - -[0m
2025-04-20 13:12:25 info: [0mGET /api/employees/getAllEmployees [36m304[0m 187.688 ms - -[0m
2025-04-20 13:12:40 info: [0mGET /api/notifications/getAllNotifications [36m304[0m 1323.691 ms - -[0m
2025-04-20 13:12:40 error: [GET] /api/employees/getEmployee/0 >> StatusCode:: 404, Message:: Employee not found
2025-04-20 13:12:40 info: [0mGET /api/employees/getEmployee/0 [33m404[0m 1326.085 ms - 32[0m
2025-04-20 13:12:40 info: [0mGET /api/allocations/getProjectAllocations/1 [36m304[0m 1317.373 ms - -[0m
2025-04-20 13:12:40 info: [0mGET /api/employees/getAllEmployees [36m304[0m 194.858 ms - -[0m
2025-04-20 13:14:48 info: [0mGET /api/employees/getAllEmployees [32m200[0m 1401.238 ms - 1580[0m
2025-04-20 13:22:27 info: [0mGET /api/notifications/getAllNotifications [36m304[0m 1481.020 ms - -[0m
2025-04-20 13:22:27 error: [GET] /api/employees/getEmployee/0 >> StatusCode:: 404, Message:: Employee not found
2025-04-20 13:22:27 info: [0mGET /api/employees/getEmployee/0 [33m404[0m 1445.623 ms - 32[0m
2025-04-20 13:22:27 info: [0mGET /api/allocations/getProjectAllocations/1 [36m304[0m 1481.253 ms - -[0m
2025-04-20 13:22:38 info: [0mGET /api/employees/getAllEmployees [36m304[0m 10072.297 ms - -[0m
2025-04-20 13:23:31 info: [0mGET /api/notifications/getAllNotifications [36m304[0m 1314.772 ms - -[0m
2025-04-20 13:23:31 error: [GET] /api/employees/getEmployee/0 >> StatusCode:: 404, Message:: Employee not found
2025-04-20 13:23:31 info: [0mGET /api/employees/getEmployee/0 [33m404[0m 1316.533 ms - 32[0m
2025-04-20 13:23:31 info: [0mGET /api/allocations/getProjectAllocations/1 [36m304[0m 1300.936 ms - -[0m
2025-04-20 13:23:31 info: [0mGET /api/employees/getAllEmployees [36m304[0m 206.016 ms - -[0m
2025-04-20 13:24:10 info: [0mGET /api/notifications/getAllNotifications [36m304[0m 1300.335 ms - -[0m
2025-04-20 13:24:10 error: [GET] /api/employees/getEmployee/0 >> StatusCode:: 404, Message:: Employee not found
2025-04-20 13:24:10 info: [0mGET /api/employees/getEmployee/0 [33m404[0m 1306.652 ms - 32[0m
2025-04-20 13:24:10 info: [0mGET /api/notifications/getAllNotifications [36m304[0m 183.655 ms - -[0m
2025-04-20 13:24:10 error: [GET] /api/employees/getEmployee/0 >> StatusCode:: 404, Message:: Employee not found
2025-04-20 13:24:10 info: [0mGET /api/employees/getEmployee/0 [33m404[0m 184.022 ms - 32[0m
2025-04-20 13:24:35 info: [0mGET /api/allocations/getProjectAllocations/1 [36m304[0m 1314.057 ms - -[0m
2025-04-20 13:24:35 info: [0mGET /api/employees/getAllEmployees [36m304[0m 187.956 ms - -[0m
2025-04-20 13:24:54 info: [0mGET /api/allocations/getProjectAllocations/1 [36m304[0m 1486.414 ms - -[0m
2025-04-20 13:24:55 info: [0mGET /api/employees/getAllEmployees [36m304[0m 190.518 ms - -[0m
2025-04-20 13:24:56 info: [0mGET /api/allocations/getProjectAllocations/1 [36m304[0m 184.068 ms - -[0m
2025-04-20 13:24:56 info: [0mGET /api/employees/getAllEmployees [36m304[0m 188.575 ms - -[0m
2025-04-20 13:24:59 info: [0mGET /api/allocations/getProjectAllocations/1 [36m304[0m 188.820 ms - -[0m
2025-04-20 13:24:59 info: [0mGET /api/employees/getAllEmployees [36m304[0m 195.548 ms - -[0m
2025-04-20 13:25:08 info: [0mGET /api/allocations/getProjectAllocations/1 [36m304[0m 195.245 ms - -[0m
2025-04-20 13:25:08 info: [0mGET /api/employees/getAllEmployees [36m304[0m 191.578 ms - -[0m
2025-04-20 13:25:33 info: [0mGET /api/notifications/getAllNotifications [36m304[0m 1338.768 ms - -[0m
2025-04-20 13:25:33 error: [GET] /api/employees/getEmployee/0 >> StatusCode:: 404, Message:: Employee not found
2025-04-20 13:25:33 info: [0mGET /api/employees/getEmployee/0 [33m404[0m 1343.644 ms - 32[0m
2025-04-20 13:25:33 info: [0mGET /api/allocations/getProjectAllocations/1 [36m304[0m 1343.996 ms - -[0m
2025-04-20 13:25:33 info: [0mGET /api/employees/getAllEmployees [36m304[0m 195.334 ms - -[0m
2025-04-20 13:28:38 info: [0mGET /api/notifications/getAllNotifications [36m304[0m 1380.894 ms - -[0m
2025-04-20 13:28:38 error: [GET] /api/employees/getEmployee/0 >> StatusCode:: 404, Message:: Employee not found
2025-04-20 13:28:38 info: [0mGET /api/employees/getEmployee/0 [33m404[0m 1374.621 ms - 32[0m
2025-04-20 13:28:38 info: [0mGET /api/allocations/getProjectAllocations/1 [36m304[0m 1373.806 ms - -[0m
2025-04-20 13:28:38 info: [0mGET /api/employees/getAllEmployees [36m304[0m 191.205 ms - -[0m
2025-04-20 13:28:56 info: [0mGET /api/notifications/getAllNotifications [36m304[0m 1304.440 ms - -[0m
2025-04-20 13:28:56 error: [GET] /api/employees/getEmployee/0 >> StatusCode:: 404, Message:: Employee not found
2025-04-20 13:28:56 info: [0mGET /api/employees/getEmployee/0 [33m404[0m 1305.740 ms - 32[0m
2025-04-20 13:28:56 info: [0mGET /api/allocations/getProjectAllocations/1 [36m304[0m 1341.068 ms - -[0m
2025-04-20 13:28:56 info: [0mGET /api/employees/getAllEmployees [36m304[0m 194.811 ms - -[0m
2025-04-20 13:29:06 info: [0mGET /api/notifications/getAllNotifications [36m304[0m 188.833 ms - -[0m
2025-04-20 13:29:06 error: [GET] /api/employees/getEmployee/0 >> StatusCode:: 404, Message:: Employee not found
2025-04-20 13:29:06 info: [0mGET /api/employees/getEmployee/0 [33m404[0m 196.585 ms - 32[0m
2025-04-20 13:29:06 info: [0mGET /api/allocations/getProjectAllocations/1 [36m304[0m 188.082 ms - -[0m
2025-04-20 13:29:06 info: [0mGET /api/employees/getAllEmployees [36m304[0m 212.335 ms - -[0m
2025-04-20 13:29:12 info: [0mGET /api/notifications/getAllNotifications [36m304[0m 184.762 ms - -[0m
2025-04-20 13:29:12 error: [GET] /api/employees/getEmployee/0 >> StatusCode:: 404, Message:: Employee not found
2025-04-20 13:29:12 info: [0mGET /api/employees/getEmployee/0 [33m404[0m 194.604 ms - 32[0m
2025-04-20 13:29:12 info: [0mGET /api/allocations/getProjectAllocations/1 [36m304[0m 194.373 ms - -[0m
2025-04-20 13:29:12 info: [0mGET /api/employees/getAllEmployees [36m304[0m 208.497 ms - -[0m
2025-04-20 13:29:25 info: [0mGET /api/notifications/getAllNotifications [36m304[0m 1373.369 ms - -[0m
2025-04-20 13:29:25 error: [GET] /api/employees/getEmployee/0 >> StatusCode:: 404, Message:: Employee not found
2025-04-20 13:29:25 info: [0mGET /api/employees/getEmployee/0 [33m404[0m 1365.673 ms - 32[0m
2025-04-20 13:29:25 info: [0mGET /api/allocations/getProjectAllocations/1 [36m304[0m 1359.595 ms - -[0m
2025-04-20 13:29:26 info: [0mGET /api/notifications/getAllNotifications [36m304[0m 181.605 ms - -[0m
2025-04-20 13:29:26 error: [GET] /api/employees/getEmployee/0 >> StatusCode:: 404, Message:: Employee not found
2025-04-20 13:29:26 info: [0mGET /api/employees/getEmployee/0 [33m404[0m 190.693 ms - 32[0m
2025-04-20 13:29:26 info: [0mGET /api/employees/getAllEmployees [36m304[0m 188.149 ms - -[0m
2025-04-20 13:29:26 info: [0mGET /api/notifications/getAllNotifications [36m304[0m 179.584 ms - -[0m
2025-04-20 13:29:26 error: [GET] /api/employees/getEmployee/0 >> StatusCode:: 404, Message:: Employee not found
2025-04-20 13:29:26 info: [0mGET /api/employees/getEmployee/0 [33m404[0m 182.177 ms - 32[0m
2025-04-20 13:32:41 info: [0mGET /api/notifications/getAllNotifications [36m304[0m 1555.285 ms - -[0m
2025-04-20 13:32:41 error: [GET] /api/employees/getEmployee/0 >> StatusCode:: 404, Message:: Employee not found
2025-04-20 13:32:41 info: [0mGET /api/employees/getEmployee/0 [33m404[0m 1421.462 ms - 32[0m
2025-04-20 13:32:41 info: [0mGET /api/allocations/getProjectAllocations/1 [36m304[0m 1398.416 ms - -[0m
2025-04-20 13:32:42 info: [0mGET /api/employees/getAllEmployees [36m304[0m 198.984 ms - -[0m
2025-04-20 13:33:29 info: [0mGET /api/allocations/getProjectAllocations/1 [36m304[0m 1381.029 ms - -[0m
2025-04-20 13:33:29 info: [0mGET /api/employees/getAllEmployees [36m304[0m 218.956 ms - -[0m
2025-04-20 13:34:35 info: [0mGET /api/allocations/getProjectAllocations/1 [36m304[0m 1338.423 ms - -[0m
2025-04-20 13:34:35 info: [0mGET /api/employees/getAllEmployees [36m304[0m 196.620 ms - -[0m
2025-04-20 13:35:04 info: [0mGET /api/allocations/getProjectAllocations/1 [36m304[0m 1343.011 ms - -[0m
2025-04-20 13:35:05 info: [0mGET /api/employees/getAllEmployees [36m304[0m 185.755 ms - -[0m
2025-04-20 13:36:22 info: [0mGET /api/allocations/getProjectAllocations/1 [36m304[0m 1600.461 ms - -[0m
2025-04-20 13:36:22 info: [0mGET /api/employees/getAllEmployees [36m304[0m 197.257 ms - -[0m
2025-04-20 13:38:58 info: [0mGET /api/allocations/getProjectAllocations/1 [36m304[0m 1346.754 ms - -[0m
2025-04-20 13:38:58 info: [0mGET /api/employees/getAllEmployees [36m304[0m 198.158 ms - -[0m
2025-04-20 13:40:39 info: [0mGET /api/notifications/getAllNotifications [36m304[0m 1389.575 ms - -[0m
2025-04-20 13:40:39 error: [GET] /api/employees/getEmployee/0 >> StatusCode:: 404, Message:: Employee not found
2025-04-20 13:40:39 info: [0mGET /api/employees/getEmployee/0 [33m404[0m 1399.455 ms - 32[0m
2025-04-20 13:40:39 info: [0mGET /api/allocations/getProjectAllocations/1 [36m304[0m 1405.149 ms - -[0m
2025-04-20 13:40:40 info: [0mGET /api/employees/getAllEmployees [36m304[0m 234.120 ms - -[0m
2025-04-20 13:42:36 info: [0mGET /api/allocations/getProjectAllocations/1 [36m304[0m 1387.813 ms - -[0m
2025-04-20 13:42:36 info: [0mGET /api/employees/getAllEmployees [36m304[0m 190.806 ms - -[0m
2025-04-20 13:42:38 info: [0mGET /api/allocations/getProjectAllocations/1 [36m304[0m 195.350 ms - -[0m
2025-04-20 13:42:39 info: [0mGET /api/employees/getAllEmployees [36m304[0m 188.687 ms - -[0m
2025-04-20 13:43:01 error: [GET] /api/employees/getEmployee/0 >> StatusCode:: 404, Message:: Employee not found
2025-04-20 13:43:01 info: [0mGET /api/employees/getEmployee/0 [33m404[0m 1328.676 ms - 32[0m
2025-04-20 13:43:01 info: [0mGET /api/notifications/getAllNotifications [36m304[0m 1336.858 ms - -[0m
2025-04-20 13:43:01 info: [0mGET /api/allocations/getProjectAllocations/1 [36m304[0m 1359.071 ms - -[0m
2025-04-20 13:43:01 info: [0mGET /api/employees/getAllEmployees [36m304[0m 190.019 ms - -[0m
2025-04-20 13:43:34 info: [0mGET /api/allocations/getProjectAllocations/1 [36m304[0m 1362.493 ms - -[0m
2025-04-20 13:43:34 info: [0mGET /api/employees/getAllEmployees [36m304[0m 205.119 ms - -[0m
2025-04-20 13:43:49 info: [0mGET /api/allocations/getProjectAllocations/1 [36m304[0m 1455.366 ms - -[0m
2025-04-20 13:43:49 info: [0mGET /api/allocations/getProjectAllocations/1 [36m304[0m 288.361 ms - -[0m
2025-04-20 13:43:50 info: [0mGET /api/employees/getAllEmployees [36m304[0m 471.972 ms - -[0m
2025-04-20 13:43:50 info: [0mGET /api/employees/getAllEmployees [36m304[0m 219.023 ms - -[0m
2025-04-20 13:44:14 info: [0mGET /api/allocations/getProjectAllocations/1 [36m304[0m 1513.748 ms - -[0m
2025-04-20 13:44:14 info: [0mGET /api/employees/getAllEmployees [36m304[0m 320.929 ms - -[0m
2025-04-20 13:44:18 info: [0mGET /api/allocations/getProjectAllocations/1 [36m304[0m 884.597 ms - -[0m
2025-04-20 13:44:19 info: [0mGET /api/employees/getAllEmployees [36m304[0m 333.206 ms - -[0m
2025-04-20 13:44:22 info: [0mGET /api/allocations/getProjectAllocations/1 [36m304[0m 707.003 ms - -[0m
2025-04-20 13:44:22 info: [0mGET /api/employees/getAllEmployees [36m304[0m 679.301 ms - -[0m
2025-04-20 13:44:42 info: [0mOPTIONS /api/allocations/deleteAllocation/2 [32m200[0m 3.091 ms - 0[0m
2025-04-20 13:44:48 info: [0mDELETE /api/allocations/deleteAllocation/2 [32m200[0m 6085.127 ms - 71[0m
2025-04-20 13:44:49 info: [0mGET /api/notifications/getAllNotifications [36m304[0m 525.733 ms - -[0m
2025-04-20 13:44:49 info: [0mGET /api/allocations/getProjectAllocations/1 [32m200[0m 715.699 ms - 1415[0m
2025-04-20 13:44:49 info: [0mGET /api/employees/getAllEmployees [32m200[0m 302.854 ms - 1334[0m
2025-04-20 13:45:39 info: [0mGET /api/allocations/getProjectAllocations/1 [36m304[0m 2926.680 ms - -[0m
2025-04-20 13:45:39 info: [0mGET /api/employees/getAllEmployees [36m304[0m 329.564 ms - -[0m
2025-04-20 13:45:43 info: [0mGET /api/allocations/getProjectAllocations/1 [36m304[0m 221.138 ms - -[0m
2025-04-20 13:45:43 info: [0mGET /api/employees/getAllEmployees [36m304[0m 197.719 ms - -[0m
2025-04-20 13:45:45 info: [0mGET /api/allocations/getProjectAllocations/1 [36m304[0m 206.806 ms - -[0m
2025-04-20 13:45:47 info: [0mGET /api/employees/getAllEmployees [36m304[0m 803.530 ms - -[0m
2025-04-20 13:45:48 info: [0mGET /api/allocations/getProjectAllocations/1 [36m304[0m 258.068 ms - -[0m
2025-04-20 13:45:48 info: [0mGET /api/employees/getAllEmployees [36m304[0m 305.056 ms - -[0m
2025-04-20 13:45:49 info: [0mGET /api/allocations/getProjectAllocations/1 [36m304[0m 858.624 ms - -[0m
2025-04-20 13:45:50 info: [0mGET /api/employees/getAllEmployees [36m304[0m 901.799 ms - -[0m
2025-04-20 13:46:16 info: [0mGET /api/allocations/getProjectAllocations/1 [36m304[0m 3408.766 ms - -[0m
2025-04-20 13:46:16 info: [0mGET /api/employees/getAllEmployees [36m304[0m 310.362 ms - -[0m
2025-04-20 13:46:22 info: [0mGET /api/allocations/getProjectAllocations/1 [36m304[0m 198.521 ms - -[0m
2025-04-20 13:46:22 info: [0mGET /api/employees/getAllEmployees [36m304[0m 188.068 ms - -[0m
2025-04-20 13:46:37 info: [0mGET /api/allocations/getProjectAllocations/1 [36m304[0m 2971.782 ms - -[0m
2025-04-20 13:46:38 info: [0mGET /api/employees/getAllEmployees [36m304[0m 242.019 ms - -[0m
2025-04-20 13:46:54 info: [0mGET /api/allocations/getProjectAllocations/1 [36m304[0m 1408.473 ms - -[0m
2025-04-20 13:46:54 info: [0mGET /api/employees/getAllEmployees [36m304[0m 225.678 ms - -[0m
2025-04-20 13:47:07 info: [0mGET /api/notifications/getAllNotifications [36m304[0m 1478.135 ms - -[0m
2025-04-20 13:47:07 error: [GET] /api/employees/getEmployee/0 >> StatusCode:: 404, Message:: Employee not found
2025-04-20 13:47:07 info: [0mGET /api/employees/getEmployee/0 [33m404[0m 1483.966 ms - 32[0m
2025-04-20 13:47:07 info: [0mGET /api/allocations/getProjectAllocations/1 [36m304[0m 1467.661 ms - -[0m
2025-04-20 13:47:07 info: [0mGET /api/notifications/getAllNotifications [36m304[0m 186.577 ms - -[0m
2025-04-20 13:47:07 error: [GET] /api/employees/getEmployee/0 >> StatusCode:: 404, Message:: Employee not found
2025-04-20 13:47:07 info: [0mGET /api/employees/getEmployee/0 [33m404[0m 184.888 ms - 32[0m
2025-04-20 13:47:07 info: [0mGET /api/allocations/getProjectAllocations/1 [36m304[0m 186.299 ms - -[0m
2025-04-20 13:47:07 info: [0mGET /api/employees/getAllEmployees [36m304[0m 313.080 ms - -[0m
2025-04-20 13:47:08 info: [0mGET /api/employees/getAllEmployees [36m304[0m 187.294 ms - -[0m
2025-04-20 13:47:26 info: [0mGET /api/notifications/getAllNotifications [36m304[0m 1349.506 ms - -[0m
2025-04-20 13:47:26 error: [GET] /api/employees/getEmployee/0 >> StatusCode:: 404, Message:: Employee not found
2025-04-20 13:47:26 info: [0mGET /api/employees/getEmployee/0 [33m404[0m 1367.510 ms - 32[0m
2025-04-20 13:47:26 info: [0mGET /api/allocations/getProjectAllocations/1 [36m304[0m 1383.098 ms - -[0m
2025-04-20 13:47:26 info: [0mGET /api/notifications/getAllNotifications [36m304[0m 197.855 ms - -[0m
2025-04-20 13:47:26 info: [0mGET /api/allocations/getProjectAllocations/1 [36m304[0m 187.291 ms - -[0m
2025-04-20 13:47:26 info: [0mGET /api/employees/getAllEmployees [36m304[0m 199.196 ms - -[0m
2025-04-20 13:47:26 error: [GET] /api/employees/getEmployee/0 >> StatusCode:: 404, Message:: Employee not found
2025-04-20 13:47:26 info: [0mGET /api/employees/getEmployee/0 [33m404[0m 281.015 ms - 32[0m
2025-04-20 13:47:30 info: [0mGET /api/notifications/getAllNotifications [36m304[0m 198.155 ms - -[0m
2025-04-20 13:47:30 error: [GET] /api/employees/getEmployee/0 >> StatusCode:: 404, Message:: Employee not found
2025-04-20 13:47:30 info: [0mGET /api/employees/getEmployee/0 [33m404[0m 243.594 ms - 32[0m
2025-04-20 13:47:30 info: [0mGET /api/allocations/getProjectAllocations/1 [36m304[0m 233.708 ms - -[0m
2025-04-20 13:47:31 info: [0mGET /api/employees/getAllEmployees [36m304[0m 229.634 ms - -[0m
2025-04-20 13:47:38 info: [0mGET /api/notifications/getAllNotifications [36m304[0m 193.964 ms - -[0m
2025-04-20 13:47:38 info: [0mGET /api/allocations/getProjectAllocations/1 [36m304[0m 186.091 ms - -[0m
2025-04-20 13:47:39 info: [0mGET /api/employees/getAllEmployees [36m304[0m 187.097 ms - -[0m
2025-04-20 13:49:02 info: [0mGET /api/allocations/getProjectAllocations/1 [36m304[0m 1377.697 ms - -[0m
2025-04-20 13:49:02 info: [0mGET /api/employees/getAllEmployees [36m304[0m 191.621 ms - -[0m
2025-04-20 13:49:09 info: [0mGET /api/allocations/getProjectAllocations/1 [36m304[0m 191.628 ms - -[0m
2025-04-20 13:49:09 info: [0mGET /api/employees/getAllEmployees [36m304[0m 204.155 ms - -[0m
2025-04-20 14:07:41 info: [0mGET /api/allocations/getProjectAllocations/1 [36m304[0m 1842.208 ms - -[0m
2025-04-20 14:07:41 info: [0mGET /api/employees/getAllEmployees [36m304[0m 198.369 ms - -[0m
2025-04-20 14:07:47 info: [0mGET /api/allocations/getProjectAllocations/1 [36m304[0m 191.113 ms - -[0m
2025-04-20 14:07:47 info: [0mGET /api/employees/getAllEmployees [36m304[0m 183.119 ms - -[0m
2025-04-20 14:07:51 info: [0mGET /api/allocations/getProjectAllocations/1 [36m304[0m 197.803 ms - -[0m
2025-04-20 14:07:51 info: [0mGET /api/employees/getAllEmployees [36m304[0m 185.039 ms - -[0m
2025-04-20 14:11:50 info: [0mGET /api/allocations/getProjectAllocations/1 [36m304[0m 1824.213 ms - -[0m
2025-04-20 14:11:50 info: [0mGET /api/employees/getAllEmployees [36m304[0m 190.253 ms - -[0m
2025-04-20 14:12:00 info: [0mGET /api/allocations/getProjectAllocations/1 [36m304[0m 199.702 ms - -[0m
2025-04-20 14:12:00 info: [0mGET /api/employees/getAllEmployees [36m304[0m 190.837 ms - -[0m
2025-04-20 14:12:05 info: [0mGET /api/allocations/getProjectAllocations/1 [36m304[0m 192.982 ms - -[0m
2025-04-20 14:12:06 info: [0mGET /api/employees/getAllEmployees [36m304[0m 194.161 ms - -[0m
2025-04-20 14:12:11 info: [0mGET /api/allocations/getProjectAllocations/1 [36m304[0m 184.239 ms - -[0m
2025-04-20 14:12:12 info: [0mGET /api/employees/getAllEmployees [36m304[0m 186.656 ms - -[0m
2025-04-20 14:12:25 info: [0mGET /api/allocations/getProjectAllocations/1 [36m304[0m 1810.116 ms - -[0m
2025-04-20 14:12:26 info: [0mGET /api/employees/getAllEmployees [36m304[0m 194.158 ms - -[0m
2025-04-20 14:12:34 error: [GET] /api/employees/getEmployee/0 >> StatusCode:: 404, Message:: Employee not found
2025-04-20 14:12:34 info: [0mGET /api/employees/getEmployee/0 [33m404[0m 194.942 ms - 32[0m
2025-04-20 14:12:34 info: [0mGET /api/notifications/getAllNotifications [36m304[0m 384.897 ms - -[0m
2025-04-20 14:12:34 info: [0mGET /api/allocations/getProjectAllocations/1 [36m304[0m 230.055 ms - -[0m
2025-04-20 14:12:35 info: [0mGET /api/employees/getAllEmployees [36m304[0m 189.437 ms - -[0m
2025-04-20 14:14:23 info: [0mGET /api/allocations/getProjectAllocations/1 [36m304[0m 1529.639 ms - -[0m
2025-04-20 14:14:23 info: [0mGET /api/employees/getAllEmployees [36m304[0m 195.996 ms - -[0m
2025-04-20 14:14:42 info: [0mGET /api/allocations/getProjectAllocations/1 [36m304[0m 1361.554 ms - -[0m
2025-04-20 14:14:42 info: [0mGET /api/employees/getAllEmployees [36m304[0m 184.250 ms - -[0m
2025-04-20 14:14:50 info: [0mGET /api/allocations/getProjectAllocations/1 [36m304[0m 189.309 ms - -[0m
2025-04-20 14:14:50 info: [0mGET /api/employees/getAllEmployees [36m304[0m 185.237 ms - -[0m
2025-04-20 14:15:23 info: [0mGET /api/allocations/getProjectAllocations/1 [36m304[0m 1351.395 ms - -[0m
2025-04-20 14:15:29 info: [0mGET /api/employees/getAllEmployees [36m304[0m 202.195 ms - -[0m
2025-04-20 14:15:36 info: [0mGET /api/allocations/getProjectAllocations/1 [36m304[0m 183.704 ms - -[0m
2025-04-20 14:15:36 info: [0mGET /api/employees/getAllEmployees [36m304[0m 187.491 ms - -[0m
2025-04-20 14:15:41 info: [0mGET /api/allocations/getProjectAllocations/1 [36m304[0m 205.386 ms - -[0m
2025-04-20 14:15:44 info: [0mGET /api/employees/getAllEmployees [36m304[0m 194.564 ms - -[0m
2025-04-20 14:15:57 info: [0mGET /api/allocations/getProjectAllocations/1 [36m304[0m 1343.117 ms - -[0m
2025-04-20 14:16:00 info: [0mGET /api/employees/getAllEmployees [36m304[0m 188.094 ms - -[0m
2025-04-20 14:16:14 info: [0mGET /api/notifications/getAllNotifications [36m304[0m 1426.605 ms - -[0m
2025-04-20 14:16:14 error: [GET] /api/employees/getEmployee/0 >> StatusCode:: 404, Message:: Employee not found
2025-04-20 14:16:14 info: [0mGET /api/employees/getEmployee/0 [33m404[0m 1684.845 ms - 32[0m
2025-04-20 14:16:14 info: [0mGET /api/allocations/getProjectAllocations/1 [36m304[0m 1545.522 ms - -[0m
2025-04-20 14:16:14 info: [0mGET /api/employees/getAllEmployees [36m304[0m 190.682 ms - -[0m
2025-04-20 14:16:53 info: [0mGET /api/allocations/getProjectAllocations/1 [36m304[0m 1337.543 ms - -[0m
2025-04-20 14:16:55 info: [0mGET /api/employees/getAllEmployees [36m304[0m 199.300 ms - -[0m
2025-04-20 14:16:59 info: [0mGET /api/allocations/getProjectAllocations/1 [36m304[0m 183.760 ms - -[0m
2025-04-20 14:16:59 info: [0mGET /api/employees/getAllEmployees [36m304[0m 192.274 ms - -[0m
2025-04-20 14:26:08 info: [0mGET /api/notifications/getAllNotifications [36m304[0m 1422.876 ms - -[0m
2025-04-20 14:26:08 error: [GET] /api/employees/getEmployee/0 >> StatusCode:: 404, Message:: Employee not found
2025-04-20 14:26:08 info: [0mGET /api/employees/getEmployee/0 [33m404[0m 1365.676 ms - 32[0m
2025-04-20 14:26:08 info: [0mGET /api/allocations/getProjectAllocations/1 [36m304[0m 1195.654 ms - -[0m
2025-04-20 14:26:09 info: [0mGET /api/employees/getAllEmployees [36m304[0m 188.726 ms - -[0m
2025-04-20 14:27:33 info: [0mGET /api/allocations/getProjectAllocations/1 [36m304[0m 1405.517 ms - -[0m
2025-04-20 14:27:37 info: [0mGET /api/employees/getAllEmployees [36m304[0m 197.366 ms - -[0m
2025-04-20 14:28:25 error: [GET] /api/employees/getEmployee/0 >> StatusCode:: 404, Message:: Employee not found
2025-04-20 14:28:25 info: [0mGET /api/employees/getEmployee/0 [33m404[0m 1386.634 ms - 32[0m
2025-04-20 14:28:25 info: [0mGET /api/notifications/getAllNotifications [36m304[0m 1398.991 ms - -[0m
2025-04-20 14:28:25 info: [0mGET /api/allocations/getProjectAllocations/1 [36m304[0m 1396.216 ms - -[0m
2025-04-20 14:28:26 info: [0mGET /api/employees/getAllEmployees [36m304[0m 195.408 ms - -[0m
2025-04-20 14:28:31 info: [0mGET /api/allocations/getProjectAllocations/1 [36m304[0m 190.152 ms - -[0m
2025-04-20 14:28:31 info: [0mGET /api/employees/getAllEmployees [36m304[0m 197.676 ms - -[0m
2025-04-20 14:28:37 info: [0mGET /api/allocations/getProjectAllocations/1 [36m304[0m 196.097 ms - -[0m
2025-04-20 14:28:37 info: [0mGET /api/employees/getAllEmployees [36m304[0m 192.972 ms - -[0m
2025-04-20 14:28:42 info: [0mGET /api/allocations/getProjectAllocations/1 [36m304[0m 189.105 ms - -[0m
2025-04-20 14:28:42 info: [0mGET /api/employees/getAllEmployees [36m304[0m 190.889 ms - -[0m
2025-04-20 14:28:54 info: [0mGET /api/allocations/getProjectAllocations/1 [36m304[0m 1313.774 ms - -[0m
2025-04-20 14:28:54 info: [0mGET /api/allocations/getProjectAllocations/1 [36m304[0m 182.998 ms - -[0m
2025-04-20 14:28:54 info: [0mGET /api/employees/getAllEmployees [36m304[0m 368.898 ms - -[0m
2025-04-20 14:28:54 info: [0mGET /api/employees/getAllEmployees [36m304[0m 217.193 ms - -[0m
2025-04-20 14:46:27 info: [0mGET /api/allocations/getProjectAllocations/1 [36m304[0m 1724.249 ms - -[0m
2025-04-20 14:46:27 info: [0mGET /api/employees/getAllEmployees [36m304[0m 272.441 ms - -[0m
2025-04-20 14:47:01 info: [0mGET /api/allocations/getProjectAllocations/1 [36m304[0m 1925.273 ms - -[0m
2025-04-20 14:47:02 info: [0mGET /api/employees/getAllEmployees [36m304[0m 196.422 ms - -[0m
2025-04-20 14:47:08 info: [0mGET /api/allocations/getProjectAllocations/1 [36m304[0m 195.626 ms - -[0m
2025-04-20 14:47:09 info: [0mGET /api/employees/getAllEmployees [36m304[0m 191.490 ms - -[0m
2025-04-20 14:47:29 info: [0mGET /api/allocations/getProjectAllocations/1 [36m304[0m 1354.620 ms - -[0m
2025-04-20 14:47:29 info: [0mGET /api/employees/getAllEmployees [36m304[0m 190.892 ms - -[0m
2025-04-20 14:47:36 info: [0mGET /api/allocations/getProjectAllocations/1 [36m304[0m 198.024 ms - -[0m
2025-04-20 14:47:36 info: [0mGET /api/employees/getAllEmployees [36m304[0m 203.066 ms - -[0m
2025-04-20 14:47:45 info: [0mGET /api/allocations/getProjectAllocations/1 [36m304[0m 199.426 ms - -[0m
2025-04-20 14:47:46 info: [0mGET /api/employees/getAllEmployees [36m304[0m 193.092 ms - -[0m
2025-04-20 14:47:55 info: [0mGET /api/allocations/getProjectAllocations/1 [36m304[0m 191.512 ms - -[0m
2025-04-20 14:47:55 info: [0mGET /api/employees/getAllEmployees [36m304[0m 206.319 ms - -[0m
2025-04-20 14:48:07 info: [0mGET /api/allocations/getProjectAllocations/1 [36m304[0m 1357.223 ms - -[0m
2025-04-20 14:48:08 info: [0mGET /api/allocations/getProjectAllocations/1 [36m304[0m 190.532 ms - -[0m
2025-04-20 14:48:08 info: [0mGET /api/employees/getAllEmployees [36m304[0m 371.386 ms - -[0m
2025-04-20 14:48:08 info: [0mGET /api/employees/getAllEmployees [36m304[0m 186.646 ms - -[0m
2025-04-20 14:48:25 info: [0mGET /api/allocations/getProjectAllocations/1 [36m304[0m 1360.368 ms - -[0m
2025-04-20 14:48:25 info: [0mGET /api/employees/getAllEmployees [36m304[0m 191.927 ms - -[0m
2025-04-20 14:48:34 info: [0mGET /api/allocations/getProjectAllocations/1 [36m304[0m 188.509 ms - -[0m
2025-04-20 14:48:34 info: [0mGET /api/employees/getAllEmployees [36m304[0m 187.040 ms - -[0m
2025-04-20 14:48:52 error: [GET] /api/employees/getEmployee/0 >> StatusCode:: 404, Message:: Employee not found
2025-04-20 14:48:52 info: [0mGET /api/employees/getEmployee/0 [33m404[0m 1337.114 ms - 32[0m
2025-04-20 14:48:52 info: [0mGET /api/notifications/getAllNotifications [36m304[0m 1322.585 ms - -[0m
2025-04-20 14:48:52 info: [0mGET /api/allocations/getProjectAllocations/1 [36m304[0m 1343.176 ms - -[0m
2025-04-20 14:48:52 info: [0mGET /api/employees/getAllEmployees [36m304[0m 192.010 ms - -[0m
2025-04-20 14:49:36 info: [0mGET /api/notifications/getAllNotifications [36m304[0m 1326.059 ms - -[0m
2025-04-20 14:49:36 error: [GET] /api/employees/getEmployee/0 >> StatusCode:: 404, Message:: Employee not found
2025-04-20 14:49:36 info: [0mGET /api/employees/getEmployee/0 [33m404[0m 1339.932 ms - 32[0m
2025-04-20 14:49:36 info: [0mGET /api/allocations/getProjectAllocations/1 [36m304[0m 1362.566 ms - -[0m
2025-04-20 14:49:36 info: [0mGET /api/employees/getAllEmployees [36m304[0m 194.546 ms - -[0m
2025-04-20 15:06:46 error: [GET] /api/employees/getNumberOfAssignedEmployees >> StatusCode:: 500, Message:: this.employeeService.getNumberOfAssignedEmployees is not a function
2025-04-20 15:06:46 info: [0mGET /api/employees/getNumberOfAssignedEmployees [31m500[0m 23.296 ms - 81[0m
2025-04-20 15:06:46 error: [GET] /api/employees/getNumberOfAssignedEmployees >> StatusCode:: 500, Message:: this.employeeService.getNumberOfAssignedEmployees is not a function
2025-04-20 15:06:46 info: [0mGET /api/employees/getNumberOfAssignedEmployees [31m500[0m 2.495 ms - 81[0m
2025-04-20 15:06:47 info: [0mGET /api/projects/getAllProjects [36m304[0m 1407.119 ms - -[0m
2025-04-20 15:06:47 error: [GET] /api/tasks/getProjectHoursSummary >> StatusCode:: 400, Message:: Error getting all projects hours
2025-04-20 15:06:47 info: [0mGET /api/tasks/getProjectHoursSummary [33m400[0m 1447.111 ms - 46[0m
2025-04-20 15:06:47 info: [0mGET /api/tasks/getChartWeeklyTaskTimeStatistics [32m200[0m 1703.042 ms - 242[0m
2025-04-20 15:06:47 info: [0mGET /api/tasks/getChartTaskTimeStatistics [32m200[0m 1589.592 ms - 225[0m
2025-04-20 15:06:47 info: [0mGET /api/tasks/getChartYearlyTaskTimeStatistics [32m200[0m 1585.720 ms - 262[0m
2025-04-20 15:06:47 info: [0mGET /api/projects/getAllProjects [36m304[0m 184.913 ms - -[0m
2025-04-20 15:06:47 error: [GET] /api/tasks/getProjectHoursSummary >> StatusCode:: 400, Message:: Error getting all projects hours
2025-04-20 15:06:47 info: [0mGET /api/tasks/getProjectHoursSummary [33m400[0m 196.541 ms - 46[0m
2025-04-20 15:06:48 info: [0mGET /api/tasks/getChartWeeklyTaskTimeStatistics [36m304[0m 364.837 ms - -[0m
2025-04-20 15:06:48 info: [0mGET /api/tasks/getChartTaskTimeStatistics [36m304[0m 376.537 ms - -[0m
2025-04-20 15:06:48 info: [0mGET /api/tasks/getChartYearlyTaskTimeStatistics [36m304[0m 381.559 ms - -[0m
2025-04-20 15:07:30 info: [0mGET /api/projects/getAllProjects [36m304[0m 1317.884 ms - -[0m
2025-04-20 15:07:30 info: [0mGET /api/projects/getAllProjects [36m304[0m 188.003 ms - -[0m
2025-04-20 15:07:32 info: [0mGET /api/allocations/getProjectAllocations/1 [36m304[0m 225.092 ms - -[0m
2025-04-20 15:07:32 info: [0mGET /api/allocations/getProjectAllocations/1 [36m304[0m 191.463 ms - -[0m
2025-04-20 15:07:32 info: [0mGET /api/employees/getAllEmployees [36m304[0m 368.445 ms - -[0m
2025-04-20 15:07:32 info: [0mGET /api/employees/getAllEmployees [36m304[0m 187.854 ms - -[0m
2025-04-20 15:09:27 error: [GET] /api/employees/getNumberOfAssignedEmployees >> StatusCode:: 500, Message:: this.employeeService.getNumberOfAssignedEmployees is not a function
2025-04-20 15:09:28 info: [0mGET /api/employees/getNumberOfAssignedEmployees [31m500[0m 21.256 ms - 81[0m
2025-04-20 15:09:28 error: [GET] /api/employees/getNumberOfAssignedEmployees >> StatusCode:: 500, Message:: this.employeeService.getNumberOfAssignedEmployees is not a function
2025-04-20 15:09:28 info: [0mGET /api/employees/getNumberOfAssignedEmployees [31m500[0m 14.410 ms - 81[0m
2025-04-20 15:09:29 error: [GET] /api/tasks/getProjectHoursSummary >> StatusCode:: 400, Message:: Error getting all projects hours
2025-04-20 15:09:29 info: [0mGET /api/tasks/getProjectHoursSummary [33m400[0m 1402.388 ms - 46[0m
2025-04-20 15:09:29 info: [0mGET /api/projects/getAllProjects [36m304[0m 1390.658 ms - -[0m
2025-04-20 15:09:29 info: [0mGET /api/tasks/getChartWeeklyTaskTimeStatistics [36m304[0m 1644.146 ms - -[0m
2025-04-20 15:09:29 info: [0mGET /api/tasks/getChartTaskTimeStatistics [36m304[0m 1569.515 ms - -[0m
2025-04-20 15:09:29 error: [GET] /api/tasks/getProjectHoursSummary >> StatusCode:: 400, Message:: Error getting all projects hours
2025-04-20 15:09:29 info: [0mGET /api/tasks/getProjectHoursSummary [33m400[0m 198.893 ms - 46[0m
2025-04-20 15:09:29 info: [0mGET /api/tasks/getChartYearlyTaskTimeStatistics [36m304[0m 1577.485 ms - -[0m
2025-04-20 15:09:29 info: [0mGET /api/projects/getAllProjects [36m304[0m 182.103 ms - -[0m
2025-04-20 15:09:29 info: [0mGET /api/tasks/getChartWeeklyTaskTimeStatistics [36m304[0m 368.655 ms - -[0m
2025-04-20 15:09:29 info: [0mGET /api/tasks/getChartTaskTimeStatistics [36m304[0m 369.172 ms - -[0m
2025-04-20 15:09:29 info: [0mGET /api/tasks/getChartYearlyTaskTimeStatistics [36m304[0m 368.544 ms - -[0m
2025-04-20 15:11:22 info: [0mGET /api/projects/getAllProjects [36m304[0m 1477.752 ms - -[0m
2025-04-20 15:11:22 info: [0mGET /api/projects/getAllProjects [36m304[0m 193.934 ms - -[0m
2025-04-20 15:11:24 info: [0mGET /api/allocations/getProjectAllocations/1 [36m304[0m 216.178 ms - -[0m
2025-04-20 15:11:24 info: [0mGET /api/allocations/getProjectAllocations/1 [36m304[0m 184.388 ms - -[0m
2025-04-20 15:11:24 info: [0mGET /api/employees/getAllEmployees [36m304[0m 368.072 ms - -[0m
2025-04-20 15:11:24 info: [0mGET /api/employees/getAllEmployees [36m304[0m 203.853 ms - -[0m
2025-04-20 15:18:24 info: [0mGET /api/notifications/getAllNotifications [36m304[0m 1681.800 ms - -[0m
2025-04-20 15:18:24 error: [GET] /api/employees/getEmployee/0 >> StatusCode:: 404, Message:: Employee not found
2025-04-20 15:18:24 info: [0mGET /api/employees/getEmployee/0 [33m404[0m 1590.971 ms - 32[0m
2025-04-20 15:18:24 info: [0mGET /api/allocations/getProjectAllocations/1 [36m304[0m 1576.442 ms - -[0m
2025-04-20 15:18:25 info: [0mGET /api/employees/getAllEmployees [36m304[0m 188.998 ms - -[0m
2025-04-20 15:24:05 error: [GET] /api/employees/getEmployee/0 >> StatusCode:: 404, Message:: Employee not found
2025-04-20 15:24:05 info: [0mGET /api/employees/getEmployee/0 [33m404[0m 1691.103 ms - 32[0m
2025-04-20 15:24:05 info: [0mGET /api/notifications/getAllNotifications [36m304[0m 1650.141 ms - -[0m
2025-04-20 15:24:05 info: [0mGET /api/allocations/getProjectAllocations/1 [36m304[0m 1651.965 ms - -[0m
2025-04-20 15:24:05 info: [0mGET /api/employees/getAllEmployees [36m304[0m 191.097 ms - -[0m
2025-04-20 15:25:11 info: [0mGET /api/notifications/getAllNotifications [36m304[0m 1496.967 ms - -[0m
2025-04-20 15:25:11 error: [GET] /api/employees/getEmployee/0 >> StatusCode:: 404, Message:: Employee not found
2025-04-20 15:25:11 info: [0mGET /api/employees/getEmployee/0 [33m404[0m 1476.145 ms - 32[0m
2025-04-20 15:25:11 info: [0mGET /api/allocations/getProjectAllocations/1 [36m304[0m 1472.916 ms - -[0m
2025-04-20 15:25:11 info: [0mGET /api/employees/getAllEmployees [36m304[0m 186.439 ms - -[0m
