2025-04-11 11:34:04 info: =================================
2025-04-11 11:34:04 info: ======= ENV: development =======
2025-04-11 11:34:04 info: 🚀 Identity Service listening on port 5000
2025-04-11 11:34:04 info: =================================
2025-04-11 11:34:04 info: [0mOPTIONS /api/auth/login [32m200[0m 3.968 ms - 0[0m
2025-04-11 11:34:08 info: Database connection established successfully.
2025-04-11 11:34:08 info: [0mPOST /api/auth/login [32m200[0m 4276.026 ms - 545[0m
2025-04-11 11:34:11 info: Database tables synced successfully.
2025-04-11 11:36:31 info: [0mGET /api/employees/getEmployee/19 [36m304[0m 2829.188 ms - -[0m
2025-04-11 11:36:32 info: [0mGET /api/employees/getAllEmployees [32m200[0m 4076.057 ms - 18852[0m
2025-04-11 11:36:32 info: [0mGET /api/notifications/getAllNotifications [32m200[0m 3628.171 ms - 96479[0m
2025-04-11 11:36:32 info: [0mGET /api/tasks/getChartTaskTimeStatistics [32m200[0m 3523.368 ms - 245[0m
2025-04-11 11:36:32 info: [0mGET /api/tasks/getChartYearlyTaskTimeStatistics [32m200[0m 3688.329 ms - 296[0m
2025-04-11 11:36:32 info: [0mGET /api/tasks/getChartWeeklyTaskTimeStatistics [32m200[0m 3802.164 ms - 286[0m
2025-04-11 11:36:32 info: [0mGET /api/employees/getNumberOfAssignedEmployees [32m200[0m 320.317 ms - 89[0m
2025-04-11 11:36:32 info: [0mGET /api/tasks/getProjectHoursSummary [32m200[0m 262.458 ms - 135[0m
2025-04-11 11:36:32 info: [0mGET /api/projects/getAllProjects [32m200[0m 332.035 ms - 5606[0m
2025-04-11 11:36:33 info: [0mGET /api/employees/getEmployee/19 [36m304[0m 319.601 ms - -[0m
2025-04-11 11:36:33 info: [0mGET /api/employees/getAllEmployees [36m304[0m 301.426 ms - -[0m
2025-04-11 11:36:33 info: [0mGET /api/notifications/getAllNotifications [36m304[0m 396.934 ms - -[0m
2025-04-11 11:36:33 info: [0mGET /api/employees/getProjectEmployees/0 [32m201[0m 526.253 ms - 70[0m
2025-04-11 11:36:33 info: [0mGET /api/employees/getNumberOfAssignedEmployees [36m304[0m 242.476 ms - -[0m
2025-04-11 11:36:33 info: [0mGET /api/tasks/getProjectHoursSummary [36m304[0m 326.224 ms - -[0m
2025-04-11 11:36:33 info: [0mGET /api/tasks/getChartTaskTimeStatistics [36m304[0m 834.241 ms - -[0m
2025-04-11 11:36:33 info: [0mGET /api/projects/getAllProjects [36m304[0m 307.689 ms - -[0m
2025-04-11 11:36:33 info: [0mGET /api/tasks/getChartYearlyTaskTimeStatistics [36m304[0m 589.560 ms - -[0m
2025-04-11 11:36:33 info: [0mGET /api/tasks/getChartWeeklyTaskTimeStatistics [36m304[0m 570.586 ms - -[0m
2025-04-11 11:36:33 info: [0mGET /api/employees/getProjectEmployees/0 [32m201[0m 358.707 ms - 70[0m
2025-04-11 11:37:01 info: [0mGET /api/employees/getEmployee/19 [36m304[0m 3096.554 ms - -[0m
2025-04-11 11:37:01 info: [0mGET /api/employees/getAllEmployees [36m304[0m 3069.743 ms - -[0m
2025-04-11 11:37:01 info: [0mGET /api/notifications/getAllNotifications [36m304[0m 3432.664 ms - -[0m
2025-04-11 11:37:01 info: [0mGET /api/tasks/getProjectHoursSummary [36m304[0m 255.282 ms - -[0m
2025-04-11 11:37:01 info: [0mGET /api/tasks/getChartWeeklyTaskTimeStatistics [36m304[0m 3243.930 ms - -[0m
2025-04-11 11:37:01 info: [0mGET /api/employees/getNumberOfAssignedEmployees [36m304[0m 261.530 ms - -[0m
2025-04-11 11:37:01 info: [0mGET /api/tasks/getChartYearlyTaskTimeStatistics [36m304[0m 3014.901 ms - -[0m
2025-04-11 11:37:01 info: [0mGET /api/tasks/getChartTaskTimeStatistics [36m304[0m 3059.140 ms - -[0m
2025-04-11 11:37:01 info: [0mGET /api/projects/getAllProjects [36m304[0m 210.549 ms - -[0m
2025-04-11 11:37:01 info: [0mGET /api/employees/getEmployee/19 [36m304[0m 196.335 ms - -[0m
2025-04-11 11:37:01 info: [0mGET /api/employees/getAllEmployees [36m304[0m 200.549 ms - -[0m
2025-04-11 11:37:01 info: [0mGET /api/employees/getProjectEmployees/0 [32m201[0m 228.232 ms - 70[0m
2025-04-11 11:37:01 info: [0mGET /api/tasks/getProjectHoursSummary [36m304[0m 251.260 ms - -[0m
2025-04-11 11:37:01 info: [0mGET /api/employees/getNumberOfAssignedEmployees [36m304[0m 210.287 ms - -[0m
2025-04-11 11:37:02 info: [0mGET /api/notifications/getAllNotifications [36m304[0m 435.806 ms - -[0m
2025-04-11 11:37:02 info: [0mGET /api/tasks/getChartWeeklyTaskTimeStatistics [36m304[0m 392.593 ms - -[0m
2025-04-11 11:37:02 info: [0mGET /api/projects/getAllProjects [36m304[0m 192.945 ms - -[0m
2025-04-11 11:37:02 info: [0mGET /api/employees/getProjectEmployees/0 [32m201[0m 197.981 ms - 70[0m
2025-04-11 11:37:02 info: [0mGET /api/tasks/getChartYearlyTaskTimeStatistics [36m304[0m 467.960 ms - -[0m
2025-04-11 11:37:02 info: [0mGET /api/tasks/getChartTaskTimeStatistics [36m304[0m 499.600 ms - -[0m
2025-04-11 11:37:02 info: [0mGET /api/projects/getAllProjects [36m304[0m 185.911 ms - -[0m
2025-04-11 11:37:02 info: [0mGET /api/projects/getAllProjects [36m304[0m 182.187 ms - -[0m
2025-04-11 11:43:41 info: [0mGET /api/employees/getEmployee/19 [36m304[0m 1535.148 ms - -[0m
2025-04-11 11:43:41 info: [0mGET /api/projects/getAllProjects [36m304[0m 1517.962 ms - -[0m
2025-04-11 11:43:41 info: [0mGET /api/notifications/getAllNotifications [36m304[0m 1817.631 ms - -[0m
2025-04-11 11:44:26 info: [0mGET /api/employees/getEmployee/19 [36m304[0m 1398.083 ms - -[0m
2025-04-11 11:44:26 info: [0mGET /api/projects/getAllProjects [36m304[0m 1409.016 ms - -[0m
2025-04-11 11:44:26 info: [0mGET /api/notifications/getAllNotifications [36m304[0m 1644.444 ms - -[0m
2025-04-11 11:51:55 info: [0mGET /api/employees/getEmployee/19 [36m304[0m 2920.789 ms - -[0m
2025-04-11 11:51:55 info: [0mGET /api/projects/getAllProjects [36m304[0m 2912.891 ms - -[0m
2025-04-11 11:51:55 info: [0mGET /api/notifications/getAllNotifications [36m304[0m 3412.768 ms - -[0m
2025-04-11 11:51:58 info: [0mGET /api/notifications/getAllNotifications [36m304[0m 199.243 ms - -[0m
2025-04-11 11:51:58 info: [0mGET /api/employees/getEmployee/19 [36m304[0m 208.771 ms - -[0m
2025-04-11 11:51:58 info: [0mGET /api/projects/getAllProjects [36m304[0m 219.370 ms - -[0m
2025-04-11 13:32:35 info: [0mGET /api/employees/getEmployee/19 [36m304[0m 2649.942 ms - -[0m
2025-04-11 13:32:35 info: [0mGET /api/projects/getAllProjects [36m304[0m 2373.976 ms - -[0m
2025-04-11 13:32:35 info: [0mGET /api/notifications/getAllNotifications [36m304[0m 2455.759 ms - -[0m
2025-04-11 13:53:57 info: [0mGET /api/projects/getAllProjects [36m304[0m 1783.806 ms - -[0m
2025-04-11 13:53:57 info: [0mGET /api/employees/getEmployee/19 [36m304[0m 1780.573 ms - -[0m
2025-04-11 13:53:57 info: [0mGET /api/notifications/getAllNotifications [36m304[0m 3635.998 ms - -[0m
2025-04-11 18:37:34 info: =================================
2025-04-11 18:37:34 info: ======= ENV: development =======
2025-04-11 18:37:34 info: 🚀 Identity Service listening on port 5000
2025-04-11 18:37:34 info: =================================
2025-04-11 18:37:37 info: Database connection established successfully.
2025-04-11 18:37:40 info: Database tables synced successfully.
2025-04-11 18:37:51 info: [0mOPTIONS /api/auth/login [32m200[0m 2.468 ms - 0[0m
2025-04-11 18:37:52 info: [0mPOST /api/auth/login [32m200[0m 1423.076 ms - 545[0m
2025-04-11 18:37:54 info: [0mGET /api/employees/getEmployee/19 [36m304[0m 199.807 ms - -[0m
2025-04-11 18:37:54 info: [0mGET /api/notifications/getAllNotifications [36m304[0m 553.045 ms - -[0m
2025-04-11 18:37:54 info: [0mGET /api/employees/getAllEmployees [36m304[0m 728.946 ms - -[0m
2025-04-11 18:37:55 info: [0mGET /api/employees/getNumberOfAssignedEmployees [36m304[0m 1198.833 ms - -[0m
2025-04-11 18:37:55 info: [0mGET /api/tasks/getProjectHoursSummary [36m304[0m 750.734 ms - -[0m
2025-04-11 18:37:55 info: [0mGET /api/projects/getAllProjects [36m304[0m 661.577 ms - -[0m
2025-04-11 18:37:55 info: [0mGET /api/tasks/getChartWeeklyTaskTimeStatistics [36m304[0m 1343.316 ms - -[0m
2025-04-11 18:37:55 info: [0mGET /api/tasks/getChartYearlyTaskTimeStatistics [36m304[0m 1380.925 ms - -[0m
2025-04-11 18:37:55 info: [0mGET /api/tasks/getChartTaskTimeStatistics [36m304[0m 1281.992 ms - -[0m
2025-04-11 18:37:55 info: [0mGET /api/employees/getEmployee/19 [36m304[0m 206.809 ms - -[0m
2025-04-11 18:37:55 info: [0mGET /api/employees/getAllEmployees [36m304[0m 205.923 ms - -[0m
2025-04-11 18:37:55 info: [0mGET /api/employees/getProjectEmployees/0 [32m201[0m 225.134 ms - 70[0m
2025-04-11 18:37:55 info: [0mGET /api/employees/getNumberOfAssignedEmployees [36m304[0m 189.793 ms - -[0m
2025-04-11 18:37:55 info: [0mGET /api/tasks/getProjectHoursSummary [36m304[0m 209.662 ms - -[0m
2025-04-11 18:37:55 info: [0mGET /api/notifications/getAllNotifications [36m304[0m 460.941 ms - -[0m
2025-04-11 18:37:55 info: [0mGET /api/projects/getAllProjects [36m304[0m 289.421 ms - -[0m
2025-04-11 18:37:55 info: [0mGET /api/employees/getProjectEmployees/0 [32m201[0m 261.327 ms - 70[0m
2025-04-11 18:37:55 info: [0mGET /api/tasks/getChartWeeklyTaskTimeStatistics [36m304[0m 405.183 ms - -[0m
2025-04-11 18:37:55 info: [0mGET /api/tasks/getChartYearlyTaskTimeStatistics [36m304[0m 365.523 ms - -[0m
2025-04-11 18:37:55 info: [0mGET /api/tasks/getChartTaskTimeStatistics [36m304[0m 386.088 ms - -[0m
2025-04-11 18:38:01 info: [0mGET /api/projects/getAllProjects [36m304[0m 184.883 ms - -[0m
2025-04-11 18:38:01 info: [0mGET /api/projects/getAllProjects [36m304[0m 183.528 ms - -[0m
2025-04-11 18:40:05 info: [0mGET /api/employees/getEmployee/19 [36m304[0m 1879.265 ms - -[0m
2025-04-11 18:40:05 info: [0mGET /api/projects/getAllProjects [36m304[0m 1719.545 ms - -[0m
2025-04-11 18:40:05 info: [0mGET /api/notifications/getAllNotifications [36m304[0m 1898.407 ms - -[0m
