2025-03-27 00:00:05 info: =================================
2025-03-27 00:00:05 info: ======= ENV: development =======
2025-03-27 00:00:05 info: 🚀 Identity Service listening on port 5000
2025-03-27 00:00:05 info: =================================
2025-03-27 00:00:08 info: Database connection established successfully.
2025-03-27 00:00:10 info: Database tables synced successfully.
2025-03-27 00:00:36 info: =================================
2025-03-27 00:00:36 info: ======= ENV: development =======
2025-03-27 00:00:36 info: 🚀 Identity Service listening on port 5000
2025-03-27 00:00:36 info: =================================
2025-03-27 00:00:39 info: Database connection established successfully.
2025-03-27 00:00:45 info: =================================
2025-03-27 00:00:45 info: ======= ENV: development =======
2025-03-27 00:00:45 info: 🚀 Identity Service listening on port 5000
2025-03-27 00:00:45 info: =================================
2025-03-27 00:00:49 info: =================================
2025-03-27 00:00:49 info: ======= ENV: development =======
2025-03-27 00:00:49 info: 🚀 Identity Service listening on port 5000
2025-03-27 00:00:49 info: =================================
2025-03-27 00:00:53 info: =================================
2025-03-27 00:00:53 info: ======= ENV: development =======
2025-03-27 00:00:53 info: 🚀 Identity Service listening on port 5000
2025-03-27 00:00:53 info: =================================
2025-03-27 00:00:55 info: Database connection established successfully.
2025-03-27 00:01:00 info: =================================
2025-03-27 00:01:00 info: ======= ENV: development =======
2025-03-27 00:01:00 info: 🚀 Identity Service listening on port 5000
2025-03-27 00:01:00 info: =================================
2025-03-27 00:01:03 info: Database connection established successfully.
2025-03-27 00:01:05 info: Database tables synced successfully.
2025-03-27 00:01:40 info: =================================
2025-03-27 00:01:40 info: ======= ENV: development =======
2025-03-27 00:01:40 info: 🚀 Identity Service listening on port 5000
2025-03-27 00:01:40 info: =================================
2025-03-27 00:01:43 info: Database connection established successfully.
2025-03-27 00:01:48 info: =================================
2025-03-27 00:01:48 info: ======= ENV: development =======
2025-03-27 00:01:48 info: 🚀 Identity Service listening on port 5000
2025-03-27 00:01:48 info: =================================
2025-03-27 00:01:52 info: =================================
2025-03-27 00:01:52 info: ======= ENV: development =======
2025-03-27 00:01:52 info: 🚀 Identity Service listening on port 5000
2025-03-27 00:01:52 info: =================================
2025-03-27 00:01:55 info: Database connection established successfully.
2025-03-27 00:01:57 info: Database tables synced successfully.
2025-03-27 00:02:03 info: =================================
2025-03-27 00:02:03 info: ======= ENV: development =======
2025-03-27 00:02:03 info: 🚀 Identity Service listening on port 5000
2025-03-27 00:02:03 info: =================================
2025-03-27 00:02:07 info: =================================
2025-03-27 00:02:07 info: ======= ENV: development =======
2025-03-27 00:02:07 info: 🚀 Identity Service listening on port 5000
2025-03-27 00:02:07 info: =================================
2025-03-27 00:02:12 info: =================================
2025-03-27 00:02:12 info: ======= ENV: development =======
2025-03-27 00:02:12 info: 🚀 Identity Service listening on port 5000
2025-03-27 00:02:12 info: =================================
2025-03-27 00:02:14 info: Database connection established successfully.
2025-03-27 00:02:17 info: =================================
2025-03-27 00:02:17 info: ======= ENV: development =======
2025-03-27 00:02:17 info: 🚀 Identity Service listening on port 5000
2025-03-27 00:02:17 info: =================================
2025-03-27 00:02:26 info: =================================
2025-03-27 00:02:26 info: ======= ENV: development =======
2025-03-27 00:02:26 info: 🚀 Identity Service listening on port 5000
2025-03-27 00:02:26 info: =================================
2025-03-27 00:02:31 info: =================================
2025-03-27 00:02:31 info: ======= ENV: development =======
2025-03-27 00:02:31 info: 🚀 Identity Service listening on port 5000
2025-03-27 00:02:31 info: =================================
2025-03-27 00:02:33 info: Database connection established successfully.
2025-03-27 00:02:36 info: Database tables synced successfully.
2025-03-27 00:02:40 info: =================================
2025-03-27 00:02:40 info: ======= ENV: development =======
2025-03-27 00:02:40 info: 🚀 Identity Service listening on port 5000
2025-03-27 00:02:40 info: =================================
2025-03-27 00:02:43 info: =================================
2025-03-27 00:02:43 info: ======= ENV: development =======
2025-03-27 00:02:43 info: 🚀 Identity Service listening on port 5000
2025-03-27 00:02:43 info: =================================
2025-03-27 00:02:46 info: =================================
2025-03-27 00:02:46 info: ======= ENV: development =======
2025-03-27 00:02:46 info: 🚀 Identity Service listening on port 5000
2025-03-27 00:02:46 info: =================================
2025-03-27 00:02:49 info: =================================
2025-03-27 00:02:49 info: ======= ENV: development =======
2025-03-27 00:02:49 info: 🚀 Identity Service listening on port 5000
2025-03-27 00:02:49 info: =================================
2025-03-27 00:02:57 info: =================================
2025-03-27 00:02:57 info: ======= ENV: development =======
2025-03-27 00:02:57 info: 🚀 Identity Service listening on port 5000
2025-03-27 00:02:57 info: =================================
2025-03-27 00:03:02 info: =================================
2025-03-27 00:03:02 info: ======= ENV: development =======
2025-03-27 00:03:02 info: 🚀 Identity Service listening on port 5000
2025-03-27 00:03:02 info: =================================
2025-03-27 00:03:05 info: Database connection established successfully.
2025-03-27 00:03:07 info: Database tables synced successfully.
2025-03-27 00:09:37 info: =================================
2025-03-27 00:09:37 info: ======= ENV: development =======
2025-03-27 00:09:37 info: 🚀 Identity Service listening on port 5000
2025-03-27 00:09:37 info: =================================
2025-03-27 00:09:40 info: Database connection established successfully.
2025-03-27 00:09:43 info: Database tables synced successfully.
2025-03-27 00:09:50 info: =================================
2025-03-27 00:09:50 info: ======= ENV: development =======
2025-03-27 00:09:50 info: 🚀 Identity Service listening on port 5000
2025-03-27 00:09:50 info: =================================
2025-03-27 00:09:53 info: Database connection established successfully.
2025-03-27 00:10:05 info: =================================
2025-03-27 00:10:05 info: ======= ENV: development =======
2025-03-27 00:10:05 info: 🚀 Identity Service listening on port 5000
2025-03-27 00:10:05 info: =================================
2025-03-27 00:10:08 info: Database connection established successfully.
2025-03-27 00:10:10 info: Database tables synced successfully.
2025-03-27 00:10:15 info: =================================
2025-03-27 00:10:15 info: ======= ENV: development =======
2025-03-27 00:10:15 info: 🚀 Identity Service listening on port 5000
2025-03-27 00:10:15 info: =================================
2025-03-27 00:10:27 info: =================================
2025-03-27 00:10:28 info: ======= ENV: development =======
2025-03-27 00:10:28 info: 🚀 Identity Service listening on port 5000
2025-03-27 00:10:28 info: =================================
2025-03-27 00:10:30 info: Database connection established successfully.
2025-03-27 00:10:33 info: Database tables synced successfully.
2025-03-27 00:11:04 info: =================================
2025-03-27 00:11:04 info: ======= ENV: development =======
2025-03-27 00:11:04 info: 🚀 Identity Service listening on port 5000
2025-03-27 00:11:04 info: =================================
2025-03-27 00:11:07 info: Database connection established successfully.
2025-03-27 00:11:09 info: Database tables synced successfully.
2025-03-27 00:11:15 info: =================================
2025-03-27 00:11:15 info: ======= ENV: development =======
2025-03-27 00:11:15 info: 🚀 Identity Service listening on port 5000
2025-03-27 00:11:15 info: =================================
2025-03-27 00:11:17 info: Database connection established successfully.
2025-03-27 00:11:20 info: Database tables synced successfully.
2025-03-27 00:12:11 info: =================================
2025-03-27 00:12:11 info: ======= ENV: development =======
2025-03-27 00:12:11 info: 🚀 Identity Service listening on port 5000
2025-03-27 00:12:11 info: =================================
2025-03-27 00:12:14 info: Database connection established successfully.
2025-03-27 00:12:16 info: Database tables synced successfully.
2025-03-27 00:12:19 info: =================================
2025-03-27 00:12:19 info: ======= ENV: development =======
2025-03-27 00:12:19 info: 🚀 Identity Service listening on port 5000
2025-03-27 00:12:19 info: =================================
2025-03-27 00:12:22 info: Database connection established successfully.
2025-03-27 00:12:24 info: Database tables synced successfully.
2025-03-27 00:12:48 info: =================================
2025-03-27 00:12:48 info: ======= ENV: development =======
2025-03-27 00:12:48 info: 🚀 Identity Service listening on port 5000
2025-03-27 00:12:48 info: =================================
2025-03-27 00:12:50 info: Database connection established successfully.
2025-03-27 00:12:53 info: =================================
2025-03-27 00:12:53 info: ======= ENV: development =======
2025-03-27 00:12:53 info: 🚀 Identity Service listening on port 5000
2025-03-27 00:12:53 info: =================================
2025-03-27 00:12:56 info: Database connection established successfully.
2025-03-27 00:12:58 info: Database tables synced successfully.
2025-03-27 00:13:47 info: =================================
2025-03-27 00:13:47 info: ======= ENV: development =======
2025-03-27 00:13:47 info: 🚀 Identity Service listening on port 5000
2025-03-27 00:13:47 info: =================================
2025-03-27 00:13:49 info: Database connection established successfully.
2025-03-27 00:13:52 info: Database tables synced successfully.
2025-03-27 00:13:58 info: =================================
2025-03-27 00:13:58 info: ======= ENV: development =======
2025-03-27 00:13:58 info: 🚀 Identity Service listening on port 5000
2025-03-27 00:13:58 info: =================================
2025-03-27 00:14:01 info: Database connection established successfully.
2025-03-27 00:14:03 info: Database tables synced successfully.
2025-03-27 00:14:07 info: =================================
2025-03-27 00:14:07 info: ======= ENV: development =======
2025-03-27 00:14:07 info: 🚀 Identity Service listening on port 5000
2025-03-27 00:14:07 info: =================================
2025-03-27 00:14:10 info: Database connection established successfully.
2025-03-27 00:14:12 info: Database tables synced successfully.
2025-03-27 00:14:18 info: =================================
2025-03-27 00:14:18 info: ======= ENV: development =======
2025-03-27 00:14:18 info: 🚀 Identity Service listening on port 5000
2025-03-27 00:14:18 info: =================================
2025-03-27 00:14:20 info: =================================
2025-03-27 00:14:20 info: ======= ENV: development =======
2025-03-27 00:14:20 info: 🚀 Identity Service listening on port 5000
2025-03-27 00:14:20 info: =================================
2025-03-27 00:14:23 info: Database connection established successfully.
2025-03-27 00:14:25 info: Database tables synced successfully.
2025-03-27 00:14:37 info: =================================
2025-03-27 00:14:37 info: ======= ENV: development =======
2025-03-27 00:14:37 info: 🚀 Identity Service listening on port 5000
2025-03-27 00:14:37 info: =================================
2025-03-27 00:14:39 info: Database connection established successfully.
2025-03-27 00:14:41 info: Database tables synced successfully.
2025-03-27 00:14:46 info: =================================
2025-03-27 00:14:46 info: ======= ENV: development =======
2025-03-27 00:14:46 info: 🚀 Identity Service listening on port 5000
2025-03-27 00:14:46 info: =================================
2025-03-27 00:14:49 info: Database connection established successfully.
2025-03-27 00:14:53 info: =================================
2025-03-27 00:14:53 info: ======= ENV: development =======
2025-03-27 00:14:53 info: 🚀 Identity Service listening on port 5000
2025-03-27 00:14:53 info: =================================
2025-03-27 00:15:03 info: =================================
2025-03-27 00:15:03 info: ======= ENV: development =======
2025-03-27 00:15:03 info: 🚀 Identity Service listening on port 5000
2025-03-27 00:15:03 info: =================================
2025-03-27 00:15:06 info: Database connection established successfully.
2025-03-27 00:15:08 info: Database tables synced successfully.
2025-03-27 00:15:16 info: =================================
2025-03-27 00:15:16 info: ======= ENV: development =======
2025-03-27 00:15:16 info: 🚀 Identity Service listening on port 5000
2025-03-27 00:15:16 info: =================================
2025-03-27 00:15:40 info: =================================
2025-03-27 00:15:40 info: ======= ENV: development =======
2025-03-27 00:15:40 info: 🚀 Identity Service listening on port 5000
2025-03-27 00:15:40 info: =================================
2025-03-27 00:15:42 info: Database connection established successfully.
2025-03-27 00:15:45 info: Database tables synced successfully.
2025-03-27 00:15:56 info: =================================
2025-03-27 00:15:56 info: ======= ENV: development =======
2025-03-27 00:15:56 info: 🚀 Identity Service listening on port 5000
2025-03-27 00:15:56 info: =================================
2025-03-27 00:15:58 info: Database connection established successfully.
2025-03-27 00:16:00 info: Database tables synced successfully.
2025-03-27 00:16:09 info: =================================
2025-03-27 00:16:09 info: ======= ENV: development =======
2025-03-27 00:16:09 info: 🚀 Identity Service listening on port 5000
2025-03-27 00:16:09 info: =================================
2025-03-27 00:16:11 info: Database connection established successfully.
2025-03-27 00:16:14 info: Database tables synced successfully.
2025-03-27 00:16:18 info: =================================
2025-03-27 00:16:18 info: ======= ENV: development =======
2025-03-27 00:16:18 info: 🚀 Identity Service listening on port 5000
2025-03-27 00:16:18 info: =================================
2025-03-27 00:16:20 info: Database connection established successfully.
2025-03-27 00:16:23 info: Database tables synced successfully.
2025-03-27 00:16:36 info: =================================
2025-03-27 00:16:36 info: ======= ENV: development =======
2025-03-27 00:16:36 info: 🚀 Identity Service listening on port 5000
2025-03-27 00:16:36 info: =================================
2025-03-27 00:16:38 info: Database connection established successfully.
2025-03-27 00:16:41 info: Database tables synced successfully.
2025-03-27 00:16:44 info: =================================
2025-03-27 00:16:44 info: ======= ENV: development =======
2025-03-27 00:16:44 info: 🚀 Identity Service listening on port 5000
2025-03-27 00:16:44 info: =================================
2025-03-27 00:16:47 info: Database connection established successfully.
2025-03-27 00:16:49 info: =================================
2025-03-27 00:16:49 info: ======= ENV: development =======
2025-03-27 00:16:49 info: 🚀 Identity Service listening on port 5000
2025-03-27 00:16:49 info: =================================
2025-03-27 00:16:52 info: Database connection established successfully.
2025-03-27 00:16:54 info: Database tables synced successfully.
2025-03-27 00:17:02 info: =================================
2025-03-27 00:17:02 info: ======= ENV: development =======
2025-03-27 00:17:02 info: 🚀 Identity Service listening on port 5000
2025-03-27 00:17:02 info: =================================
2025-03-27 00:17:05 info: Database connection established successfully.
2025-03-27 00:17:10 info: =================================
2025-03-27 00:17:10 info: ======= ENV: development =======
2025-03-27 00:17:10 info: 🚀 Identity Service listening on port 5000
2025-03-27 00:17:10 info: =================================
2025-03-27 00:17:13 info: Database connection established successfully.
2025-03-27 00:17:19 info: =================================
2025-03-27 00:17:19 info: ======= ENV: development =======
2025-03-27 00:17:19 info: 🚀 Identity Service listening on port 5000
2025-03-27 00:17:19 info: =================================
2025-03-27 00:17:21 info: Database connection established successfully.
2025-03-27 00:17:24 info: =================================
2025-03-27 00:17:24 info: ======= ENV: development =======
2025-03-27 00:17:24 info: 🚀 Identity Service listening on port 5000
2025-03-27 00:17:24 info: =================================
2025-03-27 00:17:27 info: Database connection established successfully.
2025-03-27 00:17:29 info: =================================
2025-03-27 00:17:29 info: ======= ENV: development =======
2025-03-27 00:17:29 info: 🚀 Identity Service listening on port 5000
2025-03-27 00:17:29 info: =================================
2025-03-27 00:17:36 info: =================================
2025-03-27 00:17:36 info: ======= ENV: development =======
2025-03-27 00:17:36 info: 🚀 Identity Service listening on port 5000
2025-03-27 00:17:36 info: =================================
2025-03-27 00:17:39 info: Database connection established successfully.
2025-03-27 00:17:41 info: Database tables synced successfully.
2025-03-27 00:17:54 info: =================================
2025-03-27 00:17:54 info: ======= ENV: development =======
2025-03-27 00:17:54 info: 🚀 Identity Service listening on port 5000
2025-03-27 00:17:54 info: =================================
2025-03-27 00:17:56 info: Database connection established successfully.
2025-03-27 00:18:01 info: =================================
2025-03-27 00:18:01 info: ======= ENV: development =======
2025-03-27 00:18:01 info: 🚀 Identity Service listening on port 5000
2025-03-27 00:18:01 info: =================================
2025-03-27 00:18:03 info: Database connection established successfully.
2025-03-27 00:18:06 info: Database tables synced successfully.
2025-03-27 00:18:14 info: =================================
2025-03-27 00:18:14 info: ======= ENV: development =======
2025-03-27 00:18:14 info: 🚀 Identity Service listening on port 5000
2025-03-27 00:18:14 info: =================================
2025-03-27 00:18:17 info: =================================
2025-03-27 00:18:17 info: ======= ENV: development =======
2025-03-27 00:18:17 info: 🚀 Identity Service listening on port 5000
2025-03-27 00:18:17 info: =================================
2025-03-27 00:18:23 info: =================================
2025-03-27 00:18:23 info: ======= ENV: development =======
2025-03-27 00:18:23 info: 🚀 Identity Service listening on port 5000
2025-03-27 00:18:23 info: =================================
2025-03-27 00:18:25 info: Database connection established successfully.
2025-03-27 00:18:28 info: Database tables synced successfully.
2025-03-27 00:18:30 info: =================================
2025-03-27 00:18:30 info: ======= ENV: development =======
2025-03-27 00:18:30 info: 🚀 Identity Service listening on port 5000
2025-03-27 00:18:30 info: =================================
2025-03-27 00:18:33 info: Database connection established successfully.
2025-03-27 00:18:35 info: Database tables synced successfully.
2025-03-27 00:18:47 info: =================================
2025-03-27 00:18:47 info: ======= ENV: development =======
2025-03-27 00:18:47 info: 🚀 Identity Service listening on port 5000
2025-03-27 00:18:47 info: =================================
2025-03-27 00:18:50 info: Database connection established successfully.
2025-03-27 00:18:52 info: Database tables synced successfully.
2025-03-27 00:18:59 info: =================================
2025-03-27 00:18:59 info: ======= ENV: development =======
2025-03-27 00:18:59 info: 🚀 Identity Service listening on port 5000
2025-03-27 00:18:59 info: =================================
2025-03-27 00:19:02 info: Database connection established successfully.
2025-03-27 00:19:04 info: Database tables synced successfully.
2025-03-27 00:19:09 info: =================================
2025-03-27 00:19:09 info: ======= ENV: development =======
2025-03-27 00:19:09 info: 🚀 Identity Service listening on port 5000
2025-03-27 00:19:09 info: =================================
2025-03-27 00:19:15 info: =================================
2025-03-27 00:19:15 info: ======= ENV: development =======
2025-03-27 00:19:15 info: 🚀 Identity Service listening on port 5000
2025-03-27 00:19:15 info: =================================
2025-03-27 00:19:19 info: =================================
2025-03-27 00:19:19 info: ======= ENV: development =======
2025-03-27 00:19:19 info: 🚀 Identity Service listening on port 5000
2025-03-27 00:19:19 info: =================================
2025-03-27 00:19:22 info: Database connection established successfully.
2025-03-27 00:19:24 info: Database tables synced successfully.
2025-03-27 00:19:47 info: =================================
2025-03-27 00:19:47 info: ======= ENV: development =======
2025-03-27 00:19:47 info: 🚀 Identity Service listening on port 5000
2025-03-27 00:19:47 info: =================================
2025-03-27 00:19:50 info: Database connection established successfully.
2025-03-27 00:19:52 info: Database tables synced successfully.
2025-03-27 00:20:02 info: =================================
2025-03-27 00:20:02 info: ======= ENV: development =======
2025-03-27 00:20:02 info: 🚀 Identity Service listening on port 5000
2025-03-27 00:20:02 info: =================================
2025-03-27 00:20:05 info: Database connection established successfully.
2025-03-27 00:20:08 info: =================================
2025-03-27 00:20:08 info: ======= ENV: development =======
2025-03-27 00:20:08 info: 🚀 Identity Service listening on port 5000
2025-03-27 00:20:08 info: =================================
2025-03-27 00:20:10 info: Database connection established successfully.
2025-03-27 00:20:12 info: Database tables synced successfully.
2025-03-27 00:20:18 info: =================================
2025-03-27 00:20:18 info: ======= ENV: development =======
2025-03-27 00:20:18 info: 🚀 Identity Service listening on port 5000
2025-03-27 00:20:18 info: =================================
2025-03-27 00:20:20 info: Database connection established successfully.
2025-03-27 00:20:23 info: Database tables synced successfully.
2025-03-27 00:20:31 info: =================================
2025-03-27 00:20:31 info: ======= ENV: development =======
2025-03-27 00:20:31 info: 🚀 Identity Service listening on port 5000
2025-03-27 00:20:31 info: =================================
2025-03-27 00:20:34 info: Database connection established successfully.
2025-03-27 00:20:36 info: Database tables synced successfully.
2025-03-27 00:20:39 info: =================================
2025-03-27 00:20:39 info: ======= ENV: development =======
2025-03-27 00:20:39 info: 🚀 Identity Service listening on port 5000
2025-03-27 00:20:39 info: =================================
2025-03-27 00:20:43 info: =================================
2025-03-27 00:20:43 info: ======= ENV: development =======
2025-03-27 00:20:43 info: 🚀 Identity Service listening on port 5000
2025-03-27 00:20:43 info: =================================
2025-03-27 00:20:46 info: =================================
2025-03-27 00:20:46 info: ======= ENV: development =======
2025-03-27 00:20:46 info: 🚀 Identity Service listening on port 5000
2025-03-27 00:20:46 info: =================================
2025-03-27 00:20:48 info: Database connection established successfully.
2025-03-27 00:20:51 info: Database tables synced successfully.
2025-03-27 00:21:21 info: =================================
2025-03-27 00:21:21 info: ======= ENV: development =======
2025-03-27 00:21:21 info: 🚀 Identity Service listening on port 5000
2025-03-27 00:21:21 info: =================================
2025-03-27 00:21:25 info: =================================
2025-03-27 00:21:25 info: ======= ENV: development =======
2025-03-27 00:21:25 info: 🚀 Identity Service listening on port 5000
2025-03-27 00:21:25 info: =================================
2025-03-27 00:21:28 info: Database connection established successfully.
2025-03-27 00:21:30 info: Database tables synced successfully.
2025-03-27 00:22:21 info: =================================
2025-03-27 00:22:21 info: ======= ENV: development =======
2025-03-27 00:22:21 info: 🚀 Identity Service listening on port 5000
2025-03-27 00:22:21 info: =================================
2025-03-27 00:22:24 info: Database connection established successfully.
2025-03-27 00:22:26 info: Database tables synced successfully.
2025-03-27 00:22:37 info: =================================
2025-03-27 00:22:37 info: ======= ENV: development =======
2025-03-27 00:22:37 info: 🚀 Identity Service listening on port 5000
2025-03-27 00:22:37 info: =================================
2025-03-27 00:22:42 info: =================================
2025-03-27 00:22:42 info: ======= ENV: development =======
2025-03-27 00:22:42 info: 🚀 Identity Service listening on port 5000
2025-03-27 00:22:42 info: =================================
2025-03-27 00:22:45 info: Database connection established successfully.
2025-03-27 00:22:47 info: =================================
2025-03-27 00:22:47 info: ======= ENV: development =======
2025-03-27 00:22:47 info: 🚀 Identity Service listening on port 5000
2025-03-27 00:22:47 info: =================================
2025-03-27 00:22:50 info: Database connection established successfully.
2025-03-27 00:22:52 info: Database tables synced successfully.
2025-03-27 00:22:56 info: =================================
2025-03-27 00:22:56 info: ======= ENV: development =======
2025-03-27 00:22:56 info: 🚀 Identity Service listening on port 5000
2025-03-27 00:22:56 info: =================================
2025-03-27 00:22:59 info: =================================
2025-03-27 00:22:59 info: ======= ENV: development =======
2025-03-27 00:22:59 info: 🚀 Identity Service listening on port 5000
2025-03-27 00:22:59 info: =================================
2025-03-27 00:23:07 info: =================================
2025-03-27 00:23:07 info: ======= ENV: development =======
2025-03-27 00:23:07 info: 🚀 Identity Service listening on port 5000
2025-03-27 00:23:08 info: =================================
2025-03-27 00:23:10 info: Database connection established successfully.
2025-03-27 00:23:12 info: Database tables synced successfully.
2025-03-27 00:26:32 info: =================================
2025-03-27 00:26:32 info: ======= ENV: development =======
2025-03-27 00:26:32 info: 🚀 Identity Service listening on port 5000
2025-03-27 00:26:32 info: =================================
2025-03-27 00:26:34 info: Database connection established successfully.
2025-03-27 00:26:37 info: Database tables synced successfully.
2025-03-27 00:29:12 info: =================================
2025-03-27 00:29:12 info: ======= ENV: development =======
2025-03-27 00:29:12 info: 🚀 Identity Service listening on port 5000
2025-03-27 00:29:12 info: =================================
2025-03-27 00:29:15 info: Database connection established successfully.
2025-03-27 00:29:18 info: =================================
2025-03-27 00:29:18 info: ======= ENV: development =======
2025-03-27 00:29:18 info: 🚀 Identity Service listening on port 5000
2025-03-27 00:29:18 info: =================================
2025-03-27 00:29:20 info: Database connection established successfully.
2025-03-27 00:29:23 info: Database tables synced successfully.
2025-03-27 00:30:07 info: =================================
2025-03-27 00:30:07 info: ======= ENV: development =======
2025-03-27 00:30:07 info: 🚀 Identity Service listening on port 5000
2025-03-27 00:30:07 info: =================================
2025-03-27 00:30:13 info: =================================
2025-03-27 00:30:13 info: ======= ENV: development =======
2025-03-27 00:30:13 info: 🚀 Identity Service listening on port 5000
2025-03-27 00:30:13 info: =================================
2025-03-27 00:30:18 info: =================================
2025-03-27 00:30:18 info: ======= ENV: development =======
2025-03-27 00:30:18 info: 🚀 Identity Service listening on port 5000
2025-03-27 00:30:18 info: =================================
2025-03-27 00:30:22 info: =================================
2025-03-27 00:30:22 info: ======= ENV: development =======
2025-03-27 00:30:22 info: 🚀 Identity Service listening on port 5000
2025-03-27 00:30:22 info: =================================
2025-03-27 00:30:27 info: =================================
2025-03-27 00:30:27 info: ======= ENV: development =======
2025-03-27 00:30:27 info: 🚀 Identity Service listening on port 5000
2025-03-27 00:30:27 info: =================================
2025-03-27 00:30:32 info: =================================
2025-03-27 00:30:32 info: ======= ENV: development =======
2025-03-27 00:30:32 info: 🚀 Identity Service listening on port 5000
2025-03-27 00:30:32 info: =================================
2025-03-27 00:30:35 info: Database connection established successfully.
2025-03-27 00:30:39 info: =================================
2025-03-27 00:30:39 info: ======= ENV: development =======
2025-03-27 00:30:39 info: 🚀 Identity Service listening on port 5000
2025-03-27 00:30:39 info: =================================
2025-03-27 00:30:42 info: Database connection established successfully.
2025-03-27 00:30:44 info: Database tables synced successfully.
2025-03-27 00:30:51 info: =================================
2025-03-27 00:30:51 info: ======= ENV: development =======
2025-03-27 00:30:51 info: 🚀 Identity Service listening on port 5000
2025-03-27 00:30:51 info: =================================
2025-03-27 00:30:54 info: Database connection established successfully.
2025-03-27 00:30:57 info: Database tables synced successfully.
2025-03-27 00:31:40 info: =================================
2025-03-27 00:31:40 info: ======= ENV: development =======
2025-03-27 00:31:40 info: 🚀 Identity Service listening on port 5000
2025-03-27 00:31:40 info: =================================
2025-03-27 00:31:43 info: Database connection established successfully.
2025-03-27 00:31:46 info: Database tables synced successfully.
2025-03-27 00:31:55 info: =================================
2025-03-27 00:31:55 info: ======= ENV: development =======
2025-03-27 00:31:55 info: 🚀 Identity Service listening on port 5000
2025-03-27 00:31:55 info: =================================
2025-03-27 00:31:58 info: Database connection established successfully.
2025-03-27 00:32:03 info: =================================
2025-03-27 00:32:03 info: ======= ENV: development =======
2025-03-27 00:32:03 info: 🚀 Identity Service listening on port 5000
2025-03-27 00:32:03 info: =================================
2025-03-27 00:32:06 info: Database connection established successfully.
2025-03-27 00:32:08 info: Database tables synced successfully.
2025-03-27 00:32:33 info: =================================
2025-03-27 00:32:33 info: ======= ENV: development =======
2025-03-27 00:32:33 info: 🚀 Identity Service listening on port 5000
2025-03-27 00:32:33 info: =================================
2025-03-27 00:32:35 info: =================================
2025-03-27 00:32:35 info: ======= ENV: development =======
2025-03-27 00:32:35 info: 🚀 Identity Service listening on port 5000
2025-03-27 00:32:35 info: =================================
2025-03-27 00:32:38 info: Database connection established successfully.
2025-03-27 00:32:40 info: Database tables synced successfully.
2025-03-27 00:33:15 info: =================================
2025-03-27 00:33:15 info: ======= ENV: development =======
2025-03-27 00:33:15 info: 🚀 Identity Service listening on port 5000
2025-03-27 00:33:15 info: =================================
2025-03-27 00:33:18 info: =================================
2025-03-27 00:33:18 info: ======= ENV: development =======
2025-03-27 00:33:18 info: 🚀 Identity Service listening on port 5000
2025-03-27 00:33:18 info: =================================
2025-03-27 00:33:23 info: =================================
2025-03-27 00:33:23 info: ======= ENV: development =======
2025-03-27 00:33:23 info: 🚀 Identity Service listening on port 5000
2025-03-27 00:33:23 info: =================================
2025-03-27 00:33:25 info: Database connection established successfully.
2025-03-27 00:33:27 info: Database tables synced successfully.
2025-03-27 00:33:42 info: =================================
2025-03-27 00:33:42 info: ======= ENV: development =======
2025-03-27 00:33:42 info: 🚀 Identity Service listening on port 5000
2025-03-27 00:33:42 info: =================================
2025-03-27 00:33:49 info: =================================
2025-03-27 00:33:49 info: ======= ENV: development =======
2025-03-27 00:33:49 info: 🚀 Identity Service listening on port 5000
2025-03-27 00:33:49 info: =================================
2025-03-27 00:33:52 info: Database connection established successfully.
2025-03-27 00:33:55 info: Database tables synced successfully.
2025-03-27 00:34:28 info: =================================
2025-03-27 00:34:28 info: ======= ENV: development =======
2025-03-27 00:34:28 info: 🚀 Identity Service listening on port 5000
2025-03-27 00:34:28 info: =================================
2025-03-27 00:34:33 info: Database connection established successfully.
2025-03-27 00:34:36 info: =================================
2025-03-27 00:34:36 info: ======= ENV: development =======
2025-03-27 00:34:36 info: 🚀 Identity Service listening on port 5000
2025-03-27 00:34:36 info: =================================
2025-03-27 00:34:43 info: =================================
2025-03-27 00:34:43 info: ======= ENV: development =======
2025-03-27 00:34:43 info: 🚀 Identity Service listening on port 5000
2025-03-27 00:34:43 info: =================================
2025-03-27 00:34:46 info: Database connection established successfully.
2025-03-27 00:34:49 info: =================================
2025-03-27 00:34:49 info: ======= ENV: development =======
2025-03-27 00:34:49 info: 🚀 Identity Service listening on port 5000
2025-03-27 00:34:49 info: =================================
2025-03-27 00:34:54 info: =================================
2025-03-27 00:34:54 info: ======= ENV: development =======
2025-03-27 00:34:54 info: 🚀 Identity Service listening on port 5000
2025-03-27 00:34:54 info: =================================
2025-03-27 00:34:57 info: Database connection established successfully.
2025-03-27 00:35:00 info: Database tables synced successfully.
2025-03-27 00:35:37 info: =================================
2025-03-27 00:35:37 info: ======= ENV: development =======
2025-03-27 00:35:37 info: 🚀 Identity Service listening on port 5000
2025-03-27 00:35:37 info: =================================
2025-03-27 00:35:40 info: Database connection established successfully.
2025-03-27 00:35:44 info: =================================
2025-03-27 00:35:44 info: ======= ENV: development =======
2025-03-27 00:35:44 info: 🚀 Identity Service listening on port 5000
2025-03-27 00:35:44 info: =================================
2025-03-27 00:35:46 info: Database connection established successfully.
2025-03-27 00:35:49 info: Database tables synced successfully.
2025-03-27 00:36:09 info: =================================
2025-03-27 00:36:09 info: ======= ENV: development =======
2025-03-27 00:36:09 info: 🚀 Identity Service listening on port 5000
2025-03-27 00:36:09 info: =================================
2025-03-27 00:36:12 info: Database connection established successfully.
2025-03-27 00:36:18 info: =================================
2025-03-27 00:36:18 info: ======= ENV: development =======
2025-03-27 00:36:18 info: 🚀 Identity Service listening on port 5000
2025-03-27 00:36:18 info: =================================
2025-03-27 00:36:23 info: =================================
2025-03-27 00:36:23 info: ======= ENV: development =======
2025-03-27 00:36:23 info: 🚀 Identity Service listening on port 5000
2025-03-27 00:36:23 info: =================================
2025-03-27 00:36:26 info: Database connection established successfully.
2025-03-27 00:36:28 info: Database tables synced successfully.
2025-03-27 00:36:30 info: =================================
2025-03-27 00:36:30 info: ======= ENV: development =======
2025-03-27 00:36:30 info: 🚀 Identity Service listening on port 5000
2025-03-27 00:36:30 info: =================================
2025-03-27 00:36:34 info: =================================
2025-03-27 00:36:34 info: ======= ENV: development =======
2025-03-27 00:36:34 info: 🚀 Identity Service listening on port 5000
2025-03-27 00:36:34 info: =================================
2025-03-27 00:36:37 info: Database connection established successfully.
2025-03-27 00:36:39 info: Database tables synced successfully.
2025-03-27 00:36:41 info: =================================
2025-03-27 00:36:41 info: ======= ENV: development =======
2025-03-27 00:36:41 info: 🚀 Identity Service listening on port 5000
2025-03-27 00:36:41 info: =================================
2025-03-27 00:36:44 info: Database connection established successfully.
2025-03-27 00:36:46 info: Database tables synced successfully.
2025-03-27 00:37:20 info: =================================
2025-03-27 00:37:20 info: ======= ENV: development =======
2025-03-27 00:37:20 info: 🚀 Identity Service listening on port 5000
2025-03-27 00:37:20 info: =================================
2025-03-27 00:37:23 info: =================================
2025-03-27 00:37:23 info: ======= ENV: development =======
2025-03-27 00:37:23 info: 🚀 Identity Service listening on port 5000
2025-03-27 00:37:23 info: =================================
2025-03-27 00:37:26 info: Database connection established successfully.
2025-03-27 00:37:28 info: Database tables synced successfully.
2025-03-27 00:37:31 info: =================================
2025-03-27 00:37:31 info: ======= ENV: development =======
2025-03-27 00:37:31 info: 🚀 Identity Service listening on port 5000
2025-03-27 00:37:31 info: =================================
2025-03-27 00:37:34 info: Database connection established successfully.
2025-03-27 00:37:36 info: Database tables synced successfully.
2025-03-27 00:37:44 info: =================================
2025-03-27 00:37:44 info: ======= ENV: development =======
2025-03-27 00:37:44 info: 🚀 Identity Service listening on port 5000
2025-03-27 00:37:44 info: =================================
2025-03-27 00:37:49 info: =================================
2025-03-27 00:37:49 info: ======= ENV: development =======
2025-03-27 00:37:49 info: 🚀 Identity Service listening on port 5000
2025-03-27 00:37:49 info: =================================
2025-03-27 00:37:53 info: =================================
2025-03-27 00:37:53 info: ======= ENV: development =======
2025-03-27 00:37:53 info: 🚀 Identity Service listening on port 5000
2025-03-27 00:37:53 info: =================================
2025-03-27 00:37:56 info: Database connection established successfully.
2025-03-27 00:37:59 info: =================================
2025-03-27 00:37:59 info: ======= ENV: development =======
2025-03-27 00:37:59 info: 🚀 Identity Service listening on port 5000
2025-03-27 00:37:59 info: =================================
2025-03-27 00:38:01 info: Database connection established successfully.
2025-03-27 00:38:04 info: Database tables synced successfully.
2025-03-27 00:38:16 info: =================================
2025-03-27 00:38:16 info: ======= ENV: development =======
2025-03-27 00:38:16 info: 🚀 Identity Service listening on port 5000
2025-03-27 00:38:16 info: =================================
2025-03-27 00:38:18 info: =================================
2025-03-27 00:38:18 info: ======= ENV: development =======
2025-03-27 00:38:18 info: 🚀 Identity Service listening on port 5000
2025-03-27 00:38:18 info: =================================
2025-03-27 00:38:21 info: Database connection established successfully.
2025-03-27 00:38:23 info: Database tables synced successfully.
2025-03-27 00:38:32 info: =================================
2025-03-27 00:38:32 info: ======= ENV: development =======
2025-03-27 00:38:32 info: 🚀 Identity Service listening on port 5000
2025-03-27 00:38:32 info: =================================
2025-03-27 00:38:35 info: Database connection established successfully.
2025-03-27 00:38:39 info: =================================
2025-03-27 00:38:39 info: ======= ENV: development =======
2025-03-27 00:38:39 info: 🚀 Identity Service listening on port 5000
2025-03-27 00:38:39 info: =================================
2025-03-27 00:38:41 info: Database connection established successfully.
2025-03-27 00:38:46 info: =================================
2025-03-27 00:38:46 info: ======= ENV: development =======
2025-03-27 00:38:46 info: 🚀 Identity Service listening on port 5000
2025-03-27 00:38:46 info: =================================
2025-03-27 00:38:49 info: Database connection established successfully.
2025-03-27 00:38:51 info: Database tables synced successfully.
2025-03-27 00:38:56 info: =================================
2025-03-27 00:38:57 info: ======= ENV: development =======
2025-03-27 00:38:57 info: 🚀 Identity Service listening on port 5000
2025-03-27 00:38:57 info: =================================
2025-03-27 00:39:00 info: Database connection established successfully.
2025-03-27 00:39:02 info: Database tables synced successfully.
2025-03-27 00:39:16 info: =================================
2025-03-27 00:39:16 info: ======= ENV: development =======
2025-03-27 00:39:16 info: 🚀 Identity Service listening on port 5000
2025-03-27 00:39:16 info: =================================
2025-03-27 00:39:18 info: Database connection established successfully.
2025-03-27 00:39:22 info: =================================
2025-03-27 00:39:22 info: ======= ENV: development =======
2025-03-27 00:39:22 info: 🚀 Identity Service listening on port 5000
2025-03-27 00:39:22 info: =================================
2025-03-27 00:39:25 info: Database connection established successfully.
2025-03-27 00:39:30 info: =================================
2025-03-27 00:39:30 info: ======= ENV: development =======
2025-03-27 00:39:30 info: 🚀 Identity Service listening on port 5000
2025-03-27 00:39:30 info: =================================
2025-03-27 00:39:32 info: Database connection established successfully.
2025-03-27 00:39:35 info: Database tables synced successfully.
2025-03-27 00:39:41 info: =================================
2025-03-27 00:39:41 info: ======= ENV: development =======
2025-03-27 00:39:41 info: 🚀 Identity Service listening on port 5000
2025-03-27 00:39:41 info: =================================
2025-03-27 00:39:44 info: Database connection established successfully.
2025-03-27 00:39:47 info: =================================
2025-03-27 00:39:47 info: ======= ENV: development =======
2025-03-27 00:39:47 info: 🚀 Identity Service listening on port 5000
2025-03-27 00:39:47 info: =================================
2025-03-27 00:39:50 info: Database connection established successfully.
2025-03-27 00:39:54 info: =================================
2025-03-27 00:39:54 info: ======= ENV: development =======
2025-03-27 00:39:54 info: 🚀 Identity Service listening on port 5000
2025-03-27 00:39:54 info: =================================
2025-03-27 00:39:57 info: Database connection established successfully.
2025-03-27 00:39:59 info: Database tables synced successfully.
2025-03-27 16:54:54 info: Database connection established successfully.
2025-03-27 16:54:56 info: Database tables synced successfully.
2025-03-27 16:55:05 info: =================================
2025-03-27 16:55:05 info: ======= ENV: development =======
2025-03-27 16:55:05 info: 🚀 Identity Service listening on port 5000
2025-03-27 16:55:05 info: =================================
2025-03-27 16:55:08 info: Database connection established successfully.
2025-03-27 16:55:10 info: Database tables synced successfully.
2025-03-27 16:56:00 error: [POST] /api/auth/signup >> StatusCode:: 500, Message:: Cannot read properties of undefined (reading 'role')
2025-03-27 16:56:00 info: [0mPOST /api/auth/signup [31m500[0m 33.931 ms - 66[0m
2025-03-27 16:56:25 info: =================================
2025-03-27 16:56:25 info: ======= ENV: development =======
2025-03-27 16:56:25 info: 🚀 Identity Service listening on port 5000
2025-03-27 16:56:25 info: =================================
2025-03-27 16:56:27 info: Database connection established successfully.
2025-03-27 16:56:30 info: =================================
2025-03-27 16:56:30 info: ======= ENV: development =======
2025-03-27 16:56:30 info: 🚀 Identity Service listening on port 5000
2025-03-27 16:56:30 info: =================================
2025-03-27 16:56:32 info: Database connection established successfully.
2025-03-27 16:56:37 info: =================================
2025-03-27 16:56:37 info: ======= ENV: development =======
2025-03-27 16:56:37 info: 🚀 Identity Service listening on port 5000
2025-03-27 16:56:37 info: =================================
2025-03-27 16:56:39 info: Database connection established successfully.
2025-03-27 16:56:41 info: Database tables synced successfully.
2025-03-27 16:56:49 info: =================================
2025-03-27 16:56:49 info: ======= ENV: development =======
2025-03-27 16:56:49 info: 🚀 Identity Service listening on port 5000
2025-03-27 16:56:49 info: =================================
2025-03-27 16:56:52 info: =================================
2025-03-27 16:56:52 info: ======= ENV: development =======
2025-03-27 16:56:52 info: 🚀 Identity Service listening on port 5000
2025-03-27 16:56:52 info: =================================
2025-03-27 16:56:54 info: =================================
2025-03-27 16:56:54 info: ======= ENV: development =======
2025-03-27 16:56:54 info: 🚀 Identity Service listening on port 5000
2025-03-27 16:56:54 info: =================================
2025-03-27 16:56:57 info: Database connection established successfully.
2025-03-27 16:57:00 info: Database tables synced successfully.
2025-03-27 16:57:00 error: [POST] /api/auth/signup >> StatusCode:: 401, Message:: Super admin rights required!
2025-03-27 16:57:00 info: [0mPOST /api/auth/signup [33m401[0m 23.424 ms - 42[0m
2025-03-27 16:57:10 info: =================================
2025-03-27 16:57:10 info: ======= ENV: development =======
2025-03-27 16:57:10 info: 🚀 Identity Service listening on port 5000
2025-03-27 16:57:10 info: =================================
2025-03-27 16:57:12 info: Database connection established successfully.
2025-03-27 16:57:15 info: =================================
2025-03-27 16:57:15 info: ======= ENV: development =======
2025-03-27 16:57:15 info: 🚀 Identity Service listening on port 5000
2025-03-27 16:57:15 info: =================================
2025-03-27 16:57:17 info: Database connection established successfully.
2025-03-27 16:57:20 info: Database tables synced successfully.
2025-03-27 16:57:30 info: [0mPOST /api/auth/signup [32m201[0m 1089.058 ms - 466[0m
2025-03-27 16:57:38 info: =================================
2025-03-27 16:57:38 info: ======= ENV: development =======
2025-03-27 16:57:38 info: 🚀 Identity Service listening on port 5000
2025-03-27 16:57:38 info: =================================
2025-03-27 16:57:40 info: Database connection established successfully.
2025-03-27 16:57:43 info: Database tables synced successfully.
2025-03-27 23:00:56 info: =================================
2025-03-27 23:00:56 info: ======= ENV: development =======
2025-03-27 23:00:56 info: 🚀 Identity Service listening on port 5000
2025-03-27 23:00:56 info: =================================
2025-03-27 23:01:00 info: Database connection established successfully.
2025-03-27 23:01:02 info: Database tables synced successfully.
2025-03-27 23:03:36 info: [0mGET /api/employees/getAllEmployees [32m200[0m 1399.858 ms - -[0m
2025-03-27 23:08:48 info: =================================
2025-03-27 23:08:48 info: ======= ENV: development =======
2025-03-27 23:08:48 info: 🚀 Identity Service listening on port 5000
2025-03-27 23:08:48 info: =================================
2025-03-27 23:08:51 info: Database connection established successfully.
2025-03-27 23:08:53 info: Database tables synced successfully.
2025-03-27 23:08:59 info: =================================
2025-03-27 23:08:59 info: ======= ENV: development =======
2025-03-27 23:08:59 info: 🚀 Identity Service listening on port 5000
2025-03-27 23:08:59 info: =================================
2025-03-27 23:09:02 info: Database connection established successfully.
2025-03-27 23:09:05 info: Database tables synced successfully.
2025-03-27 23:09:07 info: =================================
2025-03-27 23:09:07 info: ======= ENV: development =======
2025-03-27 23:09:07 info: 🚀 Identity Service listening on port 5000
2025-03-27 23:09:07 info: =================================
2025-03-27 23:09:10 info: Database connection established successfully.
2025-03-27 23:09:12 info: Database tables synced successfully.
2025-03-27 23:12:16 info: =================================
2025-03-27 23:12:16 info: ======= ENV: development =======
2025-03-27 23:12:16 info: 🚀 Identity Service listening on port 5000
2025-03-27 23:12:16 info: =================================
2025-03-27 23:12:19 info: Database connection established successfully.
2025-03-27 23:12:21 info: Database tables synced successfully.
2025-03-27 23:20:41 info: [0mGET /api/employees/getAllEmployees [32m200[0m 2310.336 ms - -[0m
2025-03-27 23:24:11 info: =================================
2025-03-27 23:24:11 info: ======= ENV: development =======
2025-03-27 23:24:11 info: 🚀 Identity Service listening on port 5000
2025-03-27 23:24:11 info: =================================
2025-03-27 23:24:14 info: Database connection established successfully.
2025-03-27 23:24:16 info: Database tables synced successfully.
2025-03-27 23:24:27 info: =================================
2025-03-27 23:24:27 info: ======= ENV: development =======
2025-03-27 23:24:27 info: 🚀 Identity Service listening on port 5000
2025-03-27 23:24:27 info: =================================
2025-03-27 23:24:31 info: =================================
2025-03-27 23:24:31 info: ======= ENV: development =======
2025-03-27 23:24:31 info: 🚀 Identity Service listening on port 5000
2025-03-27 23:24:31 info: =================================
2025-03-27 23:24:33 info: Database connection established successfully.
2025-03-27 23:24:35 info: Database tables synced successfully.
