2025-04-17 00:00:32 error: [GET] /api/employees/getEmployee/0 >> StatusCode:: 404, Message:: Employee not found
2025-04-17 00:00:33 info: [0mGET /api/employees/getEmployee/0 [33m404[0m 1495.500 ms - 32[0m
2025-04-17 00:00:33 info: [0mGET /api/notifications/getAllNotifications [36m304[0m 1551.026 ms - -[0m
2025-04-17 00:00:33 info: [0mGET /api/employees/getAllEmployees [36m304[0m 1350.533 ms - -[0m
2025-04-17 00:00:33 info: [0mGET /api/allocations/getProjectAllocations/1 [36m304[0m 1355.993 ms - -[0m
2025-04-17 00:01:03 info: [0mGET /api/notifications/getAllNotifications [36m304[0m 1500.153 ms - -[0m
2025-04-17 00:01:03 error: [GET] /api/employees/getEmployee/0 >> StatusCode:: 404, Message:: Employee not found
2025-04-17 00:01:03 info: [0mGET /api/employees/getEmployee/0 [33m404[0m 1419.310 ms - 32[0m
2025-04-17 00:01:04 info: [0mGET /api/employees/getAllEmployees [36m304[0m 190.619 ms - -[0m
2025-04-17 00:01:04 info: [0mGET /api/allocations/getProjectAllocations/1 [36m304[0m 198.458 ms - -[0m
2025-04-17 00:01:14 info: [0mGET /api/notifications/getAllNotifications [36m304[0m 192.641 ms - -[0m
2025-04-17 00:01:14 error: [GET] /api/employees/getEmployee/0 >> StatusCode:: 404, Message:: Employee not found
2025-04-17 00:01:14 info: [0mGET /api/employees/getEmployee/0 [33m404[0m 202.094 ms - 32[0m
2025-04-17 00:01:15 info: [0mGET /api/employees/getAllEmployees [36m304[0m 223.828 ms - -[0m
2025-04-17 00:01:15 info: [0mGET /api/allocations/getProjectAllocations/1 [36m304[0m 194.881 ms - -[0m
2025-04-17 00:02:24 info: [0mGET /api/notifications/getAllNotifications [36m304[0m 1491.586 ms - -[0m
2025-04-17 00:02:24 error: [GET] /api/employees/getEmployee/0 >> StatusCode:: 404, Message:: Employee not found
2025-04-17 00:02:24 info: [0mGET /api/employees/getEmployee/0 [33m404[0m 1432.780 ms - 32[0m
2025-04-17 00:02:25 info: [0mGET /api/employees/getAllEmployees [36m304[0m 1153.351 ms - -[0m
2025-04-17 00:02:25 info: [0mGET /api/allocations/getProjectAllocations/1 [36m304[0m 1166.285 ms - -[0m
2025-04-17 00:03:29 info: [0mGET /api/notifications/getAllNotifications [36m304[0m 1591.928 ms - -[0m
2025-04-17 00:03:29 error: [GET] /api/employees/getEmployee/0 >> StatusCode:: 404, Message:: Employee not found
2025-04-17 00:03:29 info: [0mGET /api/employees/getEmployee/0 [33m404[0m 1556.004 ms - 32[0m
2025-04-17 00:03:29 info: [0mGET /api/employees/getAllEmployees [36m304[0m 1524.456 ms - -[0m
2025-04-17 00:03:29 info: [0mGET /api/allocations/getProjectAllocations/1 [36m304[0m 1549.329 ms - -[0m
2025-04-17 00:03:36 info: [0mOPTIONS /api/allocations/deleteAllocation/4 [32m200[0m 1.019 ms - 0[0m
2025-04-17 00:03:37 info: [0mDELETE /api/allocations/deleteAllocation/4 [32m200[0m 392.842 ms - 71[0m
2025-04-17 00:03:37 info: [0mGET /api/notifications/getAllNotifications [36m304[0m 185.540 ms - -[0m
2025-04-17 00:03:37 info: [0mGET /api/employees/getAllEmployees [32m200[0m 186.644 ms - 2800[0m
2025-04-17 00:03:37 info: [0mGET /api/allocations/getProjectAllocations/1 [32m200[0m 185.044 ms - 80[0m
2025-04-17 00:03:55 info: [0mGET /api/notifications/getAllNotifications [36m304[0m 1602.476 ms - -[0m
2025-04-17 00:03:55 error: [GET] /api/employees/getEmployee/0 >> StatusCode:: 404, Message:: Employee not found
2025-04-17 00:03:55 info: [0mGET /api/employees/getEmployee/0 [33m404[0m 1606.780 ms - 32[0m
2025-04-17 00:03:55 info: [0mGET /api/employees/getAllEmployees [36m304[0m 1581.068 ms - -[0m
2025-04-17 00:03:55 info: [0mGET /api/allocations/getProjectAllocations/1 [36m304[0m 1727.231 ms - -[0m
2025-04-17 00:03:59 info: [0mGET /api/employees/getAllEmployees [36m304[0m 221.606 ms - -[0m
2025-04-17 00:03:59 info: [0mGET /api/allocations/getProjectAllocations/1 [36m304[0m 219.331 ms - -[0m
2025-04-17 00:03:59 info: [0mGET /api/notifications/getAllNotifications [36m304[0m 231.127 ms - -[0m
2025-04-17 00:05:33 info: [0mGET /api/notifications/getAllNotifications [36m304[0m 1471.540 ms - -[0m
2025-04-17 00:05:33 error: [GET] /api/employees/getEmployee/0 >> StatusCode:: 404, Message:: Employee not found
2025-04-17 00:05:33 info: [0mGET /api/employees/getEmployee/0 [33m404[0m 1525.212 ms - 32[0m
2025-04-17 00:05:33 info: [0mGET /api/employees/getAllEmployees [36m304[0m 1549.810 ms - -[0m
2025-04-17 00:05:33 info: [0mGET /api/allocations/getProjectAllocations/1 [36m304[0m 1552.243 ms - -[0m
2025-04-17 00:05:38 info: [0mGET /api/notifications/getAllNotifications [36m304[0m 188.181 ms - -[0m
2025-04-17 00:05:38 error: [GET] /api/employees/getEmployee/0 >> StatusCode:: 404, Message:: Employee not found
2025-04-17 00:05:38 info: [0mGET /api/employees/getEmployee/0 [33m404[0m 188.843 ms - 32[0m
2025-04-17 00:05:38 info: [0mGET /api/employees/getAllEmployees [36m304[0m 187.321 ms - -[0m
2025-04-17 00:05:38 info: [0mGET /api/allocations/getProjectAllocations/1 [36m304[0m 189.194 ms - -[0m
2025-04-17 00:06:08 info: [0mPOST /api/allocations/createAllocation [32m201[0m 2334.777 ms - 371[0m
2025-04-17 00:06:12 info: [0mGET /api/notifications/getAllNotifications [36m304[0m 189.423 ms - -[0m
2025-04-17 00:06:12 error: [GET] /api/employees/getEmployee/0 >> StatusCode:: 404, Message:: Employee not found
2025-04-17 00:06:12 info: [0mGET /api/employees/getEmployee/0 [33m404[0m 419.768 ms - 32[0m
2025-04-17 00:06:12 info: [0mGET /api/employees/getAllEmployees [32m200[0m 619.725 ms - 3034[0m
2025-04-17 00:06:13 info: [0mGET /api/allocations/getProjectAllocations/1 [32m200[0m 859.072 ms - 1152[0m
2025-04-17 00:08:10 info: [0mGET /api/notifications/getAllNotifications [36m304[0m 4202.388 ms - -[0m
2025-04-17 00:08:10 error: [GET] /api/employees/getEmployee/0 >> StatusCode:: 404, Message:: Employee not found
2025-04-17 00:08:10 info: [0mGET /api/employees/getEmployee/0 [33m404[0m 3556.938 ms - 32[0m
2025-04-17 00:08:10 info: [0mGET /api/employees/getAllEmployees [36m304[0m 2412.430 ms - -[0m
2025-04-17 00:08:10 info: [0mGET /api/allocations/getProjectAllocations/1 [36m304[0m 2614.142 ms - -[0m
2025-04-17 00:08:10 info: [0mGET /api/projects/getAllProjects [36m304[0m 731.479 ms - -[0m
2025-04-17 00:08:11 info: [0mGET /api/notifications/getAllNotifications [36m304[0m 188.319 ms - -[0m
2025-04-17 00:08:11 info: [0mGET /api/employees/getAllEmployees [36m304[0m 191.953 ms - -[0m
2025-04-17 00:08:11 info: [0mGET /api/allocations/getProjectAllocations/1 [36m304[0m 198.675 ms - -[0m
2025-04-17 00:08:11 error: [GET] /api/employees/getEmployee/0 >> StatusCode:: 404, Message:: Employee not found
2025-04-17 00:08:11 info: [0mGET /api/employees/getEmployee/0 [33m404[0m 215.879 ms - 32[0m
2025-04-17 00:08:11 info: [0mGET /api/projects/getAllProjects [36m304[0m 292.377 ms - -[0m
2025-04-17 00:08:14 info: [0mGET /api/employees/getAllEmployees [36m304[0m 189.806 ms - -[0m
2025-04-17 00:08:14 info: [0mGET /api/allocations/getProjectAllocations/1 [36m304[0m 192.388 ms - -[0m
2025-04-17 00:08:14 info: [0mGET /api/employees/getAllEmployees [36m304[0m 184.418 ms - -[0m
2025-04-17 00:08:14 info: [0mGET /api/allocations/getProjectAllocations/1 [36m304[0m 196.435 ms - -[0m
2025-04-17 00:12:42 info: [0mGET /api/notifications/getAllNotifications [36m304[0m 1560.831 ms - -[0m
2025-04-17 00:12:47 info: [0mGET /api/notifications/getAllNotifications [36m304[0m 202.665 ms - -[0m
2025-04-17 00:12:47 error: [GET] /api/employees/getEmployee/0 >> StatusCode:: 404, Message:: Employee not found
2025-04-17 00:12:47 info: [0mGET /api/employees/getEmployee/0 [33m404[0m 380.775 ms - 32[0m
2025-04-17 00:12:48 info: [0mGET /api/employees/getAllEmployees [36m304[0m 508.639 ms - -[0m
2025-04-17 00:12:48 info: [0mGET /api/allocations/getProjectAllocations/1 [36m304[0m 671.284 ms - -[0m
2025-04-17 00:12:51 info: [0mOPTIONS /api/allocations/deleteAllocation/5 [32m200[0m 1.757 ms - 0[0m
2025-04-17 00:12:52 info: [0mDELETE /api/allocations/deleteAllocation/5 [32m200[0m 419.409 ms - 71[0m
2025-04-17 00:12:52 info: [0mGET /api/notifications/getAllNotifications [36m304[0m 183.124 ms - -[0m
2025-04-17 00:12:52 info: [0mGET /api/employees/getAllEmployees [32m200[0m 186.138 ms - 2800[0m
2025-04-17 00:12:52 info: [0mGET /api/allocations/getProjectAllocations/1 [32m200[0m 186.291 ms - 80[0m
2025-04-17 00:13:09 info: [0mGET /api/notifications/getAllNotifications [36m304[0m 1532.178 ms - -[0m
2025-04-17 00:13:09 info: [0mGET /api/employees/getAllEmployees [36m304[0m 1533.406 ms - -[0m
2025-04-17 00:13:09 info: [0mGET /api/allocations/getProjectAllocations/1 [36m304[0m 1702.879 ms - -[0m
2025-04-17 00:19:57 info: [0mGET /api/notifications/getAllNotifications [36m304[0m 1423.973 ms - -[0m
2025-04-17 00:19:57 error: [GET] /api/employees/getEmployee/0 >> StatusCode:: 404, Message:: Employee not found
2025-04-17 00:19:57 info: [0mGET /api/employees/getEmployee/0 [33m404[0m 1449.671 ms - 32[0m
2025-04-17 00:19:58 info: [0mGET /api/employees/getAllEmployees [36m304[0m 1459.037 ms - -[0m
2025-04-17 00:19:58 info: [0mGET /api/allocations/getProjectAllocations/1 [36m304[0m 1484.649 ms - -[0m
2025-04-17 00:27:48 info: [0mGET /api/employees/getAllEmployees [36m304[0m 1422.081 ms - -[0m
2025-04-17 00:27:48 info: [0mGET /api/allocations/getProjectAllocations/1 [36m304[0m 1362.577 ms - -[0m
2025-04-17 00:28:41 info: [0mGET /api/employees/getAllEmployees [36m304[0m 1501.690 ms - -[0m
2025-04-17 00:28:41 info: [0mGET /api/allocations/getProjectAllocations/1 [36m304[0m 1487.740 ms - -[0m
2025-04-17 00:31:01 info: [0mOPTIONS /api/allocations/createAllocation [32m200[0m 8.778 ms - 0[0m
2025-04-17 00:31:03 info: [0mPOST /api/allocations/createAllocation [32m201[0m 1831.376 ms - 368[0m
2025-04-17 00:31:40 info: [0mGET /api/notifications/getAllNotifications [36m304[0m 1391.721 ms - -[0m
2025-04-17 00:31:40 error: [GET] /api/employees/getEmployee/0 >> StatusCode:: 404, Message:: Employee not found
2025-04-17 00:31:40 info: [0mGET /api/employees/getEmployee/0 [33m404[0m 1632.780 ms - 32[0m
2025-04-17 00:31:40 info: [0mGET /api/notifications/getAllNotifications [36m304[0m 335.949 ms - -[0m
2025-04-17 00:31:41 error: [GET] /api/employees/getEmployee/0 >> StatusCode:: 404, Message:: Employee not found
2025-04-17 00:31:41 info: [0mGET /api/employees/getEmployee/0 [33m404[0m 191.835 ms - 32[0m
2025-04-17 00:31:48 info: [0mGET /api/notifications/getAllNotifications [36m304[0m 182.104 ms - -[0m
2025-04-17 00:31:48 error: [GET] /api/employees/getEmployee/0 >> StatusCode:: 404, Message:: Employee not found
2025-04-17 00:31:48 info: [0mGET /api/employees/getEmployee/0 [33m404[0m 228.249 ms - 32[0m
2025-04-17 00:31:48 info: [0mGET /api/employees/getAllEmployees [32m200[0m 321.684 ms - 3033[0m
2025-04-17 00:31:48 info: [0mGET /api/allocations/getProjectAllocations/1 [32m200[0m 367.270 ms - 1181[0m
2025-04-17 00:36:14 info: [0mGET /api/employees/getAllEmployees [36m304[0m 1698.320 ms - -[0m
2025-04-17 00:36:14 info: [0mGET /api/allocations/getProjectAllocations/1 [36m304[0m 1435.230 ms - -[0m
2025-04-17 00:36:15 info: [0mGET /api/employees/getAllEmployees [36m304[0m 186.730 ms - -[0m
2025-04-17 00:36:15 info: [0mGET /api/allocations/getProjectAllocations/1 [36m304[0m 189.862 ms - -[0m
2025-04-17 00:36:31 info: [0mGET /api/employees/getAllEmployees [36m304[0m 1375.790 ms - -[0m
2025-04-17 00:36:31 info: [0mGET /api/allocations/getProjectAllocations/1 [36m304[0m 1376.533 ms - -[0m
2025-04-17 00:36:40 info: [0mGET /api/employees/getAllEmployees [36m304[0m 233.651 ms - -[0m
2025-04-17 00:36:40 info: [0mGET /api/allocations/getProjectAllocations/1 [36m304[0m 232.790 ms - -[0m
2025-04-17 00:36:42 info: [0mGET /api/employees/getAllEmployees [36m304[0m 191.865 ms - -[0m
2025-04-17 00:36:42 info: [0mGET /api/allocations/getProjectAllocations/1 [36m304[0m 197.198 ms - -[0m
2025-04-17 00:37:36 info: [0mGET /api/employees/getAllEmployees [36m304[0m 1614.194 ms - -[0m
2025-04-17 00:37:36 info: [0mGET /api/allocations/getProjectAllocations/1 [36m304[0m 1536.644 ms - -[0m
2025-04-17 00:38:38 info: [0mGET /api/notifications/getAllNotifications [36m304[0m 1546.544 ms - -[0m
2025-04-17 00:38:38 error: [GET] /api/employees/getEmployee/0 >> StatusCode:: 404, Message:: Employee not found
2025-04-17 00:38:38 info: [0mGET /api/employees/getEmployee/0 [33m404[0m 1469.728 ms - 32[0m
2025-04-17 00:38:38 info: [0mGET /api/employees/getAllEmployees [36m304[0m 1419.196 ms - -[0m
2025-04-17 00:38:38 info: [0mGET /api/allocations/getProjectAllocations/1 [36m304[0m 1411.655 ms - -[0m
2025-04-17 00:38:49 info: [0mGET /api/notifications/getAllNotifications [36m304[0m 1298.447 ms - -[0m
2025-04-17 00:38:49 error: [GET] /api/employees/getEmployee/0 >> StatusCode:: 404, Message:: Employee not found
2025-04-17 00:38:49 info: [0mGET /api/employees/getEmployee/0 [33m404[0m 1305.919 ms - 32[0m
2025-04-17 00:38:49 info: [0mGET /api/employees/getAllEmployees [36m304[0m 1282.714 ms - -[0m
2025-04-17 00:38:49 info: [0mGET /api/allocations/getProjectAllocations/1 [36m304[0m 1336.295 ms - -[0m
2025-04-17 00:46:44 info: [0mGET /api/notifications/getAllNotifications [36m304[0m 1407.891 ms - -[0m
2025-04-17 00:46:44 error: [GET] /api/employees/getEmployee/0 >> StatusCode:: 404, Message:: Employee not found
2025-04-17 00:46:44 info: [0mGET /api/employees/getEmployee/0 [33m404[0m 1367.893 ms - 32[0m
2025-04-17 00:46:44 info: [0mGET /api/employees/getAllEmployees [36m304[0m 1359.243 ms - -[0m
2025-04-17 00:46:44 info: [0mGET /api/allocations/getProjectAllocations/1 [36m304[0m 1365.428 ms - -[0m
2025-04-17 00:50:07 info: [0mGET /api/employees/getAllEmployees [36m304[0m 1593.854 ms - -[0m
2025-04-17 00:50:07 info: [0mGET /api/allocations/getProjectAllocations/1 [36m304[0m 1687.154 ms - -[0m
2025-04-17 00:50:09 info: [0mGET /api/employees/getAllEmployees [36m304[0m 189.005 ms - -[0m
2025-04-17 00:50:09 info: [0mGET /api/allocations/getProjectAllocations/1 [36m304[0m 197.295 ms - -[0m
2025-04-17 00:50:10 info: [0mGET /api/employees/getAllEmployees [36m304[0m 193.781 ms - -[0m
2025-04-17 00:50:10 info: [0mGET /api/allocations/getProjectAllocations/1 [36m304[0m 199.694 ms - -[0m
2025-04-17 00:50:14 info: [0mGET /api/notifications/getAllNotifications [36m304[0m 191.428 ms - -[0m
2025-04-17 00:50:14 error: [GET] /api/employees/getEmployee/0 >> StatusCode:: 404, Message:: Employee not found
2025-04-17 00:50:14 info: [0mGET /api/employees/getEmployee/0 [33m404[0m 202.527 ms - 32[0m
2025-04-17 00:50:15 info: [0mGET /api/employees/getAllEmployees [36m304[0m 328.903 ms - -[0m
2025-04-17 00:50:15 info: [0mGET /api/allocations/getProjectAllocations/1 [36m304[0m 329.946 ms - -[0m
2025-04-17 00:52:13 info: [0mGET /api/notifications/getAllNotifications [36m304[0m 1375.857 ms - -[0m
2025-04-17 00:52:13 error: [GET] /api/employees/getEmployee/0 >> StatusCode:: 404, Message:: Employee not found
2025-04-17 00:52:13 info: [0mGET /api/employees/getEmployee/0 [33m404[0m 1344.448 ms - 32[0m
2025-04-17 00:52:13 info: [0mGET /api/employees/getAllEmployees [36m304[0m 1300.834 ms - -[0m
2025-04-17 00:52:13 info: [0mGET /api/allocations/getProjectAllocations/1 [36m304[0m 1310.712 ms - -[0m
2025-04-17 00:54:44 info: [0mGET /api/notifications/getAllNotifications [36m304[0m 1541.301 ms - -[0m
2025-04-17 00:54:44 error: [GET] /api/employees/getEmployee/0 >> StatusCode:: 404, Message:: Employee not found
2025-04-17 00:54:44 info: [0mGET /api/employees/getEmployee/0 [33m404[0m 1513.851 ms - 32[0m
2025-04-17 00:54:44 info: [0mGET /api/employees/getAllEmployees [36m304[0m 1501.194 ms - -[0m
2025-04-17 00:54:44 info: [0mGET /api/allocations/getProjectAllocations/1 [36m304[0m 1496.493 ms - -[0m
2025-04-17 00:56:06 info: [0mGET /api/notifications/getAllNotifications [36m304[0m 1403.206 ms - -[0m
2025-04-17 00:56:06 error: [GET] /api/employees/getEmployee/0 >> StatusCode:: 404, Message:: Employee not found
2025-04-17 00:56:06 info: [0mGET /api/employees/getEmployee/0 [33m404[0m 1409.241 ms - 32[0m
2025-04-17 00:56:06 info: [0mGET /api/employees/getAllEmployees [36m304[0m 1272.442 ms - -[0m
2025-04-17 00:56:06 info: [0mGET /api/allocations/getProjectAllocations/1 [36m304[0m 1259.112 ms - -[0m
2025-04-17 00:56:08 info: [0mGET /api/employees/getAllEmployees [36m304[0m 217.839 ms - -[0m
2025-04-17 00:56:08 info: [0mGET /api/allocations/getProjectAllocations/1 [36m304[0m 319.353 ms - -[0m
2025-04-17 00:57:01 info: [0mGET /api/notifications/getAllNotifications [36m304[0m 1589.897 ms - -[0m
2025-04-17 00:57:01 error: [GET] /api/employees/getEmployee/0 >> StatusCode:: 404, Message:: Employee not found
2025-04-17 00:57:01 info: [0mGET /api/employees/getEmployee/0 [33m404[0m 1366.164 ms - 32[0m
2025-04-17 00:57:01 info: [0mGET /api/employees/getAllEmployees [36m304[0m 1333.432 ms - -[0m
2025-04-17 00:57:01 info: [0mGET /api/allocations/getProjectAllocations/1 [36m304[0m 1330.729 ms - -[0m
2025-04-17 00:57:15 info: [0mGET /api/notifications/getAllNotifications [36m304[0m 1282.831 ms - -[0m
2025-04-17 00:57:15 error: [GET] /api/employees/getEmployee/0 >> StatusCode:: 404, Message:: Employee not found
2025-04-17 00:57:15 info: [0mGET /api/employees/getEmployee/0 [33m404[0m 1293.860 ms - 32[0m
2025-04-17 00:57:15 info: [0mGET /api/employees/getAllEmployees [36m304[0m 1295.605 ms - -[0m
2025-04-17 00:57:15 info: [0mGET /api/allocations/getProjectAllocations/1 [36m304[0m 1295.962 ms - -[0m
2025-04-17 00:58:34 info: [0mGET /api/notifications/getAllNotifications [36m304[0m 1333.528 ms - -[0m
2025-04-17 00:58:34 error: [GET] /api/employees/getEmployee/0 >> StatusCode:: 404, Message:: Employee not found
2025-04-17 00:58:34 info: [0mGET /api/employees/getEmployee/0 [33m404[0m 1330.412 ms - 32[0m
2025-04-17 00:58:34 info: [0mGET /api/employees/getAllEmployees [36m304[0m 1312.962 ms - -[0m
2025-04-17 00:58:34 info: [0mGET /api/allocations/getProjectAllocations/1 [36m304[0m 1315.246 ms - -[0m
2025-04-17 00:59:16 info: [0mGET /api/notifications/getAllNotifications [36m304[0m 1346.673 ms - -[0m
2025-04-17 00:59:16 error: [GET] /api/employees/getEmployee/0 >> StatusCode:: 404, Message:: Employee not found
2025-04-17 00:59:16 info: [0mGET /api/employees/getEmployee/0 [33m404[0m 1325.799 ms - 32[0m
2025-04-17 00:59:16 info: [0mGET /api/employees/getAllEmployees [36m304[0m 1328.205 ms - -[0m
2025-04-17 00:59:16 info: [0mGET /api/allocations/getProjectAllocations/1 [36m304[0m 1330.743 ms - -[0m
2025-04-17 00:59:18 info: [0mGET /api/employees/getAllEmployees [36m304[0m 190.494 ms - -[0m
2025-04-17 00:59:18 info: [0mGET /api/allocations/getProjectAllocations/1 [36m304[0m 192.716 ms - -[0m
2025-04-17 00:59:42 info: [0mGET /api/notifications/getAllNotifications [36m304[0m 1767.473 ms - -[0m
2025-04-17 00:59:42 error: [GET] /api/employees/getEmployee/0 >> StatusCode:: 404, Message:: Employee not found
2025-04-17 00:59:42 info: [0mGET /api/employees/getEmployee/0 [33m404[0m 1767.172 ms - 32[0m
2025-04-17 00:59:42 info: [0mGET /api/employees/getAllEmployees [36m304[0m 1676.023 ms - -[0m
2025-04-17 00:59:42 info: [0mGET /api/allocations/getProjectAllocations/1 [36m304[0m 1699.922 ms - -[0m
2025-04-17 01:01:08 info: [0mGET /api/employees/getAllEmployees [36m304[0m 1407.992 ms - -[0m
2025-04-17 01:01:08 info: [0mGET /api/allocations/getProjectAllocations/1 [36m304[0m 1360.423 ms - -[0m
2025-04-17 01:01:10 info: [0mGET /api/employees/getAllEmployees [36m304[0m 182.808 ms - -[0m
2025-04-17 01:01:10 info: [0mGET /api/allocations/getProjectAllocations/1 [36m304[0m 193.610 ms - -[0m
2025-04-17 01:03:12 info: [0mGET /api/employees/getAllEmployees [36m304[0m 1489.510 ms - -[0m
2025-04-17 01:03:12 info: [0mGET /api/allocations/getProjectAllocations/1 [36m304[0m 1448.100 ms - -[0m
2025-04-17 01:03:31 info: [0mGET /api/projects/getAllProjects [36m304[0m 1319.101 ms - -[0m
2025-04-17 01:03:31 info: [0mGET /api/projects/getAllProjects [36m304[0m 178.265 ms - -[0m
2025-04-17 01:03:34 info: [0mGET /api/employees/getAllEmployees [36m304[0m 198.048 ms - -[0m
2025-04-17 01:03:34 info: [0mGET /api/allocations/getProjectAllocations/1 [36m304[0m 382.818 ms - -[0m
2025-04-17 01:03:34 info: [0mGET /api/employees/getAllEmployees [36m304[0m 363.144 ms - -[0m
2025-04-17 01:03:34 info: [0mGET /api/allocations/getProjectAllocations/1 [36m304[0m 355.078 ms - -[0m
2025-04-17 01:06:14 info: [0mOPTIONS /api/allocations/updateAllocation/6 [32m200[0m 8.290 ms - 0[0m
2025-04-17 01:06:14 info: [0mPOST /api/allocations/updateAllocation/6 [33m404[0m 41.431 ms - 174[0m
2025-04-17 01:06:49 info: [0mGET /api/employees/getAllEmployees [36m304[0m 2315.302 ms - -[0m
2025-04-17 01:06:49 info: [0mGET /api/allocations/getProjectAllocations/1 [36m304[0m 2191.977 ms - -[0m
2025-04-17 01:08:53 info: [0mOPTIONS /api/allocations/updateAllocation/6 [32m200[0m 15.160 ms - 0[0m
2025-04-17 01:08:53 info: [0mPUT /api/allocations/updateAllocation/6 [33m404[0m 40.473 ms - 173[0m
2025-04-17 01:10:01 info: =================================
2025-04-17 01:10:01 info: ======= ENV: development =======
2025-04-17 01:10:01 info: 🚀 Identity Service listening on port 5000
2025-04-17 01:10:01 info: =================================
2025-04-17 01:10:04 info: Database connection established successfully.
2025-04-17 01:10:06 info: Database tables synced successfully.
2025-04-17 01:10:13 info: =================================
2025-04-17 01:10:13 info: ======= ENV: development =======
2025-04-17 01:10:13 info: 🚀 Identity Service listening on port 5000
2025-04-17 01:10:13 info: =================================
2025-04-17 01:10:16 info: Database connection established successfully.
2025-04-17 01:10:19 info: Database tables synced successfully.
2025-04-17 01:10:25 info: [0mGET /api/notifications/getAllNotifications [36m304[0m 201.692 ms - -[0m
2025-04-17 01:10:25 info: [0mGET /api/projects/getAllProjects [36m304[0m 198.226 ms - -[0m
2025-04-17 01:10:25 error: [GET] /api/employees/getEmployee/0 >> StatusCode:: 404, Message:: Employee not found
2025-04-17 01:10:25 info: [0mGET /api/employees/getEmployee/0 [33m404[0m 200.707 ms - 32[0m
2025-04-17 01:10:29 info: [0mGET /api/employees/getAllEmployees [36m304[0m 196.780 ms - -[0m
2025-04-17 01:10:29 info: [0mGET /api/allocations/getProjectAllocations/1 [36m304[0m 202.042 ms - -[0m
2025-04-17 01:10:29 info: [0mGET /api/employees/getAllEmployees [36m304[0m 188.809 ms - -[0m
2025-04-17 01:10:29 info: [0mGET /api/allocations/getProjectAllocations/1 [36m304[0m 193.665 ms - -[0m
2025-04-17 01:10:37 info: [0mOPTIONS /api/allocations/updateAllocation/6 [32m200[0m 0.481 ms - 0[0m
2025-04-17 01:10:38 info: [0mPUT /api/allocations/updateAllocation/6 [32m200[0m 591.540 ms - 373[0m
2025-04-17 01:11:16 info: [0mOPTIONS /api/allocations/updateAllocation/6 [32m200[0m 0.342 ms - 0[0m
2025-04-17 01:11:18 info: [0mPUT /api/allocations/updateAllocation/6 [32m200[0m 1671.246 ms - 373[0m
2025-04-17 01:11:36 info: [0mGET /api/notifications/getAllNotifications [36m304[0m 1296.918 ms - -[0m
2025-04-17 01:11:36 error: [GET] /api/employees/getEmployee/0 >> StatusCode:: 404, Message:: Employee not found
2025-04-17 01:11:36 info: [0mGET /api/employees/getEmployee/0 [33m404[0m 1317.430 ms - 32[0m
2025-04-17 01:11:36 info: [0mGET /api/notifications/getAllNotifications [36m304[0m 183.671 ms - -[0m
2025-04-17 01:11:36 error: [GET] /api/employees/getEmployee/0 >> StatusCode:: 404, Message:: Employee not found
2025-04-17 01:11:36 info: [0mGET /api/employees/getEmployee/0 [33m404[0m 183.536 ms - 32[0m
2025-04-17 01:11:39 info: [0mGET /api/notifications/getAllNotifications [36m304[0m 183.592 ms - -[0m
2025-04-17 01:11:39 error: [GET] /api/employees/getEmployee/0 >> StatusCode:: 404, Message:: Employee not found
2025-04-17 01:11:39 info: [0mGET /api/employees/getEmployee/0 [33m404[0m 185.761 ms - 32[0m
2025-04-17 01:11:39 info: [0mGET /api/employees/getAllEmployees [32m200[0m 339.600 ms - 3033[0m
2025-04-17 01:11:39 info: [0mGET /api/allocations/getProjectAllocations/1 [32m200[0m 347.186 ms - 1181[0m
2025-04-17 01:12:19 info: [0mOPTIONS /api/allocations/updateAllocation/6 [32m200[0m 0.362 ms - 0[0m
2025-04-17 01:12:21 info: [0mPUT /api/allocations/updateAllocation/6 [32m200[0m 1672.841 ms - 373[0m
2025-04-17 01:13:24 info: [0mOPTIONS /api/allocations/updateAllocation/6 [32m200[0m 2.029 ms - 0[0m
2025-04-17 01:13:26 info: [0mPUT /api/allocations/updateAllocation/6 [32m200[0m 2052.383 ms - 373[0m
2025-04-17 01:13:42 info: [0mGET /api/notifications/getAllNotifications [36m304[0m 1616.687 ms - -[0m
2025-04-17 01:13:42 error: [GET] /api/employees/getEmployee/0 >> StatusCode:: 404, Message:: Employee not found
2025-04-17 01:13:42 info: [0mGET /api/employees/getEmployee/0 [33m404[0m 1653.105 ms - 32[0m
2025-04-17 01:13:42 info: [0mGET /api/employees/getAllEmployees [36m304[0m 1629.915 ms - -[0m
2025-04-17 01:13:42 info: [0mGET /api/allocations/getProjectAllocations/1 [32m200[0m 1632.997 ms - 1181[0m
2025-04-17 01:13:46 info: [0mOPTIONS /api/allocations/updateAllocation/6 [32m200[0m 0.267 ms - 0[0m
2025-04-17 01:13:47 info: [0mPUT /api/allocations/updateAllocation/6 [32m200[0m 558.316 ms - 373[0m
2025-04-17 01:13:56 info: [0mGET /api/notifications/getAllNotifications [36m304[0m 187.629 ms - -[0m
2025-04-17 01:13:56 error: [GET] /api/employees/getEmployee/0 >> StatusCode:: 404, Message:: Employee not found
2025-04-17 01:13:56 info: [0mGET /api/employees/getEmployee/0 [33m404[0m 368.774 ms - 32[0m
2025-04-17 01:13:56 info: [0mGET /api/employees/getAllEmployees [32m200[0m 503.428 ms - 3033[0m
2025-04-17 01:13:56 info: [0mGET /api/allocations/getProjectAllocations/1 [32m200[0m 683.819 ms - 1181[0m
2025-04-17 01:14:59 info: [0mGET /api/notifications/getAllNotifications [36m304[0m 1303.009 ms - -[0m
2025-04-17 01:14:59 error: [GET] /api/employees/getEmployee/0 >> StatusCode:: 404, Message:: Employee not found
2025-04-17 01:14:59 info: [0mGET /api/employees/getEmployee/0 [33m404[0m 1311.716 ms - 32[0m
2025-04-17 01:14:59 info: [0mGET /api/employees/getAllEmployees [36m304[0m 1291.409 ms - -[0m
2025-04-17 01:14:59 info: [0mGET /api/allocations/getProjectAllocations/1 [36m304[0m 1304.226 ms - -[0m
2025-04-17 01:15:02 info: [0mOPTIONS /api/allocations/updateAllocation/6 [32m200[0m 0.201 ms - 0[0m
2025-04-17 01:15:03 info: [0mPUT /api/allocations/updateAllocation/6 [32m200[0m 564.964 ms - 373[0m
2025-04-17 01:15:12 info: [0mGET /api/notifications/getAllNotifications [36m304[0m 188.930 ms - -[0m
2025-04-17 01:15:12 error: [GET] /api/employees/getEmployee/0 >> StatusCode:: 404, Message:: Employee not found
2025-04-17 01:15:12 info: [0mGET /api/employees/getEmployee/0 [33m404[0m 367.599 ms - 32[0m
2025-04-17 01:15:13 info: [0mGET /api/employees/getAllEmployees [32m200[0m 521.048 ms - 3033[0m
2025-04-17 01:15:13 info: [0mGET /api/allocations/getProjectAllocations/1 [32m200[0m 696.145 ms - 1181[0m
2025-04-17 01:15:19 info: [0mOPTIONS /api/allocations/updateAllocation/6 [32m200[0m 0.246 ms - 0[0m
2025-04-17 01:15:20 info: [0mPUT /api/allocations/updateAllocation/6 [32m200[0m 563.773 ms - 375[0m
2025-04-17 01:18:00 info: [0mGET /api/employees/getAllEmployees [32m200[0m 1765.796 ms - 3035[0m
2025-04-17 01:18:00 info: [0mGET /api/allocations/getProjectAllocations/1 [32m200[0m 1769.679 ms - 1185[0m
2025-04-17 01:18:12 error: [GET] /api/employees/getEmployee/0 >> StatusCode:: 404, Message:: Employee not found
2025-04-17 01:18:12 info: [0mGET /api/employees/getEmployee/0 [33m404[0m 1306.080 ms - 32[0m
2025-04-17 01:18:12 info: [0mGET /api/notifications/getAllNotifications [36m304[0m 1301.295 ms - -[0m
2025-04-17 01:18:12 info: [0mGET /api/employees/getAllEmployees [36m304[0m 1321.620 ms - -[0m
2025-04-17 01:18:12 info: [0mGET /api/allocations/getProjectAllocations/1 [36m304[0m 1304.674 ms - -[0m
2025-04-17 01:18:16 info: [0mGET /api/employees/getAllEmployees [36m304[0m 189.539 ms - -[0m
2025-04-17 01:18:16 info: [0mGET /api/allocations/getProjectAllocations/1 [36m304[0m 199.336 ms - -[0m
2025-04-17 01:18:23 info: [0mOPTIONS /api/allocations/updateAllocation/6 [32m200[0m 0.784 ms - 0[0m
2025-04-17 01:18:24 info: [0mPUT /api/allocations/updateAllocation/6 [32m200[0m 604.590 ms - 371[0m
2025-04-17 01:20:22 info: [0mGET /api/employees/getAllEmployees [32m200[0m 1407.998 ms - 3031[0m
2025-04-17 01:20:22 info: [0mGET /api/allocations/getProjectAllocations/1 [32m200[0m 1374.749 ms - 1177[0m
2025-04-17 01:20:23 info: [0mGET /api/employees/getAllEmployees [36m304[0m 188.657 ms - -[0m
2025-04-17 01:20:23 info: [0mGET /api/allocations/getProjectAllocations/1 [36m304[0m 194.109 ms - -[0m
2025-04-17 01:20:51 info: [0mGET /api/employees/getAllEmployees [36m304[0m 1789.233 ms - -[0m
2025-04-17 01:20:51 info: [0mGET /api/allocations/getProjectAllocations/1 [36m304[0m 1791.280 ms - -[0m
2025-04-17 01:21:07 info: [0mGET /api/notifications/getAllNotifications [36m304[0m 1299.406 ms - -[0m
2025-04-17 01:21:07 error: [GET] /api/employees/getEmployee/0 >> StatusCode:: 404, Message:: Employee not found
2025-04-17 01:21:07 info: [0mGET /api/employees/getEmployee/0 [33m404[0m 1304.871 ms - 32[0m
2025-04-17 01:21:07 info: [0mGET /api/employees/getAllEmployees [36m304[0m 1296.437 ms - -[0m
2025-04-17 01:21:07 info: [0mGET /api/allocations/getProjectAllocations/1 [36m304[0m 1353.537 ms - -[0m
2025-04-17 01:21:13 info: [0mOPTIONS /api/allocations/updateAllocation/6 [32m200[0m 0.574 ms - 0[0m
2025-04-17 01:21:14 info: [0mPUT /api/allocations/updateAllocation/6 [32m200[0m 576.596 ms - 373[0m
2025-04-17 01:21:21 info: [0mOPTIONS /api/allocations/updateAllocation/6 [32m200[0m 0.237 ms - 0[0m
2025-04-17 01:21:22 info: [0mPUT /api/allocations/updateAllocation/6 [32m200[0m 568.498 ms - 373[0m
2025-04-17 01:24:24 info: [0mGET /api/employees/getAllEmployees [32m200[0m 1620.930 ms - 3033[0m
2025-04-17 01:24:24 info: [0mGET /api/allocations/getProjectAllocations/1 [32m200[0m 1527.316 ms - 1181[0m
2025-04-17 01:24:24 info: [0mGET /api/employees/getAllEmployees [36m304[0m 221.467 ms - -[0m
2025-04-17 01:24:24 info: [0mGET /api/allocations/getProjectAllocations/1 [36m304[0m 241.638 ms - -[0m
2025-04-17 01:24:56 info: [0mGET /api/employees/getAllEmployees [36m304[0m 1313.202 ms - -[0m
2025-04-17 01:24:56 info: [0mGET /api/allocations/getProjectAllocations/1 [36m304[0m 1354.717 ms - -[0m
2025-04-17 01:25:19 info: [0mGET /api/employees/getAllEmployees [36m304[0m 1389.505 ms - -[0m
2025-04-17 01:25:19 info: [0mGET /api/allocations/getProjectAllocations/1 [36m304[0m 1414.777 ms - -[0m
2025-04-17 01:26:30 error: [GET] /api/employees/getEmployee/0 >> StatusCode:: 404, Message:: Employee not found
2025-04-17 01:26:30 info: [0mGET /api/employees/getEmployee/0 [33m404[0m 1693.983 ms - 32[0m
2025-04-17 01:26:30 info: [0mGET /api/notifications/getAllNotifications [36m304[0m 1452.120 ms - -[0m
2025-04-17 01:26:30 info: [0mGET /api/allocations/getProjectAllocations/1 [36m304[0m 1435.801 ms - -[0m
2025-04-17 01:26:30 info: [0mGET /api/employees/getAllEmployees [36m304[0m 1407.380 ms - -[0m
2025-04-17 01:26:36 info: [0mOPTIONS /api/allocations/updateAllocation/6 [32m200[0m 0.604 ms - 0[0m
2025-04-17 01:26:37 info: [0mPUT /api/allocations/updateAllocation/6 [32m200[0m 578.437 ms - 375[0m
2025-04-17 01:26:37 info: [0mGET /api/notifications/getAllNotifications [36m304[0m 191.528 ms - -[0m
2025-04-17 01:26:37 info: [0mGET /api/employees/getAllEmployees [32m200[0m 186.935 ms - 3035[0m
2025-04-17 01:26:37 info: [0mGET /api/allocations/getProjectAllocations/1 [32m200[0m 197.891 ms - 1185[0m
2025-04-17 01:26:52 info: [0mOPTIONS /api/allocations/updateAllocation/6 [32m200[0m 0.352 ms - 0[0m
2025-04-17 01:26:54 info: [0mPUT /api/allocations/updateAllocation/6 [32m200[0m 1684.269 ms - 375[0m
2025-04-17 01:26:54 info: [0mGET /api/notifications/getAllNotifications [36m304[0m 185.013 ms - -[0m
2025-04-17 01:26:54 info: [0mGET /api/employees/getAllEmployees [32m200[0m 365.536 ms - 3035[0m
2025-04-17 01:26:54 info: [0mGET /api/allocations/getProjectAllocations/1 [32m200[0m 547.804 ms - 1185[0m
2025-04-17 01:30:32 info: [0mOPTIONS /api/allocations/deleteAllocation/6 [32m200[0m 0.956 ms - 0[0m
2025-04-17 01:30:33 info: [0mDELETE /api/allocations/deleteAllocation/6 [32m200[0m 1550.225 ms - 71[0m
2025-04-17 01:30:34 info: [0mGET /api/notifications/getAllNotifications [36m304[0m 195.168 ms - -[0m
2025-04-17 01:30:34 info: [0mGET /api/employees/getAllEmployees [32m200[0m 383.735 ms - 2800[0m
2025-04-17 01:30:34 info: [0mGET /api/allocations/getProjectAllocations/1 [32m200[0m 560.160 ms - 80[0m
2025-04-17 01:37:43 info: [0mGET /api/notifications/getAllNotifications [36m304[0m 1341.674 ms - -[0m
2025-04-17 01:37:43 info: [0mGET /api/employees/getAllEmployees [36m304[0m 1337.775 ms - -[0m
2025-04-17 01:37:43 info: [0mGET /api/allocations/getProjectAllocations/1 [36m304[0m 1328.673 ms - -[0m
2025-04-17 01:38:49 info: [0mGET /api/employees/getAllEmployees [36m304[0m 1424.605 ms - -[0m
2025-04-17 01:38:49 info: [0mGET /api/allocations/getProjectAllocations/1 [36m304[0m 1429.945 ms - -[0m
2025-04-17 08:02:55 error: [GET] /api/employees/getEmployee/0 >> StatusCode:: 404, Message:: Employee not found
2025-04-17 08:02:55 info: [0mGET /api/employees/getEmployee/0 [33m404[0m 3897.573 ms - 32[0m
2025-04-17 08:02:55 info: [0mGET /api/notifications/getAllNotifications [36m304[0m 3576.803 ms - -[0m
2025-04-17 08:02:55 info: [0mGET /api/employees/getAllEmployees [36m304[0m 3565.562 ms - -[0m
2025-04-17 08:02:55 info: [0mGET /api/allocations/getProjectAllocations/1 [36m304[0m 3561.445 ms - -[0m
2025-04-17 08:03:41 info: [0mGET /api/notifications/getAllNotifications [36m304[0m 1607.962 ms - -[0m
2025-04-17 08:03:41 error: [GET] /api/employees/getEmployee/0 >> StatusCode:: 404, Message:: Employee not found
2025-04-17 08:03:41 info: [0mGET /api/employees/getEmployee/0 [33m404[0m 1607.933 ms - 32[0m
2025-04-17 08:03:41 info: [0mGET /api/employees/getAllEmployees [36m304[0m 1586.519 ms - -[0m
2025-04-17 08:03:41 info: [0mGET /api/allocations/getProjectAllocations/1 [36m304[0m 1620.047 ms - -[0m
2025-04-17 08:05:05 info: [0mGET /api/employees/getAllEmployees [36m304[0m 1594.886 ms - -[0m
2025-04-17 08:05:05 info: [0mGET /api/allocations/getProjectAllocations/1 [36m304[0m 1591.353 ms - -[0m
2025-04-17 08:09:27 info: [0mGET /api/notifications/getAllNotifications [36m304[0m 1916.556 ms - -[0m
2025-04-17 08:09:27 info: [0mGET /api/allocations/getProjectAllocations/1 [36m304[0m 1680.430 ms - -[0m
2025-04-17 08:09:27 info: [0mGET /api/employees/getAllEmployees [36m304[0m 1577.818 ms - -[0m
2025-04-17 08:09:35 info: [0mGET /api/notifications/getAllNotifications [36m304[0m 193.489 ms - -[0m
2025-04-17 08:09:35 error: [GET] /api/employees/getEmployee/0 >> StatusCode:: 404, Message:: Employee not found
2025-04-17 08:09:35 info: [0mGET /api/employees/getEmployee/0 [33m404[0m 282.801 ms - 32[0m
2025-04-17 08:09:35 info: [0mGET /api/employees/getAllEmployees [36m304[0m 264.054 ms - -[0m
2025-04-17 08:09:36 info: [0mGET /api/allocations/getProjectAllocations/1 [36m304[0m 377.829 ms - -[0m
2025-04-17 08:28:33 info: [0mGET /api/allocations/getProjectAllocations/1 [36m304[0m 5385.485 ms - -[0m
2025-04-17 08:28:33 info: [0mGET /api/notifications/getAllNotifications [36m304[0m 2275.809 ms - -[0m
2025-04-17 08:28:33 error: [GET] /api/employees/getEmployee/0 >> StatusCode:: 404, Message:: Employee not found
2025-04-17 08:28:33 info: [0mGET /api/employees/getEmployee/0 [33m404[0m 2201.012 ms - 32[0m
2025-04-17 08:28:34 info: [0mGET /api/employees/getAllEmployees [36m304[0m 2353.216 ms - -[0m
2025-04-17 08:28:38 info: [0mGET /api/notifications/getAllNotifications [36m304[0m 704.124 ms - -[0m
2025-04-17 08:28:38 error: [GET] /api/employees/getEmployee/0 >> StatusCode:: 404, Message:: Employee not found
2025-04-17 08:28:38 info: [0mGET /api/employees/getEmployee/0 [33m404[0m 234.166 ms - 32[0m
2025-04-17 08:28:38 info: [0mGET /api/allocations/getProjectAllocations/1 [36m304[0m 255.867 ms - -[0m
2025-04-17 08:28:39 info: [0mGET /api/employees/getAllEmployees [36m304[0m 249.512 ms - -[0m
2025-04-17 08:35:42 info: [0mPOST /api/employees/createEmployee [32m201[0m 2748.642 ms - 483[0m
2025-04-17 08:35:50 info: [0mGET /api/notifications/getAllNotifications [36m304[0m 190.063 ms - -[0m
2025-04-17 08:35:50 error: [GET] /api/employees/getEmployee/0 >> StatusCode:: 404, Message:: Employee not found
2025-04-17 08:35:50 info: [0mGET /api/employees/getEmployee/0 [33m404[0m 369.285 ms - 32[0m
2025-04-17 08:35:51 info: [0mGET /api/allocations/getProjectAllocations/1 [36m304[0m 476.484 ms - -[0m
2025-04-17 08:35:51 info: [0mGET /api/employees/getAllEmployees [32m200[0m 646.728 ms - 3236[0m
2025-04-17 08:37:11 info: [0mPOST /api/employees/createEmployee [32m201[0m 1885.250 ms - 489[0m
2025-04-17 08:37:17 info: [0mGET /api/notifications/getAllNotifications [36m304[0m 184.796 ms - -[0m
2025-04-17 08:37:17 error: [GET] /api/employees/getEmployee/0 >> StatusCode:: 404, Message:: Employee not found
2025-04-17 08:37:17 info: [0mGET /api/employees/getEmployee/0 [33m404[0m 365.154 ms - 32[0m
2025-04-17 08:37:17 info: [0mGET /api/employees/getAllEmployees [32m200[0m 516.174 ms - 3678[0m
2025-04-17 08:37:18 info: [0mGET /api/allocations/getProjectAllocations/1 [36m304[0m 688.743 ms - -[0m
2025-04-17 08:38:11 info: [0mGET /api/employees/getAllEmployees [36m304[0m 1423.041 ms - -[0m
2025-04-17 08:38:11 info: [0mGET /api/allocations/getProjectAllocations/1 [36m304[0m 1400.689 ms - -[0m
2025-04-17 08:38:14 info: [0mGET /api/employees/getAllEmployees [36m304[0m 213.458 ms - -[0m
2025-04-17 08:38:14 info: [0mGET /api/allocations/getProjectAllocations/1 [36m304[0m 210.995 ms - -[0m
2025-04-17 08:38:16 info: [0mGET /api/employees/getAllEmployees [36m304[0m 193.648 ms - -[0m
2025-04-17 08:38:16 info: [0mGET /api/allocations/getProjectAllocations/1 [36m304[0m 187.257 ms - -[0m
2025-04-17 08:38:17 info: [0mGET /api/employees/getAllEmployees [36m304[0m 190.113 ms - -[0m
2025-04-17 08:38:17 info: [0mGET /api/allocations/getProjectAllocations/1 [36m304[0m 197.522 ms - -[0m
2025-04-17 08:49:24 info: [0mGET /api/employees/getAllEmployees [36m304[0m 3122.001 ms - -[0m
2025-04-17 08:49:24 info: [0mGET /api/employees/getAllEmployees [36m304[0m 184.092 ms - -[0m
2025-04-17 08:52:37 info: [0mGET /api/notifications/getAllNotifications [36m304[0m 1681.646 ms - -[0m
2025-04-17 08:52:37 info: [0mGET /api/employees/getAllEmployees [36m304[0m 1700.791 ms - -[0m
2025-04-17 08:52:38 error: [GET] /api/employees/getEmployee/0 >> StatusCode:: 404, Message:: Employee not found
2025-04-17 08:52:38 info: [0mGET /api/employees/getEmployee/0 [33m404[0m 1781.572 ms - 32[0m
2025-04-17 08:54:58 info: [0mGET /api/notifications/getAllNotifications [36m304[0m 2132.112 ms - -[0m
2025-04-17 08:54:59 info: [0mGET /api/employees/getAllEmployees [36m304[0m 2506.691 ms - -[0m
2025-04-17 08:54:59 error: [GET] /api/employees/getEmployee/0 >> StatusCode:: 404, Message:: Employee not found
2025-04-17 08:54:59 info: [0mGET /api/employees/getEmployee/0 [33m404[0m 2612.577 ms - 32[0m
2025-04-17 08:54:59 info: [0mGET /api/notifications/getAllNotifications [36m304[0m 372.375 ms - -[0m
2025-04-17 08:54:59 info: [0mGET /api/employees/getAllEmployees [36m304[0m 272.587 ms - -[0m
2025-04-17 08:55:00 error: [GET] /api/employees/getEmployee/0 >> StatusCode:: 404, Message:: Employee not found
2025-04-17 08:55:00 info: [0mGET /api/employees/getEmployee/0 [33m404[0m 306.128 ms - 32[0m
2025-04-17 08:55:17 error: [GET] /api/employees/getEmployee/0 >> StatusCode:: 404, Message:: Employee not found
2025-04-17 08:55:17 info: [0mGET /api/employees/getEmployee/0 [33m404[0m 1375.799 ms - 32[0m
2025-04-17 08:55:17 info: [0mGET /api/notifications/getAllNotifications [36m304[0m 1420.545 ms - -[0m
2025-04-17 08:55:17 info: [0mGET /api/employees/getAllEmployees [36m304[0m 1420.064 ms - -[0m
2025-04-17 08:56:20 info: [0mGET /api/notifications/getAllNotifications [36m304[0m 1498.409 ms - -[0m
2025-04-17 08:56:20 error: [GET] /api/employees/getEmployee/0 >> StatusCode:: 404, Message:: Employee not found
2025-04-17 08:56:20 info: [0mGET /api/employees/getEmployee/0 [33m404[0m 1472.826 ms - 32[0m
2025-04-17 08:56:20 info: [0mGET /api/employees/getAllEmployees [36m304[0m 1477.211 ms - -[0m
2025-04-17 08:57:08 info: [0mGET /api/employees/getAllEmployees [36m304[0m 1517.498 ms - -[0m
2025-04-17 08:57:08 info: [0mGET /api/notifications/getAllNotifications [36m304[0m 1418.043 ms - -[0m
2025-04-17 08:57:08 info: [0mGET /api/employees/getAllEmployees [36m304[0m 189.874 ms - -[0m
2025-04-17 08:57:09 info: [0mGET /api/employees/getAllEmployees [36m304[0m 192.266 ms - -[0m
2025-04-17 08:57:28 info: [0mGET /api/notifications/getAllNotifications [36m304[0m 1326.774 ms - -[0m
2025-04-17 08:57:28 info: [0mGET /api/employees/getAllEmployees [36m304[0m 1324.759 ms - -[0m
2025-04-17 08:57:28 info: [0mGET /api/employees/getAllEmployees [36m304[0m 187.259 ms - -[0m
2025-04-17 08:57:28 info: [0mGET /api/employees/getAllEmployees [36m304[0m 184.782 ms - -[0m
2025-04-17 08:58:00 info: [0mGET /api/notifications/getAllNotifications [36m304[0m 1309.406 ms - -[0m
2025-04-17 08:58:00 info: [0mGET /api/employees/getAllEmployees [36m304[0m 1316.305 ms - -[0m
2025-04-17 08:58:00 info: [0mGET /api/employees/getAllEmployees [36m304[0m 207.263 ms - -[0m
2025-04-17 08:58:00 info: [0mGET /api/employees/getAllEmployees [36m304[0m 184.543 ms - -[0m
2025-04-17 08:58:14 info: [0mGET /api/notifications/getAllNotifications [36m304[0m 1317.737 ms - -[0m
2025-04-17 08:58:14 info: [0mGET /api/employees/getAllEmployees [36m304[0m 1296.985 ms - -[0m
2025-04-17 08:58:14 info: [0mGET /api/employees/getAllEmployees [36m304[0m 184.576 ms - -[0m
2025-04-17 08:58:14 info: [0mGET /api/employees/getAllEmployees [36m304[0m 185.905 ms - -[0m
2025-04-17 09:06:04 info: [0mGET /api/notifications/getAllNotifications [36m304[0m 1913.072 ms - -[0m
2025-04-17 09:06:04 error: [GET] /api/employees/getEmployee/0 >> StatusCode:: 404, Message:: Employee not found
2025-04-17 09:06:04 info: [0mGET /api/employees/getEmployee/0 [33m404[0m 1867.284 ms - 32[0m
2025-04-17 09:06:04 info: [0mGET /api/employees/getAllEmployees [36m304[0m 1861.248 ms - -[0m
2025-04-17 09:07:07 info: [0mOPTIONS /api/employees/createEmployee [32m200[0m 2.217 ms - 0[0m
2025-04-17 09:07:11 info: [0mPOST /api/employees/createEmployee [32m201[0m 3525.832 ms - 508[0m
2025-04-17 09:07:11 info: [0mOPTIONS /api/auth/signup [32m200[0m 0.202 ms - 0[0m
2025-04-17 09:07:11 error: [POST] /api/auth/signup >> StatusCode:: 400, Message:: password must be shorter than or equal to 32 characters
2025-04-17 09:07:11 info: [0mPOST /api/auth/signup [33m400[0m 30.262 ms - 69[0m
2025-04-17 09:07:14 info: [0mGET /api/employees/getAllEmployees [32m200[0m 214.643 ms - 4139[0m
2025-04-17 09:07:28 info: [0mGET /api/notifications/getAllNotifications [36m304[0m 1435.979 ms - -[0m
2025-04-17 09:07:28 error: [GET] /api/employees/getEmployee/0 >> StatusCode:: 404, Message:: Employee not found
2025-04-17 09:07:28 info: [0mGET /api/employees/getEmployee/0 [33m404[0m 1454.450 ms - 32[0m
2025-04-17 09:07:28 info: [0mGET /api/notifications/getAllNotifications [36m304[0m 184.145 ms - -[0m
2025-04-17 09:07:28 error: [GET] /api/employees/getEmployee/0 >> StatusCode:: 404, Message:: Employee not found
2025-04-17 09:07:28 info: [0mGET /api/employees/getEmployee/0 [33m404[0m 182.429 ms - 32[0m
2025-04-17 09:10:23 error: [GET] /api/employees/getEmployee/0 >> StatusCode:: 404, Message:: Employee not found
2025-04-17 09:10:23 info: [0mGET /api/employees/getEmployee/0 [33m404[0m 1410.380 ms - 32[0m
2025-04-17 09:10:23 info: [0mGET /api/notifications/getAllNotifications [36m304[0m 1343.960 ms - -[0m
2025-04-17 09:10:23 info: [0mGET /api/employees/getAllEmployees [36m304[0m 1363.607 ms - -[0m
2025-04-17 09:11:38 info: [0mGET /api/notifications/getAllNotifications [36m304[0m 1764.558 ms - -[0m
2025-04-17 09:11:38 info: [0mGET /api/projects/getAllProjects [32m200[0m 1636.969 ms - 909[0m
2025-04-17 09:11:39 info: [0mGET /api/projects/getAllProjects [36m304[0m 184.438 ms - -[0m
2025-04-17 09:11:41 info: [0mGET /api/employees/getAllEmployees [36m304[0m 203.550 ms - -[0m
2025-04-17 09:11:41 info: [0mGET /api/allocations/getProjectAllocations/1 [36m304[0m 197.472 ms - -[0m
2025-04-17 09:11:41 info: [0mGET /api/employees/getAllEmployees [36m304[0m 194.383 ms - -[0m
2025-04-17 09:11:41 info: [0mGET /api/allocations/getProjectAllocations/1 [36m304[0m 195.851 ms - -[0m
2025-04-17 09:14:21 info: =================================
2025-04-17 09:14:21 info: ======= ENV: development =======
2025-04-17 09:14:21 info: 🚀 Identity Service listening on port 5000
2025-04-17 09:14:21 info: =================================
2025-04-17 09:14:23 info: Database connection established successfully.
2025-04-17 09:14:26 info: Database tables synced successfully.
2025-04-17 09:26:05 info: [0mGET /api/notifications/getAllNotifications [36m304[0m 1717.755 ms - -[0m
2025-04-17 09:26:05 error: [GET] /api/employees/getEmployee/0 >> StatusCode:: 404, Message:: Employee not found
2025-04-17 09:26:05 info: [0mGET /api/employees/getEmployee/0 [33m404[0m 1447.089 ms - 32[0m
2025-04-17 09:26:05 info: [0mGET /api/employees/getAllEmployees [36m304[0m 1458.400 ms - -[0m
2025-04-17 09:26:05 info: [0mGET /api/allocations/getProjectAllocations/1 [36m304[0m 1461.164 ms - -[0m
2025-04-17 09:27:02 info: [0mGET /api/employees/getAllEmployees [36m304[0m 1649.339 ms - -[0m
2025-04-17 09:27:02 info: [0mGET /api/allocations/getProjectAllocations/1 [36m304[0m 1672.728 ms - -[0m
2025-04-17 09:27:04 info: [0mGET /api/employees/getAllEmployees [36m304[0m 201.302 ms - -[0m
2025-04-17 09:27:04 info: [0mGET /api/allocations/getProjectAllocations/1 [36m304[0m 233.181 ms - -[0m
2025-04-17 09:27:19 info: [0mGET /api/employees/getAllEmployees [36m304[0m 1326.088 ms - -[0m
2025-04-17 09:27:19 info: [0mGET /api/allocations/getProjectAllocations/1 [36m304[0m 1320.025 ms - -[0m
2025-04-17 09:33:56 info: [0mGET /api/notifications/getAllNotifications [36m304[0m 1795.728 ms - -[0m
2025-04-17 09:33:56 error: [GET] /api/employees/getEmployee/0 >> StatusCode:: 404, Message:: Employee not found
2025-04-17 09:33:56 info: [0mGET /api/employees/getEmployee/0 [33m404[0m 1817.865 ms - 32[0m
2025-04-17 09:33:56 info: [0mGET /api/employees/getAllEmployees [36m304[0m 1798.346 ms - -[0m
2025-04-17 09:33:56 info: [0mGET /api/allocations/getProjectAllocations/1 [36m304[0m 1805.556 ms - -[0m
2025-04-17 09:34:02 info: [0mGET /api/employees/getAllEmployees [36m304[0m 237.863 ms - -[0m
2025-04-17 09:34:02 info: [0mGET /api/employees/getAllEmployees [36m304[0m 203.386 ms - -[0m
2025-04-17 09:41:58 info: [0mGET /api/notifications/getAllNotifications [36m304[0m 1875.112 ms - -[0m
2025-04-17 09:41:58 info: [0mGET /api/employees/getAllEmployees [36m304[0m 1702.312 ms - -[0m
2025-04-17 09:41:58 error: [GET] /api/employees/getEmployee/0 >> StatusCode:: 404, Message:: Employee not found
2025-04-17 09:41:58 info: [0mGET /api/employees/getEmployee/0 [33m404[0m 1644.442 ms - 32[0m
2025-04-17 09:42:04 info: [0mGET /api/projects/getAllProjects [36m304[0m 283.241 ms - -[0m
2025-04-17 09:42:04 info: [0mGET /api/projects/getAllProjects [36m304[0m 193.843 ms - -[0m
2025-04-17 09:42:08 info: [0mGET /api/allocations/getProjectAllocations/1 [36m304[0m 227.581 ms - -[0m
2025-04-17 09:42:08 info: [0mGET /api/allocations/getProjectAllocations/1 [36m304[0m 189.775 ms - -[0m
2025-04-17 09:42:08 info: [0mGET /api/employees/getAllEmployees [36m304[0m 197.165 ms - -[0m
2025-04-17 09:42:08 info: [0mGET /api/employees/getAllEmployees [36m304[0m 198.106 ms - -[0m
2025-04-17 09:42:51 info: [0mOPTIONS /api/allocations/createAllocation [32m200[0m 2.536 ms - 0[0m
2025-04-17 09:42:52 info: [0mPOST /api/allocations/createAllocation [32m201[0m 1900.091 ms - 370[0m
2025-04-17 09:42:53 info: [0mGET /api/allocations/getProjectAllocations/1 [32m200[0m 200.350 ms - 1159[0m
2025-04-17 09:42:53 info: [0mGET /api/notifications/getAllNotifications [36m304[0m 371.156 ms - -[0m
2025-04-17 09:42:53 info: [0mGET /api/employees/getAllEmployees [32m200[0m 351.432 ms - 4374[0m
2025-04-17 09:43:01 info: [0mGET /api/notifications/getAllNotifications [36m304[0m 192.090 ms - -[0m
2025-04-17 09:43:01 info: [0mGET /api/allocations/getProjectAllocations/1 [36m304[0m 199.721 ms - -[0m
2025-04-17 09:43:01 info: [0mGET /api/employees/getAllEmployees [36m304[0m 192.453 ms - -[0m
2025-04-17 09:45:31 info: =================================
2025-04-17 09:45:31 info: ======= ENV: development =======
2025-04-17 09:45:31 info: 🚀 Identity Service listening on port 5000
2025-04-17 09:45:31 info: =================================
2025-04-17 09:45:35 info: =================================
2025-04-17 09:45:35 info: ======= ENV: development =======
2025-04-17 09:45:35 info: 🚀 Identity Service listening on port 5000
2025-04-17 09:45:35 info: =================================
2025-04-17 09:45:37 info: Database connection established successfully.
2025-04-17 09:45:44 info: =================================
2025-04-17 09:45:44 info: ======= ENV: development =======
2025-04-17 09:45:44 info: 🚀 Identity Service listening on port 5000
2025-04-17 09:45:44 info: =================================
2025-04-17 09:45:47 info: Database connection established successfully.
2025-04-17 09:45:50 info: Database tables synced successfully.
2025-04-17 09:45:53 info: =================================
2025-04-17 09:45:53 info: ======= ENV: development =======
2025-04-17 09:45:53 info: 🚀 Identity Service listening on port 5000
2025-04-17 09:45:53 info: =================================
2025-04-17 09:45:56 info: Database connection established successfully.
2025-04-17 09:46:01 info: =================================
2025-04-17 09:46:01 info: ======= ENV: development =======
2025-04-17 09:46:01 info: 🚀 Identity Service listening on port 5000
2025-04-17 09:46:01 info: =================================
2025-04-17 09:46:04 info: Database connection established successfully.
2025-04-17 09:46:07 info: Database tables synced successfully.
2025-04-17 09:46:37 info: =================================
2025-04-17 09:46:37 info: ======= ENV: development =======
2025-04-17 09:46:37 info: 🚀 Identity Service listening on port 5000
2025-04-17 09:46:37 info: =================================
2025-04-17 09:46:40 info: Database connection established successfully.
2025-04-17 09:46:43 info: Database tables synced successfully.
2025-04-17 09:47:15 info: =================================
2025-04-17 09:47:15 info: ======= ENV: development =======
2025-04-17 09:47:15 info: 🚀 Identity Service listening on port 5000
2025-04-17 09:47:15 info: =================================
2025-04-17 09:47:17 info: Database connection established successfully.
2025-04-17 09:47:23 info: =================================
2025-04-17 09:47:23 info: ======= ENV: development =======
2025-04-17 09:47:23 info: 🚀 Identity Service listening on port 5000
2025-04-17 09:47:23 info: =================================
2025-04-17 09:47:26 info: Database connection established successfully.
2025-04-17 09:47:29 info: Database tables synced successfully.
2025-04-17 09:47:38 info: =================================
2025-04-17 09:47:38 info: ======= ENV: development =======
2025-04-17 09:47:38 info: 🚀 Identity Service listening on port 5000
2025-04-17 09:47:38 info: =================================
2025-04-17 09:47:41 info: Database connection established successfully.
2025-04-17 09:47:44 info: Database tables synced successfully.
2025-04-17 09:47:50 info: =================================
2025-04-17 09:47:50 info: ======= ENV: development =======
2025-04-17 09:47:50 info: 🚀 Identity Service listening on port 5000
2025-04-17 09:47:50 info: =================================
2025-04-17 09:47:53 info: Database connection established successfully.
2025-04-17 09:47:56 info: Database tables synced successfully.
2025-04-17 09:48:56 error: [POST] /api/allocations/createAllocation >> StatusCode:: 500, Message:: Unknown column 'phases' in 'field list'
2025-04-17 09:48:56 info: [0mPOST /api/allocations/createAllocation [31m500[0m 1387.058 ms - 53[0m
2025-04-17 09:51:22 info: =================================
2025-04-17 09:51:22 info: ======= ENV: development =======
2025-04-17 09:51:22 info: 🚀 Identity Service listening on port 5000
2025-04-17 09:51:22 info: =================================
2025-04-17 09:51:25 info: Database connection established successfully.
2025-04-17 09:51:28 info: Database tables synced successfully.
2025-04-17 09:52:17 error: [POST] /api/allocations/createAllocation >> StatusCode:: 500, Message:: Unknown column 'Allocation.phase' in 'where clause'
2025-04-17 09:52:17 info: [0mPOST /api/allocations/createAllocation [31m500[0m 1377.721 ms - 65[0m
2025-04-17 09:53:00 info: =================================
2025-04-17 09:53:00 info: ======= ENV: development =======
2025-04-17 09:53:00 info: 🚀 Identity Service listening on port 5000
2025-04-17 09:53:00 info: =================================
2025-04-17 09:53:02 info: Database connection established successfully.
2025-04-17 09:53:05 info: =================================
2025-04-17 09:53:05 info: ======= ENV: development =======
2025-04-17 09:53:05 info: 🚀 Identity Service listening on port 5000
2025-04-17 09:53:05 info: =================================
2025-04-17 09:53:08 info: Database connection established successfully.
2025-04-17 09:53:11 info: Database tables synced successfully.
2025-04-17 09:53:16 info: [0mPOST /api/allocations/createAllocation [32m201[0m 600.063 ms - 385[0m
2025-04-17 09:55:30 info: =================================
2025-04-17 09:55:30 info: ======= ENV: development =======
2025-04-17 09:55:30 info: 🚀 Identity Service listening on port 5000
2025-04-17 09:55:30 info: =================================
2025-04-17 09:55:33 info: Database connection established successfully.
2025-04-17 09:55:36 info: Database tables synced successfully.
2025-04-17 09:55:39 info: [0mPOST /api/allocations/createAllocation [32m201[0m 605.470 ms - 385[0m
2025-04-17 09:55:43 info: [0mPOST /api/allocations/createAllocation [32m201[0m 370.671 ms - 385[0m
2025-04-17 09:57:35 info: =================================
2025-04-17 09:57:35 info: ======= ENV: development =======
2025-04-17 09:57:35 info: 🚀 Identity Service listening on port 5000
2025-04-17 09:57:35 info: =================================
2025-04-17 09:57:38 info: =================================
2025-04-17 09:57:38 info: ======= ENV: development =======
2025-04-17 09:57:38 info: 🚀 Identity Service listening on port 5000
2025-04-17 09:57:38 info: =================================
2025-04-17 09:57:40 info: Database connection established successfully.
2025-04-17 09:57:43 info: Database tables synced successfully.
2025-04-17 09:57:48 info: =================================
2025-04-17 09:57:48 info: ======= ENV: development =======
2025-04-17 09:57:48 info: 🚀 Identity Service listening on port 5000
2025-04-17 09:57:48 info: =================================
2025-04-17 09:57:50 info: Database connection established successfully.
2025-04-17 09:57:50 error: [POST] /api/allocations/createAllocation >> StatusCode:: 500, Message:: You have an error in your SQL syntax; check the manual that corresponds to your MySQL server version for the right syntax to use near '@> '[\"Development\"]' AND `Allocation`.`phases` @> '[\"Testiing\"]') AND `Alloc' at line 1
2025-04-17 09:57:50 info: [0mPOST /api/allocations/createAllocation [31m500[0m 2236.216 ms - 248[0m
2025-04-17 09:57:53 info: Database tables synced successfully.
2025-04-17 09:58:32 info: =================================
2025-04-17 09:58:32 info: ======= ENV: development =======
2025-04-17 09:58:32 info: 🚀 Identity Service listening on port 5000
2025-04-17 09:58:32 info: =================================
2025-04-17 09:58:35 info: Database connection established successfully.
2025-04-17 09:58:38 info: Database tables synced successfully.
2025-04-17 09:58:41 info: =================================
2025-04-17 09:58:41 info: ======= ENV: development =======
2025-04-17 09:58:41 info: 🚀 Identity Service listening on port 5000
2025-04-17 09:58:41 info: =================================
2025-04-17 09:58:44 info: Database connection established successfully.
2025-04-17 09:58:46 info: [0mPOST /api/allocations/createAllocation [32m201[0m 604.318 ms - 385[0m
2025-04-17 09:58:47 info: Database tables synced successfully.
2025-04-17 09:58:49 info: [0mPOST /api/allocations/createAllocation [32m201[0m 557.763 ms - 385[0m
2025-04-17 10:00:38 info: =================================
2025-04-17 10:00:38 info: ======= ENV: development =======
2025-04-17 10:00:38 info: 🚀 Identity Service listening on port 5000
2025-04-17 10:00:38 info: =================================
2025-04-17 10:00:41 info: Database connection established successfully.
2025-04-17 10:00:41 info: [0mPOST /api/allocations/createAllocation [32m201[0m 1487.704 ms - 385[0m
2025-04-17 10:00:43 info: [0mPOST /api/allocations/createAllocation [32m201[0m 545.370 ms - 385[0m
2025-04-17 10:00:44 info: Database tables synced successfully.
2025-04-17 10:01:44 info: =================================
2025-04-17 10:01:44 info: ======= ENV: development =======
2025-04-17 10:01:44 info: 🚀 Identity Service listening on port 5000
2025-04-17 10:01:44 info: =================================
2025-04-17 10:01:47 info: Database connection established successfully.
2025-04-17 10:01:49 info: Database tables synced successfully.
2025-04-17 10:01:55 error: [POST] /api/allocations/createAllocation >> StatusCode:: 500, Message:: Unknown column 'Allocation.normalizedPhases' in 'where clause'
2025-04-17 10:01:55 info: [0mPOST /api/allocations/createAllocation [31m500[0m 213.212 ms - 76[0m
2025-04-17 10:01:58 error: [POST] /api/allocations/createAllocation >> StatusCode:: 500, Message:: Unknown column 'Allocation.normalizedPhases' in 'where clause'
2025-04-17 10:01:58 info: [0mPOST /api/allocations/createAllocation [31m500[0m 186.477 ms - 76[0m
2025-04-17 10:04:01 info: =================================
2025-04-17 10:04:01 info: ======= ENV: development =======
2025-04-17 10:04:01 info: 🚀 Identity Service listening on port 5000
2025-04-17 10:04:01 info: =================================
2025-04-17 10:04:04 info: Database connection established successfully.
2025-04-17 10:04:07 info: Database tables synced successfully.
2025-04-17 10:04:12 info: =================================
2025-04-17 10:04:12 info: ======= ENV: development =======
2025-04-17 10:04:12 info: 🚀 Identity Service listening on port 5000
2025-04-17 10:04:12 info: =================================
2025-04-17 10:04:14 info: Database connection established successfully.
2025-04-17 10:04:17 info: Database tables synced successfully.
2025-04-17 10:04:29 info: =================================
2025-04-17 10:04:29 info: ======= ENV: development =======
2025-04-17 10:04:29 info: 🚀 Identity Service listening on port 5000
2025-04-17 10:04:29 info: =================================
2025-04-17 10:04:32 info: Database connection established successfully.
2025-04-17 10:04:35 info: Database tables synced successfully.
2025-04-17 10:05:58 info: =================================
2025-04-17 10:05:58 info: ======= ENV: development =======
2025-04-17 10:05:58 info: 🚀 Identity Service listening on port 5000
2025-04-17 10:05:58 info: =================================
2025-04-17 10:06:02 info: Database connection established successfully.
2025-04-17 10:06:05 info: Database tables synced successfully.
2025-04-17 10:06:12 info: =================================
2025-04-17 10:06:12 info: ======= ENV: development =======
2025-04-17 10:06:12 info: 🚀 Identity Service listening on port 5000
2025-04-17 10:06:12 info: =================================
2025-04-17 10:06:15 info: Database connection established successfully.
2025-04-17 10:06:18 info: Database tables synced successfully.
2025-04-17 10:07:03 info: =================================
2025-04-17 10:07:03 info: ======= ENV: development =======
2025-04-17 10:07:03 info: 🚀 Identity Service listening on port 5000
2025-04-17 10:07:03 info: =================================
2025-04-17 10:07:06 info: Database connection established successfully.
2025-04-17 10:07:10 info: Database tables synced successfully.
2025-04-17 10:07:33 info: [0mPOST /api/allocations/createAllocation [32m201[0m 2218.296 ms - 385[0m
2025-04-17 10:07:36 info: [0mPOST /api/allocations/createAllocation [32m201[0m 365.190 ms - 385[0m
2025-04-17 10:07:38 info: [0mPOST /api/allocations/createAllocation [32m201[0m 366.668 ms - 385[0m
2025-04-17 10:09:18 info: =================================
2025-04-17 10:09:18 info: ======= ENV: development =======
2025-04-17 10:09:18 info: 🚀 Identity Service listening on port 5000
2025-04-17 10:09:18 info: =================================
2025-04-17 10:09:21 info: Database connection established successfully.
2025-04-17 10:09:25 info: =================================
2025-04-17 10:09:25 info: ======= ENV: development =======
2025-04-17 10:09:25 info: 🚀 Identity Service listening on port 5000
2025-04-17 10:09:25 info: =================================
2025-04-17 10:09:28 info: Database connection established successfully.
2025-04-17 10:09:32 info: =================================
2025-04-17 10:09:32 info: ======= ENV: development =======
2025-04-17 10:09:32 info: 🚀 Identity Service listening on port 5000
2025-04-17 10:09:32 info: =================================
2025-04-17 10:09:35 info: Database connection established successfully.
2025-04-17 10:09:44 info: =================================
2025-04-17 10:09:44 info: ======= ENV: development =======
2025-04-17 10:09:44 info: 🚀 Identity Service listening on port 5000
2025-04-17 10:09:44 info: =================================
2025-04-17 10:09:46 info: Database connection established successfully.
2025-04-17 10:09:49 info: Database tables synced successfully.
2025-04-17 10:11:03 info: =================================
2025-04-17 10:11:03 info: ======= ENV: development =======
2025-04-17 10:11:03 info: 🚀 Identity Service listening on port 5000
2025-04-17 10:11:03 info: =================================
2025-04-17 10:11:06 info: Database connection established successfully.
2025-04-17 10:11:09 info: Database tables synced successfully.
2025-04-17 10:11:14 info: [0mPOST /api/allocations/createAllocation [32m201[0m 600.282 ms - 385[0m
2025-04-17 10:14:20 info: =================================
2025-04-17 10:14:20 info: ======= ENV: development =======
2025-04-17 10:14:20 info: 🚀 Identity Service listening on port 5000
2025-04-17 10:14:20 info: =================================
2025-04-17 10:14:22 info: Database connection established successfully.
2025-04-17 10:14:25 info: Database tables synced successfully.
2025-04-17 10:14:49 info: =================================
2025-04-17 10:14:49 info: ======= ENV: development =======
2025-04-17 10:14:49 info: 🚀 Identity Service listening on port 5000
2025-04-17 10:14:49 info: =================================
2025-04-17 10:14:52 info: Database connection established successfully.
2025-04-17 10:14:55 info: Database tables synced successfully.
2025-04-17 10:15:08 info: [0mPOST /api/allocations/createAllocation [32m201[0m 1740.047 ms - 437[0m
2025-04-17 10:15:23 error: [POST] /api/allocations/createAllocation >> StatusCode:: 409, Message:: Allocation for this phase already exists
2025-04-17 10:15:23 info: [0mPOST /api/allocations/createAllocation [33m409[0m 1311.555 ms - 54[0m
2025-04-17 10:15:36 info: [0mPOST /api/allocations/createAllocation [32m201[0m 1688.251 ms - 435[0m
2025-04-17 10:15:57 info: =================================
2025-04-17 10:15:57 info: ======= ENV: development =======
2025-04-17 10:15:57 info: 🚀 Identity Service listening on port 5000
2025-04-17 10:15:57 info: =================================
2025-04-17 10:16:00 info: Database connection established successfully.
2025-04-17 10:16:04 info: Database tables synced successfully.
2025-04-17 10:23:56 error: [GET] /api/employees/getAllEmployees >> StatusCode:: 500, Message:: Error fetching employees
2025-04-17 10:23:56 info: [0mGET /api/employees/getAllEmployees [31m500[0m 2857.592 ms - 38[0m
2025-04-17 10:24:55 info: =================================
2025-04-17 10:24:55 info: ======= ENV: development =======
2025-04-17 10:24:55 info: 🚀 Identity Service listening on port 5000
2025-04-17 10:24:55 info: =================================
2025-04-17 10:24:58 info: Database connection established successfully.
2025-04-17 10:25:01 info: Database tables synced successfully.
2025-04-17 10:25:08 error: [POST] /api/employees/createEmployee >> StatusCode:: 409, Message:: Email already exists
2025-04-17 10:25:08 info: [0mPOST /api/employees/createEmployee [33m409[0m 234.132 ms - 34[0m
2025-04-17 10:26:06 info: [0mPOST /api/employees/createEmployee [32m201[0m 1899.006 ms - 491[0m
2025-04-17 10:26:11 error: [GET] /api/employees/getAllEmployees >> StatusCode:: 500, Message:: Error fetching employees
2025-04-17 10:26:11 info: [0mGET /api/employees/getAllEmployees [31m500[0m 209.362 ms - 38[0m
2025-04-17 10:27:30 info: =================================
2025-04-17 10:27:30 info: ======= ENV: development =======
2025-04-17 10:27:30 info: 🚀 Identity Service listening on port 5000
2025-04-17 10:27:30 info: =================================
2025-04-17 10:27:32 info: Database connection established successfully.
2025-04-17 10:27:33 error: [GET] /api/employees/getAllEmployees >> StatusCode:: 500, Message:: Error fetching employees
2025-04-17 10:27:33 info: [0mGET /api/employees/getAllEmployees [31m500[0m 281.553 ms - 38[0m
2025-04-17 10:27:34 error: [GET] /api/employees/getAllEmployees >> StatusCode:: 500, Message:: Error fetching employees
2025-04-17 10:27:34 info: [0mGET /api/employees/getAllEmployees [31m500[0m 195.670 ms - 38[0m
2025-04-17 10:27:36 info: Database tables synced successfully.
2025-04-17 10:27:58 info: =================================
2025-04-17 10:27:58 info: ======= ENV: development =======
2025-04-17 10:27:58 info: 🚀 Identity Service listening on port 5000
2025-04-17 10:27:58 info: =================================
2025-04-17 10:28:00 info: Database connection established successfully.
2025-04-17 10:28:00 error: [GET] /api/employees/getAllEmployees >> StatusCode:: 500, Message:: SequelizeDatabaseError: Unknown column 'allocations.phase' in 'field list'
2025-04-17 10:28:00 info: [0mGET /api/employees/getAllEmployees [31m500[0m 2317.063 ms - 3892[0m
2025-04-17 10:28:03 info: Database tables synced successfully.
2025-04-17 10:28:33 info: =================================
2025-04-17 10:28:33 info: ======= ENV: development =======
2025-04-17 10:28:33 info: 🚀 Identity Service listening on port 5000
2025-04-17 10:28:33 info: =================================
2025-04-17 10:28:36 info: Database connection established successfully.
2025-04-17 10:28:36 error: [GET] /api/employees/getAllEmployees >> StatusCode:: 500, Message:: Unknown column 'allocations.phase' in 'field list'
2025-04-17 10:28:36 info: [0mGET /api/employees/getAllEmployees [31m500[0m 1820.391 ms - 64[0m
2025-04-17 10:28:39 info: Database tables synced successfully.
2025-04-17 10:28:55 info: =================================
2025-04-17 10:28:55 info: ======= ENV: development =======
2025-04-17 10:28:55 info: 🚀 Identity Service listening on port 5000
2025-04-17 10:28:55 info: =================================
2025-04-17 10:28:57 info: Database connection established successfully.
2025-04-17 10:29:01 info: =================================
2025-04-17 10:29:01 info: ======= ENV: development =======
2025-04-17 10:29:01 info: 🚀 Identity Service listening on port 5000
2025-04-17 10:29:01 info: =================================
2025-04-17 10:29:05 info: Database connection established successfully.
2025-04-17 10:29:06 info: [0mGET /api/employees/getAllEmployees [32m200[0m 198.832 ms - 5877[0m
2025-04-17 10:29:08 info: Database tables synced successfully.
