2025-04-03 07:14:13 info: [0mOPTIONS /api/auth/login [32m200[0m 6.715 ms - 0[0m
2025-04-03 07:14:15 info: [0mPOST /api/auth/login [32m200[0m 1899.600 ms - 509[0m
2025-04-03 07:14:27 info: [0mGET /api/leaves/getEmployeeLeave/1 [36m304[0m 1580.361 ms - -[0m
2025-04-03 07:14:27 info: [0mGET /api/leaves/getEmployeeLeave/1 [36m304[0m 187.822 ms - -[0m
2025-04-03 07:17:14 info: [0mGET /api/leaves/getEmployeeLeave/1 [36m304[0m 3275.858 ms - -[0m
2025-04-03 07:17:14 info: [0mGET /api/leaves/getEmployeeLeave/1 [36m304[0m 192.106 ms - -[0m
2025-04-03 07:17:17 info: [0mOPTIONS /api/leaves/updateLeave [32m200[0m 1.843 ms - 0[0m
2025-04-03 07:17:18 info: [0mPUT /api/leaves/updateLeave [32m200[0m 1005.862 ms - 696[0m
2025-04-03 07:17:53 info: [0mOPTIONS /api/leaves/updateLeave [32m200[0m 0.266 ms - 0[0m
2025-04-03 07:17:56 info: [0mPUT /api/leaves/updateLeave [32m200[0m 2078.603 ms - 697[0m
2025-04-03 07:18:04 info: [0mGET /api/leaves/getEmployeeLeave/1 [32m200[0m 185.173 ms - 710[0m
2025-04-03 07:18:04 info: [0mGET /api/leaves/getEmployeeLeave/1 [36m304[0m 187.091 ms - -[0m
2025-04-03 07:19:09 info: [0mOPTIONS /api/auth/login [32m200[0m 1.013 ms - 0[0m
2025-04-03 07:19:12 info: [0mPOST /api/auth/login [32m200[0m 3293.294 ms - 519[0m
2025-04-03 07:19:13 info: [0mGET /api/employees/getEmployee/0 [33m404[0m 325.673 ms - 57[0m
2025-04-03 07:19:14 info: [0mGET /api/employees/getAllEmployees [36m304[0m 1150.915 ms - -[0m
2025-04-03 07:19:14 info: [0mGET /api/projects/getAllProjects [36m304[0m 1607.915 ms - -[0m
2025-04-03 07:19:15 info: [0mGET /api/employees/getNumberOfAssignedEmployees [36m304[0m 1994.705 ms - -[0m
2025-04-03 07:19:15 info: [0mGET /api/employees/getEmployee/0 [33m404[0m 2118.664 ms - 57[0m
2025-04-03 07:19:16 info: [0mGET /api/employees/getAllEmployees [36m304[0m 1674.855 ms - -[0m
2025-04-03 07:19:16 info: [0mGET /api/employees/getProjectEmployees/0 [32m201[0m 2144.248 ms - 70[0m
2025-04-03 07:19:16 info: [0mGET /api/projects/getAllProjects [36m304[0m 1669.978 ms - -[0m
2025-04-03 07:19:16 info: [0mGET /api/employees/getNumberOfAssignedEmployees [36m304[0m 1278.551 ms - -[0m
2025-04-03 07:19:17 info: [0mGET /api/employees/getProjectEmployees/0 [32m201[0m 724.037 ms - 70[0m
2025-04-03 07:26:36 info: =================================
2025-04-03 07:26:36 info: ======= ENV: development =======
2025-04-03 07:26:36 info: 🚀 Identity Service listening on port 5000
2025-04-03 07:26:36 info: =================================
2025-04-03 07:26:39 info: Database connection established successfully.
2025-04-03 07:26:39 info: Database connection established successfully.
2025-04-03 07:26:39 info: Database connection established successfully.
2025-04-03 07:26:39 info: Database connection established successfully.
2025-04-03 07:26:42 info: Database tables synced successfully.
2025-04-03 07:27:58 info: =================================
2025-04-03 07:27:58 info: ======= ENV: development =======
2025-04-03 07:27:58 info: 🚀 Identity Service listening on port 5000
2025-04-03 07:27:58 info: =================================
2025-04-03 07:28:02 info: Database connection established successfully.
2025-04-03 07:28:05 info: Database tables synced successfully.
2025-04-03 07:28:34 info: =================================
2025-04-03 07:28:34 info: ======= ENV: development =======
2025-04-03 07:28:34 info: 🚀 Identity Service listening on port 5000
2025-04-03 07:28:34 info: =================================
2025-04-03 07:28:37 info: Database connection established successfully.
2025-04-03 07:28:37 info: Database connection established successfully.
2025-04-03 07:28:37 info: Database connection established successfully.
2025-04-03 07:28:37 info: Database connection established successfully.
2025-04-03 07:28:40 info: Database tables synced successfully.
2025-04-03 09:13:06 info: [0mGET /api/leaves/getAllLeaves [32m200[0m 2351.995 ms - 1531[0m
2025-04-03 09:15:26 info: [0mGET /api/leaves/getAllLeaves [36m304[0m 1870.789 ms - -[0m
2025-04-03 09:15:31 info: [0mGET /api/leaves/getAllLeaves [36m304[0m 192.316 ms - -[0m
2025-04-03 09:15:31 info: [0mGET /api/leaves/getAllLeaves [36m304[0m 186.044 ms - -[0m
2025-04-03 09:15:32 info: [0mGET /api/leaves/getAllLeaves [36m304[0m 212.135 ms - -[0m
2025-04-03 09:15:33 info: [0mGET /api/leaves/getAllLeaves [36m304[0m 202.804 ms - -[0m
2025-04-03 09:15:49 info: [0mGET /api/leaves/getAllLeaves [36m304[0m 1358.180 ms - -[0m
2025-04-03 09:16:27 info: =================================
2025-04-03 09:16:27 info: ======= ENV: development =======
2025-04-03 09:16:27 info: 🚀 Identity Service listening on port 5000
2025-04-03 09:16:27 info: =================================
2025-04-03 09:16:30 info: Database connection established successfully.
2025-04-03 09:16:30 info: Database connection established successfully.
2025-04-03 09:16:30 info: Database connection established successfully.
2025-04-03 09:16:30 info: Database connection established successfully.
2025-04-03 09:16:33 info: Database tables synced successfully.
2025-04-03 09:18:34 info: [0mGET /api/leaves/getAllLeaves [32m200[0m 1398.956 ms - 1591[0m
2025-04-03 09:18:42 info: [0mGET /api/leaves/getAllLeaves [36m304[0m 188.782 ms - -[0m
2025-04-03 09:19:01 info: [0mGET /api/leaves/getAllLeaves [36m304[0m 1608.332 ms - -[0m
2025-04-03 09:20:39 info: [0mGET /api/leaves/getAllLeaves [36m304[0m 1430.519 ms - -[0m
2025-04-03 09:21:52 info: [0mGET /api/leaves/getAllLeaves [36m304[0m 1376.583 ms - -[0m
2025-04-03 09:22:04 info: [0mGET /api/leaves/getAllLeaves [36m304[0m 1326.847 ms - -[0m
2025-04-03 09:23:23 info: [0mGET /api/leaves/getAllLeaves [36m304[0m 1490.406 ms - -[0m
2025-04-03 09:23:28 info: [0mGET /api/leaves/getAllLeaves [36m304[0m 191.240 ms - -[0m
2025-04-03 09:23:49 info: [0mGET /api/leaves/getAllLeaves [36m304[0m 1910.926 ms - -[0m
2025-04-03 09:23:58 info: [0mGET /api/leaves/getAllLeaves [36m304[0m 219.101 ms - -[0m
2025-04-03 09:25:50 info: [0mGET /api/leaves/getAllLeaves [36m304[0m 1392.765 ms - -[0m
2025-04-03 09:25:51 info: [0mGET /api/leaves/getAllLeaves [36m304[0m 186.271 ms - -[0m
2025-04-03 09:25:54 info: [0mGET /api/leaves/getAllLeaves [36m304[0m 208.022 ms - -[0m
2025-04-03 09:25:57 info: [0mGET /api/leaves/getAllLeaves [36m304[0m 189.183 ms - -[0m
2025-04-03 09:34:54 info: [0mGET /api/leaves/getAllLeaves [36m304[0m 1479.831 ms - -[0m
2025-04-03 09:36:35 info: [0mGET /api/leaves/getAllLeaves [36m304[0m 1652.989 ms - -[0m
2025-04-03 09:40:52 info: [0mGET /api/leaves/getAllLeaves [36m304[0m 1478.982 ms - -[0m
2025-04-03 09:42:48 info: [0mGET /api/leaves/getAllLeaves [36m304[0m 1476.095 ms - -[0m
2025-04-03 09:42:48 info: [0mGET /api/leaves/getAllLeaves [36m304[0m 208.613 ms - -[0m
2025-04-03 09:42:53 info: [0mGET /api/leaves/getAllLeaves [36m304[0m 185.487 ms - -[0m
2025-04-03 09:43:18 info: [0mGET /api/leaves/getAllLeaves [36m304[0m 1556.660 ms - -[0m
2025-04-03 09:43:39 info: [0mGET /api/leaves/getAllLeaves [36m304[0m 1384.243 ms - -[0m
2025-04-03 09:44:09 info: [0mGET /api/leaves/getAllLeaves [36m304[0m 1328.726 ms - -[0m
2025-04-03 09:44:59 info: [0mGET /api/leaves/getAllLeaves [36m304[0m 1373.247 ms - -[0m
2025-04-03 09:47:28 info: [0mGET /api/leaves/getAllLeaves [36m304[0m 1393.310 ms - -[0m
2025-04-03 09:47:31 info: [0mGET /api/leaves/getAllLeaves [36m304[0m 207.129 ms - -[0m
2025-04-03 09:47:46 info: [0mGET /api/leaves/getAllLeaves [36m304[0m 1839.106 ms - -[0m
2025-04-03 09:48:04 info: [0mGET /api/leaves/getAllLeaves [36m304[0m 1341.780 ms - -[0m
2025-04-03 09:48:08 info: [0mGET /api/leaves/getAllLeaves [36m304[0m 194.895 ms - -[0m
2025-04-03 09:48:17 info: [0mGET /api/leaves/getAllLeaves [36m304[0m 188.285 ms - -[0m
2025-04-03 09:48:20 info: [0mGET /api/leaves/getAllLeaves [36m304[0m 187.244 ms - -[0m
2025-04-03 09:48:25 info: [0mGET /api/leaves/getAllLeaves [36m304[0m 188.977 ms - -[0m
2025-04-03 09:48:29 info: [0mGET /api/leaves/getAllLeaves [36m304[0m 182.705 ms - -[0m
2025-04-03 09:48:30 info: [0mGET /api/leaves/getAllLeaves [36m304[0m 184.178 ms - -[0m
2025-04-03 09:48:48 info: [0mGET /api/leaves/getAllLeaves [36m304[0m 1630.234 ms - -[0m
2025-04-03 09:48:53 info: [0mGET /api/leaves/getAllLeaves [36m304[0m 187.966 ms - -[0m
2025-04-03 09:48:56 info: [0mGET /api/leaves/getAllLeaves [36m304[0m 229.003 ms - -[0m
2025-04-03 09:49:04 info: [0mGET /api/leaves/getAllLeaves [36m304[0m 392.495 ms - -[0m
2025-04-03 09:49:10 info: [0mGET /api/leaves/getAllLeaves [36m304[0m 526.414 ms - -[0m
2025-04-03 09:49:14 info: [0mOPTIONS /api/leaves/updateLeave [32m200[0m 179.637 ms - 0[0m
2025-04-03 09:49:17 info: [0mPUT /api/leaves/updateLeave [32m200[0m 2557.814 ms - 545[0m
2025-04-03 09:50:23 info: [0mGET /api/leaves/getAllLeaves [32m200[0m 1373.063 ms - 1591[0m
2025-04-03 09:51:01 info: [0mGET /api/leaves/getAllLeaves [36m304[0m 1381.914 ms - -[0m
2025-04-03 09:51:10 info: [0mGET /api/leaves/getAllLeaves [36m304[0m 186.325 ms - -[0m
2025-04-03 09:51:14 info: [0mGET /api/leaves/getAllLeaves [36m304[0m 184.706 ms - -[0m
2025-04-03 09:51:18 info: [0mGET /api/leaves/getAllLeaves [36m304[0m 182.346 ms - -[0m
2025-04-03 09:51:23 info: [0mGET /api/leaves/getAllLeaves [36m304[0m 182.627 ms - -[0m
2025-04-03 09:51:29 info: [0mGET /api/leaves/getAllLeaves [36m304[0m 188.033 ms - -[0m
2025-04-03 09:51:31 info: [0mGET /api/leaves/getAllLeaves [36m304[0m 182.460 ms - -[0m
2025-04-03 09:51:33 info: [0mGET /api/leaves/getAllLeaves [36m304[0m 185.984 ms - -[0m
2025-04-03 09:51:36 info: [0mGET /api/leaves/getAllLeaves [36m304[0m 187.809 ms - -[0m
2025-04-03 09:51:45 info: [0mGET /api/leaves/getAllLeaves [36m304[0m 194.620 ms - -[0m
2025-04-03 09:52:05 info: [0mGET /api/leaves/getAllLeaves [36m304[0m 1408.553 ms - -[0m
2025-04-03 09:53:36 info: [0mGET /api/leaves/getAllLeaves [36m304[0m 1377.510 ms - -[0m
2025-04-03 09:54:22 info: [0mGET /api/leaves/getAllLeaves [36m304[0m 1327.024 ms - -[0m
2025-04-03 09:54:27 info: [0mOPTIONS /api/leaves/rejectLeave [32m200[0m 2.841 ms - 0[0m
2025-04-03 09:54:27 error: [PUT] /api/leaves/rejectLeave >> StatusCode:: 400, Message:: Unexpected token '4', "4" is not valid JSON
2025-04-03 09:54:27 info: [0mPUT /api/leaves/rejectLeave [33m400[0m 58.864 ms - 59[0m
2025-04-03 09:54:27 info: [0mGET /api/leaves/getAllLeaves [36m304[0m 189.779 ms - -[0m
2025-04-03 09:54:57 info: [0mGET /api/leaves/getAllLeaves [36m304[0m 1337.598 ms - -[0m
2025-04-03 09:55:01 info: [0mGET /api/leaves/getAllLeaves [36m304[0m 184.962 ms - -[0m
2025-04-03 09:55:05 info: [0mGET /api/leaves/getAllLeaves [36m304[0m 185.903 ms - -[0m
2025-04-03 09:55:14 info: [0mGET /api/leaves/getAllLeaves [36m304[0m 186.556 ms - -[0m
2025-04-03 09:55:16 info: [0mGET /api/leaves/getAllLeaves [36m304[0m 189.160 ms - -[0m
2025-04-03 09:55:19 info: [0mGET /api/leaves/getAllLeaves [36m304[0m 189.165 ms - -[0m
2025-04-03 09:55:23 info: [0mGET /api/leaves/getAllLeaves [36m304[0m 186.718 ms - -[0m
2025-04-03 09:55:37 info: [0mOPTIONS /api/leaves/approveLeave [32m200[0m 24.310 ms - 0[0m
2025-04-03 09:55:38 error: [PUT] /api/leaves/approveLeave >> StatusCode:: 400, Message:: Unexpected token '4', "4" is not valid JSON
2025-04-03 09:55:39 info: [0mPUT /api/leaves/approveLeave [33m400[0m 1421.452 ms - 59[0m
2025-04-03 09:55:45 info: [0mGET /api/leaves/getAllLeaves [36m304[0m 1779.107 ms - -[0m
2025-04-03 09:56:54 info: [0mGET /api/leaves/getAllLeaves [36m304[0m 1768.959 ms - -[0m
2025-04-03 09:57:00 info: [0mGET /api/leaves/getAllLeaves [36m304[0m 202.321 ms - -[0m
2025-04-03 09:57:05 info: [0mGET /api/leaves/getAllLeaves [36m304[0m 190.344 ms - -[0m
2025-04-03 09:57:12 info: [0mOPTIONS /api/leaves/approveLeave [32m200[0m 0.464 ms - 0[0m
2025-04-03 09:57:13 info: [0mPUT /api/leaves/approveLeave [32m200[0m 1009.596 ms - 547[0m
2025-04-03 09:57:13 info: [0mGET /api/leaves/getAllLeaves [32m200[0m 183.925 ms - 1592[0m
2025-04-03 09:57:32 info: [0mOPTIONS /api/leaves/rejectLeave [32m200[0m 0.461 ms - 0[0m
2025-04-03 09:57:36 info: [0mPUT /api/leaves/rejectLeave [32m200[0m 4380.651 ms - 699[0m
2025-04-03 09:57:37 info: [0mGET /api/leaves/getAllLeaves [32m200[0m 184.374 ms - 1593[0m
2025-04-03 09:57:59 info: [0mGET /api/leaves/getAllLeaves [36m304[0m 1351.358 ms - -[0m
2025-04-03 09:58:01 info: [0mGET /api/leaves/getAllLeaves [36m304[0m 192.550 ms - -[0m
2025-04-03 09:58:07 info: [0mGET /api/leaves/getAllLeaves [36m304[0m 192.119 ms - -[0m
2025-04-03 09:58:10 info: [0mGET /api/leaves/getAllLeaves [36m304[0m 185.007 ms - -[0m
2025-04-03 09:58:15 info: [0mOPTIONS /api/leaves/approveLeave [32m200[0m 1.704 ms - 0[0m
2025-04-03 09:58:16 info: [0mPUT /api/leaves/approveLeave [32m200[0m 934.201 ms - 408[0m
2025-04-03 09:58:16 info: [0mGET /api/leaves/getAllLeaves [32m200[0m 187.352 ms - 1594[0m
2025-04-03 09:59:21 info: [0mGET /api/leaves/getAllLeaves [36m304[0m 1321.541 ms - -[0m
2025-04-03 10:02:31 info: [0mGET /api/leaves/getAllLeaves [36m304[0m 1694.443 ms - -[0m
2025-04-03 10:02:38 info: [0mGET /api/leaves/getAllLeaves [36m304[0m 257.692 ms - -[0m
2025-04-03 10:04:24 info: [0mGET /api/leaves/getAllLeaves [36m304[0m 6721.882 ms - -[0m
2025-04-03 10:04:31 info: [0mGET /api/leaves/getAllLeaves [36m304[0m 451.587 ms - -[0m
2025-04-03 10:04:32 info: [0mGET /api/leaves/getAllLeaves [36m304[0m 271.566 ms - -[0m
2025-04-03 10:04:33 info: [0mGET /api/leaves/getAllLeaves [36m304[0m 476.737 ms - -[0m
2025-04-03 10:04:36 info: [0mGET /api/leaves/getAllLeaves [36m304[0m 1489.656 ms - -[0m
2025-04-03 10:04:41 info: [0mGET /api/leaves/getAllLeaves [36m304[0m 271.123 ms - -[0m
2025-04-03 10:05:34 info: [0mGET /api/leaves/getAllLeaves [36m304[0m 2614.071 ms - -[0m
2025-04-03 10:05:36 info: [0mGET /api/leaves/getAllLeaves [36m304[0m 434.413 ms - -[0m
2025-04-03 10:06:12 info: [0mGET /api/leaves/getAllLeaves [36m304[0m 1304.909 ms - -[0m
2025-04-03 10:06:17 info: [0mGET /api/leaves/getAllLeaves [36m304[0m 184.448 ms - -[0m
2025-04-03 10:06:21 info: [0mGET /api/leaves/getAllLeaves [36m304[0m 182.270 ms - -[0m
2025-04-03 10:06:27 info: [0mGET /api/leaves/getAllLeaves [36m304[0m 184.365 ms - -[0m
2025-04-03 10:07:01 info: [0mGET /api/leaves/getAllLeaves [36m304[0m 1333.829 ms - -[0m
2025-04-03 10:07:46 info: [0mGET /api/leaves/getAllLeaves [36m304[0m 1398.714 ms - -[0m
2025-04-03 10:07:54 info: [0mGET /api/leaves/getAllLeaves [36m304[0m 204.093 ms - -[0m
2025-04-03 10:11:03 info: [0mGET /api/leaves/getAllLeaves [36m304[0m 1364.919 ms - -[0m
2025-04-03 10:11:45 info: [0mOPTIONS /api/auth/login [32m200[0m 3.021 ms - 0[0m
2025-04-03 10:11:47 info: [0mPOST /api/auth/login [32m200[0m 1616.143 ms - 509[0m
2025-04-03 10:11:54 info: [0mGET /api/leaves/getEmployeeLeave/1 [32m200[0m 189.751 ms - 711[0m
2025-04-03 10:11:54 info: [0mGET /api/leaves/getEmployeeLeave/1 [36m304[0m 196.424 ms - -[0m
2025-04-03 10:13:07 info: [0mGET /api/leaves/getEmployeeLeave/1 [36m304[0m 2162.411 ms - -[0m
2025-04-03 10:13:07 info: [0mGET /api/leaves/getEmployeeLeave/1 [36m304[0m 309.065 ms - -[0m
2025-04-03 10:16:19 info: [0mGET /api/leaves/getEmployeeLeave/1 [36m304[0m 1438.530 ms - -[0m
2025-04-03 10:16:19 info: [0mGET /api/leaves/getEmployeeLeave/1 [36m304[0m 187.703 ms - -[0m
2025-04-03 10:18:57 info: [0mGET /api/leaves/getEmployeeLeave/1 [36m304[0m 1708.776 ms - -[0m
2025-04-03 10:18:57 info: [0mGET /api/leaves/getEmployeeLeave/1 [36m304[0m 190.951 ms - -[0m
2025-04-03 10:20:58 info: [0mGET /api/leaves/getEmployeeLeave/1 [36m304[0m 1479.585 ms - -[0m
2025-04-03 10:20:58 info: [0mGET /api/leaves/getEmployeeLeave/1 [36m304[0m 181.880 ms - -[0m
2025-04-03 10:23:21 info: [0mGET /api/leaves/getEmployeeLeave/1 [36m304[0m 1385.839 ms - -[0m
2025-04-03 10:23:21 info: [0mGET /api/leaves/getEmployeeLeave/1 [36m304[0m 187.287 ms - -[0m
2025-04-03 10:25:31 info: [0mGET /api/leaves/getEmployeeLeave/1 [36m304[0m 1446.255 ms - -[0m
2025-04-03 10:25:31 info: [0mGET /api/leaves/getEmployeeLeave/1 [36m304[0m 188.618 ms - -[0m
2025-04-03 10:26:00 info: [0mGET /api/leaves/getEmployeeLeave/1 [36m304[0m 1324.760 ms - -[0m
2025-04-03 10:26:01 info: [0mGET /api/leaves/getEmployeeLeave/1 [36m304[0m 186.363 ms - -[0m
2025-04-03 10:26:38 info: [0mGET /api/leaves/getEmployeeLeave/1 [36m304[0m 1347.869 ms - -[0m
2025-04-03 10:26:38 info: [0mGET /api/leaves/getEmployeeLeave/1 [36m304[0m 188.406 ms - -[0m
2025-04-03 10:28:12 info: [0mGET /api/leaves/getEmployeeLeave/1 [36m304[0m 1369.408 ms - -[0m
2025-04-03 10:28:12 info: [0mGET /api/leaves/getEmployeeLeave/1 [36m304[0m 191.279 ms - -[0m
2025-04-03 10:28:35 info: [0mGET /api/leaves/getEmployeeLeave/1 [36m304[0m 1333.069 ms - -[0m
2025-04-03 10:28:35 info: [0mGET /api/leaves/getEmployeeLeave/1 [36m304[0m 186.895 ms - -[0m
2025-04-03 10:28:39 info: [0mGET /api/leaves/getEmployeeLeave/1 [36m304[0m 188.193 ms - -[0m
2025-04-03 10:28:39 info: [0mGET /api/leaves/getEmployeeLeave/1 [36m304[0m 189.891 ms - -[0m
2025-04-03 10:32:14 info: [0mGET /api/leaves/getEmployeeLeave/1 [36m304[0m 1510.011 ms - -[0m
2025-04-03 10:32:14 info: [0mGET /api/leaves/getEmployeeLeave/1 [36m304[0m 189.126 ms - -[0m
2025-04-03 10:36:01 info: [0mGET /api/leaves/getEmployeeLeave/1 [36m304[0m 1508.506 ms - -[0m
2025-04-03 10:36:01 info: [0mGET /api/leaves/getEmployeeLeave/1 [36m304[0m 194.567 ms - -[0m
2025-04-03 10:36:22 info: [0mOPTIONS /api/leaves/createLeave [32m200[0m 3.235 ms - 0[0m
2025-04-03 10:36:23 info: [0mPOST /api/leaves/createLeave [32m201[0m 1626.407 ms - 317[0m
2025-04-03 10:36:29 info: [0mGET /api/leaves/getEmployeeLeave/1 [32m200[0m 194.171 ms - 1045[0m
2025-04-03 10:36:29 info: [0mGET /api/leaves/getEmployeeLeave/1 [36m304[0m 187.926 ms - -[0m
2025-04-03 10:37:54 info: [0mGET /api/leaves/getEmployeeLeave/1 [36m304[0m 1833.995 ms - -[0m
2025-04-03 10:37:54 info: [0mGET /api/leaves/getEmployeeLeave/1 [36m304[0m 185.293 ms - -[0m
2025-04-03 10:39:02 info: [0mGET /api/leaves/getEmployeeLeave/1 [36m304[0m 1320.539 ms - -[0m
2025-04-03 10:39:02 info: [0mGET /api/leaves/getEmployeeLeave/1 [36m304[0m 187.692 ms - -[0m
2025-04-03 10:40:02 info: [0mPOST /api/leaves/uploadDocuments [32m201[0m 1204.516 ms - 212[0m
2025-04-03 10:40:02 info: [0mOPTIONS /api/leaves/createLeave [32m200[0m 0.304 ms - 0[0m
2025-04-03 10:40:03 info: [0mPOST /api/leaves/createLeave [32m201[0m 1526.852 ms - 451[0m
2025-04-03 10:40:04 info: [0mGET /api/leaves/getEmployeeLeave/1 [32m200[0m 191.384 ms - 1507[0m
2025-04-03 10:42:36 info: [0mGET /api/leaves/getEmployeeLeave/1 [36m304[0m 1714.967 ms - -[0m
2025-04-03 10:42:37 info: [0mGET /api/leaves/getEmployeeLeave/1 [36m304[0m 218.985 ms - -[0m
2025-04-03 10:42:45 info: [0mOPTIONS /api/leaves/updateLeave [32m200[0m 1.929 ms - 0[0m
2025-04-03 10:42:46 info: [0mPUT /api/leaves/updateLeave [32m200[0m 959.475 ms - 531[0m
2025-04-03 10:42:46 info: [0mGET /api/leaves/getEmployeeLeave/1 [32m200[0m 183.923 ms - 1515[0m
2025-04-03 10:43:18 info: [0mGET /api/leaves/getEmployeeLeave/1 [36m304[0m 1487.624 ms - -[0m
2025-04-03 10:43:19 info: [0mGET /api/leaves/getEmployeeLeave/1 [36m304[0m 184.418 ms - -[0m
2025-04-03 10:43:23 info: [0mGET /api/leaves/getEmployeeLeave/1 [36m304[0m 183.463 ms - -[0m
2025-04-03 10:43:24 info: [0mGET /api/leaves/getEmployeeLeave/1 [36m304[0m 183.083 ms - -[0m
2025-04-03 10:44:46 info: [0mGET /api/leaves/getEmployeeLeave/1 [36m304[0m 1390.721 ms - -[0m
2025-04-03 10:44:46 info: [0mGET /api/leaves/getEmployeeLeave/1 [36m304[0m 182.029 ms - -[0m
2025-04-03 10:45:12 info: [0mOPTIONS /api/auth/login [32m200[0m 0.461 ms - 0[0m
2025-04-03 10:45:13 info: [0mPOST /api/auth/login [32m200[0m 1497.859 ms - 519[0m
2025-04-03 10:45:18 info: [0mGET /api/employees/getEmployee/0 [33m404[0m 208.600 ms - 57[0m
2025-04-03 10:45:18 info: [0mGET /api/employees/getAllEmployees [32m200[0m 372.861 ms - 1633[0m
2025-04-03 10:45:18 info: [0mGET /api/projects/getAllProjects [36m304[0m 555.275 ms - -[0m
2025-04-03 10:45:18 info: [0mGET /api/employees/getNumberOfAssignedEmployees [36m304[0m 721.600 ms - -[0m
2025-04-03 10:45:19 info: [0mGET /api/employees/getEmployee/0 [33m404[0m 738.744 ms - 57[0m
2025-04-03 10:45:19 info: [0mGET /api/employees/getAllEmployees [36m304[0m 738.244 ms - -[0m
2025-04-03 10:45:19 info: [0mGET /api/employees/getProjectEmployees/0 [32m201[0m 914.297 ms - 70[0m
2025-04-03 10:45:19 info: [0mGET /api/projects/getAllProjects [36m304[0m 900.375 ms - -[0m
2025-04-03 10:45:19 info: [0mGET /api/employees/getNumberOfAssignedEmployees [36m304[0m 727.123 ms - -[0m
2025-04-03 10:45:19 info: [0mGET /api/employees/getProjectEmployees/0 [32m201[0m 235.935 ms - 70[0m
2025-04-03 10:45:21 info: [0mGET /api/leaves/getAllLeaves [32m200[0m 187.204 ms - 2434[0m
2025-04-03 10:45:22 info: [0mGET /api/leaves/getAllLeaves [36m304[0m 182.825 ms - -[0m
2025-04-03 10:45:38 info: [0mOPTIONS /api/leaves/rejectLeave [32m200[0m 0.252 ms - 0[0m
2025-04-03 10:45:40 info: [0mPUT /api/leaves/rejectLeave [32m200[0m 2042.411 ms - 533[0m
2025-04-03 10:45:41 info: [0mGET /api/leaves/getAllLeaves [32m200[0m 183.074 ms - 2435[0m
2025-04-03 10:47:33 info: [0mGET /api/leaves/getAllLeaves [36m304[0m 1384.215 ms - -[0m
2025-04-03 10:47:55 info: [0mGET /api/leaves/getAllLeaves [36m304[0m 1320.046 ms - -[0m
2025-04-03 10:47:56 info: [0mGET /api/leaves/getAllLeaves [36m304[0m 183.873 ms - -[0m
2025-04-03 10:48:04 info: [0mGET /api/leaves/getAllLeaves [36m304[0m 181.636 ms - -[0m
2025-04-03 10:48:24 info: [0mGET /api/leaves/getAllLeaves [36m304[0m 1362.957 ms - -[0m
2025-04-03 10:48:36 info: [0mGET /api/leaves/getAllLeaves [36m304[0m 1304.224 ms - -[0m
2025-04-03 10:48:51 info: [0mGET /api/leaves/getAllLeaves [36m304[0m 1305.288 ms - -[0m
2025-04-03 10:50:02 info: [0mGET /api/leaves/getAllLeaves [36m304[0m 1311.398 ms - -[0m
2025-04-03 10:50:22 info: [0mGET /api/leaves/getAllLeaves [36m304[0m 1361.997 ms - -[0m
2025-04-03 10:50:26 info: [0mGET /api/leaves/getAllLeaves [36m304[0m 187.224 ms - -[0m
2025-04-03 10:50:29 info: [0mGET /api/leaves/getAllLeaves [36m304[0m 185.299 ms - -[0m
2025-04-03 10:50:37 info: [0mGET /api/leaves/getAllLeaves [36m304[0m 184.839 ms - -[0m
2025-04-03 10:50:47 info: [0mGET /api/leaves/getAllLeaves [36m304[0m 192.598 ms - -[0m
2025-04-03 10:51:10 info: [0mGET /api/leaves/getAllLeaves [36m304[0m 1336.774 ms - -[0m
2025-04-03 10:51:13 info: [0mGET /api/leaves/getAllLeaves [36m304[0m 201.414 ms - -[0m
2025-04-03 10:51:15 info: [0mGET /api/leaves/getAllLeaves [36m304[0m 183.307 ms - -[0m
2025-04-03 10:51:31 info: [0mOPTIONS /api/leaves/approveLeave [32m200[0m 1.563 ms - 0[0m
2025-04-03 10:51:33 info: [0mPUT /api/leaves/approveLeave [32m200[0m 2107.514 ms - 397[0m
2025-04-03 10:51:33 info: [0mGET /api/leaves/getAllLeaves [32m200[0m 184.192 ms - 2436[0m
2025-04-03 10:54:57 info: [0mOPTIONS /api/auth/login [32m200[0m 4.784 ms - 0[0m
2025-04-03 10:54:58 info: [0mPOST /api/auth/login [32m200[0m 1652.065 ms - 509[0m
2025-04-03 10:55:01 info: [0mGET /api/leaves/getEmployeeLeave/1 [32m200[0m 190.375 ms - 1517[0m
2025-04-03 10:55:01 info: [0mGET /api/leaves/getEmployeeLeave/1 [36m304[0m 182.928 ms - -[0m
2025-04-03 10:55:28 info: [0mGET /api/leaves/getEmployeeLeave/1 [36m304[0m 1585.979 ms - -[0m
2025-04-03 10:55:28 info: [0mGET /api/leaves/getEmployeeLeave/1 [36m304[0m 184.423 ms - -[0m
2025-04-03 11:02:26 info: [0mGET /api/leaves/getEmployeeLeave/1 [36m304[0m 1761.795 ms - -[0m
2025-04-03 11:02:26 info: [0mGET /api/leaves/getEmployeeLeave/1 [36m304[0m 191.318 ms - -[0m
2025-04-03 11:08:53 info: [0mGET /api/leaves/getEmployeeLeave/1 [36m304[0m 1533.108 ms - -[0m
2025-04-03 11:08:53 info: [0mGET /api/leaves/getEmployeeLeave/1 [36m304[0m 181.977 ms - -[0m
2025-04-03 11:08:55 info: [0mGET /api/leaves/getEmployeeLeave/1 [36m304[0m 181.971 ms - -[0m
2025-04-03 11:08:55 info: [0mGET /api/leaves/getEmployeeLeave/1 [36m304[0m 195.045 ms - -[0m
2025-04-03 11:09:00 info: [0mGET /api/leaves/getEmployeeLeave/1 [36m304[0m 180.318 ms - -[0m
2025-04-03 11:09:00 info: [0mGET /api/leaves/getEmployeeLeave/1 [36m304[0m 181.797 ms - -[0m
2025-04-03 11:09:05 info: [0mGET /api/leaves/getEmployeeLeave/1 [36m304[0m 182.484 ms - -[0m
2025-04-03 11:09:05 info: [0mGET /api/leaves/getEmployeeLeave/1 [36m304[0m 182.833 ms - -[0m
2025-04-03 11:09:47 info: [0mGET /api/leaves/getEmployeeLeave/1 [36m304[0m 1330.405 ms - -[0m
2025-04-03 11:09:47 info: [0mGET /api/leaves/getEmployeeLeave/1 [36m304[0m 185.967 ms - -[0m
2025-04-03 11:11:18 info: [0mGET /api/leaves/getEmployeeLeave/1 [36m304[0m 1486.852 ms - -[0m
2025-04-03 11:11:18 info: [0mGET /api/leaves/getEmployeeLeave/1 [36m304[0m 196.194 ms - -[0m
2025-04-03 11:11:27 info: [0mGET /api/leaves/getEmployeeLeave/1 [36m304[0m 183.294 ms - -[0m
2025-04-03 11:11:27 info: [0mGET /api/leaves/getEmployeeLeave/1 [36m304[0m 184.335 ms - -[0m
2025-04-03 11:12:55 info: [0mGET /api/leaves/getEmployeeLeave/1 [36m304[0m 1460.392 ms - -[0m
2025-04-03 11:12:56 info: [0mGET /api/leaves/getEmployeeLeave/1 [36m304[0m 198.866 ms - -[0m
2025-04-03 11:12:59 info: [0mGET /api/leaves/getEmployeeLeave/1 [36m304[0m 187.787 ms - -[0m
2025-04-03 11:12:59 info: [0mGET /api/leaves/getEmployeeLeave/1 [36m304[0m 190.495 ms - -[0m
2025-04-03 11:13:19 info: [0mGET /api/leaves/getEmployeeLeave/1 [36m304[0m 1319.768 ms - -[0m
2025-04-03 11:13:19 info: [0mGET /api/leaves/getEmployeeLeave/1 [36m304[0m 231.657 ms - -[0m
2025-04-03 11:15:52 info: [0mGET /api/leaves/getEmployeeLeave/1 [36m304[0m 1799.327 ms - -[0m
2025-04-03 11:15:53 info: [0mGET /api/leaves/getEmployeeLeave/1 [36m304[0m 192.080 ms - -[0m
2025-04-03 11:16:49 info: [0mGET /api/leaves/getEmployeeLeave/1 [36m304[0m 1354.198 ms - -[0m
2025-04-03 11:17:34 info: [0mGET /api/leaves/getEmployeeLeave/1 [36m304[0m 1306.744 ms - -[0m
2025-04-03 11:21:30 info: [0mGET /api/leaves/getEmployeeLeave/1 [36m304[0m 1425.316 ms - -[0m
2025-04-03 11:21:30 info: [0mGET /api/leaves/getEmployeeLeave/1 [36m304[0m 187.232 ms - -[0m
2025-04-03 11:21:34 info: [0mOPTIONS /api/leaves/createLeave [32m200[0m 2.727 ms - 0[0m
2025-04-03 11:21:35 info: [0mPOST /api/leaves/createLeave [32m201[0m 446.135 ms - 299[0m
2025-04-03 11:21:35 info: [0mGET /api/leaves/getEmployeeLeave/1 [32m200[0m 186.505 ms - 1833[0m
2025-04-03 11:32:14 info: [0mGET /api/leaves/getEmployeeLeave/1 [36m304[0m 1485.687 ms - -[0m
2025-04-03 11:32:14 info: [0mGET /api/leaves/getEmployeeLeave/1 [36m304[0m 191.917 ms - -[0m
2025-04-03 11:48:25 info: [0mGET /api/leaves/getEmployeeLeave/1 [36m304[0m 1828.919 ms - -[0m
2025-04-03 11:48:25 info: [0mGET /api/leaves/getEmployeeLeave/1 [36m304[0m 184.136 ms - -[0m
2025-04-03 11:48:33 info: [0mOPTIONS /api/auth/login [32m200[0m 1.984 ms - 0[0m
2025-04-03 11:48:34 info: [0mPOST /api/auth/login [32m200[0m 347.855 ms - 519[0m
2025-04-03 11:48:38 info: [0mGET /api/employees/getEmployee/0 [33m404[0m 242.575 ms - 57[0m
2025-04-03 11:48:38 info: [0mGET /api/employees/getAllEmployees [32m200[0m 414.346 ms - 2007[0m
2025-04-03 11:48:38 info: [0mGET /api/projects/getAllProjects [32m200[0m 577.379 ms - 3161[0m
2025-04-03 11:48:38 info: [0mGET /api/employees/getNumberOfAssignedEmployees [36m304[0m 751.727 ms - -[0m
2025-04-03 11:48:38 info: [0mGET /api/employees/getEmployee/0 [33m404[0m 731.855 ms - 57[0m
2025-04-03 11:48:39 info: [0mGET /api/employees/getAllEmployees [36m304[0m 741.770 ms - -[0m
2025-04-03 11:48:39 info: [0mGET /api/employees/getProjectEmployees/0 [32m201[0m 909.723 ms - 70[0m
2025-04-03 11:48:39 info: [0mGET /api/projects/getAllProjects [36m304[0m 933.380 ms - -[0m
2025-04-03 11:48:39 info: [0mGET /api/employees/getNumberOfAssignedEmployees [36m304[0m 803.528 ms - -[0m
2025-04-03 11:48:39 info: [0mGET /api/employees/getProjectEmployees/0 [32m201[0m 268.573 ms - 70[0m
2025-04-03 11:48:41 info: [0mGET /api/projects/getAllProjects [36m304[0m 183.389 ms - -[0m
2025-04-03 11:48:41 info: [0mGET /api/projects/getAllProjects [36m304[0m 180.933 ms - -[0m
2025-04-03 11:48:51 info: [0mGET /api/tasks/getProjectWeeklySummary/14 [32m201[0m 220.107 ms - 282[0m
2025-04-03 11:48:52 info: [0mGET /api/tasks/getProjectWeeklySummary/14 [32m201[0m 191.786 ms - 282[0m
2025-04-03 11:50:42 info: =================================
2025-04-03 11:50:42 info: ======= ENV: development =======
2025-04-03 11:50:42 info: 🚀 Identity Service listening on port 5000
2025-04-03 11:50:42 info: =================================
2025-04-03 11:50:45 info: Database connection established successfully.
2025-04-03 11:50:45 info: Database connection established successfully.
2025-04-03 11:50:45 info: Database connection established successfully.
2025-04-03 11:50:45 info: Database connection established successfully.
2025-04-03 11:50:47 info: Database tables synced successfully.
2025-04-03 11:50:58 info: =================================
2025-04-03 11:50:58 info: ======= ENV: development =======
2025-04-03 11:50:58 info: 🚀 Identity Service listening on port 5000
2025-04-03 11:50:58 info: =================================
2025-04-03 11:51:01 info: Database connection established successfully.
2025-04-03 11:51:01 info: Database connection established successfully.
2025-04-03 11:51:01 info: Database connection established successfully.
2025-04-03 11:51:01 info: Database connection established successfully.
2025-04-03 11:51:04 info: Database tables synced successfully.
2025-04-03 11:51:43 info: =================================
2025-04-03 11:51:43 info: ======= ENV: development =======
2025-04-03 11:51:43 info: 🚀 Identity Service listening on port 5000
2025-04-03 11:51:43 info: =================================
2025-04-03 11:51:47 info: Database connection established successfully.
2025-04-03 11:51:49 info: Database tables synced successfully.
2025-04-03 11:52:07 info: =================================
2025-04-03 11:52:07 info: ======= ENV: development =======
2025-04-03 11:52:07 info: 🚀 Identity Service listening on port 5000
2025-04-03 11:52:07 info: =================================
2025-04-03 11:52:09 info: Database connection established successfully.
2025-04-03 11:52:09 info: Database connection established successfully.
2025-04-03 11:52:09 info: Database connection established successfully.
2025-04-03 11:52:09 info: Database connection established successfully.
2025-04-03 11:52:12 info: Database tables synced successfully.
2025-04-03 11:55:09 info: =================================
2025-04-03 11:55:09 info: ======= ENV: development =======
2025-04-03 11:55:09 info: 🚀 Identity Service listening on port 5000
2025-04-03 11:55:09 info: =================================
2025-04-03 11:55:17 info: =================================
2025-04-03 11:55:17 info: ======= ENV: development =======
2025-04-03 11:55:17 info: 🚀 Identity Service listening on port 5000
2025-04-03 11:55:17 info: =================================
2025-04-03 11:55:20 info: Database connection established successfully.
2025-04-03 11:55:20 info: Database connection established successfully.
2025-04-03 11:55:20 info: Database connection established successfully.
2025-04-03 11:55:20 info: Database connection established successfully.
2025-04-03 11:55:26 info: =================================
2025-04-03 11:55:26 info: ======= ENV: development =======
2025-04-03 11:55:26 info: 🚀 Identity Service listening on port 5000
2025-04-03 11:55:26 info: =================================
2025-04-03 11:55:40 info: =================================
2025-04-03 11:55:40 info: ======= ENV: development =======
2025-04-03 11:55:40 info: 🚀 Identity Service listening on port 5000
2025-04-03 11:55:40 info: =================================
2025-04-03 11:55:43 info: Database connection established successfully.
2025-04-03 11:55:43 info: Database connection established successfully.
2025-04-03 11:55:43 info: Database connection established successfully.
2025-04-03 11:55:43 info: Database connection established successfully.
2025-04-03 11:55:46 info: Database tables synced successfully.
2025-04-03 11:56:43 info: [0mGET /api/tasks/getProjectWeeklySummary/14 [32m201[0m 1425.747 ms - 282[0m
2025-04-03 11:57:07 info: [0mGET /api/tasks/getProjectWeeklySummary/14 [32m201[0m 1300.599 ms - 282[0m
2025-04-03 11:57:11 info: [0mGET /api/employees/getEmployee/0 [33m404[0m 194.745 ms - 57[0m
2025-04-03 11:57:11 info: [0mGET /api/employees/getNumberOfAssignedEmployees [36m304[0m 373.214 ms - -[0m
2025-04-03 11:57:11 info: [0mGET /api/employees/getAllEmployees [36m304[0m 543.435 ms - -[0m
2025-04-03 11:57:11 info: [0mGET /api/employees/getEmployee/0 [33m404[0m 548.357 ms - 57[0m
2025-04-03 11:57:11 info: [0mGET /api/employees/getNumberOfAssignedEmployees [36m304[0m 545.735 ms - -[0m
2025-04-03 11:57:12 info: [0mGET /api/employees/getAllEmployees [36m304[0m 541.950 ms - -[0m
2025-04-03 11:57:31 info: [0mGET /api/employees/getEmployee/0 [33m404[0m 1307.778 ms - 57[0m
2025-04-03 11:57:31 info: [0mGET /api/employees/getNumberOfAssignedEmployees [36m304[0m 1304.335 ms - -[0m
2025-04-03 11:57:31 info: [0mGET /api/employees/getAllEmployees [36m304[0m 1306.965 ms - -[0m
2025-04-03 11:57:34 info: [0mGET /api/employees/getEmployee/0 [33m404[0m 187.683 ms - 57[0m
2025-04-03 11:57:34 info: [0mGET /api/employees/getAllEmployees [36m304[0m 194.895 ms - -[0m
2025-04-03 11:57:34 info: [0mGET /api/employees/getNumberOfAssignedEmployees [36m304[0m 187.932 ms - -[0m
2025-04-03 11:57:34 info: [0mGET /api/projects/getAllProjects [36m304[0m 349.141 ms - -[0m
2025-04-03 11:57:34 info: [0mGET /api/employees/getEmployee/0 [33m404[0m 208.951 ms - 57[0m
2025-04-03 11:57:34 info: [0mGET /api/employees/getAllEmployees [36m304[0m 211.320 ms - -[0m
2025-04-03 11:57:34 info: [0mGET /api/employees/getProjectEmployees/0 [32m201[0m 342.073 ms - 70[0m
2025-04-03 11:57:34 info: [0mGET /api/employees/getNumberOfAssignedEmployees [36m304[0m 210.883 ms - -[0m
2025-04-03 11:57:34 info: [0mGET /api/projects/getAllProjects [36m304[0m 201.003 ms - -[0m
2025-04-03 11:57:34 info: [0mGET /api/employees/getProjectEmployees/0 [32m201[0m 189.250 ms - 70[0m
2025-04-03 11:57:35 info: [0mGET /api/employees/getNumberOfAssignedEmployees [36m304[0m 180.743 ms - -[0m
2025-04-03 11:57:35 info: [0mGET /api/employees/getEmployee/0 [33m404[0m 186.757 ms - 57[0m
2025-04-03 11:57:35 info: [0mGET /api/employees/getAllEmployees [36m304[0m 188.611 ms - -[0m
2025-04-03 11:57:35 info: [0mGET /api/employees/getNumberOfAssignedEmployees [36m304[0m 192.990 ms - -[0m
2025-04-03 11:57:35 info: [0mGET /api/employees/getAllEmployees [36m304[0m 185.448 ms - -[0m
2025-04-03 11:57:35 info: [0mGET /api/employees/getEmployee/0 [33m404[0m 195.339 ms - 57[0m
2025-04-03 11:59:17 info: [0mGET /api/employees/getEmployee/0 [33m404[0m 1365.865 ms - 57[0m
2025-04-03 11:59:23 info: [0mGET /api/employees/getEmployee/0 [33m404[0m 182.917 ms - 57[0m
2025-04-03 11:59:30 info: [0mGET /api/employees/getEmployee/0 [33m404[0m 183.228 ms - 57[0m
2025-04-03 11:59:52 info: [0mGET /api/employees/getEmployee/0 [33m404[0m 1298.316 ms - 57[0m
2025-04-03 12:00:00 info: [0mGET /api/employees/getEmployee/0 [33m404[0m 188.954 ms - 57[0m
2025-04-03 12:00:00 info: [0mGET /api/employees/getNumberOfAssignedEmployees [36m304[0m 359.982 ms - -[0m
2025-04-03 12:00:00 info: [0mGET /api/employees/getAllEmployees [36m304[0m 523.022 ms - -[0m
2025-04-03 12:00:06 info: [0mGET /api/employees/getEmployee/0 [33m404[0m 183.142 ms - 57[0m
2025-04-03 12:00:23 info: [0mGET /api/employees/getEmployee/0 [33m404[0m 1321.839 ms - 57[0m
2025-04-03 12:00:46 info: [0mGET /api/employees/getEmployee/0 [33m404[0m 1290.301 ms - 57[0m
2025-04-03 12:01:00 info: [0mGET /api/employees/getEmployee/0 [33m404[0m 1300.812 ms - 57[0m
2025-04-03 12:01:03 info: [0mGET /api/employees/getEmployee/0 [33m404[0m 179.220 ms - 57[0m
2025-04-03 12:01:06 info: [0mGET /api/employees/getEmployee/0 [33m404[0m 188.749 ms - 57[0m
2025-04-03 12:01:22 info: [0mGET /api/employees/getEmployee/0 [33m404[0m 1309.601 ms - 57[0m
2025-04-03 12:01:34 info: [0mGET /api/employees/getEmployee/0 [33m404[0m 1310.947 ms - 57[0m
2025-04-03 12:01:34 info: [0mGET /api/employees/getAllEmployees [36m304[0m 1336.875 ms - -[0m
2025-04-03 12:01:34 info: [0mGET /api/employees/getNumberOfAssignedEmployees [36m304[0m 1301.533 ms - -[0m
2025-04-03 12:01:34 info: [0mGET /api/projects/getAllProjects [36m304[0m 1300.223 ms - -[0m
2025-04-03 12:01:34 info: [0mGET /api/employees/getEmployee/0 [33m404[0m 187.717 ms - 57[0m
2025-04-03 12:01:34 info: [0mGET /api/employees/getAllEmployees [36m304[0m 190.901 ms - -[0m
2025-04-03 12:01:34 info: [0mGET /api/employees/getProjectEmployees/0 [32m201[0m 203.145 ms - 70[0m
2025-04-03 12:01:34 info: [0mGET /api/employees/getNumberOfAssignedEmployees [36m304[0m 188.917 ms - -[0m
2025-04-03 12:01:34 info: [0mGET /api/projects/getAllProjects [36m304[0m 299.027 ms - -[0m
2025-04-03 12:01:34 info: [0mGET /api/employees/getEmployee/0 [33m404[0m 205.068 ms - 57[0m
2025-04-03 12:01:34 info: [0mGET /api/employees/getAllEmployees [36m304[0m 196.868 ms - -[0m
2025-04-03 12:01:34 info: [0mGET /api/employees/getProjectEmployees/0 [32m201[0m 181.022 ms - 70[0m
2025-04-03 12:01:34 info: [0mGET /api/employees/getNumberOfAssignedEmployees [36m304[0m 284.401 ms - -[0m
2025-04-03 12:01:34 info: [0mGET /api/employees/getEmployee/0 [33m404[0m 182.308 ms - 57[0m
2025-04-03 12:01:34 info: [0mGET /api/employees/getAllEmployees [36m304[0m 181.465 ms - -[0m
2025-04-03 12:01:34 info: [0mGET /api/employees/getNumberOfAssignedEmployees [36m304[0m 179.162 ms - -[0m
2025-04-03 12:02:42 info: [0mGET /api/employees/getEmployee/0 [33m404[0m 1325.743 ms - 57[0m
2025-04-03 12:03:24 info: [0mGET /api/employees/getEmployee/0 [33m404[0m 1328.830 ms - 57[0m
2025-04-03 12:03:43 info: [0mGET /api/employees/getEmployee/0 [33m404[0m 1496.343 ms - 57[0m
2025-04-03 12:03:45 info: [0mGET /api/employees/getEmployee/0 [33m404[0m 245.488 ms - 57[0m
2025-04-03 12:03:50 info: [0mGET /api/employees/getEmployee/0 [33m404[0m 190.696 ms - 57[0m
2025-04-03 12:03:56 info: [0mGET /api/employees/getEmployee/0 [33m404[0m 183.376 ms - 57[0m
2025-04-03 12:05:08 info: [0mGET /api/employees/getEmployee/0 [33m404[0m 1305.941 ms - 57[0m
2025-04-03 12:05:36 info: [0mGET /api/employees/getEmployee/0 [33m404[0m 1345.634 ms - 57[0m
2025-04-03 12:05:37 info: [0mGET /api/employees/getEmployee/0 [33m404[0m 183.659 ms - 57[0m
2025-04-03 12:06:29 info: [0mGET /api/employees/getEmployee/0 [33m404[0m 1338.012 ms - 57[0m
2025-04-03 12:06:55 info: [0mGET /api/employees/getEmployee/0 [33m404[0m 1316.198 ms - 57[0m
2025-04-03 12:07:41 info: [0mGET /api/employees/getEmployee/0 [33m404[0m 1305.319 ms - 57[0m
2025-04-03 12:08:59 info: [0mGET /api/employees/getEmployee/0 [33m404[0m 1294.340 ms - 57[0m
2025-04-03 12:09:01 info: [0mGET /api/employees/getEmployee/0 [33m404[0m 184.790 ms - 57[0m
2025-04-03 12:09:06 info: [0mGET /api/employees/getEmployee/0 [33m404[0m 182.790 ms - 57[0m
2025-04-03 12:09:09 info: [0mGET /api/employees/getEmployee/0 [33m404[0m 181.773 ms - 57[0m
2025-04-03 12:10:14 info: [0mGET /api/employees/getEmployee/0 [33m404[0m 1321.569 ms - 57[0m
2025-04-03 12:10:19 info: [0mGET /api/employees/getEmployee/0 [33m404[0m 179.118 ms - 57[0m
2025-04-03 12:11:40 info: [0mGET /api/employees/getEmployee/0 [33m404[0m 1443.217 ms - 57[0m
2025-04-03 12:11:41 info: [0mGET /api/employees/getEmployee/0 [33m404[0m 189.344 ms - 57[0m
2025-04-03 12:11:45 info: [0mGET /api/employees/getEmployee/0 [33m404[0m 197.309 ms - 57[0m
2025-04-03 12:11:52 info: [0mGET /api/employees/getEmployee/0 [33m404[0m 180.190 ms - 57[0m
2025-04-03 12:12:07 info: [0mGET /api/employees/getEmployee/0 [33m404[0m 1431.639 ms - 57[0m
2025-04-03 12:13:16 info: [0mOPTIONS /api/employees/createEmployee [32m200[0m 6.915 ms - 0[0m
2025-04-03 12:13:18 info: [0mPOST /api/employees/createEmployee [32m201[0m 2111.268 ms - 510[0m
2025-04-03 12:13:19 info: [0mOPTIONS /api/auth/signup [32m200[0m 0.203 ms - 0[0m
2025-04-03 12:13:19 info: [0mPOST /api/auth/signup [32m201[0m 801.448 ms - 510[0m
2025-04-03 12:13:22 info: [0mGET /api/employees/getAllEmployees [32m200[0m 184.190 ms - 2449[0m
2025-04-03 12:13:22 info: [0mGET /api/employees/getNumberOfAssignedEmployees [36m304[0m 361.509 ms - -[0m
2025-04-03 12:14:11 info: [0mGET /api/employees/getEmployee/0 [33m404[0m 1335.901 ms - 57[0m
2025-04-03 12:15:32 info: [0mOPTIONS /api/employees/createEmployee [32m200[0m 0.386 ms - 0[0m
2025-04-03 12:15:34 info: [0mPOST /api/employees/createEmployee [32m201[0m 1697.342 ms - 479[0m
2025-04-03 12:15:34 info: [0mOPTIONS /api/auth/signup [32m200[0m 0.381 ms - 0[0m
2025-04-03 12:15:34 info: [0mPOST /api/auth/signup [32m201[0m 721.309 ms - 495[0m
2025-04-03 12:15:37 info: [0mGET /api/employees/getNumberOfAssignedEmployees [36m304[0m 187.978 ms - -[0m
2025-04-03 12:15:37 info: [0mGET /api/employees/getAllEmployees [32m200[0m 351.349 ms - 2860[0m
2025-04-03 12:17:27 info: [0mOPTIONS /api/auth/login [32m200[0m 2.904 ms - 0[0m
2025-04-03 12:17:29 info: [0mPOST /api/auth/login [32m200[0m 1973.878 ms - 519[0m
2025-04-03 12:17:34 info: [0mGET /api/employees/getEmployee/0 [33m404[0m 195.644 ms - 57[0m
2025-04-03 12:17:34 info: [0mGET /api/employees/getAllEmployees [36m304[0m 371.764 ms - -[0m
2025-04-03 12:17:34 info: [0mGET /api/projects/getAllProjects [36m304[0m 531.403 ms - -[0m
2025-04-03 12:17:35 info: [0mGET /api/employees/getNumberOfAssignedEmployees [36m304[0m 704.466 ms - -[0m
2025-04-03 12:17:35 info: [0mGET /api/employees/getEmployee/0 [33m404[0m 733.307 ms - 57[0m
2025-04-03 12:17:35 info: [0mGET /api/employees/getAllEmployees [36m304[0m 737.752 ms - -[0m
2025-04-03 12:17:35 info: [0mGET /api/employees/getProjectEmployees/0 [32m201[0m 913.071 ms - 70[0m
2025-04-03 12:17:35 info: [0mGET /api/projects/getAllProjects [36m304[0m 746.084 ms - -[0m
2025-04-03 12:17:35 info: [0mGET /api/employees/getNumberOfAssignedEmployees [36m304[0m 588.060 ms - -[0m
2025-04-03 12:17:35 info: [0mGET /api/employees/getProjectEmployees/0 [32m201[0m 184.502 ms - 70[0m
2025-04-03 12:17:37 info: [0mGET /api/projects/getAllProjects [36m304[0m 180.270 ms - -[0m
2025-04-03 12:17:37 info: [0mGET /api/employees/getAllEmployees [36m304[0m 185.860 ms - -[0m
2025-04-03 12:17:38 info: [0mGET /api/employees/getAllEmployees [36m304[0m 180.498 ms - -[0m
2025-04-03 12:17:38 info: [0mGET /api/projects/getAllProjects [36m304[0m 186.172 ms - -[0m
2025-04-03 12:17:38 info: [0mGET /api/employees/getProjectEmployees/0 [32m201[0m 182.327 ms - 70[0m
2025-04-03 12:17:38 info: [0mGET /api/employees/getProjectEmployees/0 [32m201[0m 184.182 ms - 70[0m
2025-04-03 12:17:40 info: [0mGET /api/employees/getProjectEmployees/14 [32m201[0m 193.507 ms - 256[0m
2025-04-03 12:17:40 info: [0mGET /api/employees/getAllEmployees [36m304[0m 212.099 ms - -[0m
2025-04-03 12:17:40 info: [0mGET /api/employees/getProjectEmployees/14 [32m201[0m 191.826 ms - 256[0m
2025-04-03 12:17:49 info: [0mOPTIONS /api/projects/updateProject [32m200[0m 0.287 ms - 0[0m
2025-04-03 12:17:50 info: [0mPUT /api/projects/updateProject [32m200[0m 632.652 ms - 311[0m
2025-04-03 12:17:50 info: [0mOPTIONS /api/employees/assignEmployees [32m200[0m 0.206 ms - 0[0m
2025-04-03 12:17:51 info: [0mPOST /api/employees/assignEmployees [32m201[0m 1551.998 ms - 71[0m
2025-04-03 12:17:54 info: [0mGET /api/employees/getAllEmployees [32m200[0m 185.326 ms - 2860[0m
2025-04-03 12:17:54 info: [0mGET /api/projects/getAllProjects [32m200[0m 250.807 ms - 3161[0m
2025-04-03 12:17:54 info: [0mGET /api/employees/getProjectEmployees/14 [32m201[0m 364.422 ms - 443[0m
2025-04-03 12:17:55 info: [0mGET /api/employees/getAllEmployees [36m304[0m 182.239 ms - -[0m
2025-04-03 12:17:55 info: [0mGET /api/employees/getProjectEmployees/0 [32m201[0m 183.026 ms - 70[0m
2025-04-03 12:17:58 info: [0mGET /api/employees/getAllEmployees [36m304[0m 180.823 ms - -[0m
2025-04-03 12:17:58 info: [0mGET /api/employees/getProjectEmployees/0 [32m201[0m 186.623 ms - 70[0m
2025-04-03 12:17:59 info: [0mGET /api/employees/getProjectEmployees/14 [32m201[0m 180.245 ms - 443[0m
2025-04-03 12:17:59 info: [0mGET /api/employees/getAllEmployees [36m304[0m 182.750 ms - -[0m
2025-04-03 12:17:59 info: [0mGET /api/employees/getProjectEmployees/14 [32m201[0m 180.101 ms - 443[0m
2025-04-03 12:18:06 info: [0mGET /api/employees/getAllEmployees [36m304[0m 180.399 ms - -[0m
2025-04-03 12:18:06 info: [0mGET /api/employees/getProjectEmployees/14 [32m201[0m 178.234 ms - 443[0m
2025-04-03 12:18:26 info: [0mOPTIONS /api/auth/login [32m200[0m 0.313 ms - 0[0m
2025-04-03 12:18:27 info: [0mPOST /api/auth/login [32m200[0m 1438.814 ms - 509[0m
2025-04-03 12:18:32 info: [0mGET /api/projects/getEmployeeProjects/6 [32m200[0m 238.343 ms - 224[0m
2025-04-03 12:18:32 info: [0mGET /api/projects/getEmployeeProjects/6 [36m304[0m 186.963 ms - -[0m
2025-04-03 12:18:38 info: [0mGET /api/tasks/getTaskByEmployeeAndProject/6/14 [32m200[0m 207.423 ms - 64[0m
2025-04-03 12:18:38 info: [0mGET /api/tasks/getTaskByEmployeeAndProject/6/14 [36m304[0m 182.684 ms - -[0m
2025-04-03 12:21:53 info: [0mOPTIONS /api/auth/login [32m200[0m 11.483 ms - 0[0m
2025-04-03 12:21:55 info: [0mPOST /api/auth/login [32m200[0m 1926.988 ms - 519[0m
2025-04-03 12:21:57 info: [0mGET /api/employees/getAllEmployees [36m304[0m 183.051 ms - -[0m
2025-04-03 12:21:57 info: [0mGET /api/employees/getEmployee/0 [33m404[0m 353.014 ms - 57[0m
2025-04-03 12:21:57 info: [0mGET /api/projects/getAllProjects [36m304[0m 515.733 ms - -[0m
2025-04-03 12:21:57 info: [0mGET /api/employees/getNumberOfAssignedEmployees [32m200[0m 689.962 ms - 88[0m
2025-04-03 12:21:58 info: [0mGET /api/employees/getAllEmployees [36m304[0m 715.965 ms - -[0m
2025-04-03 12:21:58 info: [0mGET /api/employees/getProjectEmployees/0 [32m201[0m 883.418 ms - 70[0m
2025-04-03 12:21:58 info: [0mGET /api/employees/getEmployee/0 [33m404[0m 889.408 ms - 57[0m
2025-04-03 12:21:58 info: [0mGET /api/projects/getAllProjects [36m304[0m 757.007 ms - -[0m
2025-04-03 12:21:58 info: [0mGET /api/employees/getNumberOfAssignedEmployees [36m304[0m 653.840 ms - -[0m
2025-04-03 12:21:58 info: [0mGET /api/employees/getProjectEmployees/0 [32m201[0m 299.894 ms - 70[0m
2025-04-03 12:22:03 info: [0mGET /api/employees/getEmployee/0 [33m404[0m 194.264 ms - 57[0m
2025-04-03 12:22:03 info: [0mGET /api/employees/getNumberOfAssignedEmployees [36m304[0m 186.482 ms - -[0m
2025-04-03 12:22:03 info: [0mGET /api/employees/getAllEmployees [36m304[0m 183.853 ms - -[0m
2025-04-03 12:22:03 info: [0mGET /api/employees/getEmployee/0 [33m404[0m 181.936 ms - 57[0m
2025-04-03 12:22:03 info: [0mGET /api/employees/getNumberOfAssignedEmployees [36m304[0m 186.486 ms - -[0m
2025-04-03 12:22:03 info: [0mGET /api/employees/getAllEmployees [36m304[0m 186.816 ms - -[0m
2025-04-03 12:25:17 info: [0mOPTIONS /api/employees/createEmployee [32m200[0m 11.690 ms - 0[0m
2025-04-03 12:25:19 info: [0mPOST /api/employees/createEmployee [32m201[0m 1864.657 ms - 501[0m
2025-04-03 12:25:19 info: [0mOPTIONS /api/auth/signup [32m200[0m 0.190 ms - 0[0m
2025-04-03 12:25:20 info: [0mPOST /api/auth/signup [32m201[0m 728.634 ms - 514[0m
2025-04-03 12:25:22 info: [0mGET /api/employees/getNumberOfAssignedEmployees [36m304[0m 199.248 ms - -[0m
2025-04-03 12:25:22 info: [0mGET /api/employees/getAllEmployees [32m200[0m 342.372 ms - 3293[0m
2025-04-03 12:25:53 info: =================================
2025-04-03 12:25:53 info: ======= ENV: development =======
2025-04-03 12:25:53 info: 🚀 Identity Service listening on port 5000
2025-04-03 12:25:53 info: =================================
2025-04-03 12:25:56 info: Database connection established successfully.
2025-04-03 12:25:58 info: Database tables synced successfully.
2025-04-03 12:26:06 info: [0mGET /api/employees/getEmployee/8 [32m200[0m 205.098 ms - 499[0m
2025-04-03 12:26:07 info: [0mOPTIONS /api/employees/deleteEmployee/8 [32m200[0m 0.777 ms - 0[0m
2025-04-03 12:26:08 info: [0mDELETE /api/employees/deleteEmployee/8 [32m201[0m 1344.457 ms - 69[0m
2025-04-03 12:26:09 info: [0mGET /api/employees/getNumberOfAssignedEmployees [36m304[0m 192.522 ms - -[0m
2025-04-03 12:26:09 info: [0mGET /api/employees/getAllEmployees [32m200[0m 374.385 ms - 3295[0m
2025-04-03 12:26:15 info: [0mGET /api/employees/getEmployee/7 [32m200[0m 185.213 ms - 477[0m
2025-04-03 12:26:16 info: [0mOPTIONS /api/employees/deleteEmployee/7 [32m200[0m 0.188 ms - 0[0m
2025-04-03 12:26:17 info: [0mDELETE /api/employees/deleteEmployee/7 [32m201[0m 1309.454 ms - 69[0m
2025-04-03 12:26:18 info: [0mGET /api/employees/getNumberOfAssignedEmployees [36m304[0m 185.520 ms - -[0m
2025-04-03 12:26:18 info: [0mGET /api/employees/getAllEmployees [32m200[0m 193.346 ms - 3297[0m
2025-04-03 12:26:19 info: [0mGET /api/employees/getEmployee/6 [32m200[0m 190.965 ms - 508[0m
2025-04-03 12:26:19 info: [0mOPTIONS /api/employees/deleteEmployee/6 [32m200[0m 0.336 ms - 0[0m
2025-04-03 12:26:21 info: [0mDELETE /api/employees/deleteEmployee/6 [32m201[0m 1323.462 ms - 69[0m
2025-04-03 12:26:21 info: [0mGET /api/employees/getNumberOfAssignedEmployees [32m200[0m 189.431 ms - 88[0m
2025-04-03 12:26:21 info: [0mGET /api/employees/getAllEmployees [32m200[0m 197.363 ms - 3299[0m
2025-04-03 12:26:39 info: [0mOPTIONS /api/employees/updateEmployee [32m200[0m 0.391 ms - 0[0m
2025-04-03 12:26:41 info: [0mPUT /api/employees/updateEmployee [32m201[0m 1790.510 ms - 514[0m
2025-04-03 12:26:41 info: [0mOPTIONS /api/auth/signup [32m200[0m 0.163 ms - 0[0m
2025-04-03 12:26:41 info: [0mPOST /api/auth/signup [32m201[0m 735.538 ms - 511[0m
2025-04-03 12:26:44 info: [0mGET /api/employees/getNumberOfAssignedEmployees [36m304[0m 196.090 ms - -[0m
2025-04-03 12:26:44 info: [0mGET /api/employees/getAllEmployees [32m200[0m 381.018 ms - 3302[0m
2025-04-03 12:26:50 info: [0mGET /api/employees/getNumberOfAssignedEmployees [36m304[0m 184.051 ms - -[0m
2025-04-03 12:26:50 info: [0mGET /api/employees/getAllEmployees [36m304[0m 192.468 ms - -[0m
2025-04-03 12:26:50 info: [0mGET /api/employees/getEmployee/0 [33m404[0m 361.037 ms - 57[0m
2025-04-03 12:26:55 info: [0mGET /api/employees/getEmployee/6 [32m200[0m 180.096 ms - 513[0m
2025-04-03 12:26:55 info: [0mOPTIONS /api/employees/deleteEmployee/6 [32m200[0m 0.182 ms - 0[0m
2025-04-03 12:26:57 info: [0mDELETE /api/employees/deleteEmployee/6 [32m201[0m 1284.649 ms - 69[0m
2025-04-03 12:26:57 info: [0mGET /api/employees/getNumberOfAssignedEmployees [36m304[0m 255.312 ms - -[0m
2025-04-03 12:26:57 info: [0mGET /api/employees/getAllEmployees [32m200[0m 261.423 ms - 3304[0m
2025-04-03 12:27:10 info: [0mGET /api/employees/getEmployee/0 [33m404[0m 1294.583 ms - 57[0m
2025-04-03 12:27:10 info: [0mGET /api/employees/getNumberOfAssignedEmployees [36m304[0m 1314.010 ms - -[0m
2025-04-03 12:27:10 info: [0mGET /api/employees/getAllEmployees [36m304[0m 1315.704 ms - -[0m
2025-04-03 12:27:24 info: [0mGET /api/employees/getEmployee/0 [33m404[0m 1300.779 ms - 57[0m
2025-04-03 12:27:24 info: [0mGET /api/employees/getAllEmployees [36m304[0m 1318.765 ms - -[0m
2025-04-03 12:27:24 info: [0mGET /api/employees/getNumberOfAssignedEmployees [36m304[0m 1292.090 ms - -[0m
2025-04-03 12:27:24 info: [0mGET /api/projects/getAllProjects [36m304[0m 1296.440 ms - -[0m
2025-04-03 12:27:24 info: [0mGET /api/employees/getEmployee/0 [33m404[0m 181.445 ms - 57[0m
2025-04-03 12:27:24 info: [0mGET /api/employees/getAllEmployees [36m304[0m 185.269 ms - -[0m
2025-04-03 12:27:24 info: [0mGET /api/employees/getNumberOfAssignedEmployees [36m304[0m 185.841 ms - -[0m
2025-04-03 12:27:24 info: [0mGET /api/employees/getProjectEmployees/0 [32m201[0m 183.392 ms - 70[0m
2025-04-03 12:27:24 info: [0mGET /api/projects/getAllProjects [36m304[0m 328.864 ms - -[0m
2025-04-03 12:27:24 info: [0mGET /api/employees/getProjectEmployees/0 [32m201[0m 186.327 ms - 70[0m
2025-04-03 12:27:25 info: [0mGET /api/employees/getEmployee/0 [33m404[0m 182.133 ms - 57[0m
2025-04-03 12:27:25 info: [0mGET /api/employees/getAllEmployees [36m304[0m 187.565 ms - -[0m
2025-04-03 12:27:25 info: [0mGET /api/employees/getNumberOfAssignedEmployees [36m304[0m 193.324 ms - -[0m
2025-04-03 12:27:25 info: [0mGET /api/employees/getEmployee/0 [33m404[0m 180.933 ms - 57[0m
2025-04-03 12:27:25 info: [0mGET /api/employees/getNumberOfAssignedEmployees [36m304[0m 180.859 ms - -[0m
2025-04-03 12:27:25 info: [0mGET /api/employees/getAllEmployees [36m304[0m 188.085 ms - -[0m
2025-04-03 12:28:03 info: [0mOPTIONS /api/employees/createEmployee [32m200[0m 0.351 ms - 0[0m
2025-04-03 12:28:05 error: [POST] /api/employees/createEmployee >> StatusCode:: 400, Message:: Error creating employee
2025-04-03 12:28:05 info: [0mPOST /api/employees/createEmployee [33m400[0m 1353.513 ms - 37[0m
2025-04-03 12:28:13 info: [0mOPTIONS /api/employees/createEmployee [32m200[0m 0.239 ms - 0[0m
2025-04-03 12:28:14 info: [0mPOST /api/employees/createEmployee [32m201[0m 575.976 ms - 503[0m
2025-04-03 12:28:14 info: [0mOPTIONS /api/auth/signup [32m200[0m 0.193 ms - 0[0m
2025-04-03 12:28:14 info: [0mPOST /api/auth/signup [32m201[0m 691.985 ms - 516[0m
2025-04-03 12:28:17 info: [0mGET /api/employees/getNumberOfAssignedEmployees [36m304[0m 183.167 ms - -[0m
2025-04-03 12:28:17 info: [0mGET /api/employees/getAllEmployees [32m200[0m 367.609 ms - 3739[0m
2025-04-03 12:28:22 info: [0mGET /api/employees/getEmployee/11 [32m200[0m 187.074 ms - 501[0m
2025-04-03 12:29:06 info: [0mGET /api/employees/getEmployee/11 [36m304[0m 1357.844 ms - -[0m
2025-04-03 12:29:19 info: [0mGET /api/employees/getEmployee/11 [36m304[0m 1325.862 ms - -[0m
2025-04-03 12:29:24 info: [0mGET /api/employees/getNumberOfAssignedEmployees [36m304[0m 205.029 ms - -[0m
2025-04-03 12:29:24 info: [0mGET /api/employees/getEmployee/0 [33m404[0m 380.406 ms - 57[0m
2025-04-03 12:29:25 info: [0mGET /api/employees/getAllEmployees [36m304[0m 567.642 ms - -[0m
2025-04-03 12:29:29 info: [0mGET /api/employees/getEmployee/11 [36m304[0m 193.031 ms - -[0m
2025-04-03 12:29:54 info: [0mOPTIONS /api/auth/login [32m200[0m 1.720 ms - 0[0m
2025-04-03 12:29:55 info: [0mPOST /api/auth/login [32m200[0m 1414.858 ms - 515[0m
2025-04-03 12:34:42 info: =================================
2025-04-03 12:34:42 info: ======= ENV: development =======
2025-04-03 12:34:42 info: 🚀 Identity Service listening on port 5000
2025-04-03 12:34:42 info: =================================
2025-04-03 12:34:51 info: =================================
2025-04-03 12:34:52 info: ======= ENV: development =======
2025-04-03 12:34:52 info: 🚀 Identity Service listening on port 5000
2025-04-03 12:34:52 info: =================================
2025-04-03 12:34:57 info: =================================
2025-04-03 12:34:57 info: ======= ENV: development =======
2025-04-03 12:34:57 info: 🚀 Identity Service listening on port 5000
2025-04-03 12:34:57 info: =================================
2025-04-03 12:35:00 info: Database connection established successfully.
2025-04-03 12:35:00 info: Database connection established successfully.
2025-04-03 12:35:00 info: Database connection established successfully.
2025-04-03 12:35:00 info: Database connection established successfully.
2025-04-03 12:35:02 info: Database tables synced successfully.
2025-04-03 12:35:07 info: =================================
2025-04-03 12:35:07 info: ======= ENV: development =======
2025-04-03 12:35:07 info: 🚀 Identity Service listening on port 5000
2025-04-03 12:35:07 info: =================================
2025-04-03 12:35:09 info: Database connection established successfully.
2025-04-03 12:35:09 info: Database connection established successfully.
2025-04-03 12:35:09 info: Database connection established successfully.
2025-04-03 12:35:09 info: Database connection established successfully.
2025-04-03 12:35:14 info: =================================
2025-04-03 12:35:14 info: ======= ENV: development =======
2025-04-03 12:35:14 info: 🚀 Identity Service listening on port 5000
2025-04-03 12:35:14 info: =================================
2025-04-03 12:35:17 info: Database connection established successfully.
2025-04-03 12:35:17 info: Database connection established successfully.
2025-04-03 12:35:17 info: Database connection established successfully.
2025-04-03 12:35:20 info: Database tables synced successfully.
2025-04-03 12:35:23 info: Database connection established successfully.
2025-04-03 12:35:43 info: Database connection established successfully.
2025-04-03 12:36:17 info: =================================
2025-04-03 12:36:17 info: ======= ENV: development =======
2025-04-03 12:36:17 info: 🚀 Identity Service listening on port 5000
2025-04-03 12:36:17 info: =================================
2025-04-03 12:36:20 info: Database connection established successfully.
2025-04-03 12:36:20 info: Database connection established successfully.
2025-04-03 12:36:20 info: Database connection established successfully.
2025-04-03 12:36:22 error: Unable to connect to the database: Cannot add foreign key constraint
2025-04-03 12:36:23 info: Database connection established successfully.
2025-04-03 12:36:35 info: =================================
2025-04-03 12:36:35 info: ======= ENV: development =======
2025-04-03 12:36:35 info: 🚀 Identity Service listening on port 5000
2025-04-03 12:36:35 info: =================================
2025-04-03 12:36:38 info: Database connection established successfully.
2025-04-03 12:36:40 error: Unable to connect to the database: Cannot add foreign key constraint
2025-04-03 12:36:59 info: =================================
2025-04-03 12:36:59 info: ======= ENV: development =======
2025-04-03 12:36:59 info: 🚀 Identity Service listening on port 5000
2025-04-03 12:36:59 info: =================================
2025-04-03 12:37:02 info: Database connection established successfully.
2025-04-03 12:37:02 info: Database connection established successfully.
2025-04-03 12:37:02 info: Database connection established successfully.
2025-04-03 12:37:03 info: Database connection established successfully.
2025-04-03 12:37:06 info: Database tables synced successfully.
2025-04-03 12:37:26 info: Database connection established successfully.
2025-04-03 12:37:33 info: =================================
2025-04-03 12:37:33 info: ======= ENV: development =======
2025-04-03 12:37:33 info: 🚀 Identity Service listening on port 5000
2025-04-03 12:37:33 info: =================================
2025-04-03 12:37:36 info: Database connection established successfully.
2025-04-03 12:37:36 info: Database connection established successfully.
2025-04-03 12:37:36 info: Database connection established successfully.
2025-04-03 12:37:36 info: Database connection established successfully.
2025-04-03 12:37:39 error: Unable to connect to the database: Cannot add foreign key constraint
2025-04-03 12:37:46 info: =================================
2025-04-03 12:37:46 info: ======= ENV: development =======
2025-04-03 12:37:46 info: 🚀 Identity Service listening on port 5000
2025-04-03 12:37:46 info: =================================
2025-04-03 12:37:49 info: Database connection established successfully.
2025-04-03 12:37:49 info: Database connection established successfully.
2025-04-03 12:37:49 info: Database connection established successfully.
2025-04-03 12:37:49 info: Database connection established successfully.
2025-04-03 12:37:53 info: Database tables synced successfully.
2025-04-03 12:39:45 info: [0mOPTIONS /api/auth/login [32m200[0m 3.885 ms - 0[0m
2025-04-03 12:39:47 info: [0mPOST /api/auth/login [32m200[0m 1492.969 ms - 519[0m
2025-04-03 12:39:48 info: [0mGET /api/employees/getEmployee/0 [33m404[0m 186.793 ms - 57[0m
2025-04-03 12:39:49 info: [0mGET /api/employees/getAllEmployees [32m200[0m 362.315 ms - 70[0m
2025-04-03 12:39:49 info: [0mGET /api/projects/getAllProjects [32m200[0m 534.150 ms - 69[0m
2025-04-03 12:39:49 info: [0mGET /api/employees/getNumberOfAssignedEmployees [32m200[0m 707.738 ms - 88[0m
2025-04-03 12:39:49 info: [0mGET /api/employees/getEmployee/0 [33m404[0m 720.148 ms - 57[0m
2025-04-03 12:39:49 info: [0mGET /api/employees/getAllEmployees [36m304[0m 724.257 ms - -[0m
2025-04-03 12:39:49 info: [0mGET /api/employees/getProjectEmployees/0 [32m201[0m 898.766 ms - 70[0m
2025-04-03 12:39:49 info: [0mGET /api/projects/getAllProjects [36m304[0m 745.890 ms - -[0m
2025-04-03 12:39:49 info: [0mGET /api/employees/getNumberOfAssignedEmployees [36m304[0m 569.492 ms - -[0m
2025-04-03 12:39:50 info: [0mGET /api/employees/getProjectEmployees/0 [32m201[0m 181.769 ms - 70[0m
2025-04-03 12:41:31 info: [0mGET /api/employees/getEmployee/0 [33m404[0m 1400.463 ms - 57[0m
2025-04-03 12:41:31 info: [0mGET /api/employees/getNumberOfAssignedEmployees [36m304[0m 1398.011 ms - -[0m
2025-04-03 12:41:31 info: [0mGET /api/employees/getAllEmployees [36m304[0m 1341.834 ms - -[0m
2025-04-03 12:41:31 info: [0mGET /api/employees/getEmployee/0 [33m404[0m 179.946 ms - 57[0m
2025-04-03 12:41:31 info: [0mGET /api/employees/getNumberOfAssignedEmployees [36m304[0m 190.012 ms - -[0m
2025-04-03 12:41:32 info: [0mGET /api/employees/getAllEmployees [36m304[0m 182.446 ms - -[0m
2025-04-03 12:42:21 info: [0mOPTIONS /api/employees/createEmployee [32m200[0m 0.552 ms - 0[0m
2025-04-03 12:42:23 info: [0mPOST /api/employees/createEmployee [32m201[0m 1765.865 ms - 499[0m
2025-04-03 12:42:23 info: [0mOPTIONS /api/auth/signup [32m200[0m 0.216 ms - 0[0m
2025-04-03 12:42:24 info: [0mPOST /api/auth/signup [32m201[0m 697.612 ms - 555[0m
2025-04-03 12:42:26 info: [0mGET /api/employees/getNumberOfAssignedEmployees [36m304[0m 192.518 ms - -[0m
2025-04-03 12:42:26 info: [0mGET /api/employees/getAllEmployees [32m200[0m 379.432 ms - 500[0m
2025-04-03 12:43:31 info: =================================
2025-04-03 12:43:31 info: ======= ENV: development =======
2025-04-03 12:43:31 info: 🚀 Identity Service listening on port 5000
2025-04-03 12:43:31 info: =================================
2025-04-03 12:43:36 info: =================================
2025-04-03 12:43:36 info: ======= ENV: development =======
2025-04-03 12:43:36 info: 🚀 Identity Service listening on port 5000
2025-04-03 12:43:36 info: =================================
2025-04-03 12:43:39 info: Database connection established successfully.
2025-04-03 12:43:39 info: Database connection established successfully.
2025-04-03 12:43:39 info: Database connection established successfully.
2025-04-03 12:43:39 info: Database connection established successfully.
2025-04-03 12:43:41 error: Unable to connect to the database: Cannot add foreign key constraint
2025-04-03 12:43:48 info: =================================
2025-04-03 12:43:48 info: ======= ENV: development =======
2025-04-03 12:43:48 info: 🚀 Identity Service listening on port 5000
2025-04-03 12:43:48 info: =================================
2025-04-03 12:43:50 info: Database connection established successfully.
2025-04-03 12:43:50 info: Database connection established successfully.
2025-04-03 12:43:50 info: Database connection established successfully.
2025-04-03 12:43:50 info: Database connection established successfully.
2025-04-03 12:43:54 info: Database tables synced successfully.
2025-04-03 12:44:16 info: [0mGET /api/employees/getNumberOfAssignedEmployees [36m304[0m 197.718 ms - -[0m
2025-04-03 12:44:16 info: [0mGET /api/employees/getAllEmployees [32m200[0m 363.015 ms - 70[0m
2025-04-03 12:44:17 info: [0mGET /api/employees/getEmployee/0 [33m404[0m 534.152 ms - 57[0m
2025-04-03 12:44:20 info: [0mOPTIONS /api/auth/login [32m200[0m 0.421 ms - 0[0m
2025-04-03 12:44:20 info: [0mPOST /api/auth/login [32m200[0m 375.088 ms - 519[0m
2025-04-03 12:44:21 info: [0mGET /api/employees/getEmployee/0 [33m404[0m 184.117 ms - 57[0m
2025-04-03 12:44:21 info: [0mGET /api/employees/getAllEmployees [36m304[0m 182.980 ms - -[0m
2025-04-03 12:44:21 info: [0mGET /api/employees/getNumberOfAssignedEmployees [36m304[0m 184.505 ms - -[0m
2025-04-03 12:44:22 info: [0mGET /api/projects/getAllProjects [36m304[0m 326.508 ms - -[0m
2025-04-03 12:44:22 info: [0mGET /api/employees/getAllEmployees [36m304[0m 183.643 ms - -[0m
2025-04-03 12:44:22 info: [0mGET /api/employees/getEmployee/0 [33m404[0m 205.434 ms - 57[0m
2025-04-03 12:44:22 info: [0mGET /api/employees/getProjectEmployees/0 [32m201[0m 341.762 ms - 70[0m
2025-04-03 12:44:22 info: [0mGET /api/employees/getNumberOfAssignedEmployees [36m304[0m 336.608 ms - -[0m
2025-04-03 12:44:22 info: [0mGET /api/projects/getAllProjects [36m304[0m 210.556 ms - -[0m
2025-04-03 12:44:22 info: [0mGET /api/employees/getProjectEmployees/0 [32m201[0m 179.292 ms - 70[0m
2025-04-03 12:44:23 info: [0mGET /api/employees/getEmployee/0 [33m404[0m 183.792 ms - 57[0m
2025-04-03 12:44:23 info: [0mGET /api/employees/getAllEmployees [36m304[0m 180.933 ms - -[0m
2025-04-03 12:44:23 info: [0mGET /api/employees/getNumberOfAssignedEmployees [36m304[0m 202.162 ms - -[0m
2025-04-03 12:44:23 info: [0mGET /api/employees/getEmployee/0 [33m404[0m 189.263 ms - 57[0m
2025-04-03 12:44:23 info: [0mGET /api/employees/getAllEmployees [36m304[0m 181.416 ms - -[0m
2025-04-03 12:44:23 info: [0mGET /api/employees/getNumberOfAssignedEmployees [36m304[0m 191.987 ms - -[0m
2025-04-03 12:44:54 info: [0mOPTIONS /api/employees/createEmployee [32m200[0m 0.161 ms - 0[0m
2025-04-03 12:44:56 info: [0mPOST /api/employees/createEmployee [32m201[0m 1676.812 ms - 494[0m
2025-04-03 12:44:56 info: [0mOPTIONS /api/auth/signup [32m200[0m 0.211 ms - 0[0m
2025-04-03 12:44:57 info: [0mPOST /api/auth/signup [32m201[0m 683.967 ms - 555[0m
2025-04-03 12:44:59 info: [0mGET /api/employees/getNumberOfAssignedEmployees [36m304[0m 187.521 ms - -[0m
2025-04-03 12:44:59 info: [0mGET /api/employees/getAllEmployees [32m200[0m 352.437 ms - 495[0m
2025-04-03 12:45:15 info: [0mGET /api/employees/getEmployee/1 [32m200[0m 1352.027 ms - 492[0m
2025-04-03 12:46:02 info: [0mGET /api/employees/getEmployee/0 [33m404[0m 1303.792 ms - 57[0m
2025-04-03 12:46:02 info: [0mGET /api/employees/getNumberOfAssignedEmployees [36m304[0m 1308.929 ms - -[0m
2025-04-03 12:46:02 info: [0mGET /api/employees/getAllEmployees [36m304[0m 1344.430 ms - -[0m
2025-04-03 12:46:02 info: [0mGET /api/employees/getEmployee/0 [33m404[0m 183.827 ms - 57[0m
2025-04-03 12:46:02 info: [0mGET /api/employees/getNumberOfAssignedEmployees [36m304[0m 185.514 ms - -[0m
2025-04-03 12:46:03 info: [0mGET /api/employees/getAllEmployees [36m304[0m 188.935 ms - -[0m
2025-04-03 12:46:03 info: [0mGET /api/employees/getEmployee/0 [33m404[0m 181.905 ms - 57[0m
2025-04-03 12:46:03 info: [0mGET /api/employees/getNumberOfAssignedEmployees [36m304[0m 189.407 ms - -[0m
2025-04-03 12:46:03 info: [0mGET /api/employees/getAllEmployees [36m304[0m 190.423 ms - -[0m
2025-04-03 12:46:03 info: [0mGET /api/employees/getEmployee/0 [33m404[0m 180.829 ms - 57[0m
2025-04-03 12:46:03 info: [0mGET /api/employees/getNumberOfAssignedEmployees [36m304[0m 188.323 ms - -[0m
2025-04-03 12:46:03 info: [0mGET /api/employees/getAllEmployees [36m304[0m 186.697 ms - -[0m
2025-04-03 12:46:03 info: [0mGET /api/employees/getEmployee/0 [33m404[0m 178.486 ms - 57[0m
2025-04-03 12:46:03 info: [0mGET /api/employees/getNumberOfAssignedEmployees [36m304[0m 187.384 ms - -[0m
2025-04-03 12:46:03 info: [0mGET /api/employees/getAllEmployees [36m304[0m 188.872 ms - -[0m
2025-04-03 12:46:03 info: [0mGET /api/employees/getEmployee/0 [33m404[0m 179.461 ms - 57[0m
2025-04-03 12:46:03 info: [0mGET /api/employees/getNumberOfAssignedEmployees [36m304[0m 178.871 ms - -[0m
2025-04-03 12:46:03 info: [0mGET /api/employees/getAllEmployees [36m304[0m 194.534 ms - -[0m
2025-04-03 12:46:07 info: [0mGET /api/employees/getEmployee/0 [33m404[0m 182.220 ms - 57[0m
2025-04-03 12:46:07 info: [0mGET /api/employees/getNumberOfAssignedEmployees [36m304[0m 180.700 ms - -[0m
2025-04-03 12:46:07 info: [0mGET /api/employees/getAllEmployees [36m304[0m 191.763 ms - -[0m
2025-04-03 12:46:07 info: [0mGET /api/employees/getEmployee/0 [33m404[0m 180.870 ms - 57[0m
2025-04-03 12:46:07 info: [0mGET /api/employees/getNumberOfAssignedEmployees [36m304[0m 188.766 ms - -[0m
2025-04-03 12:46:07 info: [0mGET /api/employees/getAllEmployees [36m304[0m 185.196 ms - -[0m
2025-04-03 12:46:08 info: [0mGET /api/employees/getEmployee/0 [33m404[0m 184.401 ms - 57[0m
2025-04-03 12:46:08 info: [0mGET /api/employees/getNumberOfAssignedEmployees [36m304[0m 188.280 ms - -[0m
2025-04-03 12:46:08 info: [0mGET /api/employees/getAllEmployees [36m304[0m 187.338 ms - -[0m
2025-04-03 12:46:21 info: [0mGET /api/employees/getEmployee/0 [33m404[0m 1296.888 ms - 57[0m
2025-04-03 12:46:21 info: [0mGET /api/employees/getNumberOfAssignedEmployees [36m304[0m 1299.280 ms - -[0m
2025-04-03 12:46:21 info: [0mGET /api/employees/getAllEmployees [36m304[0m 1305.026 ms - -[0m
2025-04-03 12:46:21 info: [0mGET /api/employees/getEmployee/0 [33m404[0m 180.984 ms - 57[0m
2025-04-03 12:46:21 info: [0mGET /api/employees/getNumberOfAssignedEmployees [36m304[0m 186.462 ms - -[0m
2025-04-03 12:46:21 info: [0mGET /api/employees/getAllEmployees [36m304[0m 188.814 ms - -[0m
2025-04-03 12:46:21 info: [0mGET /api/employees/getEmployee/0 [33m404[0m 181.915 ms - 57[0m
2025-04-03 12:46:21 info: [0mGET /api/employees/getNumberOfAssignedEmployees [36m304[0m 188.332 ms - -[0m
2025-04-03 12:46:21 info: [0mGET /api/employees/getAllEmployees [36m304[0m 186.621 ms - -[0m
2025-04-03 12:46:25 info: [0mGET /api/employees/getEmployee/0 [33m404[0m 199.287 ms - 57[0m
2025-04-03 12:46:25 info: [0mGET /api/employees/getNumberOfAssignedEmployees [36m304[0m 205.593 ms - -[0m
2025-04-03 12:46:25 info: [0mGET /api/employees/getAllEmployees [36m304[0m 213.424 ms - -[0m
2025-04-03 12:46:26 info: [0mGET /api/employees/getEmployee/0 [33m404[0m 182.463 ms - 57[0m
2025-04-03 12:46:26 info: [0mGET /api/employees/getNumberOfAssignedEmployees [36m304[0m 189.264 ms - -[0m
2025-04-03 12:46:26 info: [0mGET /api/employees/getAllEmployees [36m304[0m 189.219 ms - -[0m
2025-04-03 12:46:26 info: [0mGET /api/employees/getEmployee/0 [33m404[0m 182.460 ms - 57[0m
2025-04-03 12:46:26 info: [0mGET /api/employees/getNumberOfAssignedEmployees [36m304[0m 191.988 ms - -[0m
2025-04-03 12:46:26 info: [0mGET /api/employees/getAllEmployees [36m304[0m 189.779 ms - -[0m
2025-04-03 12:46:27 info: [0mGET /api/employees/getEmployee/0 [33m404[0m 184.017 ms - 57[0m
2025-04-03 12:46:27 info: [0mGET /api/employees/getNumberOfAssignedEmployees [36m304[0m 188.649 ms - -[0m
2025-04-03 12:46:27 info: [0mGET /api/employees/getAllEmployees [36m304[0m 191.568 ms - -[0m
2025-04-03 12:46:27 info: [0mGET /api/employees/getEmployee/0 [33m404[0m 182.736 ms - 57[0m
2025-04-03 12:46:27 info: [0mGET /api/employees/getNumberOfAssignedEmployees [36m304[0m 184.771 ms - -[0m
2025-04-03 12:46:27 info: [0mGET /api/employees/getAllEmployees [36m304[0m 189.120 ms - -[0m
2025-04-03 12:46:28 info: [0mGET /api/employees/getEmployee/0 [33m404[0m 185.312 ms - 57[0m
2025-04-03 12:46:28 info: [0mGET /api/employees/getNumberOfAssignedEmployees [36m304[0m 186.236 ms - -[0m
2025-04-03 12:46:28 info: [0mGET /api/employees/getAllEmployees [36m304[0m 197.429 ms - -[0m
2025-04-03 12:46:29 info: [0mGET /api/employees/getEmployee/0 [33m404[0m 186.559 ms - 57[0m
2025-04-03 12:46:29 info: [0mGET /api/employees/getNumberOfAssignedEmployees [36m304[0m 186.234 ms - -[0m
2025-04-03 12:46:29 info: [0mGET /api/employees/getAllEmployees [36m304[0m 192.587 ms - -[0m
2025-04-03 12:46:29 info: [0mGET /api/employees/getEmployee/0 [33m404[0m 184.840 ms - 57[0m
2025-04-03 12:46:29 info: [0mGET /api/employees/getNumberOfAssignedEmployees [36m304[0m 188.232 ms - -[0m
2025-04-03 12:46:29 info: [0mGET /api/employees/getAllEmployees [36m304[0m 183.957 ms - -[0m
2025-04-03 12:46:29 info: [0mGET /api/employees/getEmployee/0 [33m404[0m 191.043 ms - 57[0m
2025-04-03 12:46:29 info: [0mGET /api/employees/getNumberOfAssignedEmployees [36m304[0m 189.281 ms - -[0m
2025-04-03 12:46:29 info: [0mGET /api/employees/getAllEmployees [36m304[0m 186.906 ms - -[0m
2025-04-03 12:46:47 info: [0mGET /api/employees/getEmployee/0 [33m404[0m 1728.001 ms - 57[0m
2025-04-03 12:46:47 info: [0mGET /api/employees/getNumberOfAssignedEmployees [36m304[0m 1725.466 ms - -[0m
2025-04-03 12:46:47 info: [0mGET /api/employees/getAllEmployees [36m304[0m 1727.702 ms - -[0m
2025-04-03 12:46:47 info: [0mGET /api/employees/getEmployee/0 [33m404[0m 202.603 ms - 57[0m
2025-04-03 12:46:47 info: [0mGET /api/employees/getAllEmployees [36m304[0m 196.978 ms - -[0m
2025-04-03 12:46:47 info: [0mGET /api/employees/getNumberOfAssignedEmployees [36m304[0m 203.728 ms - -[0m
2025-04-03 12:46:47 info: [0mGET /api/employees/getEmployee/0 [33m404[0m 199.802 ms - 57[0m
2025-04-03 12:46:47 info: [0mGET /api/employees/getNumberOfAssignedEmployees [36m304[0m 197.619 ms - -[0m
2025-04-03 12:46:47 info: [0mGET /api/employees/getAllEmployees [36m304[0m 252.472 ms - -[0m
2025-04-03 12:46:49 info: [0mGET /api/employees/getNumberOfAssignedEmployees [36m304[0m 183.058 ms - -[0m
2025-04-03 12:46:49 info: [0mGET /api/employees/getEmployee/0 [33m404[0m 188.002 ms - 57[0m
2025-04-03 12:46:49 info: [0mGET /api/employees/getAllEmployees [36m304[0m 189.392 ms - -[0m
2025-04-03 12:46:49 info: [0mGET /api/employees/getEmployee/0 [33m404[0m 180.644 ms - 57[0m
2025-04-03 12:46:49 info: [0mGET /api/employees/getNumberOfAssignedEmployees [36m304[0m 184.409 ms - -[0m
2025-04-03 12:46:50 info: [0mGET /api/employees/getAllEmployees [36m304[0m 191.077 ms - -[0m
2025-04-03 12:46:50 info: [0mGET /api/employees/getNumberOfAssignedEmployees [36m304[0m 182.531 ms - -[0m
2025-04-03 12:46:50 info: [0mGET /api/employees/getEmployee/0 [33m404[0m 186.393 ms - 57[0m
2025-04-03 12:46:50 info: [0mGET /api/employees/getAllEmployees [36m304[0m 185.231 ms - -[0m
2025-04-03 12:46:56 info: [0mGET /api/employees/getEmployee/0 [33m404[0m 182.973 ms - 57[0m
2025-04-03 12:47:05 info: [0mGET /api/employees/getEmployee/0 [33m404[0m 185.780 ms - 57[0m
2025-04-03 12:47:21 info: [0mGET /api/employees/getEmployee/0 [33m404[0m 1364.516 ms - 57[0m
2025-04-03 12:48:11 info: [0mGET /api/employees/getEmployee/0 [33m404[0m 1324.932 ms - 57[0m
2025-04-03 12:48:21 info: [0mGET /api/employees/getNumberOfAssignedEmployees [36m304[0m 190.132 ms - -[0m
2025-04-03 12:48:21 info: [0mGET /api/employees/getAllEmployees [36m304[0m 372.380 ms - -[0m
2025-04-03 12:48:30 info: [0mGET /api/employees/getNumberOfAssignedEmployees [36m304[0m 199.197 ms - -[0m
2025-04-03 12:48:30 info: [0mGET /api/employees/getAllEmployees [36m304[0m 217.728 ms - -[0m
2025-04-03 12:48:53 info: [0mOPTIONS /api/auth/login [32m200[0m 4.138 ms - 0[0m
2025-04-03 12:48:54 info: [0mPOST /api/auth/login [32m200[0m 1828.109 ms - 519[0m
2025-04-03 12:48:55 info: [0mGET /api/employees/getAllEmployees [36m304[0m 182.792 ms - -[0m
2025-04-03 12:48:55 info: [0mGET /api/projects/getAllProjects [36m304[0m 320.852 ms - -[0m
2025-04-03 12:48:55 info: [0mGET /api/employees/getNumberOfAssignedEmployees [36m304[0m 493.781 ms - -[0m
2025-04-03 12:48:56 info: [0mGET /api/employees/getAllEmployees [36m304[0m 537.598 ms - -[0m
2025-04-03 12:48:56 info: [0mGET /api/employees/getProjectEmployees/0 [32m201[0m 710.982 ms - 70[0m
2025-04-03 12:48:56 info: [0mGET /api/projects/getAllProjects [36m304[0m 716.911 ms - -[0m
2025-04-03 12:48:56 info: [0mGET /api/employees/getNumberOfAssignedEmployees [36m304[0m 716.457 ms - -[0m
2025-04-03 12:48:56 info: [0mGET /api/employees/getProjectEmployees/0 [32m201[0m 444.935 ms - 70[0m
2025-04-03 12:48:59 info: [0mGET /api/employees/getAllEmployees [36m304[0m 197.619 ms - -[0m
2025-04-03 12:48:59 info: [0mGET /api/projects/getAllProjects [36m304[0m 196.893 ms - -[0m
2025-04-03 12:48:59 info: [0mGET /api/employees/getAllEmployees [36m304[0m 187.744 ms - -[0m
2025-04-03 12:48:59 info: [0mGET /api/projects/getAllProjects [36m304[0m 186.179 ms - -[0m
2025-04-03 12:48:59 info: [0mGET /api/employees/getProjectEmployees/0 [32m201[0m 193.712 ms - 70[0m
2025-04-03 12:48:59 info: [0mGET /api/employees/getProjectEmployees/0 [32m201[0m 182.898 ms - 70[0m
2025-04-03 12:49:03 info: [0mGET /api/employees/getAllEmployees [36m304[0m 191.193 ms - -[0m
2025-04-03 12:49:03 info: [0mGET /api/employees/getProjectEmployees/0 [32m201[0m 181.223 ms - 70[0m
2025-04-03 12:49:17 info: [0mOPTIONS /api/projects/createProject [32m200[0m 0.236 ms - 0[0m
2025-04-03 12:49:18 info: [0mPOST /api/projects/createProject [32m201[0m 1496.286 ms - 351[0m
2025-04-03 12:49:20 info: [0mGET /api/employees/getAllEmployees [36m304[0m 190.386 ms - -[0m
2025-04-03 12:49:21 info: [0mGET /api/projects/getAllProjects [32m200[0m 274.613 ms - 360[0m
2025-04-03 12:49:21 info: [0mGET /api/employees/getProjectEmployees/0 [32m201[0m 349.984 ms - 70[0m
2025-04-03 12:49:22 info: [0mGET /api/employees/getProjectEmployees/1 [32m201[0m 180.353 ms - 70[0m
2025-04-03 12:49:22 info: [0mGET /api/employees/getAllEmployees [36m304[0m 186.259 ms - -[0m
2025-04-03 12:49:22 info: [0mGET /api/employees/getProjectEmployees/1 [32m201[0m 181.046 ms - 70[0m
2025-04-03 12:49:27 info: [0mOPTIONS /api/projects/updateProject [32m200[0m 0.287 ms - 0[0m
2025-04-03 12:49:28 info: [0mPUT /api/projects/updateProject [32m200[0m 187.992 ms - 355[0m
2025-04-03 12:49:28 info: [0mOPTIONS /api/employees/assignEmployees [32m200[0m 0.289 ms - 0[0m
2025-04-03 12:49:29 info: [0mPOST /api/employees/assignEmployees [32m201[0m 1499.930 ms - 71[0m
2025-04-03 12:49:31 info: [0mGET /api/employees/getAllEmployees [32m200[0m 182.150 ms - 495[0m
2025-04-03 12:49:31 info: [0mGET /api/projects/getAllProjects [36m304[0m 181.862 ms - -[0m
2025-04-03 12:49:32 info: [0mGET /api/employees/getProjectEmployees/1 [32m201[0m 183.140 ms - 255[0m
2025-04-03 12:49:33 info: [0mGET /api/employees/getAllEmployees [36m304[0m 179.132 ms - -[0m
2025-04-03 12:49:33 info: [0mGET /api/employees/getProjectEmployees/1 [32m201[0m 182.793 ms - 255[0m
2025-04-03 12:49:33 info: [0mGET /api/employees/getProjectEmployees/1 [32m201[0m 180.740 ms - 255[0m
2025-04-03 12:49:34 info: [0mGET /api/employees/getAllEmployees [36m304[0m 182.980 ms - -[0m
2025-04-03 12:49:34 info: [0mGET /api/employees/getProjectEmployees/1 [32m201[0m 179.857 ms - 255[0m
2025-04-03 12:49:46 info: [0mOPTIONS /api/auth/login [32m200[0m 0.206 ms - 0[0m
2025-04-03 12:49:48 info: [0mPOST /api/auth/login [32m200[0m 1745.967 ms - 509[0m
2025-04-03 12:54:17 info: =================================
2025-04-03 12:54:17 info: ======= ENV: development =======
2025-04-03 12:54:17 info: 🚀 Identity Service listening on port 5000
2025-04-03 12:54:17 info: =================================
2025-04-03 12:54:20 info: Database connection established successfully.
2025-04-03 12:54:20 info: Database connection established successfully.
2025-04-03 12:54:20 info: Database connection established successfully.
2025-04-03 12:54:20 info: Database connection established successfully.
2025-04-03 12:54:23 info: Database tables synced successfully.
2025-04-03 12:54:51 info: =================================
2025-04-03 12:54:51 info: ======= ENV: development =======
2025-04-03 12:54:51 info: 🚀 Identity Service listening on port 5000
2025-04-03 12:54:51 info: =================================
2025-04-03 12:54:55 info: Database connection established successfully.
2025-04-03 12:54:57 info: Database tables synced successfully.
2025-04-03 12:56:28 info: =================================
2025-04-03 12:56:28 info: ======= ENV: development =======
2025-04-03 12:56:28 info: 🚀 Identity Service listening on port 5000
2025-04-03 12:56:28 info: =================================
2025-04-03 12:56:31 info: Database connection established successfully.
2025-04-03 12:56:31 info: Database connection established successfully.
2025-04-03 12:56:31 info: Database connection established successfully.
2025-04-03 12:56:34 info: Database tables synced successfully.
2025-04-03 12:56:40 info: [0mOPTIONS /api/auth/login [32m200[0m 2.659 ms - 0[0m
2025-04-03 12:56:40 error: [POST] /api/auth/login >> StatusCode:: 400, Message:: Invalid password
2025-04-03 12:56:40 info: [0mPOST /api/auth/login [33m400[0m 388.748 ms - 30[0m
2025-04-03 12:56:47 info: [0mOPTIONS /api/auth/login [32m200[0m 0.329 ms - 0[0m
2025-04-03 12:56:48 info: [0mPOST /api/auth/login [32m200[0m 341.481 ms - 554[0m
