2025-04-01 20:02:38 info: =================================
2025-04-01 20:02:38 info: ======= ENV: development =======
2025-04-01 20:02:38 info: 🚀 Identity Service listening on port 5000
2025-04-01 20:02:38 info: =================================
2025-04-01 20:02:41 info: Database connection established successfully.
2025-04-01 20:02:43 info: Database tables synced successfully.
2025-04-01 20:15:14 info: =================================
2025-04-01 20:15:14 info: ======= ENV: development =======
2025-04-01 20:15:14 info: 🚀 Identity Service listening on port 5000
2025-04-01 20:15:14 info: =================================
2025-04-01 20:15:17 info: Database connection established successfully.
2025-04-01 20:15:19 info: Database tables synced successfully.
2025-04-01 20:30:53 info: =================================
2025-04-01 20:30:53 info: ======= ENV: development =======
2025-04-01 20:30:53 info: 🚀 Identity Service listening on port 5000
2025-04-01 20:30:53 info: =================================
2025-04-01 20:30:56 info: Database connection established successfully.
2025-04-01 20:30:59 info: Database tables synced successfully.
2025-04-01 20:32:49 info: =================================
2025-04-01 20:32:49 info: ======= ENV: development =======
2025-04-01 20:32:49 info: 🚀 Identity Service listening on port 5000
2025-04-01 20:32:49 info: =================================
2025-04-01 20:32:51 info: Database connection established successfully.
2025-04-01 20:32:54 info: Database tables synced successfully.
