2025-05-12 07:26:42 info: =================================
2025-05-12 07:26:42 info: ======= ENV: development =======
2025-05-12 07:26:42 info: 🚀 Identity Service listening on port 5000
2025-05-12 07:26:42 info: =================================
2025-05-12 07:26:45 info: Database connection established successfully.
2025-05-12 07:26:49 info: Database tables synced successfully.
2025-05-12 07:27:42 info: =================================
2025-05-12 07:27:42 info: ======= ENV: development =======
2025-05-12 07:27:42 info: 🚀 Identity Service listening on port 5000
2025-05-12 07:27:42 info: =================================
2025-05-12 07:27:46 info: Database connection established successfully.
2025-05-12 07:27:50 info: Database tables synced successfully.
2025-05-12 07:28:12 info: =================================
2025-05-12 07:28:12 info: ======= ENV: development =======
2025-05-12 07:28:12 info: 🚀 Identity Service listening on port 5000
2025-05-12 07:28:12 info: =================================
2025-05-12 07:28:18 info: =================================
2025-05-12 07:28:18 info: ======= ENV: development =======
2025-05-12 07:28:18 info: 🚀 Identity Service listening on port 5000
2025-05-12 07:28:18 info: =================================
2025-05-12 07:28:21 info: Database connection established successfully.
2025-05-12 07:28:24 info: Database tables synced successfully.
2025-05-12 07:28:42 info: =================================
2025-05-12 07:28:42 info: ======= ENV: development =======
2025-05-12 07:28:42 info: 🚀 Identity Service listening on port 5000
2025-05-12 07:28:42 info: =================================
2025-05-12 07:28:45 info: Database connection established successfully.
2025-05-12 07:28:58 info: =================================
2025-05-12 07:28:58 info: ======= ENV: development =======
2025-05-12 07:28:58 info: 🚀 Identity Service listening on port 5000
2025-05-12 07:28:58 info: =================================
2025-05-12 07:29:01 info: Database connection established successfully.
2025-05-12 07:29:05 info: Database tables synced successfully.
2025-05-12 07:29:26 info: =================================
2025-05-12 07:29:26 info: ======= ENV: development =======
2025-05-12 07:29:26 info: 🚀 Identity Service listening on port 5000
2025-05-12 07:29:26 info: =================================
2025-05-12 07:29:29 info: Database connection established successfully.
2025-05-12 07:29:32 info: Database tables synced successfully.
2025-05-12 07:29:41 info: =================================
2025-05-12 07:29:41 info: ======= ENV: development =======
2025-05-12 07:29:41 info: 🚀 Identity Service listening on port 5000
2025-05-12 07:29:41 info: =================================
2025-05-12 07:29:44 info: Database connection established successfully.
2025-05-12 07:29:48 info: =================================
2025-05-12 07:29:48 info: ======= ENV: development =======
2025-05-12 07:29:48 info: 🚀 Identity Service listening on port 5000
2025-05-12 07:29:48 info: =================================
2025-05-12 07:29:51 info: Database connection established successfully.
2025-05-12 07:29:55 info: Database tables synced successfully.
2025-05-12 07:30:21 info: =================================
2025-05-12 07:30:21 info: ======= ENV: development =======
2025-05-12 07:30:21 info: 🚀 Identity Service listening on port 5000
2025-05-12 07:30:21 info: =================================
2025-05-12 07:30:24 info: Database connection established successfully.
2025-05-12 07:30:28 info: =================================
2025-05-12 07:30:28 info: ======= ENV: development =======
2025-05-12 07:30:28 info: 🚀 Identity Service listening on port 5000
2025-05-12 07:30:28 info: =================================
2025-05-12 07:30:31 info: Database connection established successfully.
2025-05-12 07:30:36 info: =================================
2025-05-12 07:30:36 info: ======= ENV: development =======
2025-05-12 07:30:36 info: 🚀 Identity Service listening on port 5000
2025-05-12 07:30:36 info: =================================
2025-05-12 07:30:41 info: =================================
2025-05-12 07:30:41 info: ======= ENV: development =======
2025-05-12 07:30:41 info: 🚀 Identity Service listening on port 5000
2025-05-12 07:30:41 info: =================================
2025-05-12 07:30:44 info: Database connection established successfully.
2025-05-12 07:30:47 info: Database tables synced successfully.
2025-05-12 07:30:56 info: [0mGET /api/projects/getProjectRemainingDays/1 [32m200[0m 215.691 ms - 92[0m
2025-05-12 07:30:56 info: [0mGET /api/allocations/getProjectAllocations/1 [36m304[0m 397.796 ms - -[0m
2025-05-12 07:30:57 info: [0mGET /api/projects/getProjectFinancialData/1 [32m200[0m 790.335 ms - 195[0m
2025-05-12 07:30:57 info: [0mGET /api/employees/getAllEmployees [36m304[0m 396.003 ms - -[0m
2025-05-12 07:30:57 info: [0mGET /api/projects/getProjectFinancials/1 [32m200[0m 1048.073 ms - 168[0m
2025-05-12 07:38:03 info: [0mGET /api/clients/getAllClients [36m304[0m 1778.746 ms - -[0m
2025-05-12 07:38:04 info: [0mGET /api/tasks/getChartWeeklyTaskTimeStatistics [32m200[0m 1876.864 ms - 242[0m
2025-05-12 07:38:04 info: [0mGET /api/tasks/getChartYearlyTaskTimeStatistics [32m200[0m 1896.513 ms - 262[0m
2025-05-12 07:38:04 error: [GET] /api/employees/getNumberOfAssignedEmployees >> StatusCode:: 500, Message:: this.employeeService.getNumberOfAssignedEmployees is not a function
2025-05-12 07:38:04 info: [0mGET /api/employees/getNumberOfAssignedEmployees [31m500[0m 9.232 ms - 81[0m
2025-05-12 07:38:04 info: [0mGET /api/tasks/getChartTaskTimeStatistics [32m200[0m 1913.938 ms - 225[0m
2025-05-12 07:38:04 error: [GET] /api/tasks/getProjectHoursSummary >> StatusCode:: 400, Message:: Error getting all projects hours
2025-05-12 07:38:04 info: [0mGET /api/tasks/getProjectHoursSummary [33m400[0m 535.143 ms - 46[0m
2025-05-12 07:38:04 info: [0mGET /api/statistics/getStatisticsDashboard [32m200[0m 2065.892 ms - 1366[0m
2025-05-12 07:38:04 info: [0mGET /api/projects/getAllProjects [36m304[0m 405.631 ms - -[0m
2025-05-12 07:38:04 info: [0mGET /api/clients/getAllClients [36m304[0m 299.576 ms - -[0m
2025-05-12 07:38:04 error: [GET] /api/employees/getNumberOfAssignedEmployees >> StatusCode:: 500, Message:: this.employeeService.getNumberOfAssignedEmployees is not a function
2025-05-12 07:38:04 info: [0mGET /api/employees/getNumberOfAssignedEmployees [31m500[0m 9.509 ms - 81[0m
2025-05-12 07:38:04 error: [GET] /api/tasks/getProjectHoursSummary >> StatusCode:: 400, Message:: Error getting all projects hours
2025-05-12 07:38:04 info: [0mGET /api/tasks/getProjectHoursSummary [33m400[0m 188.466 ms - 46[0m
2025-05-12 07:38:04 info: [0mGET /api/tasks/getChartWeeklyTaskTimeStatistics [36m304[0m 660.777 ms - -[0m
2025-05-12 07:38:05 info: [0mGET /api/tasks/getChartYearlyTaskTimeStatistics [36m304[0m 459.452 ms - -[0m
2025-05-12 07:38:05 info: [0mGET /api/tasks/getChartTaskTimeStatistics [36m304[0m 545.872 ms - -[0m
2025-05-12 07:38:05 info: [0mGET /api/projects/getAllProjects [36m304[0m 356.017 ms - -[0m
2025-05-12 07:38:05 info: [0mGET /api/statistics/getStatisticsDashboard [36m304[0m 552.348 ms - -[0m
2025-05-12 07:38:05 info: [0mGET /api/statistics/getGeneralStatistics [32m200[0m 3312.851 ms - 224[0m
2025-05-12 07:38:07 info: [0mGET /api/statistics/getGeneralStatistics [36m304[0m 1486.129 ms - -[0m
2025-05-12 07:40:11 info: [0mGET /api/projects/getAllProjects [36m304[0m 1574.489 ms - -[0m
2025-05-12 07:40:11 info: [0mGET /api/projects/getAllProjects [36m304[0m 188.696 ms - -[0m
2025-05-12 07:40:13 info: [0mGET /api/reports/getPhaseCompletionPercentages/1 [36m304[0m 210.891 ms - -[0m
2025-05-12 07:40:13 info: [0mGET /api/reports/getStructuredAllocations/1 [36m304[0m 421.497 ms - -[0m
2025-05-12 07:40:14 info: [0mGET /api/reports/getProjectCostData/1 [36m304[0m 615.347 ms - -[0m
2025-05-12 07:40:14 info: [0mGET /api/reports/getPhaseCompletionPercentages/1 [36m304[0m 622.911 ms - -[0m
2025-05-12 07:40:14 info: [0mGET /api/reports/getStructuredAllocations/1 [36m304[0m 565.646 ms - -[0m
2025-05-12 07:40:14 info: [0mGET /api/reports/getProjectCostData/1 [36m304[0m 616.550 ms - -[0m
2025-05-12 07:40:14 info: [0mGET /api/reports/getProjectCostData/1 [36m304[0m 203.670 ms - -[0m
2025-05-12 07:40:15 info: [0mGET /api/reports/getProjectCostData/1 [36m304[0m 188.033 ms - -[0m
2025-05-12 07:40:56 info: [0mGET /api/projects/getAllProjects [36m304[0m 1304.905 ms - -[0m
2025-05-12 07:40:56 info: [0mGET /api/projects/getAllProjects [36m304[0m 183.603 ms - -[0m
2025-05-12 07:40:59 info: [0mGET /api/clients/getAllClients [36m304[0m 191.862 ms - -[0m
2025-05-12 07:40:59 info: [0mGET /api/tasks/getChartYearlyTaskTimeStatistics [36m304[0m 887.606 ms - -[0m
2025-05-12 07:41:00 info: [0mGET /api/tasks/getChartWeeklyTaskTimeStatistics [36m304[0m 1065.255 ms - -[0m
2025-05-12 07:41:00 info: [0mGET /api/tasks/getChartTaskTimeStatistics [36m304[0m 1240.327 ms - -[0m
2025-05-12 07:41:00 error: [GET] /api/employees/getNumberOfAssignedEmployees >> StatusCode:: 500, Message:: this.employeeService.getNumberOfAssignedEmployees is not a function
2025-05-12 07:41:00 info: [0mGET /api/employees/getNumberOfAssignedEmployees [31m500[0m 9.165 ms - 81[0m
2025-05-12 07:41:00 info: [0mGET /api/projects/getAllProjects [36m304[0m 384.577 ms - -[0m
2025-05-12 07:41:00 info: [0mGET /api/clients/getAllClients [36m304[0m 384.180 ms - -[0m
2025-05-12 07:41:00 error: [GET] /api/tasks/getProjectHoursSummary >> StatusCode:: 400, Message:: Error getting all projects hours
2025-05-12 07:41:00 info: [0mGET /api/tasks/getProjectHoursSummary [33m400[0m 568.584 ms - 46[0m
2025-05-12 07:41:00 info: [0mGET /api/statistics/getStatisticsDashboard [36m304[0m 898.617 ms - -[0m
2025-05-12 07:41:00 info: [0mGET /api/tasks/getChartYearlyTaskTimeStatistics [36m304[0m 566.528 ms - -[0m
2025-05-12 07:41:00 info: [0mGET /api/tasks/getChartWeeklyTaskTimeStatistics [36m304[0m 558.160 ms - -[0m
2025-05-12 07:41:00 info: [0mGET /api/tasks/getChartTaskTimeStatistics [36m304[0m 569.490 ms - -[0m
2025-05-12 07:41:00 error: [GET] /api/employees/getNumberOfAssignedEmployees >> StatusCode:: 500, Message:: this.employeeService.getNumberOfAssignedEmployees is not a function
2025-05-12 07:41:00 info: [0mGET /api/employees/getNumberOfAssignedEmployees [31m500[0m 1.213 ms - 81[0m
2025-05-12 07:41:01 error: [GET] /api/tasks/getProjectHoursSummary >> StatusCode:: 400, Message:: Error getting all projects hours
2025-05-12 07:41:01 info: [0mGET /api/tasks/getProjectHoursSummary [33m400[0m 269.553 ms - 46[0m
2025-05-12 07:41:01 info: [0mGET /api/projects/getAllProjects [36m304[0m 360.404 ms - -[0m
2025-05-12 07:41:01 info: [0mGET /api/statistics/getStatisticsDashboard [36m304[0m 374.326 ms - -[0m
2025-05-12 07:41:01 info: [0mGET /api/statistics/getGeneralStatistics [36m304[0m 1937.017 ms - -[0m
2025-05-12 07:41:03 info: [0mGET /api/statistics/getGeneralStatistics [36m304[0m 1497.984 ms - -[0m
2025-05-12 07:43:37 info: [0mGET /api/projects/getAllProjects [36m304[0m 1300.223 ms - -[0m
2025-05-12 07:43:37 info: [0mGET /api/projects/getAllProjects [36m304[0m 188.805 ms - -[0m
2025-05-12 07:45:41 info: [0mGET /api/projects/getAllProjects [36m304[0m 1329.363 ms - -[0m
2025-05-12 07:45:58 info: [0mGET /api/reports/getPhaseCompletionPercentages/1 [36m304[0m 2166.232 ms - -[0m
2025-05-12 07:45:58 info: [0mGET /api/reports/getProjectCostData/1 [36m304[0m 2157.528 ms - -[0m
2025-05-12 07:45:58 info: [0mGET /api/reports/getStructuredAllocations/1 [36m304[0m 2151.382 ms - -[0m
2025-05-12 07:45:59 info: [0mGET /api/reports/getPhaseCompletionPercentages/1 [36m304[0m 191.415 ms - -[0m
2025-05-12 07:45:59 info: [0mGET /api/reports/getProjectCostData/1 [36m304[0m 198.503 ms - -[0m
2025-05-12 07:45:59 info: [0mGET /api/reports/getStructuredAllocations/1 [36m304[0m 197.906 ms - -[0m
2025-05-12 07:45:59 info: [0mGET /api/reports/getProjectCostData/1 [36m304[0m 190.160 ms - -[0m
2025-05-12 07:45:59 info: [0mGET /api/reports/getProjectCostData/1 [36m304[0m 182.481 ms - -[0m
