2025-04-16 07:07:23 info: [0mOPTIONS /api/auth/login [32m200[0m 12.520 ms - 0[0m
2025-04-16 07:07:25 info: [0mPOST /api/auth/login [32m200[0m 2158.761 ms - 545[0m
2025-04-16 07:07:27 info: [0mGET /api/notifications/getAllNotifications [32m200[0m 223.521 ms - 74[0m
2025-04-16 07:07:27 info: [0mGET /api/employees/getEmployee/19 [33m404[0m 369.759 ms - 57[0m
2025-04-16 07:07:28 info: [0mGET /api/tasks/getProjectHoursSummary [32m200[0m 1024.230 ms - 129[0m
2025-04-16 07:07:28 info: [0mGET /api/employees/getNumberOfAssignedEmployees [32m200[0m 1096.092 ms - 88[0m
2025-04-16 07:07:28 info: [0mGET /api/projects/getAllProjects [32m200[0m 978.276 ms - 922[0m
2025-04-16 07:07:28 info: [0mGET /api/tasks/getChartWeeklyTaskTimeStatistics [32m200[0m 1327.504 ms - 240[0m
2025-04-16 07:07:28 info: [0mGET /api/tasks/getChartYearlyTaskTimeStatistics [32m200[0m 1318.583 ms - 260[0m
2025-04-16 07:07:28 info: [0mGET /api/tasks/getChartTaskTimeStatistics [32m200[0m 1310.687 ms - 223[0m
2025-04-16 07:07:28 info: [0mGET /api/notifications/getAllNotifications [36m304[0m 368.581 ms - -[0m
2025-04-16 07:07:28 info: [0mGET /api/employees/getEmployee/19 [33m404[0m 243.122 ms - 57[0m
2025-04-16 07:07:28 info: [0mGET /api/tasks/getProjectHoursSummary [36m304[0m 191.376 ms - -[0m
2025-04-16 07:07:28 info: [0mGET /api/employees/getNumberOfAssignedEmployees [36m304[0m 189.301 ms - -[0m
2025-04-16 07:07:28 info: [0mGET /api/projects/getAllProjects [36m304[0m 184.318 ms - -[0m
2025-04-16 07:07:28 info: [0mGET /api/tasks/getChartWeeklyTaskTimeStatistics [36m304[0m 442.404 ms - -[0m
2025-04-16 07:07:28 info: [0mGET /api/tasks/getChartYearlyTaskTimeStatistics [36m304[0m 424.815 ms - -[0m
2025-04-16 07:07:28 info: [0mGET /api/tasks/getChartTaskTimeStatistics [36m304[0m 363.552 ms - -[0m
2025-04-16 07:07:57 info: [0mGET /api/projects/getAllProjects [36m304[0m 1600.017 ms - -[0m
2025-04-16 07:07:57 info: [0mGET /api/projects/getAllProjects [36m304[0m 182.861 ms - -[0m
2025-04-16 07:15:46 info: [0mGET /api/notifications/getAllNotifications [36m304[0m 1542.154 ms - -[0m
2025-04-16 07:15:46 info: [0mGET /api/employees/getEmployee/19 [33m404[0m 1465.548 ms - 57[0m
2025-04-16 07:15:46 info: [0mGET /api/projects/getAllProjects [36m304[0m 1417.388 ms - -[0m
2025-04-16 07:18:15 info: [0mGET /api/notifications/getAllNotifications [36m304[0m 1781.401 ms - -[0m
2025-04-16 07:18:15 info: [0mGET /api/employees/getEmployee/19 [33m404[0m 1398.207 ms - 57[0m
2025-04-16 07:18:15 info: [0mGET /api/projects/getAllProjects [36m304[0m 1339.616 ms - -[0m
2025-04-16 07:25:33 info: [0mGET /api/notifications/getAllNotifications [36m304[0m 1613.564 ms - -[0m
2025-04-16 07:25:33 info: [0mGET /api/projects/getAllProjects [36m304[0m 1549.705 ms - -[0m
2025-04-16 07:25:33 info: [0mGET /api/employees/getEmployee/19 [33m404[0m 1561.408 ms - 57[0m
2025-04-16 07:27:46 info: [0mGET /api/notifications/getAllNotifications [36m304[0m 1859.155 ms - -[0m
2025-04-16 07:27:46 info: [0mGET /api/employees/getEmployee/19 [33m404[0m 1817.431 ms - 57[0m
2025-04-16 07:27:46 info: [0mGET /api/projects/getAllProjects [36m304[0m 1809.643 ms - -[0m
2025-04-16 07:29:20 info: [0mGET /api/employees/getEmployee/19 [33m404[0m 1328.216 ms - 57[0m
2025-04-16 07:29:20 info: [0mGET /api/notifications/getAllNotifications [36m304[0m 1314.281 ms - -[0m
2025-04-16 07:29:20 info: [0mGET /api/employees/getEmployee/19 [33m404[0m 185.179 ms - 57[0m
2025-04-16 07:29:20 info: [0mGET /api/notifications/getAllNotifications [36m304[0m 188.491 ms - -[0m
2025-04-16 07:30:58 info: [0mGET /api/notifications/getAllNotifications [36m304[0m 1298.577 ms - -[0m
2025-04-16 07:30:58 info: [0mGET /api/employees/getEmployee/19 [33m404[0m 1289.609 ms - 57[0m
2025-04-16 07:30:58 info: [0mGET /api/notifications/getAllNotifications [36m304[0m 180.598 ms - -[0m
2025-04-16 07:30:58 info: [0mGET /api/employees/getEmployee/19 [33m404[0m 179.328 ms - 57[0m
2025-04-16 07:34:01 info: [0mOPTIONS /api/projects/createProject [32m200[0m 6.808 ms - 0[0m
2025-04-16 07:34:03 error: [POST] /api/projects/createProject >> StatusCode:: 500, Message:: Error creating project: Error: Error creating project
2025-04-16 07:34:03 info: [0mPOST /api/projects/createProject [31m500[0m 1521.784 ms - 67[0m
2025-04-16 07:34:44 error: [POST] /api/projects/createProject >> StatusCode:: 500, Message:: Error creating project: Error: Error creating project
2025-04-16 07:34:44 info: [0mPOST /api/projects/createProject [31m500[0m 1308.652 ms - 67[0m
2025-04-16 07:34:58 error: [POST] /api/projects/createProject >> StatusCode:: 500, Message:: Error creating project: Error: Error creating project
2025-04-16 07:34:58 info: [0mPOST /api/projects/createProject [31m500[0m 1298.758 ms - 67[0m
2025-04-16 07:35:56 error: [POST] /api/projects/createProject >> StatusCode:: 500, Message:: Error creating project: Error: Error creating project
2025-04-16 07:35:56 info: [0mPOST /api/projects/createProject [31m500[0m 1292.792 ms - 67[0m
2025-04-16 07:39:18 error: [POST] /api/projects/createProject >> StatusCode:: 500, Message:: Error creating project: Error: Error creating project
2025-04-16 07:39:18 info: [0mPOST /api/projects/createProject [31m500[0m 1352.824 ms - 67[0m
2025-04-16 07:39:35 error: [POST] /api/projects/createProject >> StatusCode:: 500, Message:: Error creating project: Error: Error creating project
2025-04-16 07:39:35 info: [0mPOST /api/projects/createProject [31m500[0m 1326.849 ms - 67[0m
2025-04-16 07:40:36 error: [POST] /api/projects/createProject >> StatusCode:: 500, Message:: Error creating project: Error: Error creating project
2025-04-16 07:40:36 info: [0mPOST /api/projects/createProject [31m500[0m 1304.525 ms - 67[0m
2025-04-16 07:41:21 error: [POST] /api/projects/createProject >> StatusCode:: 500, Message:: Error creating project: Error: Error creating project
2025-04-16 07:41:21 info: [0mPOST /api/projects/createProject [31m500[0m 1372.392 ms - 67[0m
2025-04-16 07:41:39 error: [POST] /api/projects/createProject >> StatusCode:: 409, Message:: Project name already exists
2025-04-16 07:41:39 info: [0mPOST /api/projects/createProject [33m409[0m 1771.060 ms - 41[0m
2025-04-16 07:41:43 info: [0mPOST /api/projects/createProject [32m201[0m 728.033 ms - 913[0m
2025-04-16 07:43:16 info: [0mPOST /api/projects/createProject [32m201[0m 1688.450 ms - 580[0m
2025-04-16 07:43:56 info: [0mGET /api/notifications/getAllNotifications [36m304[0m 1331.432 ms - -[0m
2025-04-16 07:43:56 info: [0mGET /api/employees/getEmployee/19 [33m404[0m 1315.048 ms - 57[0m
2025-04-16 07:45:07 info: [0mGET /api/employees/getEmployee/19 [33m404[0m 1419.214 ms - 57[0m
2025-04-16 07:45:07 info: [0mGET /api/notifications/getAllNotifications [36m304[0m 1352.642 ms - -[0m
2025-04-16 07:45:08 info: [0mGET /api/employees/getEmployee/19 [33m404[0m 195.666 ms - 57[0m
2025-04-16 07:45:08 info: [0mGET /api/notifications/getAllNotifications [36m304[0m 187.693 ms - -[0m
2025-04-16 07:45:08 info: [0mGET /api/notifications/getAllNotifications [36m304[0m 185.810 ms - -[0m
2025-04-16 07:45:08 info: [0mGET /api/employees/getEmployee/19 [33m404[0m 186.201 ms - 57[0m
2025-04-16 07:45:09 info: [0mGET /api/projects/getAllProjects [32m200[0m 440.669 ms - 2299[0m
2025-04-16 07:45:54 info: [0mOPTIONS /api/projects/createProject [32m200[0m 0.202 ms - 0[0m
2025-04-16 07:45:55 info: [0mPOST /api/projects/createProject [32m201[0m 1709.929 ms - 601[0m
2025-04-16 07:45:58 info: [0mGET /api/notifications/getAllNotifications [36m304[0m 187.637 ms - -[0m
2025-04-16 07:45:58 info: [0mGET /api/projects/getAllProjects [32m200[0m 367.910 ms - 2842[0m
2025-04-16 07:47:20 info: [0mOPTIONS /api/projects/createProject [32m200[0m 0.351 ms - 0[0m
2025-04-16 07:47:22 info: [0mPOST /api/projects/createProject [32m201[0m 1673.319 ms - 550[0m
2025-04-16 07:47:24 info: [0mGET /api/notifications/getAllNotifications [36m304[0m 184.009 ms - -[0m
2025-04-16 07:47:24 info: [0mGET /api/projects/getAllProjects [32m200[0m 361.400 ms - 3334[0m
2025-04-16 07:48:17 info: [0mGET /api/employees/getEmployee/19 [33m404[0m 1299.534 ms - 57[0m
2025-04-16 07:48:18 info: [0mGET /api/notifications/getAllNotifications [36m304[0m 1305.329 ms - -[0m
2025-04-16 07:48:18 info: [0mGET /api/projects/getAllProjects [36m304[0m 1298.629 ms - -[0m
2025-04-16 07:48:26 info: [0mGET /api/employees/getEmployee/19 [33m404[0m 186.804 ms - 57[0m
2025-04-16 07:48:26 info: [0mGET /api/notifications/getAllNotifications [36m304[0m 188.615 ms - -[0m
2025-04-16 07:48:30 info: [0mGET /api/notifications/getAllNotifications [36m304[0m 185.321 ms - -[0m
2025-04-16 07:48:30 info: [0mGET /api/employees/getEmployee/19 [33m404[0m 185.811 ms - 57[0m
2025-04-16 07:48:30 info: [0mGET /api/projects/getAllProjects [36m304[0m 358.880 ms - -[0m
2025-04-16 07:50:04 info: [0mGET /api/notifications/getAllNotifications [36m304[0m 1302.472 ms - -[0m
2025-04-16 07:50:04 info: [0mGET /api/employees/getEmployee/19 [33m404[0m 1299.010 ms - 57[0m
2025-04-16 07:50:04 info: [0mGET /api/projects/getAllProjects [36m304[0m 1300.340 ms - -[0m
2025-04-16 07:50:32 info: [0mGET /api/notifications/getAllNotifications [36m304[0m 1361.950 ms - -[0m
2025-04-16 07:50:32 info: [0mGET /api/employees/getEmployee/19 [33m404[0m 1413.443 ms - 57[0m
2025-04-16 07:54:37 info: [0mGET /api/notifications/getAllNotifications [36m304[0m 1406.286 ms - -[0m
2025-04-16 07:54:37 info: [0mGET /api/employees/getEmployee/19 [33m404[0m 1377.061 ms - 57[0m
2025-04-16 07:54:37 info: [0mGET /api/projects/getAllProjects [36m304[0m 1367.063 ms - -[0m
2025-04-16 07:54:57 info: [0mGET /api/notifications/getAllNotifications [36m304[0m 1320.116 ms - -[0m
2025-04-16 07:54:57 info: [0mGET /api/employees/getEmployee/19 [33m404[0m 1313.147 ms - 57[0m
2025-04-16 07:54:57 info: [0mGET /api/projects/getAllProjects [36m304[0m 1319.952 ms - -[0m
2025-04-16 07:56:46 info: [0mGET /api/projects/getAllProjects [36m304[0m 1377.782 ms - -[0m
2025-04-16 07:56:46 info: [0mGET /api/projects/getAllProjects [36m304[0m 187.842 ms - -[0m
2025-04-16 07:56:47 info: [0mGET /api/projects/getAllProjects [36m304[0m 221.395 ms - -[0m
2025-04-16 07:56:47 info: [0mGET /api/projects/getAllProjects [36m304[0m 181.166 ms - -[0m
2025-04-16 07:56:48 info: [0mGET /api/projects/getAllProjects [36m304[0m 181.600 ms - -[0m
2025-04-16 07:56:48 info: [0mGET /api/projects/getAllProjects [36m304[0m 181.052 ms - -[0m
2025-04-16 07:57:01 info: [0mGET /api/notifications/getAllNotifications [36m304[0m 1325.021 ms - -[0m
2025-04-16 07:57:01 info: [0mGET /api/projects/getAllProjects [36m304[0m 1321.049 ms - -[0m
2025-04-16 07:57:01 info: [0mGET /api/projects/getAllProjects [36m304[0m 183.758 ms - -[0m
2025-04-16 07:57:01 info: [0mGET /api/projects/getAllProjects [36m304[0m 187.089 ms - -[0m
2025-04-16 07:57:02 info: [0mGET /api/notifications/getAllNotifications [36m304[0m 190.459 ms - -[0m
2025-04-16 07:57:02 info: [0mGET /api/projects/getAllProjects [36m304[0m 196.422 ms - -[0m
2025-04-16 07:57:02 info: [0mGET /api/projects/getAllProjects [36m304[0m 191.549 ms - -[0m
2025-04-16 07:57:02 info: [0mGET /api/projects/getAllProjects [36m304[0m 188.036 ms - -[0m
2025-04-16 07:57:11 info: [0mGET /api/notifications/getAllNotifications [36m304[0m 187.732 ms - -[0m
2025-04-16 07:57:11 info: [0mGET /api/projects/getAllProjects [36m304[0m 184.741 ms - -[0m
2025-04-16 07:57:11 info: [0mGET /api/employees/getEmployee/19 [33m404[0m 361.340 ms - 57[0m
2025-04-16 07:58:16 info: [0mGET /api/projects/getAllProjects [36m304[0m 1419.426 ms - -[0m
2025-04-16 07:58:16 info: [0mGET /api/projects/getAllProjects [36m304[0m 278.032 ms - -[0m
2025-04-16 07:58:17 info: [0mGET /api/projects/getAllProjects [36m304[0m 201.226 ms - -[0m
2025-04-16 07:58:23 info: [0mGET /api/notifications/getAllNotifications [36m304[0m 191.477 ms - -[0m
2025-04-16 07:58:23 info: [0mGET /api/employees/getEmployee/19 [33m404[0m 373.608 ms - 57[0m
2025-04-16 07:58:24 info: [0mGET /api/projects/getAllProjects [36m304[0m 552.500 ms - -[0m
2025-04-16 08:00:29 info: [0mGET /api/employees/getEmployee/19 [33m404[0m 1492.633 ms - 57[0m
2025-04-16 08:00:29 info: [0mGET /api/notifications/getAllNotifications [36m304[0m 1364.995 ms - -[0m
2025-04-16 08:00:29 info: [0mGET /api/projects/getAllProjects [36m304[0m 1339.316 ms - -[0m
2025-04-16 08:01:12 info: [0mGET /api/projects/getAllProjects [36m304[0m 1340.176 ms - -[0m
2025-04-16 08:01:12 info: [0mGET /api/projects/getAllProjects [36m304[0m 183.173 ms - -[0m
2025-04-16 08:01:13 info: [0mGET /api/projects/getAllProjects [36m304[0m 181.492 ms - -[0m
2025-04-16 08:01:35 info: [0mGET /api/notifications/getAllNotifications [36m304[0m 1303.410 ms - -[0m
2025-04-16 08:01:35 info: [0mGET /api/employees/getEmployee/19 [33m404[0m 1309.734 ms - 57[0m
2025-04-16 08:01:35 info: [0mGET /api/projects/getAllProjects [36m304[0m 1332.267 ms - -[0m
2025-04-16 08:02:16 info: [0mGET /api/projects/getAllProjects [36m304[0m 1348.967 ms - -[0m
2025-04-16 08:02:16 info: [0mGET /api/projects/getAllProjects [36m304[0m 189.220 ms - -[0m
2025-04-16 08:02:16 info: [0mGET /api/projects/getAllProjects [36m304[0m 182.705 ms - -[0m
2025-04-16 08:02:20 info: [0mGET /api/projects/getAllProjects [36m304[0m 183.159 ms - -[0m
2025-04-16 08:02:20 info: [0mGET /api/projects/getAllProjects [36m304[0m 185.844 ms - -[0m
2025-04-16 08:02:20 info: [0mGET /api/projects/getAllProjects [36m304[0m 184.578 ms - -[0m
2025-04-16 08:02:23 info: [0mGET /api/projects/getAllProjects [36m304[0m 189.852 ms - -[0m
2025-04-16 08:02:24 info: [0mGET /api/projects/getAllProjects [36m304[0m 184.679 ms - -[0m
2025-04-16 08:02:24 info: [0mGET /api/projects/getAllProjects [36m304[0m 184.773 ms - -[0m
2025-04-16 08:02:25 info: [0mGET /api/projects/getAllProjects [36m304[0m 183.895 ms - -[0m
2025-04-16 08:02:26 info: [0mGET /api/projects/getAllProjects [36m304[0m 186.244 ms - -[0m
2025-04-16 08:02:26 info: [0mGET /api/projects/getAllProjects [36m304[0m 198.869 ms - -[0m
2025-04-16 08:02:28 info: [0mGET /api/projects/getAllProjects [36m304[0m 188.484 ms - -[0m
2025-04-16 08:02:29 info: [0mGET /api/projects/getAllProjects [36m304[0m 185.087 ms - -[0m
2025-04-16 08:02:29 info: [0mGET /api/projects/getAllProjects [36m304[0m 187.931 ms - -[0m
2025-04-16 08:02:35 info: [0mGET /api/projects/getAllProjects [36m304[0m 192.181 ms - -[0m
2025-04-16 08:02:36 info: [0mGET /api/projects/getAllProjects [36m304[0m 188.301 ms - -[0m
2025-04-16 08:02:36 info: [0mGET /api/projects/getAllProjects [36m304[0m 184.511 ms - -[0m
2025-04-16 08:04:23 info: [0mGET /api/employees/getEmployee/19 [33m404[0m 1593.972 ms - 57[0m
2025-04-16 08:04:23 info: [0mGET /api/notifications/getAllNotifications [36m304[0m 1364.648 ms - -[0m
2025-04-16 08:04:23 info: [0mGET /api/projects/getAllProjects [36m304[0m 1332.531 ms - -[0m
2025-04-16 08:05:05 info: [0mGET /api/projects/getAllProjects [36m304[0m 1312.977 ms - -[0m
2025-04-16 08:05:06 info: [0mGET /api/projects/getAllProjects [36m304[0m 186.930 ms - -[0m
2025-04-16 08:05:06 info: [0mGET /api/projects/getAllProjects [36m304[0m 187.384 ms - -[0m
2025-04-16 08:05:09 info: [0mGET /api/projects/getAllProjects [36m304[0m 188.997 ms - -[0m
2025-04-16 08:05:09 info: [0mGET /api/projects/getAllProjects [36m304[0m 207.969 ms - -[0m
2025-04-16 08:05:09 info: [0mGET /api/projects/getAllProjects [36m304[0m 192.791 ms - -[0m
2025-04-16 08:06:28 info: [0mGET /api/employees/getEmployee/19 [33m404[0m 2124.497 ms - 57[0m
2025-04-16 08:06:28 info: [0mGET /api/notifications/getAllNotifications [36m304[0m 2309.636 ms - -[0m
2025-04-16 08:06:28 info: [0mGET /api/projects/getAllProjects [36m304[0m 2296.930 ms - -[0m
2025-04-16 08:07:11 info: [0mGET /api/notifications/getAllNotifications [36m304[0m 1384.930 ms - -[0m
2025-04-16 08:07:11 info: [0mGET /api/employees/getEmployee/19 [33m404[0m 1360.522 ms - 57[0m
2025-04-16 08:07:11 info: [0mGET /api/projects/getAllProjects [36m304[0m 1344.077 ms - -[0m
2025-04-16 08:08:55 info: [0mGET /api/notifications/getAllNotifications [36m304[0m 1468.101 ms - -[0m
2025-04-16 08:08:55 info: [0mGET /api/employees/getEmployee/19 [33m404[0m 1485.676 ms - 57[0m
2025-04-16 08:08:55 info: [0mGET /api/projects/getAllProjects [36m304[0m 1484.476 ms - -[0m
2025-04-16 08:09:15 info: [0mGET /api/projects/getAllProjects [36m304[0m 1493.311 ms - -[0m
2025-04-16 08:09:15 info: [0mGET /api/projects/getAllProjects [36m304[0m 181.612 ms - -[0m
2025-04-16 08:09:16 info: [0mGET /api/projects/getAllProjects [36m304[0m 185.388 ms - -[0m
2025-04-16 08:09:25 info: [0mGET /api/projects/getAllProjects [36m304[0m 193.950 ms - -[0m
2025-04-16 08:09:25 info: [0mGET /api/projects/getAllProjects [36m304[0m 181.253 ms - -[0m
2025-04-16 08:09:25 info: [0mGET /api/projects/getAllProjects [36m304[0m 186.689 ms - -[0m
2025-04-16 08:09:38 info: [0mGET /api/projects/getAllProjects [36m304[0m 1290.840 ms - -[0m
2025-04-16 08:09:38 info: [0mGET /api/projects/getAllProjects [36m304[0m 180.615 ms - -[0m
2025-04-16 08:09:38 info: [0mGET /api/projects/getAllProjects [36m304[0m 179.895 ms - -[0m
2025-04-16 08:09:42 info: [0mGET /api/employees/getEmployee/19 [33m404[0m 180.491 ms - 57[0m
2025-04-16 08:09:42 info: [0mGET /api/notifications/getAllNotifications [36m304[0m 356.962 ms - -[0m
2025-04-16 08:09:42 info: [0mGET /api/projects/getAllProjects [36m304[0m 533.202 ms - -[0m
2025-04-16 08:10:05 info: [0mGET /api/projects/getAllProjects [36m304[0m 1294.290 ms - -[0m
2025-04-16 08:10:05 info: [0mGET /api/projects/getAllProjects [36m304[0m 180.113 ms - -[0m
2025-04-16 08:10:05 info: [0mGET /api/projects/getAllProjects [36m304[0m 180.630 ms - -[0m
2025-04-16 08:11:36 info: [0mGET /api/notifications/getAllNotifications [36m304[0m 1339.691 ms - -[0m
2025-04-16 08:11:36 info: [0mGET /api/employees/getEmployee/19 [33m404[0m 1328.309 ms - 57[0m
2025-04-16 08:11:36 info: [0mGET /api/projects/getAllProjects [36m304[0m 1348.858 ms - -[0m
2025-04-16 08:11:40 info: [0mGET /api/employees/getEmployee/19 [33m404[0m 181.833 ms - 57[0m
2025-04-16 08:11:40 info: [0mGET /api/projects/getAllProjects [36m304[0m 183.666 ms - -[0m
2025-04-16 08:11:40 info: [0mGET /api/notifications/getAllNotifications [36m304[0m 189.933 ms - -[0m
2025-04-16 08:11:43 info: [0mGET /api/employees/getEmployee/19 [33m404[0m 179.139 ms - 57[0m
2025-04-16 08:11:43 info: [0mGET /api/notifications/getAllNotifications [36m304[0m 184.091 ms - -[0m
2025-04-16 08:11:43 info: [0mGET /api/projects/getAllProjects [36m304[0m 183.490 ms - -[0m
2025-04-16 08:12:14 info: [0mGET /api/notifications/getAllNotifications [36m304[0m 1454.003 ms - -[0m
2025-04-16 08:12:14 info: [0mGET /api/employees/getEmployee/19 [33m404[0m 1430.400 ms - 57[0m
2025-04-16 08:12:14 info: [0mGET /api/projects/getAllProjects [36m304[0m 1506.915 ms - -[0m
2025-04-16 08:12:17 info: [0mGET /api/notifications/getAllNotifications [36m304[0m 191.836 ms - -[0m
2025-04-16 08:12:17 info: [0mGET /api/employees/getEmployee/19 [33m404[0m 191.318 ms - 57[0m
2025-04-16 08:12:17 info: [0mGET /api/projects/getAllProjects [36m304[0m 189.886 ms - -[0m
2025-04-16 08:12:30 info: [0mGET /api/employees/getEmployee/19 [33m404[0m 1290.822 ms - 57[0m
2025-04-16 08:12:30 info: [0mGET /api/notifications/getAllNotifications [36m304[0m 1301.063 ms - -[0m
2025-04-16 08:12:30 info: [0mGET /api/projects/getAllProjects [36m304[0m 1301.665 ms - -[0m
2025-04-16 08:13:03 info: [0mGET /api/notifications/getAllNotifications [36m304[0m 3282.077 ms - -[0m
2025-04-16 08:13:03 info: [0mGET /api/employees/getEmployee/19 [33m404[0m 3031.647 ms - 57[0m
2025-04-16 08:13:03 info: [0mGET /api/projects/getAllProjects [36m304[0m 3008.351 ms - -[0m
2025-04-16 08:13:12 info: [0mGET /api/notifications/getAllNotifications [36m304[0m 188.561 ms - -[0m
2025-04-16 08:13:12 info: [0mGET /api/employees/getEmployee/19 [33m404[0m 185.120 ms - 57[0m
2025-04-16 08:13:12 info: [0mGET /api/notifications/getAllNotifications [36m304[0m 197.064 ms - -[0m
2025-04-16 08:13:12 info: [0mGET /api/employees/getEmployee/19 [33m404[0m 190.798 ms - 57[0m
2025-04-16 08:13:57 info: [0mGET /api/projects/getAllProjects [36m304[0m 1925.984 ms - -[0m
2025-04-16 08:13:57 info: [0mGET /api/projects/getAllProjects [36m304[0m 251.628 ms - -[0m
2025-04-16 08:13:57 info: [0mGET /api/projects/getAllProjects [36m304[0m 188.027 ms - -[0m
2025-04-16 08:14:04 info: [0mGET /api/notifications/getAllNotifications [36m304[0m 190.262 ms - -[0m
2025-04-16 08:14:05 info: [0mGET /api/employees/getEmployee/19 [33m404[0m 463.451 ms - 57[0m
2025-04-16 08:14:05 info: [0mGET /api/projects/getAllProjects [36m304[0m 630.795 ms - -[0m
2025-04-16 08:14:24 info: [0mGET /api/projects/getAllProjects [36m304[0m 1303.053 ms - -[0m
2025-04-16 08:14:24 info: [0mGET /api/projects/getAllProjects [36m304[0m 184.018 ms - -[0m
2025-04-16 08:14:24 info: [0mGET /api/projects/getAllProjects [36m304[0m 183.207 ms - -[0m
2025-04-16 08:14:48 info: [0mGET /api/notifications/getAllNotifications [36m304[0m 1287.130 ms - -[0m
2025-04-16 08:14:48 info: [0mGET /api/employees/getEmployee/19 [33m404[0m 1293.209 ms - 57[0m
2025-04-16 08:14:48 info: [0mGET /api/projects/getAllProjects [36m304[0m 1296.844 ms - -[0m
2025-04-16 08:16:16 info: [0mGET /api/notifications/getAllNotifications [36m304[0m 1438.615 ms - -[0m
2025-04-16 08:16:16 info: [0mGET /api/employees/getEmployee/19 [33m404[0m 1410.709 ms - 57[0m
2025-04-16 08:16:16 info: [0mGET /api/projects/getAllProjects [36m304[0m 1402.473 ms - -[0m
2025-04-16 08:16:56 info: [0mGET /api/notifications/getAllNotifications [36m304[0m 1316.221 ms - -[0m
2025-04-16 08:16:56 info: [0mGET /api/employees/getEmployee/19 [33m404[0m 1340.423 ms - 57[0m
2025-04-16 08:16:56 info: [0mGET /api/projects/getAllProjects [36m304[0m 1338.168 ms - -[0m
2025-04-16 08:17:43 info: [0mGET /api/notifications/getAllNotifications [36m304[0m 1301.999 ms - -[0m
2025-04-16 08:17:43 info: [0mGET /api/projects/getAllProjects [36m304[0m 1296.611 ms - -[0m
2025-04-16 08:17:43 info: [0mGET /api/projects/getAllProjects [36m304[0m 192.691 ms - -[0m
2025-04-16 08:17:43 info: [0mGET /api/notifications/getAllNotifications [36m304[0m 200.194 ms - -[0m
2025-04-16 08:17:43 info: [0mGET /api/projects/getAllProjects [36m304[0m 182.088 ms - -[0m
2025-04-16 08:17:43 info: [0mGET /api/projects/getAllProjects [36m304[0m 186.881 ms - -[0m
2025-04-16 08:17:44 info: [0mGET /api/projects/getAllProjects [36m304[0m 180.879 ms - -[0m
2025-04-16 08:17:44 info: [0mGET /api/projects/getAllProjects [36m304[0m 184.312 ms - -[0m
2025-04-16 08:17:50 info: [0mGET /api/notifications/getAllNotifications [36m304[0m 186.231 ms - -[0m
2025-04-16 08:17:50 info: [0mGET /api/projects/getAllProjects [36m304[0m 183.728 ms - -[0m
2025-04-16 08:17:50 info: [0mGET /api/projects/getAllProjects [36m304[0m 187.497 ms - -[0m
2025-04-16 08:17:50 info: [0mGET /api/projects/getAllProjects [36m304[0m 181.749 ms - -[0m
2025-04-16 08:17:57 info: [0mGET /api/notifications/getAllNotifications [36m304[0m 193.676 ms - -[0m
2025-04-16 08:17:57 info: [0mGET /api/projects/getAllProjects [36m304[0m 194.187 ms - -[0m
2025-04-16 08:17:57 info: [0mGET /api/projects/getAllProjects [36m304[0m 187.392 ms - -[0m
2025-04-16 08:17:57 info: [0mGET /api/projects/getAllProjects [36m304[0m 179.563 ms - -[0m
2025-04-16 08:18:46 info: [0mGET /api/projects/getAllProjects [36m304[0m 1425.072 ms - -[0m
2025-04-16 08:18:46 info: [0mGET /api/projects/getAllProjects [36m304[0m 193.576 ms - -[0m
2025-04-16 08:18:46 info: [0mGET /api/projects/getAllProjects [36m304[0m 186.554 ms - -[0m
2025-04-16 08:18:46 info: [0mGET /api/projects/getAllProjects [36m304[0m 181.965 ms - -[0m
2025-04-16 08:18:46 info: [0mGET /api/projects/getAllProjects [36m304[0m 183.347 ms - -[0m
2025-04-16 08:18:47 info: [0mGET /api/projects/getAllProjects [36m304[0m 184.840 ms - -[0m
2025-04-16 08:24:41 info: [0mGET /api/notifications/getAllNotifications [36m304[0m 1586.987 ms - -[0m
2025-04-16 08:24:41 info: [0mGET /api/employees/getEmployee/19 [33m404[0m 1424.006 ms - 57[0m
2025-04-16 08:24:41 info: [0mGET /api/projects/getAllProjects [36m304[0m 1391.983 ms - -[0m
2025-04-16 08:25:40 info: [0mGET /api/notifications/getAllNotifications [36m304[0m 1352.553 ms - -[0m
2025-04-16 08:25:40 info: [0mGET /api/employees/getEmployee/19 [33m404[0m 1333.634 ms - 57[0m
2025-04-16 08:25:40 info: [0mGET /api/projects/getAllProjects [36m304[0m 1332.066 ms - -[0m
2025-04-16 08:26:20 info: [0mGET /api/notifications/getAllNotifications [36m304[0m 1317.350 ms - -[0m
2025-04-16 08:26:20 info: [0mGET /api/employees/getEmployee/19 [33m404[0m 1306.236 ms - 57[0m
2025-04-16 08:26:20 info: [0mGET /api/projects/getAllProjects [36m304[0m 1298.034 ms - -[0m
2025-04-16 08:27:22 info: [0mOPTIONS /api/projects/updateProject [32m200[0m 3.686 ms - 0[0m
2025-04-16 08:27:24 info: [0mPUT /api/projects/updateProject [32m200[0m 1768.979 ms - 555[0m
2025-04-16 08:27:26 info: [0mGET /api/notifications/getAllNotifications [36m304[0m 188.780 ms - -[0m
2025-04-16 08:27:26 info: [0mGET /api/employees/getEmployee/19 [33m404[0m 364.963 ms - 57[0m
2025-04-16 08:27:26 info: [0mGET /api/notifications/getAllNotifications [36m304[0m 358.005 ms - -[0m
2025-04-16 08:27:26 info: [0mGET /api/employees/getEmployee/19 [33m404[0m 304.314 ms - 57[0m
2025-04-16 08:27:27 info: [0mGET /api/notifications/getAllNotifications [36m304[0m 180.560 ms - -[0m
2025-04-16 08:27:27 info: [0mGET /api/projects/getAllProjects [36m304[0m 266.495 ms - -[0m
2025-04-16 08:29:35 info: [0mGET /api/projects/getAllProjects [36m304[0m 1683.383 ms - -[0m
2025-04-16 08:29:35 info: [0mGET /api/projects/getAllProjects [36m304[0m 198.949 ms - -[0m
2025-04-16 08:29:35 info: [0mGET /api/projects/getAllProjects [36m304[0m 209.871 ms - -[0m
2025-04-16 08:29:45 info: [0mGET /api/projects/getAllProjects [36m304[0m 337.675 ms - -[0m
2025-04-16 08:29:45 info: [0mGET /api/projects/getAllProjects [36m304[0m 192.824 ms - -[0m
2025-04-16 08:29:45 info: [0mGET /api/projects/getAllProjects [36m304[0m 201.152 ms - -[0m
2025-04-16 08:30:50 info: [0mGET /api/notifications/getAllNotifications [36m304[0m 1436.819 ms - -[0m
2025-04-16 08:30:50 info: [0mGET /api/employees/getEmployee/19 [33m404[0m 1393.341 ms - 57[0m
2025-04-16 08:30:50 info: [0mGET /api/projects/getAllProjects [36m304[0m 1363.202 ms - -[0m
2025-04-16 08:30:53 info: [0mOPTIONS /api/projects/deleteProject/0 [32m200[0m 0.720 ms - 0[0m
2025-04-16 08:30:54 error: [DELETE] /api/projects/deleteProject/0 >> StatusCode:: 500, Message:: Error deleting project: Project not found
2025-04-16 08:30:54 info: [0mDELETE /api/projects/deleteProject/0 [31m500[0m 593.742 ms - 55[0m
2025-04-16 08:30:54 info: [0mGET /api/notifications/getAllNotifications [36m304[0m 188.097 ms - -[0m
2025-04-16 08:30:54 info: [0mGET /api/projects/getAllProjects [36m304[0m 186.011 ms - -[0m
2025-04-16 08:32:44 info: [0mGET /api/notifications/getAllNotifications [36m304[0m 2370.894 ms - -[0m
2025-04-16 08:32:44 info: [0mGET /api/employees/getEmployee/19 [33m404[0m 2240.155 ms - 57[0m
2025-04-16 08:32:44 info: [0mGET /api/projects/getAllProjects [36m304[0m 2207.626 ms - -[0m
2025-04-16 08:33:07 info: [0mGET /api/notifications/getAllNotifications [36m304[0m 1311.217 ms - -[0m
2025-04-16 08:33:07 info: [0mGET /api/employees/getEmployee/19 [33m404[0m 1355.924 ms - 57[0m
2025-04-16 08:33:07 info: [0mGET /api/notifications/getAllNotifications [36m304[0m 179.947 ms - -[0m
2025-04-16 08:33:07 info: [0mGET /api/employees/getEmployee/19 [33m404[0m 190.042 ms - 57[0m
2025-04-16 08:33:15 info: [0mOPTIONS /api/projects/deleteProject/0 [32m200[0m 0.347 ms - 0[0m
2025-04-16 08:33:15 error: [DELETE] /api/projects/deleteProject/0 >> StatusCode:: 500, Message:: Error deleting project: Project not found
2025-04-16 08:33:15 info: [0mDELETE /api/projects/deleteProject/0 [31m500[0m 561.229 ms - 55[0m
2025-04-16 08:33:16 info: [0mGET /api/notifications/getAllNotifications [36m304[0m 184.766 ms - -[0m
2025-04-16 08:33:16 info: [0mGET /api/projects/getAllProjects [36m304[0m 181.609 ms - -[0m
2025-04-16 08:33:46 info: [0mGET /api/notifications/getAllNotifications [36m304[0m 1351.014 ms - -[0m
2025-04-16 08:33:46 info: [0mGET /api/employees/getEmployee/19 [33m404[0m 1353.841 ms - 57[0m
2025-04-16 08:33:46 info: [0mGET /api/projects/getAllProjects [36m304[0m 1350.008 ms - -[0m
2025-04-16 08:34:02 info: [0mOPTIONS /api/projects/deleteProject/0 [32m200[0m 0.253 ms - 0[0m
2025-04-16 08:34:04 error: [DELETE] /api/projects/deleteProject/0 >> StatusCode:: 500, Message:: Error deleting project: Project not found
2025-04-16 08:34:04 info: [0mDELETE /api/projects/deleteProject/0 [31m500[0m 2122.272 ms - 55[0m
2025-04-16 08:34:04 info: [0mGET /api/notifications/getAllNotifications [36m304[0m 182.350 ms - -[0m
2025-04-16 08:34:04 info: [0mGET /api/projects/getAllProjects [36m304[0m 362.787 ms - -[0m
2025-04-16 08:36:05 info: [0mGET /api/notifications/getAllNotifications [36m304[0m 1413.370 ms - -[0m
2025-04-16 08:36:05 info: [0mGET /api/employees/getEmployee/19 [33m404[0m 1381.115 ms - 57[0m
2025-04-16 08:36:05 info: [0mGET /api/projects/getAllProjects [36m304[0m 1376.140 ms - -[0m
2025-04-16 08:36:09 info: [0mOPTIONS /api/projects/deleteProject/5 [32m200[0m 0.232 ms - 0[0m
2025-04-16 08:36:11 info: [0mDELETE /api/projects/deleteProject/5 [32m200[0m 1413.337 ms - 68[0m
2025-04-16 08:36:11 info: [0mGET /api/projects/getAllProjects [32m200[0m 184.759 ms - 3336[0m
2025-04-16 08:36:14 info: [0mGET /api/employees/getEmployee/19 [33m404[0m 183.933 ms - 57[0m
2025-04-16 08:36:14 info: [0mGET /api/notifications/getAllNotifications [36m304[0m 188.551 ms - -[0m
2025-04-16 08:36:14 info: [0mGET /api/employees/getEmployee/19 [33m404[0m 184.954 ms - 57[0m
2025-04-16 08:36:14 info: [0mGET /api/notifications/getAllNotifications [36m304[0m 184.981 ms - -[0m
2025-04-16 08:36:17 info: [0mOPTIONS /api/projects/deleteProject/3 [32m200[0m 0.164 ms - 0[0m
2025-04-16 08:36:18 info: [0mDELETE /api/projects/deleteProject/3 [32m200[0m 1316.117 ms - 68[0m
2025-04-16 08:36:19 info: [0mGET /api/notifications/getAllNotifications [36m304[0m 185.273 ms - -[0m
2025-04-16 08:36:19 info: [0mGET /api/projects/getAllProjects [32m200[0m 186.351 ms - 3338[0m
2025-04-16 08:36:42 info: [0mGET /api/notifications/getAllNotifications [36m304[0m 1310.228 ms - -[0m
