2025-04-04 13:07:48 info: [0mOPTIONS /api/auth/login [32m200[0m 29.735 ms - 0[0m
2025-04-04 13:07:50 info: [0mPOST /api/auth/login [32m200[0m 1942.936 ms - 541[0m
2025-04-04 13:07:56 info: [0mGET /api/employees/getAllEmployees [32m200[0m 230.519 ms - 3859[0m
2025-04-04 13:07:57 info: [0mGET /api/employees/getNumberOfAssignedEmployees [32m200[0m 866.746 ms - 88[0m
2025-04-04 13:07:57 info: [0mGET /api/projects/getAllProjects [32m200[0m 1043.821 ms - 2139[0m
2025-04-04 13:07:57 info: [0mGET /api/employees/getAllEmployees [36m304[0m 1103.432 ms - -[0m
2025-04-04 13:07:57 info: [0mGET /api/tasks/getChartYearlyTaskTimeStatistics [32m200[0m 1458.293 ms - 265[0m
2025-04-04 13:07:58 info: [0mGET /api/tasks/getChartTaskTimeStatistics [32m200[0m 1589.756 ms - 235[0m
2025-04-04 13:07:58 info: [0mGET /api/tasks/getChartWeeklyTaskTimeStatistics [32m200[0m 1590.614 ms - 246[0m
2025-04-04 13:07:58 info: [0mGET /api/employees/getProjectEmployees/0 [32m201[0m 743.426 ms - 70[0m
2025-04-04 13:07:58 info: [0mGET /api/employees/getNumberOfAssignedEmployees [36m304[0m 557.136 ms - -[0m
2025-04-04 13:07:58 info: [0mGET /api/projects/getAllProjects [36m304[0m 378.139 ms - -[0m
2025-04-04 13:07:58 info: [0mGET /api/employees/getProjectEmployees/0 [32m201[0m 188.084 ms - 70[0m
2025-04-04 13:07:58 info: [0mGET /api/tasks/getChartYearlyTaskTimeStatistics [36m304[0m 497.982 ms - -[0m
2025-04-04 13:07:58 info: [0mGET /api/tasks/getChartTaskTimeStatistics [36m304[0m 399.108 ms - -[0m
2025-04-04 13:07:58 info: [0mGET /api/tasks/getChartWeeklyTaskTimeStatistics [36m304[0m 398.142 ms - -[0m
2025-04-04 13:08:39 info: [0mGET /api/employees/getNumberOfAssignedEmployees [36m304[0m 1478.522 ms - -[0m
2025-04-04 13:08:39 info: [0mGET /api/employees/getAllEmployees [36m304[0m 1480.265 ms - -[0m
2025-04-04 13:08:39 info: [0mGET /api/employees/getNumberOfAssignedEmployees [36m304[0m 182.087 ms - -[0m
2025-04-04 13:08:39 info: [0mGET /api/employees/getAllEmployees [36m304[0m 187.671 ms - -[0m
2025-04-04 13:08:42 info: [0mGET /api/employees/getNumberOfAssignedEmployees [36m304[0m 182.635 ms - -[0m
2025-04-04 13:08:42 info: [0mGET /api/employees/getAllEmployees [36m304[0m 190.722 ms - -[0m
2025-04-04 13:08:49 info: [0mGET /api/employees/getNumberOfAssignedEmployees [36m304[0m 182.731 ms - -[0m
2025-04-04 13:08:49 info: [0mGET /api/employees/getAllEmployees [36m304[0m 186.395 ms - -[0m
2025-04-04 13:08:53 info: [0mGET /api/employees/getNumberOfAssignedEmployees [36m304[0m 184.697 ms - -[0m
2025-04-04 13:08:53 info: [0mGET /api/employees/getAllEmployees [36m304[0m 186.209 ms - -[0m
2025-04-04 13:08:55 info: [0mGET /api/employees/getNumberOfAssignedEmployees [36m304[0m 182.824 ms - -[0m
2025-04-04 13:08:55 info: [0mGET /api/employees/getAllEmployees [36m304[0m 186.008 ms - -[0m
2025-04-04 13:09:03 info: [0mGET /api/employees/getNumberOfAssignedEmployees [36m304[0m 183.437 ms - -[0m
2025-04-04 13:09:03 info: [0mGET /api/employees/getAllEmployees [36m304[0m 191.528 ms - -[0m
2025-04-04 13:09:06 info: [0mGET /api/employees/getNumberOfAssignedEmployees [36m304[0m 182.873 ms - -[0m
2025-04-04 13:09:06 info: [0mGET /api/employees/getAllEmployees [36m304[0m 186.716 ms - -[0m
2025-04-04 13:09:11 info: [0mGET /api/employees/getNumberOfAssignedEmployees [36m304[0m 181.041 ms - -[0m
2025-04-04 13:09:11 info: [0mGET /api/employees/getAllEmployees [36m304[0m 184.459 ms - -[0m
2025-04-04 13:09:13 info: [0mGET /api/employees/getNumberOfAssignedEmployees [36m304[0m 182.006 ms - -[0m
2025-04-04 13:09:13 info: [0mGET /api/employees/getAllEmployees [36m304[0m 183.425 ms - -[0m
2025-04-04 13:09:16 info: [0mGET /api/employees/getNumberOfAssignedEmployees [36m304[0m 180.838 ms - -[0m
2025-04-04 13:09:16 info: [0mGET /api/employees/getAllEmployees [36m304[0m 183.048 ms - -[0m
2025-04-04 13:09:16 info: [0mGET /api/employees/getNumberOfAssignedEmployees [36m304[0m 186.570 ms - -[0m
2025-04-04 13:09:16 info: [0mGET /api/employees/getAllEmployees [36m304[0m 188.483 ms - -[0m
2025-04-04 13:09:16 info: [0mGET /api/employees/getNumberOfAssignedEmployees [36m304[0m 182.791 ms - -[0m
2025-04-04 13:09:16 info: [0mGET /api/employees/getAllEmployees [36m304[0m 187.375 ms - -[0m
2025-04-04 13:09:17 info: [0mGET /api/employees/getNumberOfAssignedEmployees [36m304[0m 187.470 ms - -[0m
2025-04-04 13:09:17 info: [0mGET /api/employees/getAllEmployees [36m304[0m 184.841 ms - -[0m
2025-04-04 13:09:17 info: [0mGET /api/employees/getNumberOfAssignedEmployees [36m304[0m 187.187 ms - -[0m
2025-04-04 13:09:17 info: [0mGET /api/employees/getAllEmployees [36m304[0m 183.738 ms - -[0m
2025-04-04 13:09:19 info: [0mGET /api/employees/getNumberOfAssignedEmployees [36m304[0m 181.956 ms - -[0m
2025-04-04 13:09:19 info: [0mGET /api/employees/getAllEmployees [36m304[0m 187.349 ms - -[0m
2025-04-04 13:09:19 info: [0mGET /api/employees/getNumberOfAssignedEmployees [36m304[0m 182.055 ms - -[0m
2025-04-04 13:09:19 info: [0mGET /api/employees/getAllEmployees [36m304[0m 185.408 ms - -[0m
2025-04-04 13:09:20 info: [0mGET /api/employees/getNumberOfAssignedEmployees [36m304[0m 184.097 ms - -[0m
2025-04-04 13:09:20 info: [0mGET /api/employees/getAllEmployees [36m304[0m 184.372 ms - -[0m
2025-04-04 13:09:20 info: [0mGET /api/employees/getNumberOfAssignedEmployees [36m304[0m 182.699 ms - -[0m
2025-04-04 13:09:20 info: [0mGET /api/employees/getAllEmployees [36m304[0m 182.271 ms - -[0m
2025-04-04 13:09:20 info: [0mGET /api/employees/getNumberOfAssignedEmployees [36m304[0m 182.829 ms - -[0m
2025-04-04 13:09:20 info: [0mGET /api/employees/getAllEmployees [36m304[0m 186.406 ms - -[0m
2025-04-04 13:09:24 info: [0mGET /api/employees/getNumberOfAssignedEmployees [36m304[0m 182.060 ms - -[0m
2025-04-04 13:09:24 info: [0mGET /api/employees/getAllEmployees [36m304[0m 189.861 ms - -[0m
2025-04-04 13:09:24 info: [0mGET /api/employees/getNumberOfAssignedEmployees [36m304[0m 185.950 ms - -[0m
2025-04-04 13:09:24 info: [0mGET /api/employees/getAllEmployees [36m304[0m 189.279 ms - -[0m
2025-04-04 13:09:25 info: [0mGET /api/employees/getNumberOfAssignedEmployees [36m304[0m 183.730 ms - -[0m
2025-04-04 13:09:25 info: [0mGET /api/employees/getAllEmployees [36m304[0m 183.987 ms - -[0m
2025-04-04 13:09:26 info: [0mGET /api/employees/getNumberOfAssignedEmployees [36m304[0m 182.898 ms - -[0m
2025-04-04 13:09:26 info: [0mGET /api/employees/getAllEmployees [36m304[0m 183.939 ms - -[0m
2025-04-04 13:09:41 info: [0mGET /api/employees/getNumberOfAssignedEmployees [36m304[0m 1799.382 ms - -[0m
2025-04-04 13:09:41 info: [0mGET /api/employees/getAllEmployees [36m304[0m 1797.571 ms - -[0m
2025-04-04 13:10:03 info: [0mGET /api/employees/getNumberOfAssignedEmployees [36m304[0m 1347.525 ms - -[0m
2025-04-04 13:10:03 info: [0mGET /api/employees/getAllEmployees [36m304[0m 1383.431 ms - -[0m
2025-04-04 13:10:03 info: [0mGET /api/employees/getNumberOfAssignedEmployees [36m304[0m 182.413 ms - -[0m
2025-04-04 13:10:03 info: [0mGET /api/employees/getAllEmployees [36m304[0m 193.703 ms - -[0m
2025-04-04 13:10:03 info: [0mGET /api/employees/getNumberOfAssignedEmployees [36m304[0m 192.952 ms - -[0m
2025-04-04 13:10:03 info: [0mGET /api/employees/getAllEmployees [36m304[0m 196.949 ms - -[0m
2025-04-04 13:17:07 info: [0mGET /api/employees/getNumberOfAssignedEmployees [36m304[0m 11746.906 ms - -[0m
2025-04-04 13:17:07 info: [0mGET /api/employees/getAllEmployees [36m304[0m 11339.879 ms - -[0m
2025-04-04 13:17:08 info: [0mGET /api/employees/getNumberOfAssignedEmployees [36m304[0m 331.199 ms - -[0m
2025-04-04 13:17:08 info: [0mGET /api/employees/getAllEmployees [36m304[0m 542.726 ms - -[0m
2025-04-04 13:17:08 info: [0mGET /api/employees/getNumberOfAssignedEmployees [36m304[0m 216.025 ms - -[0m
2025-04-04 13:17:08 info: [0mGET /api/employees/getNumberOfAssignedEmployees [36m304[0m 239.905 ms - -[0m
2025-04-04 13:17:08 info: [0mGET /api/employees/getAllEmployees [36m304[0m 347.282 ms - -[0m
2025-04-04 13:17:09 info: [0mGET /api/employees/getNumberOfAssignedEmployees [36m304[0m 418.662 ms - -[0m
2025-04-04 13:17:09 info: [0mGET /api/employees/getAllEmployees [36m304[0m 717.237 ms - -[0m
2025-04-04 13:17:09 info: [0mGET /api/employees/getNumberOfAssignedEmployees [36m304[0m 407.044 ms - -[0m
2025-04-04 13:17:09 info: [0mGET /api/employees/getAllEmployees [36m304[0m 283.930 ms - -[0m
2025-04-04 13:17:10 info: [0mGET /api/employees/getAllEmployees [36m304[0m 296.545 ms - -[0m
2025-04-04 13:17:13 info: [0mGET /api/employees/getNumberOfAssignedEmployees [36m304[0m 227.259 ms - -[0m
2025-04-04 13:17:13 info: [0mGET /api/employees/getAllEmployees [36m304[0m 226.130 ms - -[0m
2025-04-04 13:18:26 info: [0mGET /api/employees/getNumberOfAssignedEmployees [36m304[0m 2198.291 ms - -[0m
2025-04-04 13:18:26 info: [0mGET /api/employees/getAllEmployees [36m304[0m 2188.744 ms - -[0m
2025-04-04 13:18:27 info: [0mGET /api/employees/getAllEmployees [36m304[0m 269.700 ms - -[0m
2025-04-04 13:18:27 info: [0mGET /api/employees/getNumberOfAssignedEmployees [36m304[0m 272.924 ms - -[0m
2025-04-04 13:18:27 info: [0mGET /api/employees/getNumberOfAssignedEmployees [36m304[0m 307.436 ms - -[0m
2025-04-04 13:18:27 info: [0mGET /api/employees/getAllEmployees [36m304[0m 451.492 ms - -[0m
2025-04-04 13:21:47 info: [0mGET /api/employees/getAllEmployees [36m304[0m 1579.737 ms - -[0m
2025-04-04 13:21:47 info: [0mGET /api/employees/getNumberOfAssignedEmployees [36m304[0m 1420.368 ms - -[0m
2025-04-04 13:21:47 info: [0mGET /api/employees/getAllEmployees [36m304[0m 187.568 ms - -[0m
2025-04-04 13:21:47 info: [0mGET /api/employees/getNumberOfAssignedEmployees [36m304[0m 196.536 ms - -[0m
2025-04-04 13:21:47 info: [0mGET /api/employees/getAllEmployees [36m304[0m 195.004 ms - -[0m
2025-04-04 13:21:47 info: [0mGET /api/employees/getNumberOfAssignedEmployees [36m304[0m 190.290 ms - -[0m
2025-04-04 13:21:50 info: [0mGET /api/employees/getNumberOfAssignedEmployees [36m304[0m 189.438 ms - -[0m
2025-04-04 13:21:50 info: [0mGET /api/employees/getAllEmployees [36m304[0m 192.972 ms - -[0m
2025-04-04 13:22:04 info: [0mGET /api/employees/getNumberOfAssignedEmployees [36m304[0m 1354.154 ms - -[0m
2025-04-04 13:22:04 info: [0mGET /api/employees/getAllEmployees [36m304[0m 1364.806 ms - -[0m
2025-04-04 13:22:04 info: [0mGET /api/employees/getNumberOfAssignedEmployees [36m304[0m 206.177 ms - -[0m
2025-04-04 13:22:04 info: [0mGET /api/employees/getAllEmployees [36m304[0m 208.664 ms - -[0m
2025-04-04 13:22:04 info: [0mGET /api/employees/getNumberOfAssignedEmployees [36m304[0m 192.789 ms - -[0m
2025-04-04 13:22:04 info: [0mGET /api/employees/getAllEmployees [36m304[0m 187.998 ms - -[0m
2025-04-04 13:22:38 info: [0mGET /api/employees/getNumberOfAssignedEmployees [36m304[0m 1357.016 ms - -[0m
2025-04-04 13:22:38 info: [0mGET /api/employees/getAllEmployees [36m304[0m 1332.986 ms - -[0m
2025-04-04 13:22:38 info: [0mGET /api/employees/getNumberOfAssignedEmployees [36m304[0m 185.641 ms - -[0m
2025-04-04 13:22:38 info: [0mGET /api/employees/getAllEmployees [36m304[0m 185.348 ms - -[0m
2025-04-04 13:22:38 info: [0mGET /api/employees/getNumberOfAssignedEmployees [36m304[0m 185.127 ms - -[0m
2025-04-04 13:22:38 info: [0mGET /api/employees/getAllEmployees [36m304[0m 188.687 ms - -[0m
2025-04-04 13:22:46 info: [0mGET /api/employees/getAllEmployees [36m304[0m 191.173 ms - -[0m
2025-04-04 13:22:46 info: [0mGET /api/employees/getNumberOfAssignedEmployees [36m304[0m 197.952 ms - -[0m
2025-04-04 13:22:46 info: [0mGET /api/employees/getNumberOfAssignedEmployees [36m304[0m 186.363 ms - -[0m
2025-04-04 13:22:46 info: [0mGET /api/employees/getAllEmployees [36m304[0m 191.316 ms - -[0m
2025-04-04 13:22:46 info: [0mGET /api/employees/getAllEmployees [36m304[0m 184.917 ms - -[0m
2025-04-04 13:22:46 info: [0mGET /api/employees/getNumberOfAssignedEmployees [36m304[0m 190.279 ms - -[0m
2025-04-04 13:22:50 info: [0mGET /api/employees/getAllEmployees [36m304[0m 179.751 ms - -[0m
2025-04-04 13:22:50 info: [0mGET /api/employees/getNumberOfAssignedEmployees [36m304[0m 185.096 ms - -[0m
2025-04-04 13:22:50 info: [0mGET /api/employees/getAllEmployees [36m304[0m 191.383 ms - -[0m
2025-04-04 13:22:50 info: [0mGET /api/employees/getNumberOfAssignedEmployees [36m304[0m 190.690 ms - -[0m
2025-04-04 13:22:51 info: [0mGET /api/employees/getAllEmployees [36m304[0m 188.749 ms - -[0m
2025-04-04 13:22:51 info: [0mGET /api/employees/getNumberOfAssignedEmployees [36m304[0m 187.976 ms - -[0m
2025-04-04 13:22:56 info: [0mGET /api/projects/getAllProjects [36m304[0m 198.573 ms - -[0m
2025-04-04 13:22:56 info: [0mGET /api/employees/getAllEmployees [36m304[0m 205.522 ms - -[0m
2025-04-04 13:22:56 info: [0mGET /api/employees/getAllEmployees [36m304[0m 182.349 ms - -[0m
2025-04-04 13:22:56 info: [0mGET /api/projects/getAllProjects [36m304[0m 188.268 ms - -[0m
2025-04-04 13:22:56 info: [0mGET /api/employees/getProjectEmployees/0 [32m201[0m 352.798 ms - 70[0m
2025-04-04 13:22:56 info: [0mGET /api/employees/getProjectEmployees/0 [32m201[0m 190.636 ms - 70[0m
2025-04-04 13:24:23 info: [0mGET /api/employees/getProjectEmployees/8 [32m201[0m 1300.473 ms - 70[0m
2025-04-04 13:24:23 info: [0mGET /api/employees/getAllEmployees [36m304[0m 1312.966 ms - -[0m
2025-04-04 13:24:24 info: [0mGET /api/employees/getProjectEmployees/8 [32m201[0m 182.873 ms - 70[0m
2025-04-04 13:29:54 info: [0mGET /api/employees/getAllEmployees [36m304[0m 1656.490 ms - -[0m
2025-04-04 13:29:54 info: [0mGET /api/projects/getAllProjects [36m304[0m 1525.982 ms - -[0m
2025-04-04 13:29:54 info: [0mGET /api/employees/getAllEmployees [36m304[0m 198.645 ms - -[0m
2025-04-04 13:29:54 info: [0mGET /api/projects/getAllProjects [36m304[0m 191.010 ms - -[0m
2025-04-04 13:29:54 info: [0mGET /api/employees/getAllEmployees [36m304[0m 187.582 ms - -[0m
2025-04-04 13:29:54 info: [0mGET /api/projects/getAllProjects [36m304[0m 195.912 ms - -[0m
2025-04-04 13:29:55 info: [0mGET /api/employees/getProjectEmployees/0 [32m201[0m 196.325 ms - 70[0m
2025-04-04 13:29:55 info: [0mGET /api/employees/getProjectEmployees/0 [32m201[0m 193.214 ms - 70[0m
2025-04-04 13:29:55 info: [0mGET /api/employees/getProjectEmployees/0 [32m201[0m 182.750 ms - 70[0m
2025-04-04 13:29:57 info: [0mGET /api/employees/getAllEmployees [36m304[0m 197.841 ms - -[0m
2025-04-04 13:29:57 info: [0mGET /api/projects/getAllProjects [36m304[0m 189.447 ms - -[0m
2025-04-04 13:29:57 info: [0mGET /api/employees/getAllEmployees [36m304[0m 195.502 ms - -[0m
2025-04-04 13:29:57 info: [0mGET /api/projects/getAllProjects [36m304[0m 186.205 ms - -[0m
2025-04-04 13:29:57 info: [0mGET /api/employees/getProjectEmployees/0 [32m201[0m 332.615 ms - 70[0m
2025-04-04 13:29:57 info: [0mGET /api/employees/getAllEmployees [36m304[0m 194.087 ms - -[0m
2025-04-04 13:29:58 info: [0mGET /api/projects/getAllProjects [36m304[0m 350.911 ms - -[0m
2025-04-04 13:29:58 info: [0mGET /api/employees/getProjectEmployees/0 [32m201[0m 202.340 ms - 70[0m
2025-04-04 13:29:58 info: [0mGET /api/employees/getAllEmployees [36m304[0m 197.406 ms - -[0m
2025-04-04 13:29:58 info: [0mGET /api/projects/getAllProjects [36m304[0m 194.361 ms - -[0m
2025-04-04 13:29:58 info: [0mGET /api/employees/getProjectEmployees/0 [32m201[0m 359.979 ms - 70[0m
2025-04-04 13:29:58 info: [0mGET /api/employees/getAllEmployees [36m304[0m 192.260 ms - -[0m
2025-04-04 13:29:58 info: [0mGET /api/projects/getAllProjects [36m304[0m 341.999 ms - -[0m
2025-04-04 13:29:58 info: [0mGET /api/employees/getProjectEmployees/0 [32m201[0m 213.006 ms - 70[0m
2025-04-04 13:29:58 info: [0mGET /api/employees/getAllEmployees [36m304[0m 487.704 ms - -[0m
2025-04-04 13:29:58 info: [0mGET /api/projects/getAllProjects [36m304[0m 378.234 ms - -[0m
2025-04-04 13:29:59 info: [0mGET /api/employees/getProjectEmployees/0 [32m201[0m 372.954 ms - 70[0m
2025-04-04 13:29:59 info: [0mGET /api/employees/getProjectEmployees/0 [32m201[0m 206.680 ms - 70[0m
2025-04-04 13:34:53 info: [0mGET /api/projects/getAllProjects [36m304[0m 24672.377 ms - -[0m
2025-04-04 13:34:53 info: [0mGET /api/employees/getAllEmployees [36m304[0m 24489.861 ms - -[0m
2025-04-04 13:34:55 info: [0mGET /api/employees/getAllEmployees [32m200[0m 6187.866 ms - 3859[0m
2025-04-04 13:34:55 info: [0mGET /api/projects/getAllProjects [32m200[0m 6205.181 ms - 2139[0m
2025-04-04 13:34:56 info: [0mGET /api/employees/getAllEmployees [36m304[0m 540.463 ms - -[0m
2025-04-04 13:34:56 info: [0mGET /api/projects/getAllProjects [36m304[0m 796.362 ms - -[0m
2025-04-04 13:34:57 info: [0mGET /api/employees/getNumberOfAssignedEmployees [36m304[0m 1436.712 ms - -[0m
2025-04-04 13:34:57 info: [0mGET /api/employees/getProjectEmployees/0 [32m201[0m 1346.933 ms - 70[0m
2025-04-04 13:34:57 info: [0mGET /api/tasks/getChartWeeklyTaskTimeStatistics [36m304[0m 1753.033 ms - -[0m
2025-04-04 13:34:58 info: [0mGET /api/tasks/getChartTaskTimeStatistics [36m304[0m 2385.676 ms - -[0m
2025-04-04 13:34:58 info: [0mGET /api/tasks/getChartYearlyTaskTimeStatistics [36m304[0m 2330.297 ms - -[0m
2025-04-04 13:35:05 info: [0mGET /api/projects/getAllProjects [36m304[0m 845.450 ms - -[0m
2025-04-04 13:35:05 info: [0mGET /api/employees/getAllEmployees [36m304[0m 850.415 ms - -[0m
2025-04-04 13:35:06 info: [0mGET /api/employees/getAllEmployees [36m304[0m 384.107 ms - -[0m
2025-04-04 13:35:06 info: [0mGET /api/employees/getProjectEmployees/0 [32m201[0m 383.845 ms - 70[0m
2025-04-04 13:35:06 info: [0mGET /api/projects/getAllProjects [36m304[0m 404.929 ms - -[0m
2025-04-04 13:35:07 info: [0mGET /api/employees/getProjectEmployees/0 [32m201[0m 722.057 ms - 70[0m
2025-04-04 13:42:16 info: [0mGET /api/employees/getAllEmployees [36m304[0m 3191.320 ms - -[0m
2025-04-04 13:42:16 info: [0mGET /api/projects/getAllProjects [36m304[0m 3008.259 ms - -[0m
2025-04-04 13:42:16 info: [0mGET /api/employees/getProjectEmployees/0 [32m201[0m 611.168 ms - 70[0m
2025-04-04 13:43:07 info: [0mGET /api/tasks/getProjectHoursSummary [32m200[0m 1905.329 ms - 132[0m
2025-04-04 13:43:07 info: [0mGET /api/projects/getAllProjects [36m304[0m 1459.030 ms - -[0m
2025-04-04 13:43:07 info: [0mGET /api/tasks/getProjectHoursSummary [36m304[0m 191.567 ms - -[0m
2025-04-04 13:43:07 info: [0mGET /api/projects/getAllProjects [36m304[0m 191.124 ms - -[0m
2025-04-04 13:43:13 info: [0mGET /api/tasks/getTaskByProject/1 [32m200[0m 211.104 ms - 1603[0m
2025-04-04 13:43:13 info: [0mGET /api/tasks/getTaskByProject/1 [36m304[0m 195.809 ms - -[0m
2025-04-04 13:43:27 info: [0mGET /api/employees/getAllEmployees [36m304[0m 1319.505 ms - -[0m
2025-04-04 13:43:27 info: [0mGET /api/projects/getAllProjects [36m304[0m 1310.862 ms - -[0m
2025-04-04 13:43:27 info: [0mGET /api/employees/getAllEmployees [36m304[0m 186.775 ms - -[0m
2025-04-04 13:43:27 info: [0mGET /api/projects/getAllProjects [36m304[0m 187.557 ms - -[0m
2025-04-04 13:43:27 info: [0mGET /api/employees/getProjectEmployees/0 [32m201[0m 342.322 ms - 70[0m
2025-04-04 13:43:28 info: [0mGET /api/employees/getProjectEmployees/0 [32m201[0m 177.564 ms - 70[0m
2025-04-04 13:44:18 info: [0mGET /api/tasks/getProjectHoursSummary [36m304[0m 1314.914 ms - -[0m
2025-04-04 13:44:18 info: [0mGET /api/projects/getAllProjects [36m304[0m 1346.469 ms - -[0m
2025-04-04 13:44:18 info: [0mGET /api/tasks/getProjectHoursSummary [36m304[0m 187.262 ms - -[0m
2025-04-04 13:44:18 info: [0mGET /api/projects/getAllProjects [36m304[0m 190.793 ms - -[0m
2025-04-04 13:44:20 info: [0mGET /api/tasks/getTaskByProject/7 [32m200[0m 188.396 ms - 374[0m
2025-04-04 13:44:20 info: [0mGET /api/tasks/getTaskByProject/7 [36m304[0m 184.166 ms - -[0m
2025-04-04 13:44:23 info: [0mGET /api/tasks/getProjectHoursSummary [36m304[0m 186.287 ms - -[0m
2025-04-04 13:44:23 info: [0mGET /api/projects/getAllProjects [36m304[0m 188.218 ms - -[0m
2025-04-04 13:44:23 info: [0mGET /api/tasks/getProjectHoursSummary [36m304[0m 185.989 ms - -[0m
2025-04-04 13:44:23 info: [0mGET /api/projects/getAllProjects [36m304[0m 186.933 ms - -[0m
2025-04-04 13:44:26 info: [0mGET /api/tasks/getTaskByProject/1 [36m304[0m 183.413 ms - -[0m
2025-04-04 13:44:26 info: [0mGET /api/tasks/getTaskByProject/1 [36m304[0m 190.240 ms - -[0m
2025-04-04 13:50:21 info: [0mGET /api/tasks/getTaskByProject/1 [36m304[0m 2106.605 ms - -[0m
2025-04-04 13:50:30 info: [0mGET /api/tasks/getTaskByProject/1 [36m304[0m 417.281 ms - -[0m
2025-04-04 13:51:32 info: [0mGET /api/tasks/getTaskByProject/1 [36m304[0m 1644.498 ms - -[0m
2025-04-04 13:52:20 info: [0mGET /api/tasks/getTaskByProject/1 [36m304[0m 1778.479 ms - -[0m
2025-04-04 13:52:24 info: [0mGET /api/projects/getAllProjects [36m304[0m 213.154 ms - -[0m
2025-04-04 13:52:24 info: [0mGET /api/projects/getAllProjects [36m304[0m 194.113 ms - -[0m
2025-04-04 13:52:33 info: [0mGET /api/tasks/getProjectWeeklySummary/1 [32m201[0m 601.886 ms - 279[0m
2025-04-04 13:52:33 info: [0mGET /api/tasks/getProjectWeeklySummary/1 [32m201[0m 306.293 ms - 279[0m
2025-04-04 13:56:30 info: =================================
2025-04-04 13:56:30 info: ======= ENV: development =======
2025-04-04 13:56:30 info: 🚀 Identity Service listening on port 5000
2025-04-04 13:56:30 info: =================================
2025-04-04 13:56:33 info: Database connection established successfully.
2025-04-04 13:56:36 info: Database tables synced successfully.
2025-04-04 14:00:47 info: [0mGET /api/tasks/getProjectWeeklySummary/1 [32m201[0m 1965.813 ms - 279[0m
2025-04-04 14:01:41 info: [0mGET /api/tasks/getProjectWeeklySummary/1 [32m201[0m 1520.811 ms - 279[0m
2025-04-04 14:02:10 info: [0mGET /api/employees/getEmployee/1 [32m200[0m 1371.130 ms - 492[0m
2025-04-04 14:02:10 info: [0mGET /api/tasks/1/employees/1/tasks?year=2025&month=4 [32m200[0m 1526.584 ms - 906[0m
2025-04-04 14:02:10 info: [0mGET /api/employees/getEmployee/1 [36m304[0m 190.462 ms - -[0m
2025-04-04 14:02:11 info: [0mGET /api/tasks/1/employees/1/tasks?year=2025&month=4 [36m304[0m 365.791 ms - -[0m
2025-04-04 14:02:11 info: [0mGET /api/tasks/getProjectWeeklySummary/1 [32m201[0m 191.749 ms - 279[0m
2025-04-04 14:02:11 info: [0mGET /api/tasks/getProjectWeeklySummary/1 [32m201[0m 190.095 ms - 279[0m
2025-04-04 14:02:18 info: [0mGET /api/employees/getEmployee/1 [36m304[0m 190.816 ms - -[0m
2025-04-04 14:02:19 info: [0mGET /api/employees/getEmployee/1 [36m304[0m 181.167 ms - -[0m
2025-04-04 14:02:19 info: [0mGET /api/tasks/1/employees/1/tasks?year=2025&month=4 [36m304[0m 365.150 ms - -[0m
2025-04-04 14:02:19 info: [0mGET /api/tasks/1/employees/1/tasks?year=2025&month=4 [36m304[0m 365.840 ms - -[0m
2025-04-04 14:02:20 info: [0mGET /api/tasks/getProjectWeeklySummary/1 [32m201[0m 189.785 ms - 279[0m
2025-04-04 14:02:20 info: [0mGET /api/tasks/getProjectWeeklySummary/1 [32m201[0m 188.293 ms - 279[0m
2025-04-04 14:03:08 info: [0mGET /api/tasks/getProjectWeeklySummary/1 [32m201[0m 4512.424 ms - 279[0m
2025-04-04 14:03:37 info: [0mGET /api/tasks/getProjectWeeklySummary/1 [32m201[0m 1418.105 ms - 279[0m
2025-04-04 14:04:08 info: [0mGET /api/leaves/getAllLeaves [32m200[0m 1507.924 ms - 1834[0m
2025-04-04 14:04:08 info: [0mGET /api/leaves/getAllLeaves [36m304[0m 200.509 ms - -[0m
2025-04-04 14:10:27 info: [0mGET /api/leaves/getAllLeaves [36m304[0m 6339.188 ms - -[0m
2025-04-04 14:10:36 info: [0mGET /api/leaves/getAllLeaves [36m304[0m 797.934 ms - -[0m
2025-04-04 14:11:06 info: [0mGET /api/leaves/getAllLeaves [36m304[0m 1710.861 ms - -[0m
2025-04-04 14:13:57 info: [0mGET /api/employees/getAllEmployees [36m304[0m 1674.771 ms - -[0m
2025-04-04 14:13:57 info: [0mGET /api/projects/getAllProjects [36m304[0m 1544.663 ms - -[0m
2025-04-04 14:13:57 info: [0mGET /api/employees/getAllEmployees [36m304[0m 206.308 ms - -[0m
2025-04-04 14:13:57 info: [0mGET /api/employees/getProjectEmployees/0 [32m201[0m 213.332 ms - 70[0m
2025-04-04 14:13:58 info: [0mGET /api/projects/getAllProjects [36m304[0m 339.813 ms - -[0m
2025-04-04 14:13:58 info: [0mGET /api/employees/getProjectEmployees/0 [32m201[0m 180.830 ms - 70[0m
2025-04-04 14:21:08 info: [0mGET /api/employees/getAllEmployees [36m304[0m 2045.346 ms - -[0m
2025-04-04 14:21:08 info: [0mGET /api/projects/getAllProjects [36m304[0m 1776.170 ms - -[0m
2025-04-04 14:21:09 info: [0mGET /api/employees/getAllEmployees [36m304[0m 199.447 ms - -[0m
2025-04-04 14:21:09 info: [0mGET /api/projects/getAllProjects [36m304[0m 183.402 ms - -[0m
2025-04-04 14:21:09 info: [0mGET /api/employees/getProjectEmployees/0 [32m201[0m 293.376 ms - 70[0m
2025-04-04 14:21:09 info: [0mGET /api/employees/getAllEmployees [36m304[0m 209.288 ms - -[0m
2025-04-04 14:21:09 info: [0mGET /api/projects/getAllProjects [36m304[0m 348.050 ms - -[0m
2025-04-04 14:21:09 info: [0mGET /api/employees/getProjectEmployees/0 [32m201[0m 182.606 ms - 70[0m
2025-04-04 14:21:09 info: [0mGET /api/employees/getProjectEmployees/0 [32m201[0m 180.861 ms - 70[0m
2025-04-04 14:21:19 info: [0mGET /api/projects/getAllProjects [36m304[0m 253.415 ms - -[0m
2025-04-04 14:21:19 info: [0mGET /api/employees/getAllEmployees [36m304[0m 258.798 ms - -[0m
2025-04-04 14:21:19 info: [0mGET /api/employees/getAllEmployees [36m304[0m 179.724 ms - -[0m
2025-04-04 14:21:19 info: [0mGET /api/projects/getAllProjects [36m304[0m 236.013 ms - -[0m
2025-04-04 14:21:20 info: [0mGET /api/employees/getProjectEmployees/0 [32m201[0m 182.690 ms - 70[0m
2025-04-04 14:21:20 info: [0mGET /api/employees/getAllEmployees [36m304[0m 185.344 ms - -[0m
2025-04-04 14:21:20 info: [0mGET /api/projects/getAllProjects [36m304[0m 187.953 ms - -[0m
2025-04-04 14:21:20 info: [0mGET /api/employees/getProjectEmployees/0 [32m201[0m 184.152 ms - 70[0m
2025-04-04 14:21:22 info: [0mGET /api/employees/getProjectEmployees/0 [32m201[0m 194.272 ms - 70[0m
2025-04-04 14:25:49 info: [0mGET /api/projects/getAllProjects [36m304[0m 2001.559 ms - -[0m
2025-04-04 14:25:49 info: [0mGET /api/employees/getAllEmployees [36m304[0m 1751.917 ms - -[0m
2025-04-04 14:25:49 info: [0mGET /api/employees/getProjectEmployees/0 [32m201[0m 217.621 ms - 70[0m
2025-04-04 14:26:03 info: [0mGET /api/leaves/getAllLeaves [36m304[0m 1742.251 ms - -[0m
2025-04-04 14:26:03 info: [0mGET /api/leaves/getAllLeaves [36m304[0m 194.353 ms - -[0m
2025-04-04 14:27:18 info: [0mGET /api/leaves/getAllLeaves [36m304[0m 1923.501 ms - -[0m
2025-04-04 14:34:47 info: [0mGET /api/leaves/getAllLeaves [36m304[0m 2066.531 ms - -[0m
2025-04-04 14:35:07 info: [0mGET /api/leaves/getAllLeaves [36m304[0m 2750.573 ms - -[0m
2025-04-04 14:35:15 info: [0mGET /api/tasks/getProjectHoursSummary [36m304[0m 457.618 ms - -[0m
2025-04-04 14:35:15 info: [0mGET /api/projects/getAllProjects [36m304[0m 397.664 ms - -[0m
2025-04-04 14:35:15 info: [0mGET /api/tasks/getProjectHoursSummary [36m304[0m 364.461 ms - -[0m
2025-04-04 14:35:15 info: [0mGET /api/projects/getAllProjects [36m304[0m 469.990 ms - -[0m
2025-04-04 14:35:18 info: [0mGET /api/tasks/getTaskByProject/7 [36m304[0m 261.631 ms - -[0m
2025-04-04 14:35:18 info: [0mGET /api/tasks/getTaskByProject/7 [36m304[0m 188.134 ms - -[0m
2025-04-04 14:35:20 info: [0mGET /api/tasks/getProjectHoursSummary [36m304[0m 206.884 ms - -[0m
2025-04-04 14:35:20 info: [0mGET /api/projects/getAllProjects [36m304[0m 186.612 ms - -[0m
2025-04-04 14:35:21 info: [0mGET /api/tasks/getProjectHoursSummary [36m304[0m 188.344 ms - -[0m
2025-04-04 14:35:21 info: [0mGET /api/projects/getAllProjects [36m304[0m 197.189 ms - -[0m
2025-04-04 14:35:23 info: [0mGET /api/tasks/getTaskByProject/1 [36m304[0m 198.074 ms - -[0m
2025-04-04 14:35:23 info: [0mGET /api/tasks/getTaskByProject/1 [36m304[0m 197.988 ms - -[0m
2025-04-04 14:35:26 info: [0mGET /api/projects/getAllProjects [36m304[0m 207.403 ms - -[0m
2025-04-04 14:35:26 info: [0mGET /api/projects/getAllProjects [36m304[0m 188.205 ms - -[0m
2025-04-04 14:35:28 info: [0mGET /api/tasks/getProjectWeeklySummary/1 [32m201[0m 199.372 ms - 279[0m
2025-04-04 14:35:29 info: [0mGET /api/tasks/getProjectWeeklySummary/1 [32m201[0m 190.936 ms - 279[0m
2025-04-04 14:35:30 info: [0mGET /api/leaves/getAllLeaves [36m304[0m 186.439 ms - -[0m
2025-04-04 14:35:30 info: [0mGET /api/leaves/getAllLeaves [36m304[0m 185.669 ms - -[0m
2025-04-04 14:36:08 info: [0mOPTIONS /api/auth/login [32m200[0m 39.512 ms - 0[0m
2025-04-04 14:36:11 info: [0mPOST /api/auth/login [32m200[0m 2385.077 ms - 541[0m
2025-04-04 14:36:12 info: [0mGET /api/employees/getAllEmployees [36m304[0m 217.277 ms - -[0m
2025-04-04 14:36:13 info: [0mGET /api/projects/getAllProjects [36m304[0m 768.216 ms - -[0m
2025-04-04 14:36:13 info: [0mGET /api/employees/getNumberOfAssignedEmployees [36m304[0m 935.571 ms - -[0m
2025-04-04 14:36:13 info: [0mGET /api/employees/getAllEmployees [36m304[0m 1062.309 ms - -[0m
2025-04-04 14:36:13 info: [0mGET /api/tasks/getChartWeeklyTaskTimeStatistics [36m304[0m 1337.331 ms - -[0m
2025-04-04 14:36:13 info: [0mGET /api/tasks/getChartYearlyTaskTimeStatistics [36m304[0m 1311.024 ms - -[0m
2025-04-04 14:36:13 info: [0mGET /api/tasks/getChartTaskTimeStatistics [36m304[0m 1329.198 ms - -[0m
2025-04-04 14:36:13 info: [0mGET /api/employees/getProjectEmployees/0 [32m201[0m 545.752 ms - 70[0m
2025-04-04 14:36:13 info: [0mGET /api/projects/getAllProjects [36m304[0m 395.404 ms - -[0m
2025-04-04 14:36:13 info: [0mGET /api/employees/getNumberOfAssignedEmployees [36m304[0m 311.077 ms - -[0m
2025-04-04 14:36:14 info: [0mGET /api/employees/getProjectEmployees/0 [32m201[0m 181.678 ms - 70[0m
2025-04-04 14:36:14 info: [0mGET /api/tasks/getChartWeeklyTaskTimeStatistics [36m304[0m 367.740 ms - -[0m
2025-04-04 14:36:14 info: [0mGET /api/tasks/getChartYearlyTaskTimeStatistics [36m304[0m 387.611 ms - -[0m
2025-04-04 14:36:14 info: [0mGET /api/tasks/getChartTaskTimeStatistics [36m304[0m 357.928 ms - -[0m
2025-04-04 14:36:27 info: [0mGET /api/tasks/getProjectHoursSummary [36m304[0m 1292.559 ms - -[0m
2025-04-04 14:36:27 info: [0mGET /api/projects/getAllProjects [36m304[0m 1307.769 ms - -[0m
2025-04-04 14:36:27 info: [0mGET /api/tasks/getProjectHoursSummary [36m304[0m 178.074 ms - -[0m
2025-04-04 14:36:27 info: [0mGET /api/projects/getAllProjects [36m304[0m 188.625 ms - -[0m
2025-04-04 14:36:29 info: [0mGET /api/tasks/getTaskByProject/1 [36m304[0m 188.129 ms - -[0m
2025-04-04 14:36:29 info: [0mGET /api/tasks/getTaskByProject/1 [36m304[0m 194.582 ms - -[0m
2025-04-04 14:36:36 info: [0mGET /api/leaves/getAllLeaves [36m304[0m 195.395 ms - -[0m
2025-04-04 14:36:36 info: [0mGET /api/leaves/getAllLeaves [36m304[0m 184.218 ms - -[0m
2025-04-04 14:37:17 info: [0mGET /api/projects/getAllProjects [36m304[0m 2469.972 ms - -[0m
2025-04-04 14:37:17 info: [0mGET /api/projects/getAllProjects [36m304[0m 194.435 ms - -[0m
2025-04-04 14:37:19 info: [0mGET /api/tasks/getProjectWeeklySummary/1 [32m201[0m 218.200 ms - 279[0m
2025-04-04 14:37:19 info: [0mGET /api/tasks/getProjectWeeklySummary/1 [32m201[0m 189.142 ms - 279[0m
2025-04-04 14:37:21 info: [0mGET /api/tasks/getProjectHoursSummary [36m304[0m 191.432 ms - -[0m
2025-04-04 14:37:21 info: [0mGET /api/projects/getAllProjects [36m304[0m 378.695 ms - -[0m
2025-04-04 14:37:22 info: [0mGET /api/tasks/getProjectHoursSummary [36m304[0m 378.511 ms - -[0m
2025-04-04 14:37:22 info: [0mGET /api/projects/getAllProjects [36m304[0m 376.087 ms - -[0m
2025-04-04 14:37:23 info: [0mGET /api/tasks/getTaskByProject/1 [36m304[0m 184.906 ms - -[0m
2025-04-04 14:37:24 info: [0mGET /api/tasks/getTaskByProject/1 [36m304[0m 188.907 ms - -[0m
2025-04-04 14:37:32 info: [0mGET /api/projects/getAllProjects [36m304[0m 188.468 ms - -[0m
2025-04-04 14:37:32 info: [0mGET /api/employees/getAllEmployees [36m304[0m 194.863 ms - -[0m
2025-04-04 14:37:32 info: [0mGET /api/projects/getAllProjects [36m304[0m 189.682 ms - -[0m
2025-04-04 14:37:32 info: [0mGET /api/employees/getAllEmployees [36m304[0m 188.338 ms - -[0m
2025-04-04 14:37:32 info: [0mGET /api/employees/getProjectEmployees/0 [32m201[0m 184.833 ms - 70[0m
2025-04-04 14:37:32 info: [0mGET /api/employees/getProjectEmployees/0 [32m201[0m 182.267 ms - 70[0m
2025-04-04 14:37:50 info: [0mGET /api/employees/getAllEmployees [36m304[0m 1310.130 ms - -[0m
2025-04-04 14:37:50 info: [0mGET /api/employees/getNumberOfAssignedEmployees [36m304[0m 1305.974 ms - -[0m
2025-04-04 14:37:50 info: [0mGET /api/employees/getAllEmployees [36m304[0m 178.657 ms - -[0m
2025-04-04 14:37:50 info: [0mGET /api/employees/getNumberOfAssignedEmployees [36m304[0m 186.349 ms - -[0m
2025-04-04 14:38:23 info: [0mOPTIONS /api/auth/login [32m200[0m 1.460 ms - 0[0m
2025-04-04 14:38:25 error: [POST] /api/auth/login >> StatusCode:: 404, Message:: Email daniel@gmail.com not found
2025-04-04 14:38:25 info: [0mPOST /api/auth/login [33m404[0m 1326.375 ms - 46[0m
2025-04-04 14:38:45 info: [0mOPTIONS /api/auth/login [32m200[0m 1.189 ms - 0[0m
2025-04-04 14:38:47 info: [0mPOST /api/auth/login [32m200[0m 1481.396 ms - 554[0m
2025-04-04 14:38:53 info: [0mGET /api/tasks/getEmployeeChartWeeklyTaskTimeStatistics/1 [32m200[0m 1091.231 ms - 243[0m
2025-04-04 14:38:54 info: [0mGET /api/tasks/getEmployeeChartYearlyTaskTimeStatistics/1 [32m200[0m 926.893 ms - 263[0m
2025-04-04 14:38:54 info: [0mGET /api/tasks/getEmployeeChartTaskTimeStatistics/1 [32m200[0m 1092.057 ms - 226[0m
2025-04-04 14:38:54 info: [0mGET /api/tasks/getEmployeeChartWeeklyTaskTimeStatistics/1 [36m304[0m 719.734 ms - -[0m
2025-04-04 14:38:54 info: [0mGET /api/tasks/getEmployeeChartYearlyTaskTimeStatistics/1 [36m304[0m 599.967 ms - -[0m
2025-04-04 14:38:54 info: [0mGET /api/tasks/getEmployeeChartTaskTimeStatistics/1 [36m304[0m 436.816 ms - -[0m
2025-04-04 14:39:29 info: [0mGET /api/projects/getEmployeeProjects/1 [32m200[0m 1564.148 ms - 269[0m
2025-04-04 14:39:29 info: [0mGET /api/projects/getEmployeeProjects/1 [36m304[0m 190.069 ms - -[0m
2025-04-04 14:39:37 info: [0mGET /api/tasks/getTaskByEmployeeAndProject/1/1 [32m200[0m 256.376 ms - 1603[0m
2025-04-04 14:39:38 info: [0mGET /api/tasks/getTaskByEmployeeAndProject/1/1 [36m304[0m 197.039 ms - -[0m
2025-04-04 14:40:22 info: [0mGET /api/tasks/getTaskByEmployeeAndProject/1/1 [36m304[0m 1466.506 ms - -[0m
2025-04-04 14:40:22 info: [0mGET /api/tasks/getTaskByEmployeeAndProject/1/1 [36m304[0m 187.005 ms - -[0m
2025-04-04 14:40:37 info: [0mGET /api/projects/getEmployeeProjects/1 [36m304[0m 1707.465 ms - -[0m
2025-04-04 14:40:37 info: [0mGET /api/projects/getEmployeeProjects/1 [36m304[0m 189.777 ms - -[0m
2025-04-04 14:40:37 info: [0mGET /api/tasks/1/employees/1/tasks?year=2025&month=4 [36m304[0m 554.835 ms - -[0m
2025-04-04 14:40:37 info: [0mGET /api/tasks/1/employees/1/tasks?year=2025&month=4 [36m304[0m 370.857 ms - -[0m
2025-04-04 14:40:50 info: [0mGET /api/projects/getEmployeeProjects/1 [36m304[0m 1325.523 ms - -[0m
2025-04-04 14:40:51 info: [0mGET /api/projects/getEmployeeProjects/1 [36m304[0m 353.523 ms - -[0m
2025-04-04 14:40:52 info: [0mGET /api/tasks/getTaskByEmployeeAndProject/1/1 [36m304[0m 197.688 ms - -[0m
2025-04-04 14:40:52 info: [0mGET /api/tasks/getTaskByEmployeeAndProject/1/1 [36m304[0m 188.874 ms - -[0m
2025-04-04 14:44:57 info: [0mGET /api/tasks/getTaskByEmployeeAndProject/1/1 [36m304[0m 1947.934 ms - -[0m
2025-04-04 14:44:58 info: [0mGET /api/tasks/getTaskByEmployeeAndProject/1/1 [36m304[0m 231.640 ms - -[0m
2025-04-04 14:45:01 info: [0mGET /api/tasks/getTaskByEmployeeAndProject/1/1 [36m304[0m 193.703 ms - -[0m
2025-04-04 14:53:43 info: [0mGET /api/tasks/getTaskByEmployeeAndProject/1/1 [36m304[0m 8337.298 ms - -[0m
2025-04-04 14:53:44 info: [0mGET /api/tasks/getTaskByEmployeeAndProject/1/1 [36m304[0m 263.813 ms - -[0m
2025-04-04 14:53:45 info: [0mGET /api/projects/getEmployeeProjects/1 [36m304[0m 389.074 ms - -[0m
2025-04-04 14:53:45 info: [0mGET /api/projects/getEmployeeProjects/1 [36m304[0m 253.162 ms - -[0m
2025-04-04 14:53:46 info: [0mGET /api/tasks/1/employees/1/tasks?year=2025&month=4 [36m304[0m 748.627 ms - -[0m
2025-04-04 14:53:46 info: [0mGET /api/tasks/1/employees/1/tasks?year=2025&month=4 [36m304[0m 418.979 ms - -[0m
2025-04-04 14:53:46 info: [0mGET /api/projects/getEmployeeProjects/1 [36m304[0m 287.983 ms - -[0m
2025-04-04 14:53:46 info: [0mGET /api/projects/getEmployeeProjects/1 [36m304[0m 272.691 ms - -[0m
2025-04-04 14:53:48 info: [0mGET /api/tasks/getTaskByEmployeeAndProject/1/1 [36m304[0m 198.314 ms - -[0m
2025-04-04 14:53:48 info: [0mGET /api/tasks/getTaskByEmployeeAndProject/1/1 [36m304[0m 209.877 ms - -[0m
2025-04-04 15:03:00 info: [0mGET /api/tasks/getTaskByEmployeeAndProject/1/1 [36m304[0m 1959.078 ms - -[0m
2025-04-04 15:03:01 info: [0mGET /api/tasks/getTaskByEmployeeAndProject/1/1 [36m304[0m 238.978 ms - -[0m
2025-04-04 15:03:32 info: [0mGET /api/projects/getEmployeeProjects/1 [36m304[0m 1351.011 ms - -[0m
2025-04-04 15:03:32 info: [0mGET /api/projects/getEmployeeProjects/1 [36m304[0m 187.777 ms - -[0m
2025-04-04 15:03:32 info: [0mGET /api/tasks/1/employees/1/tasks?year=2025&month=4 [36m304[0m 556.997 ms - -[0m
2025-04-04 15:03:33 info: [0mGET /api/tasks/1/employees/1/tasks?year=2025&month=4 [36m304[0m 360.260 ms - -[0m
2025-04-04 15:06:57 info: [0mGET /api/projects/getEmployeeProjects/1 [36m304[0m 4340.589 ms - -[0m
2025-04-04 15:06:58 info: [0mGET /api/projects/getEmployeeProjects/1 [36m304[0m 190.459 ms - -[0m
2025-04-04 15:06:58 info: [0mGET /api/tasks/1/employees/1/tasks?year=2025&month=4 [36m304[0m 593.609 ms - -[0m
2025-04-04 15:06:59 info: [0mGET /api/tasks/1/employees/1/tasks?year=2025&month=4 [36m304[0m 411.575 ms - -[0m
2025-04-04 15:08:10 info: [0mGET /api/projects/getEmployeeProjects/1 [36m304[0m 2088.154 ms - -[0m
2025-04-04 15:08:10 info: [0mGET /api/projects/getEmployeeProjects/1 [36m304[0m 199.026 ms - -[0m
2025-04-04 15:08:10 info: [0mGET /api/tasks/1/employees/1/tasks?year=2025&month=4 [36m304[0m 576.463 ms - -[0m
2025-04-04 15:08:11 info: [0mGET /api/tasks/1/employees/1/tasks?year=2025&month=4 [36m304[0m 376.621 ms - -[0m
2025-04-04 15:08:41 info: [0mGET /api/projects/getEmployeeProjects/1 [36m304[0m 1933.720 ms - -[0m
2025-04-04 15:08:42 info: [0mGET /api/projects/getEmployeeProjects/1 [36m304[0m 194.002 ms - -[0m
2025-04-04 15:08:42 info: [0mGET /api/tasks/1/employees/1/tasks?year=2025&month=4 [36m304[0m 556.972 ms - -[0m
2025-04-04 15:08:42 info: [0mGET /api/tasks/1/employees/1/tasks?year=2025&month=4 [36m304[0m 377.058 ms - -[0m
2025-04-04 15:08:57 info: [0mGET /api/projects/getEmployeeProjects/1 [36m304[0m 1377.412 ms - -[0m
2025-04-04 15:08:57 info: [0mGET /api/projects/getEmployeeProjects/1 [36m304[0m 193.701 ms - -[0m
2025-04-04 15:08:57 info: [0mGET /api/tasks/1/employees/1/tasks?year=2025&month=4 [36m304[0m 545.762 ms - -[0m
2025-04-04 15:08:58 info: [0mGET /api/tasks/1/employees/1/tasks?year=2025&month=4 [36m304[0m 370.034 ms - -[0m
2025-04-04 15:11:25 info: [0mGET /api/projects/getEmployeeProjects/1 [36m304[0m 1826.732 ms - -[0m
2025-04-04 15:11:25 info: [0mGET /api/projects/getEmployeeProjects/1 [36m304[0m 199.575 ms - -[0m
2025-04-04 15:11:26 info: [0mGET /api/tasks/1/employees/1/tasks?year=2025&month=4 [36m304[0m 562.616 ms - -[0m
2025-04-04 15:11:26 info: [0mGET /api/tasks/1/employees/1/tasks?year=2025&month=4 [36m304[0m 365.840 ms - -[0m
2025-04-04 15:11:48 info: [0mGET /api/projects/getEmployeeProjects/1 [36m304[0m 1429.413 ms - -[0m
2025-04-04 15:11:48 info: [0mGET /api/projects/getEmployeeProjects/1 [36m304[0m 192.748 ms - -[0m
2025-04-04 15:11:50 info: [0mGET /api/tasks/getTaskByEmployeeAndProject/1/1 [36m304[0m 195.954 ms - -[0m
2025-04-04 15:11:50 info: [0mGET /api/tasks/getTaskByEmployeeAndProject/1/1 [36m304[0m 185.738 ms - -[0m
2025-04-04 15:12:54 error: [GET] /api/leaves/getEmployeeLeave/1 >> StatusCode:: 400, Message:: Error: No leaves found for this employee
2025-04-04 15:12:54 info: [0mGET /api/leaves/getEmployeeLeave/1 [33m400[0m 1572.759 ms - 26[0m
2025-04-04 15:12:54 error: [GET] /api/leaves/getEmployeeLeave/1 >> StatusCode:: 400, Message:: Error: No leaves found for this employee
2025-04-04 15:12:54 info: [0mGET /api/leaves/getEmployeeLeave/1 [33m400[0m 180.134 ms - 26[0m
2025-04-04 15:12:54 info: [0mGET /api/projects/getEmployeeProjects/1 [36m304[0m 228.806 ms - -[0m
2025-04-04 15:12:54 info: [0mGET /api/projects/getEmployeeProjects/1 [36m304[0m 190.417 ms - -[0m
2025-04-04 15:12:55 info: [0mGET /api/tasks/1/employees/1/tasks?year=2025&month=4 [36m304[0m 545.513 ms - -[0m
2025-04-04 15:12:55 info: [0mGET /api/tasks/1/employees/1/tasks?year=2025&month=4 [36m304[0m 355.419 ms - -[0m
2025-04-04 15:15:31 info: [0mGET /api/projects/getEmployeeProjects/1 [36m304[0m 1867.808 ms - -[0m
2025-04-04 15:15:32 info: [0mGET /api/projects/getEmployeeProjects/1 [36m304[0m 471.126 ms - -[0m
2025-04-04 15:15:32 info: [0mGET /api/tasks/1/employees/1/tasks?year=2025&month=4 [36m304[0m 602.626 ms - -[0m
2025-04-04 15:15:33 info: [0mGET /api/tasks/1/employees/1/tasks?year=2025&month=4 [36m304[0m 394.762 ms - -[0m
2025-04-04 15:24:43 info: [0mGET /api/projects/getEmployeeProjects/1 [36m304[0m 5194.598 ms - -[0m
2025-04-04 15:24:45 info: [0mGET /api/projects/getEmployeeProjects/1 [36m304[0m 199.869 ms - -[0m
2025-04-04 15:24:45 info: [0mGET /api/projects/getEmployeeProjects/1 [36m304[0m 204.792 ms - -[0m
2025-04-04 15:24:45 info: [0mGET /api/tasks/1/employees/1/tasks?year=2025&month=4 [36m304[0m 545.100 ms - -[0m
2025-04-04 15:24:46 info: [0mGET /api/tasks/1/employees/1/tasks?year=2025&month=4 [36m304[0m 380.281 ms - -[0m
2025-04-04 15:27:11 info: [0mGET /api/projects/getEmployeeProjects/1 [36m304[0m 1860.696 ms - -[0m
2025-04-04 15:27:11 info: [0mGET /api/projects/getEmployeeProjects/1 [36m304[0m 191.303 ms - -[0m
2025-04-04 15:27:13 info: [0mGET /api/tasks/getTaskByEmployeeAndProject/1/1 [36m304[0m 287.769 ms - -[0m
2025-04-04 15:27:13 info: [0mGET /api/tasks/getTaskByEmployeeAndProject/1/1 [36m304[0m 214.313 ms - -[0m
2025-04-04 15:28:09 info: [0mGET /api/tasks/getTaskByEmployeeAndProject/1/1 [36m304[0m 1842.020 ms - -[0m
2025-04-04 15:28:44 info: [0mGET /api/tasks/getTaskByEmployeeAndProject/1/1 [36m304[0m 2273.484 ms - -[0m
2025-04-04 15:28:44 info: [0mGET /api/projects/getEmployeeProjects/1 [36m304[0m 1062.467 ms - -[0m
2025-04-04 15:28:44 info: [0mGET /api/tasks/getTaskByEmployeeAndProject/1/1 [36m304[0m 370.230 ms - -[0m
2025-04-04 15:28:45 info: [0mGET /api/projects/getEmployeeProjects/1 [36m304[0m 366.479 ms - -[0m
2025-04-04 15:28:45 info: [0mGET /api/tasks/1/employees/1/tasks?year=2025&month=4 [36m304[0m 544.511 ms - -[0m
2025-04-04 15:28:45 info: [0mGET /api/tasks/1/employees/1/tasks?year=2025&month=4 [36m304[0m 364.693 ms - -[0m
2025-04-04 15:29:08 error: [GET] /api/leaves/getEmployeeLeave/1 >> StatusCode:: 400, Message:: Error: No leaves found for this employee
2025-04-04 15:29:08 info: [0mGET /api/leaves/getEmployeeLeave/1 [33m400[0m 1335.121 ms - 26[0m
2025-04-04 15:29:08 error: [GET] /api/leaves/getEmployeeLeave/1 >> StatusCode:: 400, Message:: Error: No leaves found for this employee
2025-04-04 15:29:08 info: [0mGET /api/leaves/getEmployeeLeave/1 [33m400[0m 183.048 ms - 26[0m
2025-04-04 15:41:41 error: [GET] /api/leaves/getEmployeeLeave/1 >> StatusCode:: 400, Message:: Error: No leaves found for this employee
2025-04-04 15:41:41 info: [0mGET /api/leaves/getEmployeeLeave/1 [33m400[0m 2214.638 ms - 26[0m
2025-04-04 15:41:41 error: [GET] /api/leaves/getEmployeeLeave/1 >> StatusCode:: 400, Message:: Error: No leaves found for this employee
2025-04-04 15:41:41 info: [0mGET /api/leaves/getEmployeeLeave/1 [33m400[0m 197.973 ms - 26[0m
2025-04-04 15:48:08 error: [GET] /api/leaves/getEmployeeLeave/1 >> StatusCode:: 400, Message:: Error: No leaves found for this employee
2025-04-04 15:48:08 info: [0mGET /api/leaves/getEmployeeLeave/1 [33m400[0m 1630.995 ms - 26[0m
2025-04-04 15:48:08 error: [GET] /api/leaves/getEmployeeLeave/1 >> StatusCode:: 400, Message:: Error: No leaves found for this employee
2025-04-04 15:48:08 info: [0mGET /api/leaves/getEmployeeLeave/1 [33m400[0m 199.008 ms - 26[0m
2025-04-04 15:48:25 info: [0mGET /api/projects/getEmployeeProjects/1 [36m304[0m 1399.319 ms - -[0m
2025-04-04 15:48:25 info: [0mGET /api/projects/getEmployeeProjects/1 [36m304[0m 196.558 ms - -[0m
2025-04-04 15:48:26 info: [0mGET /api/tasks/1/employees/1/tasks?year=2025&month=4 [36m304[0m 563.434 ms - -[0m
2025-04-04 15:48:26 info: [0mGET /api/tasks/1/employees/1/tasks?year=2025&month=4 [36m304[0m 386.113 ms - -[0m
2025-04-04 15:48:27 error: [GET] /api/leaves/getEmployeeLeave/1 >> StatusCode:: 400, Message:: Error: No leaves found for this employee
2025-04-04 15:48:27 info: [0mGET /api/leaves/getEmployeeLeave/1 [33m400[0m 205.319 ms - 26[0m
2025-04-04 15:48:27 error: [GET] /api/leaves/getEmployeeLeave/1 >> StatusCode:: 400, Message:: Error: No leaves found for this employee
2025-04-04 15:48:27 info: [0mGET /api/leaves/getEmployeeLeave/1 [33m400[0m 182.321 ms - 26[0m
2025-04-04 15:48:29 info: [0mGET /api/projects/getEmployeeProjects/1 [36m304[0m 190.179 ms - -[0m
2025-04-04 15:48:29 info: [0mGET /api/projects/getEmployeeProjects/1 [36m304[0m 198.827 ms - -[0m
2025-04-04 15:48:29 info: [0mGET /api/tasks/1/employees/1/tasks?year=2025&month=4 [36m304[0m 376.144 ms - -[0m
2025-04-04 15:48:30 info: [0mGET /api/tasks/1/employees/1/tasks?year=2025&month=4 [36m304[0m 377.702 ms - -[0m
2025-04-04 15:48:34 info: [0mGET /api/projects/getEmployeeProjects/1 [36m304[0m 194.280 ms - -[0m
2025-04-04 15:48:34 info: [0mGET /api/projects/getEmployeeProjects/1 [36m304[0m 188.491 ms - -[0m
2025-04-04 15:48:36 info: [0mGET /api/tasks/getTaskByEmployeeAndProject/1/1 [36m304[0m 199.774 ms - -[0m
2025-04-04 15:48:36 info: [0mGET /api/tasks/getTaskByEmployeeAndProject/1/1 [36m304[0m 200.042 ms - -[0m
2025-04-04 15:48:45 info: [0mGET /api/projects/getEmployeeProjects/1 [36m304[0m 189.852 ms - -[0m
2025-04-04 15:48:45 info: [0mGET /api/projects/getEmployeeProjects/1 [36m304[0m 186.108 ms - -[0m
2025-04-04 15:48:48 info: [0mGET /api/tasks/getEmployeeChartTaskTimeStatistics/1 [36m304[0m 747.129 ms - -[0m
2025-04-04 15:48:48 info: [0mGET /api/tasks/getEmployeeChartYearlyTaskTimeStatistics/1 [36m304[0m 921.263 ms - -[0m
2025-04-04 15:48:48 info: [0mGET /api/tasks/getEmployeeChartWeeklyTaskTimeStatistics/1 [36m304[0m 1101.680 ms - -[0m
2025-04-04 15:48:49 info: [0mGET /api/tasks/getEmployeeChartYearlyTaskTimeStatistics/1 [36m304[0m 545.512 ms - -[0m
2025-04-04 15:48:49 info: [0mGET /api/tasks/getEmployeeChartTaskTimeStatistics/1 [36m304[0m 823.384 ms - -[0m
2025-04-04 15:48:49 info: [0mGET /api/tasks/getEmployeeChartWeeklyTaskTimeStatistics/1 [36m304[0m 462.876 ms - -[0m
2025-04-04 15:49:28 error: [GET] /api/leaves/getEmployeeLeave/1 >> StatusCode:: 400, Message:: Error: No leaves found for this employee
2025-04-04 15:49:28 info: [0mGET /api/leaves/getEmployeeLeave/1 [33m400[0m 2918.729 ms - 26[0m
2025-04-04 15:49:28 error: [GET] /api/leaves/getEmployeeLeave/1 >> StatusCode:: 400, Message:: Error: No leaves found for this employee
2025-04-04 15:49:28 info: [0mGET /api/leaves/getEmployeeLeave/1 [33m400[0m 183.751 ms - 26[0m
2025-04-04 15:49:40 info: [0mOPTIONS /api/leaves/createLeave [32m200[0m 2.210 ms - 0[0m
2025-04-04 15:49:42 info: [0mPOST /api/leaves/createLeave [32m201[0m 1784.498 ms - 318[0m
2025-04-04 15:49:42 info: [0mGET /api/leaves/getEmployeeLeave/1 [32m200[0m 214.907 ms - 409[0m
2025-04-04 15:51:26 info: [0mGET /api/leaves/getEmployeeLeave/1 [36m304[0m 2858.884 ms - -[0m
2025-04-04 15:51:26 info: [0mGET /api/leaves/getEmployeeLeave/1 [36m304[0m 205.269 ms - -[0m
2025-04-04 15:51:35 info: [0mGET /api/leaves/getEmployeeLeave/1 [36m304[0m 200.452 ms - -[0m
2025-04-04 15:51:35 info: [0mGET /api/leaves/getEmployeeLeave/1 [36m304[0m 194.126 ms - -[0m
2025-04-04 15:52:50 info: [0mGET /api/leaves/getEmployeeLeave/1 [36m304[0m 2047.449 ms - -[0m
2025-04-04 15:52:50 info: [0mGET /api/leaves/getEmployeeLeave/1 [36m304[0m 197.523 ms - -[0m
2025-04-04 15:52:50 info: [0mGET /api/leaves/getEmployeeLeave/1 [36m304[0m 200.068 ms - -[0m
2025-04-04 15:52:50 info: [0mGET /api/leaves/getEmployeeLeave/1 [36m304[0m 191.841 ms - -[0m
2025-04-04 15:52:51 info: [0mGET /api/leaves/getEmployeeLeave/1 [36m304[0m 194.337 ms - -[0m
2025-04-04 15:53:14 info: [0mGET /api/leaves/getEmployeeLeave/1 [36m304[0m 1620.508 ms - -[0m
2025-04-04 15:53:14 info: [0mGET /api/leaves/getEmployeeLeave/1 [36m304[0m 195.237 ms - -[0m
2025-04-04 15:53:15 info: [0mGET /api/leaves/getEmployeeLeave/1 [36m304[0m 195.189 ms - -[0m
2025-04-04 15:54:51 info: [0mGET /api/leaves/getEmployeeLeave/1 [36m304[0m 1744.171 ms - -[0m
2025-04-04 15:54:51 info: [0mGET /api/leaves/getEmployeeLeave/1 [36m304[0m 183.332 ms - -[0m
2025-04-04 15:54:51 info: [0mGET /api/leaves/getEmployeeLeave/1 [36m304[0m 178.067 ms - -[0m
2025-04-04 15:55:32 info: [0mGET /api/leaves/getEmployeeLeave/1 [36m304[0m 2190.604 ms - -[0m
2025-04-04 15:55:32 info: [0mGET /api/leaves/getEmployeeLeave/1 [36m304[0m 220.739 ms - -[0m
2025-04-04 15:55:33 info: [0mGET /api/leaves/getEmployeeLeave/1 [36m304[0m 185.196 ms - -[0m
2025-04-04 15:57:41 info: [0mGET /api/leaves/getEmployeeLeave/1 [36m304[0m 1816.718 ms - -[0m
2025-04-04 15:57:42 info: [0mGET /api/leaves/getEmployeeLeave/1 [36m304[0m 202.877 ms - -[0m
2025-04-04 16:00:42 info: [0mGET /api/leaves/getEmployeeLeave/1 [36m304[0m 3969.217 ms - -[0m
2025-04-04 16:00:42 info: [0mGET /api/leaves/getEmployeeLeave/1 [36m304[0m 242.280 ms - -[0m
2025-04-04 16:00:56 info: [0mGET /api/projects/getEmployeeProjects/1 [36m304[0m 2422.992 ms - -[0m
2025-04-04 16:00:56 info: [0mGET /api/projects/getEmployeeProjects/1 [36m304[0m 375.332 ms - -[0m
2025-04-04 16:00:57 info: [0mGET /api/tasks/1/employees/1/tasks?year=2025&month=4 [36m304[0m 500.249 ms - -[0m
2025-04-04 16:00:57 info: [0mGET /api/tasks/1/employees/1/tasks?year=2025&month=4 [36m304[0m 379.056 ms - -[0m
2025-04-04 16:01:11 info: [0mGET /api/tasks/getEmployeeChartTaskTimeStatistics/1 [36m304[0m 1528.078 ms - -[0m
2025-04-04 16:01:11 info: [0mGET /api/tasks/getEmployeeChartWeeklyTaskTimeStatistics/1 [36m304[0m 1524.504 ms - -[0m
2025-04-04 16:01:11 info: [0mGET /api/tasks/getEmployeeChartYearlyTaskTimeStatistics/1 [36m304[0m 1515.288 ms - -[0m
2025-04-04 16:01:11 info: [0mGET /api/tasks/getEmployeeChartTaskTimeStatistics/1 [36m304[0m 369.840 ms - -[0m
2025-04-04 16:01:11 info: [0mGET /api/tasks/getEmployeeChartWeeklyTaskTimeStatistics/1 [36m304[0m 367.419 ms - -[0m
2025-04-04 16:01:11 info: [0mGET /api/tasks/getEmployeeChartYearlyTaskTimeStatistics/1 [36m304[0m 365.767 ms - -[0m
